2024-11-13T20:33:34.084+07:00 DEBUG 18108 --- [admin] [http-nio-4005-exec-10] c.s.admin.security.jwt.AuthTokenFilter   : Authorization Header: Bearer eyJhbGciOiJIUzI1NiJ9.eyJyb2xlcyI6W3siYXV0aG9yaXR5IjoiUk9MRV9VU0VSIn0seyJhdXRob3JpdHkiOiJST0xFX0FETUlOIn1dLCJpZCI6MjgsInVzZXJuYW1lIjoibWFuaHF1YW4xMiIsImlhdCI6MTczMTUwNDY5OCwiZXhwIjoxNzMxNTIyNjk4fQ.JQeLI55zFQi1QsHkI9rzh68tVjWo_I9cOULfjbda5Hc
2024-11-13T20:33:34.107+07:00 DEBUG 18108 --- [admin] [http-nio-4005-exec-7] c.s.admin.security.jwt.AuthTokenFilter   : Authorization Header: Bearer eyJhbGciOiJIUzI1NiJ9.eyJyb2xlcyI6W3siYXV0aG9yaXR5IjoiUk9MRV9VU0VSIn0seyJhdXRob3JpdHkiOiJST0xFX0FETUlOIn1dLCJpZCI6MjgsInVzZXJuYW1lIjoibWFuaHF1YW4xMiIsImlhdCI6MTczMTUwNDY5OCwiZXhwIjoxNzMxNTIyNjk4fQ.JQeLI55zFQi1QsHkI9rzh68tVjWo_I9cOULfjbda5Hc
2024-11-13T20:33:34.102+07:00 DEBUG 18108 --- [admin] [http-nio-4005-exec-8] c.s.admin.security.jwt.AuthTokenFilter   : Authorization Header: Bearer eyJhbGciOiJIUzI1NiJ9.eyJyb2xlcyI6W3siYXV0aG9yaXR5IjoiUk9MRV9VU0VSIn0seyJhdXRob3JpdHkiOiJST0xFX0FETUlOIn1dLCJpZCI6MjgsInVzZXJuYW1lIjoibWFuaHF1YW4xMiIsImlhdCI6MTczMTUwNDY5OCwiZXhwIjoxNzMxNTIyNjk4fQ.JQeLI55zFQi1QsHkI9rzh68tVjWo_I9cOULfjbda5Hc
2024-11-13T20:33:34.123+07:00  INFO 18108 --- [admin] [http-nio-4005-exec-10] c.s.admin.security.jwt.AuthTokenFilter   : JWT extracted from header: eyJhbGciOiJIUzI1NiJ9.eyJyb2xlcyI6W3siYXV0aG9yaXR5IjoiUk9MRV9VU0VSIn0seyJhdXRob3JpdHkiOiJST0xFX0FETUlOIn1dLCJpZCI6MjgsInVzZXJuYW1lIjoibWFuaHF1YW4xMiIsImlhdCI6MTczMTUwNDY5OCwiZXhwIjoxNzMxNTIyNjk4fQ.JQeLI55zFQi1QsHkI9rzh68tVjWo_I9cOULfjbda5Hc
2024-11-13T20:33:34.123+07:00  INFO 18108 --- [admin] [http-nio-4005-exec-7] c.s.admin.security.jwt.AuthTokenFilter   : JWT extracted from header: eyJhbGciOiJIUzI1NiJ9.eyJyb2xlcyI6W3siYXV0aG9yaXR5IjoiUk9MRV9VU0VSIn0seyJhdXRob3JpdHkiOiJST0xFX0FETUlOIn1dLCJpZCI6MjgsInVzZXJuYW1lIjoibWFuaHF1YW4xMiIsImlhdCI6MTczMTUwNDY5OCwiZXhwIjoxNzMxNTIyNjk4fQ.JQeLI55zFQi1QsHkI9rzh68tVjWo_I9cOULfjbda5Hc
2024-11-13T20:33:34.123+07:00  INFO 18108 --- [admin] [http-nio-4005-exec-8] c.s.admin.security.jwt.AuthTokenFilter   : JWT extracted from header: eyJhbGciOiJIUzI1NiJ9.eyJyb2xlcyI6W3siYXV0aG9yaXR5IjoiUk9MRV9VU0VSIn0seyJhdXRob3JpdHkiOiJST0xFX0FETUlOIn1dLCJpZCI6MjgsInVzZXJuYW1lIjoibWFuaHF1YW4xMiIsImlhdCI6MTczMTUwNDY5OCwiZXhwIjoxNzMxNTIyNjk4fQ.JQeLI55zFQi1QsHkI9rzh68tVjWo_I9cOULfjbda5Hc
2024-11-13T20:33:34.308+07:00  INFO 18108 --- [admin] [http-nio-4005-exec-7] c.s.admin.security.jwt.AuthTokenFilter   : JWT validation result: true
2024-11-13T20:33:34.308+07:00  INFO 18108 --- [admin] [http-nio-4005-exec-10] c.s.admin.security.jwt.AuthTokenFilter   : JWT validation result: true
2024-11-13T20:33:34.321+07:00  INFO 18108 --- [admin] [http-nio-4005-exec-8] c.s.admin.security.jwt.AuthTokenFilter   : JWT validation result: true
2024-11-13T20:33:34.358+07:00  INFO 18108 --- [admin] [http-nio-4005-exec-10] c.s.admin.security.jwt.AuthTokenFilter   : Username extracted from JWT: manhquan12
2024-11-13T20:33:34.365+07:00  INFO 18108 --- [admin] [http-nio-4005-exec-7] c.s.admin.security.jwt.AuthTokenFilter   : Username extracted from JWT: manhquan12
2024-11-13T20:33:34.384+07:00  INFO 18108 --- [admin] [http-nio-4005-exec-8] c.s.admin.security.jwt.AuthTokenFilter   : Username extracted from JWT: manhquan12
2024-11-13T20:33:34.427+07:00  INFO 18108 --- [admin] [http-nio-4005-exec-10] c.s.admin.security.jwt.AuthTokenFilter   : JWT in Authorization header: eyJhbGciOiJIUzI1NiJ9.eyJyb2xlcyI6W3siYXV0aG9yaXR5IjoiUk9MRV9VU0VSIn0seyJhdXRob3JpdHkiOiJST0xFX0FETUlOIn1dLCJpZCI6MjgsInVzZXJuYW1lIjoibWFuaHF1YW4xMiIsImlhdCI6MTczMTUwNDY5OCwiZXhwIjoxNzMxNTIyNjk4fQ.JQeLI55zFQi1QsHkI9rzh68tVjWo_I9cOULfjbda5Hc
2024-11-13T20:33:34.427+07:00  INFO 18108 --- [admin] [http-nio-4005-exec-8] c.s.admin.security.jwt.AuthTokenFilter   : JWT in Authorization header: eyJhbGciOiJIUzI1NiJ9.eyJyb2xlcyI6W3siYXV0aG9yaXR5IjoiUk9MRV9VU0VSIn0seyJhdXRob3JpdHkiOiJST0xFX0FETUlOIn1dLCJpZCI6MjgsInVzZXJuYW1lIjoibWFuaHF1YW4xMiIsImlhdCI6MTczMTUwNDY5OCwiZXhwIjoxNzMxNTIyNjk4fQ.JQeLI55zFQi1QsHkI9rzh68tVjWo_I9cOULfjbda5Hc
2024-11-13T20:33:34.487+07:00  INFO 18108 --- [admin] [http-nio-4005-exec-7] c.s.admin.security.jwt.AuthTokenFilter   : JWT in Authorization header: eyJhbGciOiJIUzI1NiJ9.eyJyb2xlcyI6W3siYXV0aG9yaXR5IjoiUk9MRV9VU0VSIn0seyJhdXRob3JpdHkiOiJST0xFX0FETUlOIn1dLCJpZCI6MjgsInVzZXJuYW1lIjoibWFuaHF1YW4xMiIsImlhdCI6MTczMTUwNDY5OCwiZXhwIjoxNzMxNTIyNjk4fQ.JQeLI55zFQi1QsHkI9rzh68tVjWo_I9cOULfjbda5Hc
2024-11-13T20:33:34.513+07:00 DEBUG 18108 --- [admin] [http-nio-4005-exec-9] c.s.admin.security.jwt.AuthTokenFilter   : Authorization Header: Bearer eyJhbGciOiJIUzI1NiJ9.eyJyb2xlcyI6W3siYXV0aG9yaXR5IjoiUk9MRV9VU0VSIn0seyJhdXRob3JpdHkiOiJST0xFX0FETUlOIn1dLCJpZCI6MjgsInVzZXJuYW1lIjoibWFuaHF1YW4xMiIsImlhdCI6MTczMTUwNDY5OCwiZXhwIjoxNzMxNTIyNjk4fQ.JQeLI55zFQi1QsHkI9rzh68tVjWo_I9cOULfjbda5Hc
2024-11-13T20:33:34.514+07:00  INFO 18108 --- [admin] [http-nio-4005-exec-9] c.s.admin.security.jwt.AuthTokenFilter   : JWT extracted from header: eyJhbGciOiJIUzI1NiJ9.eyJyb2xlcyI6W3siYXV0aG9yaXR5IjoiUk9MRV9VU0VSIn0seyJhdXRob3JpdHkiOiJST0xFX0FETUlOIn1dLCJpZCI6MjgsInVzZXJuYW1lIjoibWFuaHF1YW4xMiIsImlhdCI6MTczMTUwNDY5OCwiZXhwIjoxNzMxNTIyNjk4fQ.JQeLI55zFQi1QsHkI9rzh68tVjWo_I9cOULfjbda5Hc
2024-11-13T20:33:34.525+07:00  INFO 18108 --- [admin] [http-nio-4005-exec-9] c.s.admin.security.jwt.AuthTokenFilter   : JWT validation result: true
2024-11-13T20:33:34.536+07:00  INFO 18108 --- [admin] [http-nio-4005-exec-9] c.s.admin.security.jwt.AuthTokenFilter   : Username extracted from JWT: manhquan12
2024-11-13T20:33:34.563+07:00  INFO 18108 --- [admin] [http-nio-4005-exec-9] c.s.admin.security.jwt.AuthTokenFilter   : JWT in Authorization header: eyJhbGciOiJIUzI1NiJ9.eyJyb2xlcyI6W3siYXV0aG9yaXR5IjoiUk9MRV9VU0VSIn0seyJhdXRob3JpdHkiOiJST0xFX0FETUlOIn1dLCJpZCI6MjgsInVzZXJuYW1lIjoibWFuaHF1YW4xMiIsImlhdCI6MTczMTUwNDY5OCwiZXhwIjoxNzMxNTIyNjk4fQ.JQeLI55zFQi1QsHkI9rzh68tVjWo_I9cOULfjbda5Hc
2024-11-13T20:33:34.587+07:00 DEBUG 18108 --- [admin] [http-nio-4005-exec-1] c.s.admin.security.jwt.AuthTokenFilter   : Authorization Header: Bearer eyJhbGciOiJIUzI1NiJ9.eyJyb2xlcyI6W3siYXV0aG9yaXR5IjoiUk9MRV9VU0VSIn0seyJhdXRob3JpdHkiOiJST0xFX0FETUlOIn1dLCJpZCI6MjgsInVzZXJuYW1lIjoibWFuaHF1YW4xMiIsImlhdCI6MTczMTUwNDY5OCwiZXhwIjoxNzMxNTIyNjk4fQ.JQeLI55zFQi1QsHkI9rzh68tVjWo_I9cOULfjbda5Hc
2024-11-13T20:33:34.592+07:00  INFO 18108 --- [admin] [http-nio-4005-exec-1] c.s.admin.security.jwt.AuthTokenFilter   : JWT extracted from header: eyJhbGciOiJIUzI1NiJ9.eyJyb2xlcyI6W3siYXV0aG9yaXR5IjoiUk9MRV9VU0VSIn0seyJhdXRob3JpdHkiOiJST0xFX0FETUlOIn1dLCJpZCI6MjgsInVzZXJuYW1lIjoibWFuaHF1YW4xMiIsImlhdCI6MTczMTUwNDY5OCwiZXhwIjoxNzMxNTIyNjk4fQ.JQeLI55zFQi1QsHkI9rzh68tVjWo_I9cOULfjbda5Hc
2024-11-13T20:33:34.605+07:00  INFO 18108 --- [admin] [http-nio-4005-exec-1] c.s.admin.security.jwt.AuthTokenFilter   : JWT validation result: true
2024-11-13T20:33:34.617+07:00  INFO 18108 --- [admin] [http-nio-4005-exec-1] c.s.admin.security.jwt.AuthTokenFilter   : Username extracted from JWT: manhquan12
2024-11-13T20:33:34.658+07:00  INFO 18108 --- [admin] [http-nio-4005-exec-1] c.s.admin.security.jwt.AuthTokenFilter   : JWT in Authorization header: eyJhbGciOiJIUzI1NiJ9.eyJyb2xlcyI6W3siYXV0aG9yaXR5IjoiUk9MRV9VU0VSIn0seyJhdXRob3JpdHkiOiJST0xFX0FETUlOIn1dLCJpZCI6MjgsInVzZXJuYW1lIjoibWFuaHF1YW4xMiIsImlhdCI6MTczMTUwNDY5OCwiZXhwIjoxNzMxNTIyNjk4fQ.JQeLI55zFQi1QsHkI9rzh68tVjWo_I9cOULfjbda5Hc
2024-11-13T20:33:34.648+07:00 DEBUG 18108 --- [admin] [http-nio-4005-exec-2] c.s.admin.security.jwt.AuthTokenFilter   : Authorization Header: Bearer eyJhbGciOiJIUzI1NiJ9.eyJyb2xlcyI6W3siYXV0aG9yaXR5IjoiUk9MRV9VU0VSIn0seyJhdXRob3JpdHkiOiJST0xFX0FETUlOIn1dLCJpZCI6MjgsInVzZXJuYW1lIjoibWFuaHF1YW4xMiIsImlhdCI6MTczMTUwNDY5OCwiZXhwIjoxNzMxNTIyNjk4fQ.JQeLI55zFQi1QsHkI9rzh68tVjWo_I9cOULfjbda5Hc
2024-11-13T20:33:34.659+07:00  INFO 18108 --- [admin] [http-nio-4005-exec-2] c.s.admin.security.jwt.AuthTokenFilter   : JWT extracted from header: eyJhbGciOiJIUzI1NiJ9.eyJyb2xlcyI6W3siYXV0aG9yaXR5IjoiUk9MRV9VU0VSIn0seyJhdXRob3JpdHkiOiJST0xFX0FETUlOIn1dLCJpZCI6MjgsInVzZXJuYW1lIjoibWFuaHF1YW4xMiIsImlhdCI6MTczMTUwNDY5OCwiZXhwIjoxNzMxNTIyNjk4fQ.JQeLI55zFQi1QsHkI9rzh68tVjWo_I9cOULfjbda5Hc
2024-11-13T20:33:34.673+07:00  INFO 18108 --- [admin] [http-nio-4005-exec-2] c.s.admin.security.jwt.AuthTokenFilter   : JWT validation result: true
2024-11-13T20:33:34.691+07:00  INFO 18108 --- [admin] [http-nio-4005-exec-2] c.s.admin.security.jwt.AuthTokenFilter   : Username extracted from JWT: manhquan12
2024-11-13T20:33:34.722+07:00  INFO 18108 --- [admin] [http-nio-4005-exec-2] c.s.admin.security.jwt.AuthTokenFilter   : JWT in Authorization header: eyJhbGciOiJIUzI1NiJ9.eyJyb2xlcyI6W3siYXV0aG9yaXR5IjoiUk9MRV9VU0VSIn0seyJhdXRob3JpdHkiOiJST0xFX0FETUlOIn1dLCJpZCI6MjgsInVzZXJuYW1lIjoibWFuaHF1YW4xMiIsImlhdCI6MTczMTUwNDY5OCwiZXhwIjoxNzMxNTIyNjk4fQ.JQeLI55zFQi1QsHkI9rzh68tVjWo_I9cOULfjbda5Hc
2024-11-13T20:33:34.747+07:00 DEBUG 18108 --- [admin] [http-nio-4005-exec-1] c.s.admin.security.jwt.AuthTokenFilter   : Authorization Header: Bearer eyJhbGciOiJIUzI1NiJ9.eyJyb2xlcyI6W3siYXV0aG9yaXR5IjoiUk9MRV9VU0VSIn0seyJhdXRob3JpdHkiOiJST0xFX0FETUlOIn1dLCJpZCI6MjgsInVzZXJuYW1lIjoibWFuaHF1YW4xMiIsImlhdCI6MTczMTUwNDY5OCwiZXhwIjoxNzMxNTIyNjk4fQ.JQeLI55zFQi1QsHkI9rzh68tVjWo_I9cOULfjbda5Hc
2024-11-13T20:33:34.747+07:00  INFO 18108 --- [admin] [http-nio-4005-exec-1] c.s.admin.security.jwt.AuthTokenFilter   : JWT extracted from header: eyJhbGciOiJIUzI1NiJ9.eyJyb2xlcyI6W3siYXV0aG9yaXR5IjoiUk9MRV9VU0VSIn0seyJhdXRob3JpdHkiOiJST0xFX0FETUlOIn1dLCJpZCI6MjgsInVzZXJuYW1lIjoibWFuaHF1YW4xMiIsImlhdCI6MTczMTUwNDY5OCwiZXhwIjoxNzMxNTIyNjk4fQ.JQeLI55zFQi1QsHkI9rzh68tVjWo_I9cOULfjbda5Hc
2024-11-13T20:33:34.761+07:00  INFO 18108 --- [admin] [http-nio-4005-exec-1] c.s.admin.security.jwt.AuthTokenFilter   : JWT validation result: true
2024-11-13T20:33:34.767+07:00  INFO 18108 --- [admin] [http-nio-4005-exec-1] c.s.admin.security.jwt.AuthTokenFilter   : Username extracted from JWT: manhquan12
2024-11-13T20:33:34.853+07:00  INFO 18108 --- [admin] [http-nio-4005-exec-1] c.s.admin.security.jwt.AuthTokenFilter   : JWT in Authorization header: eyJhbGciOiJIUzI1NiJ9.eyJyb2xlcyI6W3siYXV0aG9yaXR5IjoiUk9MRV9VU0VSIn0seyJhdXRob3JpdHkiOiJST0xFX0FETUlOIn1dLCJpZCI6MjgsInVzZXJuYW1lIjoibWFuaHF1YW4xMiIsImlhdCI6MTczMTUwNDY5OCwiZXhwIjoxNzMxNTIyNjk4fQ.JQeLI55zFQi1QsHkI9rzh68tVjWo_I9cOULfjbda5Hc
2024-11-13T20:33:34.941+07:00 DEBUG 18108 --- [admin] [http-nio-4005-exec-3] c.s.admin.security.jwt.AuthTokenFilter   : Authorization Header: Bearer eyJhbGciOiJIUzI1NiJ9.eyJyb2xlcyI6W3siYXV0aG9yaXR5IjoiUk9MRV9VU0VSIn0seyJhdXRob3JpdHkiOiJST0xFX0FETUlOIn1dLCJpZCI6MjgsInVzZXJuYW1lIjoibWFuaHF1YW4xMiIsImlhdCI6MTczMTUwNDY5OCwiZXhwIjoxNzMxNTIyNjk4fQ.JQeLI55zFQi1QsHkI9rzh68tVjWo_I9cOULfjbda5Hc
2024-11-13T20:33:34.941+07:00  INFO 18108 --- [admin] [http-nio-4005-exec-3] c.s.admin.security.jwt.AuthTokenFilter   : JWT extracted from header: eyJhbGciOiJIUzI1NiJ9.eyJyb2xlcyI6W3siYXV0aG9yaXR5IjoiUk9MRV9VU0VSIn0seyJhdXRob3JpdHkiOiJST0xFX0FETUlOIn1dLCJpZCI6MjgsInVzZXJuYW1lIjoibWFuaHF1YW4xMiIsImlhdCI6MTczMTUwNDY5OCwiZXhwIjoxNzMxNTIyNjk4fQ.JQeLI55zFQi1QsHkI9rzh68tVjWo_I9cOULfjbda5Hc
2024-11-13T20:33:34.954+07:00  INFO 18108 --- [admin] [http-nio-4005-exec-3] c.s.admin.security.jwt.AuthTokenFilter   : JWT validation result: true
2024-11-13T20:33:34.972+07:00  INFO 18108 --- [admin] [http-nio-4005-exec-3] c.s.admin.security.jwt.AuthTokenFilter   : Username extracted from JWT: manhquan12
2024-11-13T20:33:34.995+07:00  INFO 18108 --- [admin] [http-nio-4005-exec-3] c.s.admin.security.jwt.AuthTokenFilter   : JWT in Authorization header: eyJhbGciOiJIUzI1NiJ9.eyJyb2xlcyI6W3siYXV0aG9yaXR5IjoiUk9MRV9VU0VSIn0seyJhdXRob3JpdHkiOiJST0xFX0FETUlOIn1dLCJpZCI6MjgsInVzZXJuYW1lIjoibWFuaHF1YW4xMiIsImlhdCI6MTczMTUwNDY5OCwiZXhwIjoxNzMxNTIyNjk4fQ.JQeLI55zFQi1QsHkI9rzh68tVjWo_I9cOULfjbda5Hc
2024-11-13T20:34:10.239+07:00 DEBUG 18108 --- [admin] [http-nio-4005-exec-5] c.s.admin.security.jwt.AuthTokenFilter   : Authorization Header: Bearer eyJhbGciOiJIUzI1NiJ9.eyJyb2xlcyI6W3siYXV0aG9yaXR5IjoiUk9MRV9VU0VSIn0seyJhdXRob3JpdHkiOiJST0xFX0FETUlOIn1dLCJpZCI6MjgsInVzZXJuYW1lIjoibWFuaHF1YW4xMiIsImlhdCI6MTczMTUwNDY5OCwiZXhwIjoxNzMxNTIyNjk4fQ.JQeLI55zFQi1QsHkI9rzh68tVjWo_I9cOULfjbda5Hc
2024-11-13T20:34:10.313+07:00  INFO 18108 --- [admin] [http-nio-4005-exec-5] c.s.admin.security.jwt.AuthTokenFilter   : JWT extracted from header: eyJhbGciOiJIUzI1NiJ9.eyJyb2xlcyI6W3siYXV0aG9yaXR5IjoiUk9MRV9VU0VSIn0seyJhdXRob3JpdHkiOiJST0xFX0FETUlOIn1dLCJpZCI6MjgsInVzZXJuYW1lIjoibWFuaHF1YW4xMiIsImlhdCI6MTczMTUwNDY5OCwiZXhwIjoxNzMxNTIyNjk4fQ.JQeLI55zFQi1QsHkI9rzh68tVjWo_I9cOULfjbda5Hc
2024-11-13T20:34:10.240+07:00 DEBUG 18108 --- [admin] [http-nio-4005-exec-9] c.s.admin.security.jwt.AuthTokenFilter   : Authorization Header: Bearer eyJhbGciOiJIUzI1NiJ9.eyJyb2xlcyI6W3siYXV0aG9yaXR5IjoiUk9MRV9VU0VSIn0seyJhdXRob3JpdHkiOiJST0xFX0FETUlOIn1dLCJpZCI6MjgsInVzZXJuYW1lIjoibWFuaHF1YW4xMiIsImlhdCI6MTczMTUwNDY5OCwiZXhwIjoxNzMxNTIyNjk4fQ.JQeLI55zFQi1QsHkI9rzh68tVjWo_I9cOULfjbda5Hc
2024-11-13T20:34:10.321+07:00  INFO 18108 --- [admin] [http-nio-4005-exec-9] c.s.admin.security.jwt.AuthTokenFilter   : JWT extracted from header: eyJhbGciOiJIUzI1NiJ9.eyJyb2xlcyI6W3siYXV0aG9yaXR5IjoiUk9MRV9VU0VSIn0seyJhdXRob3JpdHkiOiJST0xFX0FETUlOIn1dLCJpZCI6MjgsInVzZXJuYW1lIjoibWFuaHF1YW4xMiIsImlhdCI6MTczMTUwNDY5OCwiZXhwIjoxNzMxNTIyNjk4fQ.JQeLI55zFQi1QsHkI9rzh68tVjWo_I9cOULfjbda5Hc
2024-11-13T20:34:10.240+07:00 DEBUG 18108 --- [admin] [http-nio-4005-exec-7] c.s.admin.security.jwt.AuthTokenFilter   : Authorization Header: Bearer eyJhbGciOiJIUzI1NiJ9.eyJyb2xlcyI6W3siYXV0aG9yaXR5IjoiUk9MRV9VU0VSIn0seyJhdXRob3JpdHkiOiJST0xFX0FETUlOIn1dLCJpZCI6MjgsInVzZXJuYW1lIjoibWFuaHF1YW4xMiIsImlhdCI6MTczMTUwNDY5OCwiZXhwIjoxNzMxNTIyNjk4fQ.JQeLI55zFQi1QsHkI9rzh68tVjWo_I9cOULfjbda5Hc
2024-11-13T20:34:10.588+07:00  INFO 18108 --- [admin] [http-nio-4005-exec-7] c.s.admin.security.jwt.AuthTokenFilter   : JWT extracted from header: eyJhbGciOiJIUzI1NiJ9.eyJyb2xlcyI6W3siYXV0aG9yaXR5IjoiUk9MRV9VU0VSIn0seyJhdXRob3JpdHkiOiJST0xFX0FETUlOIn1dLCJpZCI6MjgsInVzZXJuYW1lIjoibWFuaHF1YW4xMiIsImlhdCI6MTczMTUwNDY5OCwiZXhwIjoxNzMxNTIyNjk4fQ.JQeLI55zFQi1QsHkI9rzh68tVjWo_I9cOULfjbda5Hc
2024-11-13T20:34:10.855+07:00  INFO 18108 --- [admin] [http-nio-4005-exec-7] c.s.admin.security.jwt.AuthTokenFilter   : JWT validation result: true
2024-11-13T20:34:10.855+07:00  INFO 18108 --- [admin] [http-nio-4005-exec-5] c.s.admin.security.jwt.AuthTokenFilter   : JWT validation result: true
2024-11-13T20:34:10.857+07:00  INFO 18108 --- [admin] [http-nio-4005-exec-9] c.s.admin.security.jwt.AuthTokenFilter   : JWT validation result: true
2024-11-13T20:34:10.900+07:00  INFO 18108 --- [admin] [http-nio-4005-exec-5] c.s.admin.security.jwt.AuthTokenFilter   : Username extracted from JWT: manhquan12
2024-11-13T20:34:10.902+07:00  INFO 18108 --- [admin] [http-nio-4005-exec-7] c.s.admin.security.jwt.AuthTokenFilter   : Username extracted from JWT: manhquan12
2024-11-13T20:34:10.903+07:00  INFO 18108 --- [admin] [http-nio-4005-exec-9] c.s.admin.security.jwt.AuthTokenFilter   : Username extracted from JWT: manhquan12
2024-11-13T20:34:10.995+07:00  INFO 18108 --- [admin] [http-nio-4005-exec-7] c.s.admin.security.jwt.AuthTokenFilter   : JWT in Authorization header: eyJhbGciOiJIUzI1NiJ9.eyJyb2xlcyI6W3siYXV0aG9yaXR5IjoiUk9MRV9VU0VSIn0seyJhdXRob3JpdHkiOiJST0xFX0FETUlOIn1dLCJpZCI6MjgsInVzZXJuYW1lIjoibWFuaHF1YW4xMiIsImlhdCI6MTczMTUwNDY5OCwiZXhwIjoxNzMxNTIyNjk4fQ.JQeLI55zFQi1QsHkI9rzh68tVjWo_I9cOULfjbda5Hc
2024-11-13T20:34:10.998+07:00  INFO 18108 --- [admin] [http-nio-4005-exec-9] c.s.admin.security.jwt.AuthTokenFilter   : JWT in Authorization header: eyJhbGciOiJIUzI1NiJ9.eyJyb2xlcyI6W3siYXV0aG9yaXR5IjoiUk9MRV9VU0VSIn0seyJhdXRob3JpdHkiOiJST0xFX0FETUlOIn1dLCJpZCI6MjgsInVzZXJuYW1lIjoibWFuaHF1YW4xMiIsImlhdCI6MTczMTUwNDY5OCwiZXhwIjoxNzMxNTIyNjk4fQ.JQeLI55zFQi1QsHkI9rzh68tVjWo_I9cOULfjbda5Hc
2024-11-13T20:34:11.000+07:00  INFO 18108 --- [admin] [http-nio-4005-exec-5] c.s.admin.security.jwt.AuthTokenFilter   : JWT in Authorization header: eyJhbGciOiJIUzI1NiJ9.eyJyb2xlcyI6W3siYXV0aG9yaXR5IjoiUk9MRV9VU0VSIn0seyJhdXRob3JpdHkiOiJST0xFX0FETUlOIn1dLCJpZCI6MjgsInVzZXJuYW1lIjoibWFuaHF1YW4xMiIsImlhdCI6MTczMTUwNDY5OCwiZXhwIjoxNzMxNTIyNjk4fQ.JQeLI55zFQi1QsHkI9rzh68tVjWo_I9cOULfjbda5Hc
2024-11-13T20:34:11.141+07:00 DEBUG 18108 --- [admin] [http-nio-4005-exec-2] c.s.admin.security.jwt.AuthTokenFilter   : Authorization Header: Bearer eyJhbGciOiJIUzI1NiJ9.eyJyb2xlcyI6W3siYXV0aG9yaXR5IjoiUk9MRV9VU0VSIn0seyJhdXRob3JpdHkiOiJST0xFX0FETUlOIn1dLCJpZCI6MjgsInVzZXJuYW1lIjoibWFuaHF1YW4xMiIsImlhdCI6MTczMTUwNDY5OCwiZXhwIjoxNzMxNTIyNjk4fQ.JQeLI55zFQi1QsHkI9rzh68tVjWo_I9cOULfjbda5Hc
2024-11-13T20:34:11.141+07:00  INFO 18108 --- [admin] [http-nio-4005-exec-2] c.s.admin.security.jwt.AuthTokenFilter   : JWT extracted from header: eyJhbGciOiJIUzI1NiJ9.eyJyb2xlcyI6W3siYXV0aG9yaXR5IjoiUk9MRV9VU0VSIn0seyJhdXRob3JpdHkiOiJST0xFX0FETUlOIn1dLCJpZCI6MjgsInVzZXJuYW1lIjoibWFuaHF1YW4xMiIsImlhdCI6MTczMTUwNDY5OCwiZXhwIjoxNzMxNTIyNjk4fQ.JQeLI55zFQi1QsHkI9rzh68tVjWo_I9cOULfjbda5Hc
2024-11-13T20:34:11.162+07:00  INFO 18108 --- [admin] [http-nio-4005-exec-2] c.s.admin.security.jwt.AuthTokenFilter   : JWT validation result: true
2024-11-13T20:34:11.175+07:00  INFO 18108 --- [admin] [http-nio-4005-exec-2] c.s.admin.security.jwt.AuthTokenFilter   : Username extracted from JWT: manhquan12
2024-11-13T20:34:11.199+07:00 DEBUG 18108 --- [admin] [http-nio-4005-exec-1] c.s.admin.security.jwt.AuthTokenFilter   : Authorization Header: Bearer eyJhbGciOiJIUzI1NiJ9.eyJyb2xlcyI6W3siYXV0aG9yaXR5IjoiUk9MRV9VU0VSIn0seyJhdXRob3JpdHkiOiJST0xFX0FETUlOIn1dLCJpZCI6MjgsInVzZXJuYW1lIjoibWFuaHF1YW4xMiIsImlhdCI6MTczMTUwNDY5OCwiZXhwIjoxNzMxNTIyNjk4fQ.JQeLI55zFQi1QsHkI9rzh68tVjWo_I9cOULfjbda5Hc
2024-11-13T20:34:11.199+07:00  INFO 18108 --- [admin] [http-nio-4005-exec-1] c.s.admin.security.jwt.AuthTokenFilter   : JWT extracted from header: eyJhbGciOiJIUzI1NiJ9.eyJyb2xlcyI6W3siYXV0aG9yaXR5IjoiUk9MRV9VU0VSIn0seyJhdXRob3JpdHkiOiJST0xFX0FETUlOIn1dLCJpZCI6MjgsInVzZXJuYW1lIjoibWFuaHF1YW4xMiIsImlhdCI6MTczMTUwNDY5OCwiZXhwIjoxNzMxNTIyNjk4fQ.JQeLI55zFQi1QsHkI9rzh68tVjWo_I9cOULfjbda5Hc
2024-11-13T20:34:11.454+07:00  INFO 18108 --- [admin] [http-nio-4005-exec-1] c.s.admin.security.jwt.AuthTokenFilter   : JWT validation result: true
2024-11-13T20:34:11.464+07:00  INFO 18108 --- [admin] [http-nio-4005-exec-1] c.s.admin.security.jwt.AuthTokenFilter   : Username extracted from JWT: manhquan12
2024-11-13T20:34:11.477+07:00  INFO 18108 --- [admin] [http-nio-4005-exec-2] c.s.admin.security.jwt.AuthTokenFilter   : JWT in Authorization header: eyJhbGciOiJIUzI1NiJ9.eyJyb2xlcyI6W3siYXV0aG9yaXR5IjoiUk9MRV9VU0VSIn0seyJhdXRob3JpdHkiOiJST0xFX0FETUlOIn1dLCJpZCI6MjgsInVzZXJuYW1lIjoibWFuaHF1YW4xMiIsImlhdCI6MTczMTUwNDY5OCwiZXhwIjoxNzMxNTIyNjk4fQ.JQeLI55zFQi1QsHkI9rzh68tVjWo_I9cOULfjbda5Hc
2024-11-13T20:34:11.496+07:00  INFO 18108 --- [admin] [http-nio-4005-exec-1] c.s.admin.security.jwt.AuthTokenFilter   : JWT in Authorization header: eyJhbGciOiJIUzI1NiJ9.eyJyb2xlcyI6W3siYXV0aG9yaXR5IjoiUk9MRV9VU0VSIn0seyJhdXRob3JpdHkiOiJST0xFX0FETUlOIn1dLCJpZCI6MjgsInVzZXJuYW1lIjoibWFuaHF1YW4xMiIsImlhdCI6MTczMTUwNDY5OCwiZXhwIjoxNzMxNTIyNjk4fQ.JQeLI55zFQi1QsHkI9rzh68tVjWo_I9cOULfjbda5Hc
2024-11-13T20:34:11.549+07:00 DEBUG 18108 --- [admin] [http-nio-4005-exec-3] c.s.admin.security.jwt.AuthTokenFilter   : Authorization Header: Bearer eyJhbGciOiJIUzI1NiJ9.eyJyb2xlcyI6W3siYXV0aG9yaXR5IjoiUk9MRV9VU0VSIn0seyJhdXRob3JpdHkiOiJST0xFX0FETUlOIn1dLCJpZCI6MjgsInVzZXJuYW1lIjoibWFuaHF1YW4xMiIsImlhdCI6MTczMTUwNDY5OCwiZXhwIjoxNzMxNTIyNjk4fQ.JQeLI55zFQi1QsHkI9rzh68tVjWo_I9cOULfjbda5Hc
2024-11-13T20:34:11.550+07:00  INFO 18108 --- [admin] [http-nio-4005-exec-3] c.s.admin.security.jwt.AuthTokenFilter   : JWT extracted from header: eyJhbGciOiJIUzI1NiJ9.eyJyb2xlcyI6W3siYXV0aG9yaXR5IjoiUk9MRV9VU0VSIn0seyJhdXRob3JpdHkiOiJST0xFX0FETUlOIn1dLCJpZCI6MjgsInVzZXJuYW1lIjoibWFuaHF1YW4xMiIsImlhdCI6MTczMTUwNDY5OCwiZXhwIjoxNzMxNTIyNjk4fQ.JQeLI55zFQi1QsHkI9rzh68tVjWo_I9cOULfjbda5Hc
2024-11-13T20:34:11.563+07:00  INFO 18108 --- [admin] [http-nio-4005-exec-3] c.s.admin.security.jwt.AuthTokenFilter   : JWT validation result: true
2024-11-13T20:34:11.581+07:00  INFO 18108 --- [admin] [http-nio-4005-exec-3] c.s.admin.security.jwt.AuthTokenFilter   : Username extracted from JWT: manhquan12
2024-11-13T20:34:11.606+07:00  INFO 18108 --- [admin] [http-nio-4005-exec-3] c.s.admin.security.jwt.AuthTokenFilter   : JWT in Authorization header: eyJhbGciOiJIUzI1NiJ9.eyJyb2xlcyI6W3siYXV0aG9yaXR5IjoiUk9MRV9VU0VSIn0seyJhdXRob3JpdHkiOiJST0xFX0FETUlOIn1dLCJpZCI6MjgsInVzZXJuYW1lIjoibWFuaHF1YW4xMiIsImlhdCI6MTczMTUwNDY5OCwiZXhwIjoxNzMxNTIyNjk4fQ.JQeLI55zFQi1QsHkI9rzh68tVjWo_I9cOULfjbda5Hc
2024-11-13T20:34:11.705+07:00 DEBUG 18108 --- [admin] [http-nio-4005-exec-8] c.s.admin.security.jwt.AuthTokenFilter   : Authorization Header: Bearer eyJhbGciOiJIUzI1NiJ9.eyJyb2xlcyI6W3siYXV0aG9yaXR5IjoiUk9MRV9VU0VSIn0seyJhdXRob3JpdHkiOiJST0xFX0FETUlOIn1dLCJpZCI6MjgsInVzZXJuYW1lIjoibWFuaHF1YW4xMiIsImlhdCI6MTczMTUwNDY5OCwiZXhwIjoxNzMxNTIyNjk4fQ.JQeLI55zFQi1QsHkI9rzh68tVjWo_I9cOULfjbda5Hc
2024-11-13T20:34:11.706+07:00  INFO 18108 --- [admin] [http-nio-4005-exec-8] c.s.admin.security.jwt.AuthTokenFilter   : JWT extracted from header: eyJhbGciOiJIUzI1NiJ9.eyJyb2xlcyI6W3siYXV0aG9yaXR5IjoiUk9MRV9VU0VSIn0seyJhdXRob3JpdHkiOiJST0xFX0FETUlOIn1dLCJpZCI6MjgsInVzZXJuYW1lIjoibWFuaHF1YW4xMiIsImlhdCI6MTczMTUwNDY5OCwiZXhwIjoxNzMxNTIyNjk4fQ.JQeLI55zFQi1QsHkI9rzh68tVjWo_I9cOULfjbda5Hc
2024-11-13T20:34:11.734+07:00  INFO 18108 --- [admin] [http-nio-4005-exec-8] c.s.admin.security.jwt.AuthTokenFilter   : JWT validation result: true
2024-11-13T20:34:11.742+07:00  INFO 18108 --- [admin] [http-nio-4005-exec-8] c.s.admin.security.jwt.AuthTokenFilter   : Username extracted from JWT: manhquan12
2024-11-13T20:34:11.763+07:00  INFO 18108 --- [admin] [http-nio-4005-exec-8] c.s.admin.security.jwt.AuthTokenFilter   : JWT in Authorization header: eyJhbGciOiJIUzI1NiJ9.eyJyb2xlcyI6W3siYXV0aG9yaXR5IjoiUk9MRV9VU0VSIn0seyJhdXRob3JpdHkiOiJST0xFX0FETUlOIn1dLCJpZCI6MjgsInVzZXJuYW1lIjoibWFuaHF1YW4xMiIsImlhdCI6MTczMTUwNDY5OCwiZXhwIjoxNzMxNTIyNjk4fQ.JQeLI55zFQi1QsHkI9rzh68tVjWo_I9cOULfjbda5Hc
2024-11-13T20:34:11.850+07:00 DEBUG 18108 --- [admin] [http-nio-4005-exec-4] c.s.admin.security.jwt.AuthTokenFilter   : Authorization Header: Bearer eyJhbGciOiJIUzI1NiJ9.eyJyb2xlcyI6W3siYXV0aG9yaXR5IjoiUk9MRV9VU0VSIn0seyJhdXRob3JpdHkiOiJST0xFX0FETUlOIn1dLCJpZCI6MjgsInVzZXJuYW1lIjoibWFuaHF1YW4xMiIsImlhdCI6MTczMTUwNDY5OCwiZXhwIjoxNzMxNTIyNjk4fQ.JQeLI55zFQi1QsHkI9rzh68tVjWo_I9cOULfjbda5Hc
2024-11-13T20:34:11.850+07:00  INFO 18108 --- [admin] [http-nio-4005-exec-4] c.s.admin.security.jwt.AuthTokenFilter   : JWT extracted from header: eyJhbGciOiJIUzI1NiJ9.eyJyb2xlcyI6W3siYXV0aG9yaXR5IjoiUk9MRV9VU0VSIn0seyJhdXRob3JpdHkiOiJST0xFX0FETUlOIn1dLCJpZCI6MjgsInVzZXJuYW1lIjoibWFuaHF1YW4xMiIsImlhdCI6MTczMTUwNDY5OCwiZXhwIjoxNzMxNTIyNjk4fQ.JQeLI55zFQi1QsHkI9rzh68tVjWo_I9cOULfjbda5Hc
2024-11-13T20:34:11.862+07:00  INFO 18108 --- [admin] [http-nio-4005-exec-4] c.s.admin.security.jwt.AuthTokenFilter   : JWT validation result: true
2024-11-13T20:34:11.873+07:00  INFO 18108 --- [admin] [http-nio-4005-exec-4] c.s.admin.security.jwt.AuthTokenFilter   : Username extracted from JWT: manhquan12
2024-11-13T20:34:11.889+07:00  INFO 18108 --- [admin] [http-nio-4005-exec-4] c.s.admin.security.jwt.AuthTokenFilter   : JWT in Authorization header: eyJhbGciOiJIUzI1NiJ9.eyJyb2xlcyI6W3siYXV0aG9yaXR5IjoiUk9MRV9VU0VSIn0seyJhdXRob3JpdHkiOiJST0xFX0FETUlOIn1dLCJpZCI6MjgsInVzZXJuYW1lIjoibWFuaHF1YW4xMiIsImlhdCI6MTczMTUwNDY5OCwiZXhwIjoxNzMxNTIyNjk4fQ.JQeLI55zFQi1QsHkI9rzh68tVjWo_I9cOULfjbda5Hc
2024-11-13T20:34:51.910+07:00 DEBUG 18108 --- [admin] [http-nio-4005-exec-2] c.s.admin.security.jwt.AuthTokenFilter   : Authorization Header: Bearer eyJhbGciOiJIUzI1NiJ9.eyJyb2xlcyI6W3siYXV0aG9yaXR5IjoiUk9MRV9VU0VSIn0seyJhdXRob3JpdHkiOiJST0xFX0FETUlOIn1dLCJpZCI6MjgsInVzZXJuYW1lIjoibWFuaHF1YW4xMiIsImlhdCI6MTczMTUwNDY5OCwiZXhwIjoxNzMxNTIyNjk4fQ.JQeLI55zFQi1QsHkI9rzh68tVjWo_I9cOULfjbda5Hc
2024-11-13T20:34:51.914+07:00  INFO 18108 --- [admin] [http-nio-4005-exec-2] c.s.admin.security.jwt.AuthTokenFilter   : JWT extracted from header: eyJhbGciOiJIUzI1NiJ9.eyJyb2xlcyI6W3siYXV0aG9yaXR5IjoiUk9MRV9VU0VSIn0seyJhdXRob3JpdHkiOiJST0xFX0FETUlOIn1dLCJpZCI6MjgsInVzZXJuYW1lIjoibWFuaHF1YW4xMiIsImlhdCI6MTczMTUwNDY5OCwiZXhwIjoxNzMxNTIyNjk4fQ.JQeLI55zFQi1QsHkI9rzh68tVjWo_I9cOULfjbda5Hc
2024-11-13T20:34:51.918+07:00 DEBUG 18108 --- [admin] [http-nio-4005-exec-7] c.s.admin.security.jwt.AuthTokenFilter   : Authorization Header: Bearer eyJhbGciOiJIUzI1NiJ9.eyJyb2xlcyI6W3siYXV0aG9yaXR5IjoiUk9MRV9VU0VSIn0seyJhdXRob3JpdHkiOiJST0xFX0FETUlOIn1dLCJpZCI6MjgsInVzZXJuYW1lIjoibWFuaHF1YW4xMiIsImlhdCI6MTczMTUwNDY5OCwiZXhwIjoxNzMxNTIyNjk4fQ.JQeLI55zFQi1QsHkI9rzh68tVjWo_I9cOULfjbda5Hc
2024-11-13T20:34:51.918+07:00  INFO 18108 --- [admin] [http-nio-4005-exec-7] c.s.admin.security.jwt.AuthTokenFilter   : JWT extracted from header: eyJhbGciOiJIUzI1NiJ9.eyJyb2xlcyI6W3siYXV0aG9yaXR5IjoiUk9MRV9VU0VSIn0seyJhdXRob3JpdHkiOiJST0xFX0FETUlOIn1dLCJpZCI6MjgsInVzZXJuYW1lIjoibWFuaHF1YW4xMiIsImlhdCI6MTczMTUwNDY5OCwiZXhwIjoxNzMxNTIyNjk4fQ.JQeLI55zFQi1QsHkI9rzh68tVjWo_I9cOULfjbda5Hc
2024-11-13T20:34:51.920+07:00 DEBUG 18108 --- [admin] [http-nio-4005-exec-3] c.s.admin.security.jwt.AuthTokenFilter   : Authorization Header: Bearer eyJhbGciOiJIUzI1NiJ9.eyJyb2xlcyI6W3siYXV0aG9yaXR5IjoiUk9MRV9VU0VSIn0seyJhdXRob3JpdHkiOiJST0xFX0FETUlOIn1dLCJpZCI6MjgsInVzZXJuYW1lIjoibWFuaHF1YW4xMiIsImlhdCI6MTczMTUwNDY5OCwiZXhwIjoxNzMxNTIyNjk4fQ.JQeLI55zFQi1QsHkI9rzh68tVjWo_I9cOULfjbda5Hc
2024-11-13T20:34:51.921+07:00  INFO 18108 --- [admin] [http-nio-4005-exec-3] c.s.admin.security.jwt.AuthTokenFilter   : JWT extracted from header: eyJhbGciOiJIUzI1NiJ9.eyJyb2xlcyI6W3siYXV0aG9yaXR5IjoiUk9MRV9VU0VSIn0seyJhdXRob3JpdHkiOiJST0xFX0FETUlOIn1dLCJpZCI6MjgsInVzZXJuYW1lIjoibWFuaHF1YW4xMiIsImlhdCI6MTczMTUwNDY5OCwiZXhwIjoxNzMxNTIyNjk4fQ.JQeLI55zFQi1QsHkI9rzh68tVjWo_I9cOULfjbda5Hc
2024-11-13T20:34:51.943+07:00  INFO 18108 --- [admin] [http-nio-4005-exec-2] c.s.admin.security.jwt.AuthTokenFilter   : JWT validation result: true
2024-11-13T20:34:51.952+07:00  INFO 18108 --- [admin] [http-nio-4005-exec-7] c.s.admin.security.jwt.AuthTokenFilter   : JWT validation result: true
2024-11-13T20:34:51.952+07:00  INFO 18108 --- [admin] [http-nio-4005-exec-2] c.s.admin.security.jwt.AuthTokenFilter   : Username extracted from JWT: manhquan12
2024-11-13T20:34:51.958+07:00  INFO 18108 --- [admin] [http-nio-4005-exec-3] c.s.admin.security.jwt.AuthTokenFilter   : JWT validation result: true
2024-11-13T20:34:51.964+07:00  INFO 18108 --- [admin] [http-nio-4005-exec-7] c.s.admin.security.jwt.AuthTokenFilter   : Username extracted from JWT: manhquan12
2024-11-13T20:34:51.968+07:00  INFO 18108 --- [admin] [http-nio-4005-exec-3] c.s.admin.security.jwt.AuthTokenFilter   : Username extracted from JWT: manhquan12
2024-11-13T20:34:51.979+07:00  INFO 18108 --- [admin] [http-nio-4005-exec-2] c.s.admin.security.jwt.AuthTokenFilter   : JWT in Authorization header: eyJhbGciOiJIUzI1NiJ9.eyJyb2xlcyI6W3siYXV0aG9yaXR5IjoiUk9MRV9VU0VSIn0seyJhdXRob3JpdHkiOiJST0xFX0FETUlOIn1dLCJpZCI6MjgsInVzZXJuYW1lIjoibWFuaHF1YW4xMiIsImlhdCI6MTczMTUwNDY5OCwiZXhwIjoxNzMxNTIyNjk4fQ.JQeLI55zFQi1QsHkI9rzh68tVjWo_I9cOULfjbda5Hc
2024-11-13T20:34:51.989+07:00  INFO 18108 --- [admin] [http-nio-4005-exec-7] c.s.admin.security.jwt.AuthTokenFilter   : JWT in Authorization header: eyJhbGciOiJIUzI1NiJ9.eyJyb2xlcyI6W3siYXV0aG9yaXR5IjoiUk9MRV9VU0VSIn0seyJhdXRob3JpdHkiOiJST0xFX0FETUlOIn1dLCJpZCI6MjgsInVzZXJuYW1lIjoibWFuaHF1YW4xMiIsImlhdCI6MTczMTUwNDY5OCwiZXhwIjoxNzMxNTIyNjk4fQ.JQeLI55zFQi1QsHkI9rzh68tVjWo_I9cOULfjbda5Hc
2024-11-13T20:34:51.997+07:00  INFO 18108 --- [admin] [http-nio-4005-exec-3] c.s.admin.security.jwt.AuthTokenFilter   : JWT in Authorization header: eyJhbGciOiJIUzI1NiJ9.eyJyb2xlcyI6W3siYXV0aG9yaXR5IjoiUk9MRV9VU0VSIn0seyJhdXRob3JpdHkiOiJST0xFX0FETUlOIn1dLCJpZCI6MjgsInVzZXJuYW1lIjoibWFuaHF1YW4xMiIsImlhdCI6MTczMTUwNDY5OCwiZXhwIjoxNzMxNTIyNjk4fQ.JQeLI55zFQi1QsHkI9rzh68tVjWo_I9cOULfjbda5Hc
2024-11-13T20:34:52.045+07:00 DEBUG 18108 --- [admin] [http-nio-4005-exec-1] c.s.admin.security.jwt.AuthTokenFilter   : Authorization Header: Bearer eyJhbGciOiJIUzI1NiJ9.eyJyb2xlcyI6W3siYXV0aG9yaXR5IjoiUk9MRV9VU0VSIn0seyJhdXRob3JpdHkiOiJST0xFX0FETUlOIn1dLCJpZCI6MjgsInVzZXJuYW1lIjoibWFuaHF1YW4xMiIsImlhdCI6MTczMTUwNDY5OCwiZXhwIjoxNzMxNTIyNjk4fQ.JQeLI55zFQi1QsHkI9rzh68tVjWo_I9cOULfjbda5Hc
2024-11-13T20:34:52.085+07:00  INFO 18108 --- [admin] [http-nio-4005-exec-1] c.s.admin.security.jwt.AuthTokenFilter   : JWT extracted from header: eyJhbGciOiJIUzI1NiJ9.eyJyb2xlcyI6W3siYXV0aG9yaXR5IjoiUk9MRV9VU0VSIn0seyJhdXRob3JpdHkiOiJST0xFX0FETUlOIn1dLCJpZCI6MjgsInVzZXJuYW1lIjoibWFuaHF1YW4xMiIsImlhdCI6MTczMTUwNDY5OCwiZXhwIjoxNzMxNTIyNjk4fQ.JQeLI55zFQi1QsHkI9rzh68tVjWo_I9cOULfjbda5Hc
2024-11-13T20:34:52.099+07:00  INFO 18108 --- [admin] [http-nio-4005-exec-1] c.s.admin.security.jwt.AuthTokenFilter   : JWT validation result: true
2024-11-13T20:34:52.108+07:00  INFO 18108 --- [admin] [http-nio-4005-exec-1] c.s.admin.security.jwt.AuthTokenFilter   : Username extracted from JWT: manhquan12
2024-11-13T20:34:52.145+07:00 DEBUG 18108 --- [admin] [http-nio-4005-exec-8] c.s.admin.security.jwt.AuthTokenFilter   : Authorization Header: Bearer eyJhbGciOiJIUzI1NiJ9.eyJyb2xlcyI6W3siYXV0aG9yaXR5IjoiUk9MRV9VU0VSIn0seyJhdXRob3JpdHkiOiJST0xFX0FETUlOIn1dLCJpZCI6MjgsInVzZXJuYW1lIjoibWFuaHF1YW4xMiIsImlhdCI6MTczMTUwNDY5OCwiZXhwIjoxNzMxNTIyNjk4fQ.JQeLI55zFQi1QsHkI9rzh68tVjWo_I9cOULfjbda5Hc
2024-11-13T20:34:52.146+07:00  INFO 18108 --- [admin] [http-nio-4005-exec-8] c.s.admin.security.jwt.AuthTokenFilter   : JWT extracted from header: eyJhbGciOiJIUzI1NiJ9.eyJyb2xlcyI6W3siYXV0aG9yaXR5IjoiUk9MRV9VU0VSIn0seyJhdXRob3JpdHkiOiJST0xFX0FETUlOIn1dLCJpZCI6MjgsInVzZXJuYW1lIjoibWFuaHF1YW4xMiIsImlhdCI6MTczMTUwNDY5OCwiZXhwIjoxNzMxNTIyNjk4fQ.JQeLI55zFQi1QsHkI9rzh68tVjWo_I9cOULfjbda5Hc
2024-11-13T20:34:52.147+07:00  INFO 18108 --- [admin] [http-nio-4005-exec-1] c.s.admin.security.jwt.AuthTokenFilter   : JWT in Authorization header: eyJhbGciOiJIUzI1NiJ9.eyJyb2xlcyI6W3siYXV0aG9yaXR5IjoiUk9MRV9VU0VSIn0seyJhdXRob3JpdHkiOiJST0xFX0FETUlOIn1dLCJpZCI6MjgsInVzZXJuYW1lIjoibWFuaHF1YW4xMiIsImlhdCI6MTczMTUwNDY5OCwiZXhwIjoxNzMxNTIyNjk4fQ.JQeLI55zFQi1QsHkI9rzh68tVjWo_I9cOULfjbda5Hc
2024-11-13T20:34:52.170+07:00 DEBUG 18108 --- [admin] [http-nio-4005-exec-4] c.s.admin.security.jwt.AuthTokenFilter   : Authorization Header: Bearer eyJhbGciOiJIUzI1NiJ9.eyJyb2xlcyI6W3siYXV0aG9yaXR5IjoiUk9MRV9VU0VSIn0seyJhdXRob3JpdHkiOiJST0xFX0FETUlOIn1dLCJpZCI6MjgsInVzZXJuYW1lIjoibWFuaHF1YW4xMiIsImlhdCI6MTczMTUwNDY5OCwiZXhwIjoxNzMxNTIyNjk4fQ.JQeLI55zFQi1QsHkI9rzh68tVjWo_I9cOULfjbda5Hc
2024-11-13T20:34:52.171+07:00  INFO 18108 --- [admin] [http-nio-4005-exec-4] c.s.admin.security.jwt.AuthTokenFilter   : JWT extracted from header: eyJhbGciOiJIUzI1NiJ9.eyJyb2xlcyI6W3siYXV0aG9yaXR5IjoiUk9MRV9VU0VSIn0seyJhdXRob3JpdHkiOiJST0xFX0FETUlOIn1dLCJpZCI6MjgsInVzZXJuYW1lIjoibWFuaHF1YW4xMiIsImlhdCI6MTczMTUwNDY5OCwiZXhwIjoxNzMxNTIyNjk4fQ.JQeLI55zFQi1QsHkI9rzh68tVjWo_I9cOULfjbda5Hc
2024-11-13T20:34:52.194+07:00  INFO 18108 --- [admin] [http-nio-4005-exec-8] c.s.admin.security.jwt.AuthTokenFilter   : JWT validation result: true
2024-11-13T20:34:52.206+07:00  INFO 18108 --- [admin] [http-nio-4005-exec-4] c.s.admin.security.jwt.AuthTokenFilter   : JWT validation result: true
2024-11-13T20:34:52.211+07:00  INFO 18108 --- [admin] [http-nio-4005-exec-4] c.s.admin.security.jwt.AuthTokenFilter   : Username extracted from JWT: manhquan12
2024-11-13T20:34:52.211+07:00  INFO 18108 --- [admin] [http-nio-4005-exec-8] c.s.admin.security.jwt.AuthTokenFilter   : Username extracted from JWT: manhquan12
2024-11-13T20:34:52.300+07:00  INFO 18108 --- [admin] [http-nio-4005-exec-8] c.s.admin.security.jwt.AuthTokenFilter   : JWT in Authorization header: eyJhbGciOiJIUzI1NiJ9.eyJyb2xlcyI6W3siYXV0aG9yaXR5IjoiUk9MRV9VU0VSIn0seyJhdXRob3JpdHkiOiJST0xFX0FETUlOIn1dLCJpZCI6MjgsInVzZXJuYW1lIjoibWFuaHF1YW4xMiIsImlhdCI6MTczMTUwNDY5OCwiZXhwIjoxNzMxNTIyNjk4fQ.JQeLI55zFQi1QsHkI9rzh68tVjWo_I9cOULfjbda5Hc
2024-11-13T20:34:52.423+07:00  INFO 18108 --- [admin] [http-nio-4005-exec-4] c.s.admin.security.jwt.AuthTokenFilter   : JWT in Authorization header: eyJhbGciOiJIUzI1NiJ9.eyJyb2xlcyI6W3siYXV0aG9yaXR5IjoiUk9MRV9VU0VSIn0seyJhdXRob3JpdHkiOiJST0xFX0FETUlOIn1dLCJpZCI6MjgsInVzZXJuYW1lIjoibWFuaHF1YW4xMiIsImlhdCI6MTczMTUwNDY5OCwiZXhwIjoxNzMxNTIyNjk4fQ.JQeLI55zFQi1QsHkI9rzh68tVjWo_I9cOULfjbda5Hc
2024-11-13T20:34:52.678+07:00 DEBUG 18108 --- [admin] [http-nio-4005-exec-5] c.s.admin.security.jwt.AuthTokenFilter   : Authorization Header: Bearer eyJhbGciOiJIUzI1NiJ9.eyJyb2xlcyI6W3siYXV0aG9yaXR5IjoiUk9MRV9VU0VSIn0seyJhdXRob3JpdHkiOiJST0xFX0FETUlOIn1dLCJpZCI6MjgsInVzZXJuYW1lIjoibWFuaHF1YW4xMiIsImlhdCI6MTczMTUwNDY5OCwiZXhwIjoxNzMxNTIyNjk4fQ.JQeLI55zFQi1QsHkI9rzh68tVjWo_I9cOULfjbda5Hc
2024-11-13T20:34:52.681+07:00  INFO 18108 --- [admin] [http-nio-4005-exec-5] c.s.admin.security.jwt.AuthTokenFilter   : JWT extracted from header: eyJhbGciOiJIUzI1NiJ9.eyJyb2xlcyI6W3siYXV0aG9yaXR5IjoiUk9MRV9VU0VSIn0seyJhdXRob3JpdHkiOiJST0xFX0FETUlOIn1dLCJpZCI6MjgsInVzZXJuYW1lIjoibWFuaHF1YW4xMiIsImlhdCI6MTczMTUwNDY5OCwiZXhwIjoxNzMxNTIyNjk4fQ.JQeLI55zFQi1QsHkI9rzh68tVjWo_I9cOULfjbda5Hc
2024-11-13T20:34:52.697+07:00  INFO 18108 --- [admin] [http-nio-4005-exec-5] c.s.admin.security.jwt.AuthTokenFilter   : JWT validation result: true
2024-11-13T20:34:52.710+07:00  INFO 18108 --- [admin] [http-nio-4005-exec-5] c.s.admin.security.jwt.AuthTokenFilter   : Username extracted from JWT: manhquan12
2024-11-13T20:34:52.738+07:00  INFO 18108 --- [admin] [http-nio-4005-exec-5] c.s.admin.security.jwt.AuthTokenFilter   : JWT in Authorization header: eyJhbGciOiJIUzI1NiJ9.eyJyb2xlcyI6W3siYXV0aG9yaXR5IjoiUk9MRV9VU0VSIn0seyJhdXRob3JpdHkiOiJST0xFX0FETUlOIn1dLCJpZCI6MjgsInVzZXJuYW1lIjoibWFuaHF1YW4xMiIsImlhdCI6MTczMTUwNDY5OCwiZXhwIjoxNzMxNTIyNjk4fQ.JQeLI55zFQi1QsHkI9rzh68tVjWo_I9cOULfjbda5Hc
2024-11-13T20:34:52.816+07:00 DEBUG 18108 --- [admin] [http-nio-4005-exec-5] c.s.admin.security.jwt.AuthTokenFilter   : Authorization Header: Bearer eyJhbGciOiJIUzI1NiJ9.eyJyb2xlcyI6W3siYXV0aG9yaXR5IjoiUk9MRV9VU0VSIn0seyJhdXRob3JpdHkiOiJST0xFX0FETUlOIn1dLCJpZCI6MjgsInVzZXJuYW1lIjoibWFuaHF1YW4xMiIsImlhdCI6MTczMTUwNDY5OCwiZXhwIjoxNzMxNTIyNjk4fQ.JQeLI55zFQi1QsHkI9rzh68tVjWo_I9cOULfjbda5Hc
2024-11-13T20:34:52.816+07:00  INFO 18108 --- [admin] [http-nio-4005-exec-5] c.s.admin.security.jwt.AuthTokenFilter   : JWT extracted from header: eyJhbGciOiJIUzI1NiJ9.eyJyb2xlcyI6W3siYXV0aG9yaXR5IjoiUk9MRV9VU0VSIn0seyJhdXRob3JpdHkiOiJST0xFX0FETUlOIn1dLCJpZCI6MjgsInVzZXJuYW1lIjoibWFuaHF1YW4xMiIsImlhdCI6MTczMTUwNDY5OCwiZXhwIjoxNzMxNTIyNjk4fQ.JQeLI55zFQi1QsHkI9rzh68tVjWo_I9cOULfjbda5Hc
2024-11-13T20:34:52.830+07:00  INFO 18108 --- [admin] [http-nio-4005-exec-5] c.s.admin.security.jwt.AuthTokenFilter   : JWT validation result: true
2024-11-13T20:34:52.843+07:00  INFO 18108 --- [admin] [http-nio-4005-exec-5] c.s.admin.security.jwt.AuthTokenFilter   : Username extracted from JWT: manhquan12
2024-11-13T20:34:52.888+07:00  INFO 18108 --- [admin] [http-nio-4005-exec-5] c.s.admin.security.jwt.AuthTokenFilter   : JWT in Authorization header: eyJhbGciOiJIUzI1NiJ9.eyJyb2xlcyI6W3siYXV0aG9yaXR5IjoiUk9MRV9VU0VSIn0seyJhdXRob3JpdHkiOiJST0xFX0FETUlOIn1dLCJpZCI6MjgsInVzZXJuYW1lIjoibWFuaHF1YW4xMiIsImlhdCI6MTczMTUwNDY5OCwiZXhwIjoxNzMxNTIyNjk4fQ.JQeLI55zFQi1QsHkI9rzh68tVjWo_I9cOULfjbda5Hc
2024-11-13T20:34:58.324+07:00 DEBUG 18108 --- [admin] [http-nio-4005-exec-9] c.s.admin.security.jwt.AuthTokenFilter   : Authorization Header: Bearer eyJhbGciOiJIUzI1NiJ9.eyJyb2xlcyI6W3siYXV0aG9yaXR5IjoiUk9MRV9VU0VSIn0seyJhdXRob3JpdHkiOiJST0xFX0FETUlOIn1dLCJpZCI6MjgsInVzZXJuYW1lIjoibWFuaHF1YW4xMiIsImlhdCI6MTczMTUwNDY5OCwiZXhwIjoxNzMxNTIyNjk4fQ.JQeLI55zFQi1QsHkI9rzh68tVjWo_I9cOULfjbda5Hc
2024-11-13T20:34:58.324+07:00  INFO 18108 --- [admin] [http-nio-4005-exec-9] c.s.admin.security.jwt.AuthTokenFilter   : JWT extracted from header: eyJhbGciOiJIUzI1NiJ9.eyJyb2xlcyI6W3siYXV0aG9yaXR5IjoiUk9MRV9VU0VSIn0seyJhdXRob3JpdHkiOiJST0xFX0FETUlOIn1dLCJpZCI6MjgsInVzZXJuYW1lIjoibWFuaHF1YW4xMiIsImlhdCI6MTczMTUwNDY5OCwiZXhwIjoxNzMxNTIyNjk4fQ.JQeLI55zFQi1QsHkI9rzh68tVjWo_I9cOULfjbda5Hc
2024-11-13T20:34:58.334+07:00  INFO 18108 --- [admin] [http-nio-4005-exec-9] c.s.admin.security.jwt.AuthTokenFilter   : JWT validation result: true
2024-11-13T20:34:58.342+07:00  INFO 18108 --- [admin] [http-nio-4005-exec-9] c.s.admin.security.jwt.AuthTokenFilter   : Username extracted from JWT: manhquan12
2024-11-13T20:34:58.356+07:00  INFO 18108 --- [admin] [http-nio-4005-exec-9] c.s.admin.security.jwt.AuthTokenFilter   : JWT in Authorization header: eyJhbGciOiJIUzI1NiJ9.eyJyb2xlcyI6W3siYXV0aG9yaXR5IjoiUk9MRV9VU0VSIn0seyJhdXRob3JpdHkiOiJST0xFX0FETUlOIn1dLCJpZCI6MjgsInVzZXJuYW1lIjoibWFuaHF1YW4xMiIsImlhdCI6MTczMTUwNDY5OCwiZXhwIjoxNzMxNTIyNjk4fQ.JQeLI55zFQi1QsHkI9rzh68tVjWo_I9cOULfjbda5Hc
2024-11-13T20:36:07.573+07:00 DEBUG 18108 --- [admin] [http-nio-4005-exec-8] c.s.admin.security.jwt.AuthTokenFilter   : Authorization Header: Bearer eyJhbGciOiJIUzI1NiJ9.eyJyb2xlcyI6W3siYXV0aG9yaXR5IjoiUk9MRV9VU0VSIn0seyJhdXRob3JpdHkiOiJST0xFX0FETUlOIn1dLCJpZCI6MjgsInVzZXJuYW1lIjoibWFuaHF1YW4xMiIsImlhdCI6MTczMTUwNDY5OCwiZXhwIjoxNzMxNTIyNjk4fQ.JQeLI55zFQi1QsHkI9rzh68tVjWo_I9cOULfjbda5Hc
2024-11-13T20:36:07.573+07:00 DEBUG 18108 --- [admin] [http-nio-4005-exec-4] c.s.admin.security.jwt.AuthTokenFilter   : Authorization Header: Bearer eyJhbGciOiJIUzI1NiJ9.eyJyb2xlcyI6W3siYXV0aG9yaXR5IjoiUk9MRV9VU0VSIn0seyJhdXRob3JpdHkiOiJST0xFX0FETUlOIn1dLCJpZCI6MjgsInVzZXJuYW1lIjoibWFuaHF1YW4xMiIsImlhdCI6MTczMTUwNDY5OCwiZXhwIjoxNzMxNTIyNjk4fQ.JQeLI55zFQi1QsHkI9rzh68tVjWo_I9cOULfjbda5Hc
2024-11-13T20:36:07.574+07:00  INFO 18108 --- [admin] [http-nio-4005-exec-8] c.s.admin.security.jwt.AuthTokenFilter   : JWT extracted from header: eyJhbGciOiJIUzI1NiJ9.eyJyb2xlcyI6W3siYXV0aG9yaXR5IjoiUk9MRV9VU0VSIn0seyJhdXRob3JpdHkiOiJST0xFX0FETUlOIn1dLCJpZCI6MjgsInVzZXJuYW1lIjoibWFuaHF1YW4xMiIsImlhdCI6MTczMTUwNDY5OCwiZXhwIjoxNzMxNTIyNjk4fQ.JQeLI55zFQi1QsHkI9rzh68tVjWo_I9cOULfjbda5Hc
2024-11-13T20:36:07.574+07:00  INFO 18108 --- [admin] [http-nio-4005-exec-4] c.s.admin.security.jwt.AuthTokenFilter   : JWT extracted from header: eyJhbGciOiJIUzI1NiJ9.eyJyb2xlcyI6W3siYXV0aG9yaXR5IjoiUk9MRV9VU0VSIn0seyJhdXRob3JpdHkiOiJST0xFX0FETUlOIn1dLCJpZCI6MjgsInVzZXJuYW1lIjoibWFuaHF1YW4xMiIsImlhdCI6MTczMTUwNDY5OCwiZXhwIjoxNzMxNTIyNjk4fQ.JQeLI55zFQi1QsHkI9rzh68tVjWo_I9cOULfjbda5Hc
2024-11-13T20:36:07.576+07:00 DEBUG 18108 --- [admin] [http-nio-4005-exec-1] c.s.admin.security.jwt.AuthTokenFilter   : Authorization Header: Bearer eyJhbGciOiJIUzI1NiJ9.eyJyb2xlcyI6W3siYXV0aG9yaXR5IjoiUk9MRV9VU0VSIn0seyJhdXRob3JpdHkiOiJST0xFX0FETUlOIn1dLCJpZCI6MjgsInVzZXJuYW1lIjoibWFuaHF1YW4xMiIsImlhdCI6MTczMTUwNDY5OCwiZXhwIjoxNzMxNTIyNjk4fQ.JQeLI55zFQi1QsHkI9rzh68tVjWo_I9cOULfjbda5Hc
2024-11-13T20:36:07.576+07:00  INFO 18108 --- [admin] [http-nio-4005-exec-1] c.s.admin.security.jwt.AuthTokenFilter   : JWT extracted from header: eyJhbGciOiJIUzI1NiJ9.eyJyb2xlcyI6W3siYXV0aG9yaXR5IjoiUk9MRV9VU0VSIn0seyJhdXRob3JpdHkiOiJST0xFX0FETUlOIn1dLCJpZCI6MjgsInVzZXJuYW1lIjoibWFuaHF1YW4xMiIsImlhdCI6MTczMTUwNDY5OCwiZXhwIjoxNzMxNTIyNjk4fQ.JQeLI55zFQi1QsHkI9rzh68tVjWo_I9cOULfjbda5Hc
2024-11-13T20:36:07.588+07:00  INFO 18108 --- [admin] [http-nio-4005-exec-4] c.s.admin.security.jwt.AuthTokenFilter   : JWT validation result: true
2024-11-13T20:36:07.591+07:00  INFO 18108 --- [admin] [http-nio-4005-exec-1] c.s.admin.security.jwt.AuthTokenFilter   : JWT validation result: true
2024-11-13T20:36:07.598+07:00  INFO 18108 --- [admin] [http-nio-4005-exec-4] c.s.admin.security.jwt.AuthTokenFilter   : Username extracted from JWT: manhquan12
2024-11-13T20:36:07.603+07:00  INFO 18108 --- [admin] [http-nio-4005-exec-1] c.s.admin.security.jwt.AuthTokenFilter   : Username extracted from JWT: manhquan12
2024-11-13T20:36:07.607+07:00  INFO 18108 --- [admin] [http-nio-4005-exec-8] c.s.admin.security.jwt.AuthTokenFilter   : JWT validation result: true
2024-11-13T20:36:07.626+07:00  INFO 18108 --- [admin] [http-nio-4005-exec-8] c.s.admin.security.jwt.AuthTokenFilter   : Username extracted from JWT: manhquan12
2024-11-13T20:36:07.630+07:00  INFO 18108 --- [admin] [http-nio-4005-exec-4] c.s.admin.security.jwt.AuthTokenFilter   : JWT in Authorization header: eyJhbGciOiJIUzI1NiJ9.eyJyb2xlcyI6W3siYXV0aG9yaXR5IjoiUk9MRV9VU0VSIn0seyJhdXRob3JpdHkiOiJST0xFX0FETUlOIn1dLCJpZCI6MjgsInVzZXJuYW1lIjoibWFuaHF1YW4xMiIsImlhdCI6MTczMTUwNDY5OCwiZXhwIjoxNzMxNTIyNjk4fQ.JQeLI55zFQi1QsHkI9rzh68tVjWo_I9cOULfjbda5Hc
2024-11-13T20:36:07.631+07:00  INFO 18108 --- [admin] [http-nio-4005-exec-1] c.s.admin.security.jwt.AuthTokenFilter   : JWT in Authorization header: eyJhbGciOiJIUzI1NiJ9.eyJyb2xlcyI6W3siYXV0aG9yaXR5IjoiUk9MRV9VU0VSIn0seyJhdXRob3JpdHkiOiJST0xFX0FETUlOIn1dLCJpZCI6MjgsInVzZXJuYW1lIjoibWFuaHF1YW4xMiIsImlhdCI6MTczMTUwNDY5OCwiZXhwIjoxNzMxNTIyNjk4fQ.JQeLI55zFQi1QsHkI9rzh68tVjWo_I9cOULfjbda5Hc
2024-11-13T20:36:07.678+07:00  INFO 18108 --- [admin] [http-nio-4005-exec-8] c.s.admin.security.jwt.AuthTokenFilter   : JWT in Authorization header: eyJhbGciOiJIUzI1NiJ9.eyJyb2xlcyI6W3siYXV0aG9yaXR5IjoiUk9MRV9VU0VSIn0seyJhdXRob3JpdHkiOiJST0xFX0FETUlOIn1dLCJpZCI6MjgsInVzZXJuYW1lIjoibWFuaHF1YW4xMiIsImlhdCI6MTczMTUwNDY5OCwiZXhwIjoxNzMxNTIyNjk4fQ.JQeLI55zFQi1QsHkI9rzh68tVjWo_I9cOULfjbda5Hc
2024-11-13T20:36:07.800+07:00 DEBUG 18108 --- [admin] [http-nio-4005-exec-6] c.s.admin.security.jwt.AuthTokenFilter   : Authorization Header: Bearer eyJhbGciOiJIUzI1NiJ9.eyJyb2xlcyI6W3siYXV0aG9yaXR5IjoiUk9MRV9VU0VSIn0seyJhdXRob3JpdHkiOiJST0xFX0FETUlOIn1dLCJpZCI6MjgsInVzZXJuYW1lIjoibWFuaHF1YW4xMiIsImlhdCI6MTczMTUwNDY5OCwiZXhwIjoxNzMxNTIyNjk4fQ.JQeLI55zFQi1QsHkI9rzh68tVjWo_I9cOULfjbda5Hc
2024-11-13T20:36:07.800+07:00  INFO 18108 --- [admin] [http-nio-4005-exec-6] c.s.admin.security.jwt.AuthTokenFilter   : JWT extracted from header: eyJhbGciOiJIUzI1NiJ9.eyJyb2xlcyI6W3siYXV0aG9yaXR5IjoiUk9MRV9VU0VSIn0seyJhdXRob3JpdHkiOiJST0xFX0FETUlOIn1dLCJpZCI6MjgsInVzZXJuYW1lIjoibWFuaHF1YW4xMiIsImlhdCI6MTczMTUwNDY5OCwiZXhwIjoxNzMxNTIyNjk4fQ.JQeLI55zFQi1QsHkI9rzh68tVjWo_I9cOULfjbda5Hc
2024-11-13T20:36:07.821+07:00  INFO 18108 --- [admin] [http-nio-4005-exec-6] c.s.admin.security.jwt.AuthTokenFilter   : JWT validation result: true
2024-11-13T20:36:07.832+07:00  INFO 18108 --- [admin] [http-nio-4005-exec-6] c.s.admin.security.jwt.AuthTokenFilter   : Username extracted from JWT: manhquan12
2024-11-13T20:36:07.832+07:00 DEBUG 18108 --- [admin] [http-nio-4005-exec-5] c.s.admin.security.jwt.AuthTokenFilter   : Authorization Header: Bearer eyJhbGciOiJIUzI1NiJ9.eyJyb2xlcyI6W3siYXV0aG9yaXR5IjoiUk9MRV9VU0VSIn0seyJhdXRob3JpdHkiOiJST0xFX0FETUlOIn1dLCJpZCI6MjgsInVzZXJuYW1lIjoibWFuaHF1YW4xMiIsImlhdCI6MTczMTUwNDY5OCwiZXhwIjoxNzMxNTIyNjk4fQ.JQeLI55zFQi1QsHkI9rzh68tVjWo_I9cOULfjbda5Hc
2024-11-13T20:36:07.832+07:00  INFO 18108 --- [admin] [http-nio-4005-exec-5] c.s.admin.security.jwt.AuthTokenFilter   : JWT extracted from header: eyJhbGciOiJIUzI1NiJ9.eyJyb2xlcyI6W3siYXV0aG9yaXR5IjoiUk9MRV9VU0VSIn0seyJhdXRob3JpdHkiOiJST0xFX0FETUlOIn1dLCJpZCI6MjgsInVzZXJuYW1lIjoibWFuaHF1YW4xMiIsImlhdCI6MTczMTUwNDY5OCwiZXhwIjoxNzMxNTIyNjk4fQ.JQeLI55zFQi1QsHkI9rzh68tVjWo_I9cOULfjbda5Hc
2024-11-13T20:36:07.843+07:00  INFO 18108 --- [admin] [http-nio-4005-exec-5] c.s.admin.security.jwt.AuthTokenFilter   : JWT validation result: true
2024-11-13T20:36:07.852+07:00  INFO 18108 --- [admin] [http-nio-4005-exec-5] c.s.admin.security.jwt.AuthTokenFilter   : Username extracted from JWT: manhquan12
2024-11-13T20:36:07.873+07:00  INFO 18108 --- [admin] [http-nio-4005-exec-6] c.s.admin.security.jwt.AuthTokenFilter   : JWT in Authorization header: eyJhbGciOiJIUzI1NiJ9.eyJyb2xlcyI6W3siYXV0aG9yaXR5IjoiUk9MRV9VU0VSIn0seyJhdXRob3JpdHkiOiJST0xFX0FETUlOIn1dLCJpZCI6MjgsInVzZXJuYW1lIjoibWFuaHF1YW4xMiIsImlhdCI6MTczMTUwNDY5OCwiZXhwIjoxNzMxNTIyNjk4fQ.JQeLI55zFQi1QsHkI9rzh68tVjWo_I9cOULfjbda5Hc
2024-11-13T20:36:07.882+07:00  INFO 18108 --- [admin] [http-nio-4005-exec-5] c.s.admin.security.jwt.AuthTokenFilter   : JWT in Authorization header: eyJhbGciOiJIUzI1NiJ9.eyJyb2xlcyI6W3siYXV0aG9yaXR5IjoiUk9MRV9VU0VSIn0seyJhdXRob3JpdHkiOiJST0xFX0FETUlOIn1dLCJpZCI6MjgsInVzZXJuYW1lIjoibWFuaHF1YW4xMiIsImlhdCI6MTczMTUwNDY5OCwiZXhwIjoxNzMxNTIyNjk4fQ.JQeLI55zFQi1QsHkI9rzh68tVjWo_I9cOULfjbda5Hc
2024-11-13T20:36:07.974+07:00 DEBUG 18108 --- [admin] [http-nio-4005-exec-10] c.s.admin.security.jwt.AuthTokenFilter   : Authorization Header: Bearer eyJhbGciOiJIUzI1NiJ9.eyJyb2xlcyI6W3siYXV0aG9yaXR5IjoiUk9MRV9VU0VSIn0seyJhdXRob3JpdHkiOiJST0xFX0FETUlOIn1dLCJpZCI6MjgsInVzZXJuYW1lIjoibWFuaHF1YW4xMiIsImlhdCI6MTczMTUwNDY5OCwiZXhwIjoxNzMxNTIyNjk4fQ.JQeLI55zFQi1QsHkI9rzh68tVjWo_I9cOULfjbda5Hc
2024-11-13T20:36:07.974+07:00  INFO 18108 --- [admin] [http-nio-4005-exec-10] c.s.admin.security.jwt.AuthTokenFilter   : JWT extracted from header: eyJhbGciOiJIUzI1NiJ9.eyJyb2xlcyI6W3siYXV0aG9yaXR5IjoiUk9MRV9VU0VSIn0seyJhdXRob3JpdHkiOiJST0xFX0FETUlOIn1dLCJpZCI6MjgsInVzZXJuYW1lIjoibWFuaHF1YW4xMiIsImlhdCI6MTczMTUwNDY5OCwiZXhwIjoxNzMxNTIyNjk4fQ.JQeLI55zFQi1QsHkI9rzh68tVjWo_I9cOULfjbda5Hc
2024-11-13T20:36:07.989+07:00  INFO 18108 --- [admin] [http-nio-4005-exec-10] c.s.admin.security.jwt.AuthTokenFilter   : JWT validation result: true
2024-11-13T20:36:08.005+07:00  INFO 18108 --- [admin] [http-nio-4005-exec-10] c.s.admin.security.jwt.AuthTokenFilter   : Username extracted from JWT: manhquan12
2024-11-13T20:36:08.076+07:00  INFO 18108 --- [admin] [http-nio-4005-exec-10] c.s.admin.security.jwt.AuthTokenFilter   : JWT in Authorization header: eyJhbGciOiJIUzI1NiJ9.eyJyb2xlcyI6W3siYXV0aG9yaXR5IjoiUk9MRV9VU0VSIn0seyJhdXRob3JpdHkiOiJST0xFX0FETUlOIn1dLCJpZCI6MjgsInVzZXJuYW1lIjoibWFuaHF1YW4xMiIsImlhdCI6MTczMTUwNDY5OCwiZXhwIjoxNzMxNTIyNjk4fQ.JQeLI55zFQi1QsHkI9rzh68tVjWo_I9cOULfjbda5Hc
2024-11-13T20:36:08.106+07:00 DEBUG 18108 --- [admin] [http-nio-4005-exec-7] c.s.admin.security.jwt.AuthTokenFilter   : Authorization Header: Bearer eyJhbGciOiJIUzI1NiJ9.eyJyb2xlcyI6W3siYXV0aG9yaXR5IjoiUk9MRV9VU0VSIn0seyJhdXRob3JpdHkiOiJST0xFX0FETUlOIn1dLCJpZCI6MjgsInVzZXJuYW1lIjoibWFuaHF1YW4xMiIsImlhdCI6MTczMTUwNDY5OCwiZXhwIjoxNzMxNTIyNjk4fQ.JQeLI55zFQi1QsHkI9rzh68tVjWo_I9cOULfjbda5Hc
2024-11-13T20:36:08.107+07:00  INFO 18108 --- [admin] [http-nio-4005-exec-7] c.s.admin.security.jwt.AuthTokenFilter   : JWT extracted from header: eyJhbGciOiJIUzI1NiJ9.eyJyb2xlcyI6W3siYXV0aG9yaXR5IjoiUk9MRV9VU0VSIn0seyJhdXRob3JpdHkiOiJST0xFX0FETUlOIn1dLCJpZCI6MjgsInVzZXJuYW1lIjoibWFuaHF1YW4xMiIsImlhdCI6MTczMTUwNDY5OCwiZXhwIjoxNzMxNTIyNjk4fQ.JQeLI55zFQi1QsHkI9rzh68tVjWo_I9cOULfjbda5Hc
2024-11-13T20:36:08.117+07:00  INFO 18108 --- [admin] [http-nio-4005-exec-7] c.s.admin.security.jwt.AuthTokenFilter   : JWT validation result: true
2024-11-13T20:36:08.134+07:00  INFO 18108 --- [admin] [http-nio-4005-exec-7] c.s.admin.security.jwt.AuthTokenFilter   : Username extracted from JWT: manhquan12
2024-11-13T20:36:08.139+07:00 DEBUG 18108 --- [admin] [http-nio-4005-exec-10] c.s.admin.security.jwt.AuthTokenFilter   : Authorization Header: Bearer eyJhbGciOiJIUzI1NiJ9.eyJyb2xlcyI6W3siYXV0aG9yaXR5IjoiUk9MRV9VU0VSIn0seyJhdXRob3JpdHkiOiJST0xFX0FETUlOIn1dLCJpZCI6MjgsInVzZXJuYW1lIjoibWFuaHF1YW4xMiIsImlhdCI6MTczMTUwNDY5OCwiZXhwIjoxNzMxNTIyNjk4fQ.JQeLI55zFQi1QsHkI9rzh68tVjWo_I9cOULfjbda5Hc
2024-11-13T20:36:08.141+07:00  INFO 18108 --- [admin] [http-nio-4005-exec-10] c.s.admin.security.jwt.AuthTokenFilter   : JWT extracted from header: eyJhbGciOiJIUzI1NiJ9.eyJyb2xlcyI6W3siYXV0aG9yaXR5IjoiUk9MRV9VU0VSIn0seyJhdXRob3JpdHkiOiJST0xFX0FETUlOIn1dLCJpZCI6MjgsInVzZXJuYW1lIjoibWFuaHF1YW4xMiIsImlhdCI6MTczMTUwNDY5OCwiZXhwIjoxNzMxNTIyNjk4fQ.JQeLI55zFQi1QsHkI9rzh68tVjWo_I9cOULfjbda5Hc
2024-11-13T20:36:08.150+07:00  INFO 18108 --- [admin] [http-nio-4005-exec-10] c.s.admin.security.jwt.AuthTokenFilter   : JWT validation result: true
2024-11-13T20:36:08.158+07:00  INFO 18108 --- [admin] [http-nio-4005-exec-10] c.s.admin.security.jwt.AuthTokenFilter   : Username extracted from JWT: manhquan12
2024-11-13T20:36:08.166+07:00  INFO 18108 --- [admin] [http-nio-4005-exec-7] c.s.admin.security.jwt.AuthTokenFilter   : JWT in Authorization header: eyJhbGciOiJIUzI1NiJ9.eyJyb2xlcyI6W3siYXV0aG9yaXR5IjoiUk9MRV9VU0VSIn0seyJhdXRob3JpdHkiOiJST0xFX0FETUlOIn1dLCJpZCI6MjgsInVzZXJuYW1lIjoibWFuaHF1YW4xMiIsImlhdCI6MTczMTUwNDY5OCwiZXhwIjoxNzMxNTIyNjk4fQ.JQeLI55zFQi1QsHkI9rzh68tVjWo_I9cOULfjbda5Hc
2024-11-13T20:36:08.188+07:00  INFO 18108 --- [admin] [http-nio-4005-exec-10] c.s.admin.security.jwt.AuthTokenFilter   : JWT in Authorization header: eyJhbGciOiJIUzI1NiJ9.eyJyb2xlcyI6W3siYXV0aG9yaXR5IjoiUk9MRV9VU0VSIn0seyJhdXRob3JpdHkiOiJST0xFX0FETUlOIn1dLCJpZCI6MjgsInVzZXJuYW1lIjoibWFuaHF1YW4xMiIsImlhdCI6MTczMTUwNDY5OCwiZXhwIjoxNzMxNTIyNjk4fQ.JQeLI55zFQi1QsHkI9rzh68tVjWo_I9cOULfjbda5Hc
2024-11-13T20:36:10.649+07:00 DEBUG 18108 --- [admin] [http-nio-4005-exec-5] c.s.admin.security.jwt.AuthTokenFilter   : Authorization Header: Bearer eyJhbGciOiJIUzI1NiJ9.eyJyb2xlcyI6W3siYXV0aG9yaXR5IjoiUk9MRV9VU0VSIn0seyJhdXRob3JpdHkiOiJST0xFX0FETUlOIn1dLCJpZCI6MjgsInVzZXJuYW1lIjoibWFuaHF1YW4xMiIsImlhdCI6MTczMTUwNDY5OCwiZXhwIjoxNzMxNTIyNjk4fQ.JQeLI55zFQi1QsHkI9rzh68tVjWo_I9cOULfjbda5Hc
2024-11-13T20:36:10.649+07:00  INFO 18108 --- [admin] [http-nio-4005-exec-5] c.s.admin.security.jwt.AuthTokenFilter   : JWT extracted from header: eyJhbGciOiJIUzI1NiJ9.eyJyb2xlcyI6W3siYXV0aG9yaXR5IjoiUk9MRV9VU0VSIn0seyJhdXRob3JpdHkiOiJST0xFX0FETUlOIn1dLCJpZCI6MjgsInVzZXJuYW1lIjoibWFuaHF1YW4xMiIsImlhdCI6MTczMTUwNDY5OCwiZXhwIjoxNzMxNTIyNjk4fQ.JQeLI55zFQi1QsHkI9rzh68tVjWo_I9cOULfjbda5Hc
2024-11-13T20:36:10.654+07:00 DEBUG 18108 --- [admin] [http-nio-4005-exec-2] c.s.admin.security.jwt.AuthTokenFilter   : Authorization Header: Bearer eyJhbGciOiJIUzI1NiJ9.eyJyb2xlcyI6W3siYXV0aG9yaXR5IjoiUk9MRV9VU0VSIn0seyJhdXRob3JpdHkiOiJST0xFX0FETUlOIn1dLCJpZCI6MjgsInVzZXJuYW1lIjoibWFuaHF1YW4xMiIsImlhdCI6MTczMTUwNDY5OCwiZXhwIjoxNzMxNTIyNjk4fQ.JQeLI55zFQi1QsHkI9rzh68tVjWo_I9cOULfjbda5Hc
2024-11-13T20:36:10.654+07:00  INFO 18108 --- [admin] [http-nio-4005-exec-2] c.s.admin.security.jwt.AuthTokenFilter   : JWT extracted from header: eyJhbGciOiJIUzI1NiJ9.eyJyb2xlcyI6W3siYXV0aG9yaXR5IjoiUk9MRV9VU0VSIn0seyJhdXRob3JpdHkiOiJST0xFX0FETUlOIn1dLCJpZCI6MjgsInVzZXJuYW1lIjoibWFuaHF1YW4xMiIsImlhdCI6MTczMTUwNDY5OCwiZXhwIjoxNzMxNTIyNjk4fQ.JQeLI55zFQi1QsHkI9rzh68tVjWo_I9cOULfjbda5Hc
2024-11-13T20:36:10.656+07:00 DEBUG 18108 --- [admin] [http-nio-4005-exec-7] c.s.admin.security.jwt.AuthTokenFilter   : Authorization Header: Bearer eyJhbGciOiJIUzI1NiJ9.eyJyb2xlcyI6W3siYXV0aG9yaXR5IjoiUk9MRV9VU0VSIn0seyJhdXRob3JpdHkiOiJST0xFX0FETUlOIn1dLCJpZCI6MjgsInVzZXJuYW1lIjoibWFuaHF1YW4xMiIsImlhdCI6MTczMTUwNDY5OCwiZXhwIjoxNzMxNTIyNjk4fQ.JQeLI55zFQi1QsHkI9rzh68tVjWo_I9cOULfjbda5Hc
2024-11-13T20:36:10.657+07:00  INFO 18108 --- [admin] [http-nio-4005-exec-7] c.s.admin.security.jwt.AuthTokenFilter   : JWT extracted from header: eyJhbGciOiJIUzI1NiJ9.eyJyb2xlcyI6W3siYXV0aG9yaXR5IjoiUk9MRV9VU0VSIn0seyJhdXRob3JpdHkiOiJST0xFX0FETUlOIn1dLCJpZCI6MjgsInVzZXJuYW1lIjoibWFuaHF1YW4xMiIsImlhdCI6MTczMTUwNDY5OCwiZXhwIjoxNzMxNTIyNjk4fQ.JQeLI55zFQi1QsHkI9rzh68tVjWo_I9cOULfjbda5Hc
2024-11-13T20:36:10.659+07:00  INFO 18108 --- [admin] [http-nio-4005-exec-5] c.s.admin.security.jwt.AuthTokenFilter   : JWT validation result: true
2024-11-13T20:36:10.663+07:00  INFO 18108 --- [admin] [http-nio-4005-exec-2] c.s.admin.security.jwt.AuthTokenFilter   : JWT validation result: true
2024-11-13T20:36:10.667+07:00  INFO 18108 --- [admin] [http-nio-4005-exec-7] c.s.admin.security.jwt.AuthTokenFilter   : JWT validation result: true
2024-11-13T20:36:10.668+07:00  INFO 18108 --- [admin] [http-nio-4005-exec-5] c.s.admin.security.jwt.AuthTokenFilter   : Username extracted from JWT: manhquan12
2024-11-13T20:36:10.671+07:00  INFO 18108 --- [admin] [http-nio-4005-exec-2] c.s.admin.security.jwt.AuthTokenFilter   : Username extracted from JWT: manhquan12
2024-11-13T20:36:10.679+07:00  INFO 18108 --- [admin] [http-nio-4005-exec-7] c.s.admin.security.jwt.AuthTokenFilter   : Username extracted from JWT: manhquan12
2024-11-13T20:36:10.689+07:00  INFO 18108 --- [admin] [http-nio-4005-exec-5] c.s.admin.security.jwt.AuthTokenFilter   : JWT in Authorization header: eyJhbGciOiJIUzI1NiJ9.eyJyb2xlcyI6W3siYXV0aG9yaXR5IjoiUk9MRV9VU0VSIn0seyJhdXRob3JpdHkiOiJST0xFX0FETUlOIn1dLCJpZCI6MjgsInVzZXJuYW1lIjoibWFuaHF1YW4xMiIsImlhdCI6MTczMTUwNDY5OCwiZXhwIjoxNzMxNTIyNjk4fQ.JQeLI55zFQi1QsHkI9rzh68tVjWo_I9cOULfjbda5Hc
2024-11-13T20:36:10.691+07:00  INFO 18108 --- [admin] [http-nio-4005-exec-2] c.s.admin.security.jwt.AuthTokenFilter   : JWT in Authorization header: eyJhbGciOiJIUzI1NiJ9.eyJyb2xlcyI6W3siYXV0aG9yaXR5IjoiUk9MRV9VU0VSIn0seyJhdXRob3JpdHkiOiJST0xFX0FETUlOIn1dLCJpZCI6MjgsInVzZXJuYW1lIjoibWFuaHF1YW4xMiIsImlhdCI6MTczMTUwNDY5OCwiZXhwIjoxNzMxNTIyNjk4fQ.JQeLI55zFQi1QsHkI9rzh68tVjWo_I9cOULfjbda5Hc
2024-11-13T20:36:10.700+07:00  INFO 18108 --- [admin] [http-nio-4005-exec-7] c.s.admin.security.jwt.AuthTokenFilter   : JWT in Authorization header: eyJhbGciOiJIUzI1NiJ9.eyJyb2xlcyI6W3siYXV0aG9yaXR5IjoiUk9MRV9VU0VSIn0seyJhdXRob3JpdHkiOiJST0xFX0FETUlOIn1dLCJpZCI6MjgsInVzZXJuYW1lIjoibWFuaHF1YW4xMiIsImlhdCI6MTczMTUwNDY5OCwiZXhwIjoxNzMxNTIyNjk4fQ.JQeLI55zFQi1QsHkI9rzh68tVjWo_I9cOULfjbda5Hc
2024-11-13T20:36:10.803+07:00 DEBUG 18108 --- [admin] [http-nio-4005-exec-7] c.s.admin.security.jwt.AuthTokenFilter   : Authorization Header: Bearer eyJhbGciOiJIUzI1NiJ9.eyJyb2xlcyI6W3siYXV0aG9yaXR5IjoiUk9MRV9VU0VSIn0seyJhdXRob3JpdHkiOiJST0xFX0FETUlOIn1dLCJpZCI6MjgsInVzZXJuYW1lIjoibWFuaHF1YW4xMiIsImlhdCI6MTczMTUwNDY5OCwiZXhwIjoxNzMxNTIyNjk4fQ.JQeLI55zFQi1QsHkI9rzh68tVjWo_I9cOULfjbda5Hc
2024-11-13T20:36:10.803+07:00  INFO 18108 --- [admin] [http-nio-4005-exec-7] c.s.admin.security.jwt.AuthTokenFilter   : JWT extracted from header: eyJhbGciOiJIUzI1NiJ9.eyJyb2xlcyI6W3siYXV0aG9yaXR5IjoiUk9MRV9VU0VSIn0seyJhdXRob3JpdHkiOiJST0xFX0FETUlOIn1dLCJpZCI6MjgsInVzZXJuYW1lIjoibWFuaHF1YW4xMiIsImlhdCI6MTczMTUwNDY5OCwiZXhwIjoxNzMxNTIyNjk4fQ.JQeLI55zFQi1QsHkI9rzh68tVjWo_I9cOULfjbda5Hc
2024-11-13T20:36:10.812+07:00 DEBUG 18108 --- [admin] [http-nio-4005-exec-9] c.s.admin.security.jwt.AuthTokenFilter   : Authorization Header: Bearer eyJhbGciOiJIUzI1NiJ9.eyJyb2xlcyI6W3siYXV0aG9yaXR5IjoiUk9MRV9VU0VSIn0seyJhdXRob3JpdHkiOiJST0xFX0FETUlOIn1dLCJpZCI6MjgsInVzZXJuYW1lIjoibWFuaHF1YW4xMiIsImlhdCI6MTczMTUwNDY5OCwiZXhwIjoxNzMxNTIyNjk4fQ.JQeLI55zFQi1QsHkI9rzh68tVjWo_I9cOULfjbda5Hc
2024-11-13T20:36:10.812+07:00  INFO 18108 --- [admin] [http-nio-4005-exec-7] c.s.admin.security.jwt.AuthTokenFilter   : JWT validation result: true
2024-11-13T20:36:10.812+07:00  INFO 18108 --- [admin] [http-nio-4005-exec-9] c.s.admin.security.jwt.AuthTokenFilter   : JWT extracted from header: eyJhbGciOiJIUzI1NiJ9.eyJyb2xlcyI6W3siYXV0aG9yaXR5IjoiUk9MRV9VU0VSIn0seyJhdXRob3JpdHkiOiJST0xFX0FETUlOIn1dLCJpZCI6MjgsInVzZXJuYW1lIjoibWFuaHF1YW4xMiIsImlhdCI6MTczMTUwNDY5OCwiZXhwIjoxNzMxNTIyNjk4fQ.JQeLI55zFQi1QsHkI9rzh68tVjWo_I9cOULfjbda5Hc
2024-11-13T20:36:10.818+07:00  INFO 18108 --- [admin] [http-nio-4005-exec-7] c.s.admin.security.jwt.AuthTokenFilter   : Username extracted from JWT: manhquan12
2024-11-13T20:36:10.818+07:00  INFO 18108 --- [admin] [http-nio-4005-exec-9] c.s.admin.security.jwt.AuthTokenFilter   : JWT validation result: true
2024-11-13T20:36:10.834+07:00  INFO 18108 --- [admin] [http-nio-4005-exec-9] c.s.admin.security.jwt.AuthTokenFilter   : Username extracted from JWT: manhquan12
2024-11-13T20:36:10.852+07:00  INFO 18108 --- [admin] [http-nio-4005-exec-7] c.s.admin.security.jwt.AuthTokenFilter   : JWT in Authorization header: eyJhbGciOiJIUzI1NiJ9.eyJyb2xlcyI6W3siYXV0aG9yaXR5IjoiUk9MRV9VU0VSIn0seyJhdXRob3JpdHkiOiJST0xFX0FETUlOIn1dLCJpZCI6MjgsInVzZXJuYW1lIjoibWFuaHF1YW4xMiIsImlhdCI6MTczMTUwNDY5OCwiZXhwIjoxNzMxNTIyNjk4fQ.JQeLI55zFQi1QsHkI9rzh68tVjWo_I9cOULfjbda5Hc
2024-11-13T20:36:10.852+07:00  INFO 18108 --- [admin] [http-nio-4005-exec-9] c.s.admin.security.jwt.AuthTokenFilter   : JWT in Authorization header: eyJhbGciOiJIUzI1NiJ9.eyJyb2xlcyI6W3siYXV0aG9yaXR5IjoiUk9MRV9VU0VSIn0seyJhdXRob3JpdHkiOiJST0xFX0FETUlOIn1dLCJpZCI6MjgsInVzZXJuYW1lIjoibWFuaHF1YW4xMiIsImlhdCI6MTczMTUwNDY5OCwiZXhwIjoxNzMxNTIyNjk4fQ.JQeLI55zFQi1QsHkI9rzh68tVjWo_I9cOULfjbda5Hc
2024-11-13T20:36:11.020+07:00 DEBUG 18108 --- [admin] [http-nio-4005-exec-4] c.s.admin.security.jwt.AuthTokenFilter   : Authorization Header: Bearer eyJhbGciOiJIUzI1NiJ9.eyJyb2xlcyI6W3siYXV0aG9yaXR5IjoiUk9MRV9VU0VSIn0seyJhdXRob3JpdHkiOiJST0xFX0FETUlOIn1dLCJpZCI6MjgsInVzZXJuYW1lIjoibWFuaHF1YW4xMiIsImlhdCI6MTczMTUwNDY5OCwiZXhwIjoxNzMxNTIyNjk4fQ.JQeLI55zFQi1QsHkI9rzh68tVjWo_I9cOULfjbda5Hc
2024-11-13T20:36:11.021+07:00  INFO 18108 --- [admin] [http-nio-4005-exec-4] c.s.admin.security.jwt.AuthTokenFilter   : JWT extracted from header: eyJhbGciOiJIUzI1NiJ9.eyJyb2xlcyI6W3siYXV0aG9yaXR5IjoiUk9MRV9VU0VSIn0seyJhdXRob3JpdHkiOiJST0xFX0FETUlOIn1dLCJpZCI6MjgsInVzZXJuYW1lIjoibWFuaHF1YW4xMiIsImlhdCI6MTczMTUwNDY5OCwiZXhwIjoxNzMxNTIyNjk4fQ.JQeLI55zFQi1QsHkI9rzh68tVjWo_I9cOULfjbda5Hc
2024-11-13T20:36:11.031+07:00  INFO 18108 --- [admin] [http-nio-4005-exec-4] c.s.admin.security.jwt.AuthTokenFilter   : JWT validation result: true
2024-11-13T20:36:11.042+07:00  INFO 18108 --- [admin] [http-nio-4005-exec-4] c.s.admin.security.jwt.AuthTokenFilter   : Username extracted from JWT: manhquan12
2024-11-13T20:36:11.057+07:00  INFO 18108 --- [admin] [http-nio-4005-exec-4] c.s.admin.security.jwt.AuthTokenFilter   : JWT in Authorization header: eyJhbGciOiJIUzI1NiJ9.eyJyb2xlcyI6W3siYXV0aG9yaXR5IjoiUk9MRV9VU0VSIn0seyJhdXRob3JpdHkiOiJST0xFX0FETUlOIn1dLCJpZCI6MjgsInVzZXJuYW1lIjoibWFuaHF1YW4xMiIsImlhdCI6MTczMTUwNDY5OCwiZXhwIjoxNzMxNTIyNjk4fQ.JQeLI55zFQi1QsHkI9rzh68tVjWo_I9cOULfjbda5Hc
2024-11-13T20:36:12.786+07:00 DEBUG 18108 --- [admin] [http-nio-4005-exec-3] c.s.admin.security.jwt.AuthTokenFilter   : Authorization Header: Bearer eyJhbGciOiJIUzI1NiJ9.eyJyb2xlcyI6W3siYXV0aG9yaXR5IjoiUk9MRV9VU0VSIn0seyJhdXRob3JpdHkiOiJST0xFX0FETUlOIn1dLCJpZCI6MjgsInVzZXJuYW1lIjoibWFuaHF1YW4xMiIsImlhdCI6MTczMTUwNDY5OCwiZXhwIjoxNzMxNTIyNjk4fQ.JQeLI55zFQi1QsHkI9rzh68tVjWo_I9cOULfjbda5Hc
2024-11-13T20:36:12.786+07:00  INFO 18108 --- [admin] [http-nio-4005-exec-3] c.s.admin.security.jwt.AuthTokenFilter   : JWT extracted from header: eyJhbGciOiJIUzI1NiJ9.eyJyb2xlcyI6W3siYXV0aG9yaXR5IjoiUk9MRV9VU0VSIn0seyJhdXRob3JpdHkiOiJST0xFX0FETUlOIn1dLCJpZCI6MjgsInVzZXJuYW1lIjoibWFuaHF1YW4xMiIsImlhdCI6MTczMTUwNDY5OCwiZXhwIjoxNzMxNTIyNjk4fQ.JQeLI55zFQi1QsHkI9rzh68tVjWo_I9cOULfjbda5Hc
2024-11-13T20:36:12.793+07:00  INFO 18108 --- [admin] [http-nio-4005-exec-3] c.s.admin.security.jwt.AuthTokenFilter   : JWT validation result: true
2024-11-13T20:36:12.798+07:00  INFO 18108 --- [admin] [http-nio-4005-exec-3] c.s.admin.security.jwt.AuthTokenFilter   : Username extracted from JWT: manhquan12
2024-11-13T20:36:12.809+07:00  INFO 18108 --- [admin] [http-nio-4005-exec-3] c.s.admin.security.jwt.AuthTokenFilter   : JWT in Authorization header: eyJhbGciOiJIUzI1NiJ9.eyJyb2xlcyI6W3siYXV0aG9yaXR5IjoiUk9MRV9VU0VSIn0seyJhdXRob3JpdHkiOiJST0xFX0FETUlOIn1dLCJpZCI6MjgsInVzZXJuYW1lIjoibWFuaHF1YW4xMiIsImlhdCI6MTczMTUwNDY5OCwiZXhwIjoxNzMxNTIyNjk4fQ.JQeLI55zFQi1QsHkI9rzh68tVjWo_I9cOULfjbda5Hc
2024-11-13T20:36:12.822+07:00 DEBUG 18108 --- [admin] [http-nio-4005-exec-1] c.s.admin.security.jwt.AuthTokenFilter   : Authorization Header: Bearer eyJhbGciOiJIUzI1NiJ9.eyJyb2xlcyI6W3siYXV0aG9yaXR5IjoiUk9MRV9VU0VSIn0seyJhdXRob3JpdHkiOiJST0xFX0FETUlOIn1dLCJpZCI6MjgsInVzZXJuYW1lIjoibWFuaHF1YW4xMiIsImlhdCI6MTczMTUwNDY5OCwiZXhwIjoxNzMxNTIyNjk4fQ.JQeLI55zFQi1QsHkI9rzh68tVjWo_I9cOULfjbda5Hc
2024-11-13T20:36:12.823+07:00  INFO 18108 --- [admin] [http-nio-4005-exec-1] c.s.admin.security.jwt.AuthTokenFilter   : JWT extracted from header: eyJhbGciOiJIUzI1NiJ9.eyJyb2xlcyI6W3siYXV0aG9yaXR5IjoiUk9MRV9VU0VSIn0seyJhdXRob3JpdHkiOiJST0xFX0FETUlOIn1dLCJpZCI6MjgsInVzZXJuYW1lIjoibWFuaHF1YW4xMiIsImlhdCI6MTczMTUwNDY5OCwiZXhwIjoxNzMxNTIyNjk4fQ.JQeLI55zFQi1QsHkI9rzh68tVjWo_I9cOULfjbda5Hc
2024-11-13T20:36:12.828+07:00  INFO 18108 --- [admin] [http-nio-4005-exec-1] c.s.admin.security.jwt.AuthTokenFilter   : JWT validation result: true
2024-11-13T20:36:12.834+07:00  INFO 18108 --- [admin] [http-nio-4005-exec-1] c.s.admin.security.jwt.AuthTokenFilter   : Username extracted from JWT: manhquan12
2024-11-13T20:36:12.848+07:00  INFO 18108 --- [admin] [http-nio-4005-exec-1] c.s.admin.security.jwt.AuthTokenFilter   : JWT in Authorization header: eyJhbGciOiJIUzI1NiJ9.eyJyb2xlcyI6W3siYXV0aG9yaXR5IjoiUk9MRV9VU0VSIn0seyJhdXRob3JpdHkiOiJST0xFX0FETUlOIn1dLCJpZCI6MjgsInVzZXJuYW1lIjoibWFuaHF1YW4xMiIsImlhdCI6MTczMTUwNDY5OCwiZXhwIjoxNzMxNTIyNjk4fQ.JQeLI55zFQi1QsHkI9rzh68tVjWo_I9cOULfjbda5Hc
2024-11-13T20:36:48.797+07:00 DEBUG 18108 --- [admin] [http-nio-4005-exec-7] c.s.admin.security.jwt.AuthTokenFilter   : Authorization Header: Bearer eyJhbGciOiJIUzI1NiJ9.eyJyb2xlcyI6W3siYXV0aG9yaXR5IjoiUk9MRV9VU0VSIn0seyJhdXRob3JpdHkiOiJST0xFX0FETUlOIn1dLCJpZCI6MjgsInVzZXJuYW1lIjoibWFuaHF1YW4xMiIsImlhdCI6MTczMTUwNDY5OCwiZXhwIjoxNzMxNTIyNjk4fQ.JQeLI55zFQi1QsHkI9rzh68tVjWo_I9cOULfjbda5Hc
2024-11-13T20:36:48.797+07:00  INFO 18108 --- [admin] [http-nio-4005-exec-7] c.s.admin.security.jwt.AuthTokenFilter   : JWT extracted from header: eyJhbGciOiJIUzI1NiJ9.eyJyb2xlcyI6W3siYXV0aG9yaXR5IjoiUk9MRV9VU0VSIn0seyJhdXRob3JpdHkiOiJST0xFX0FETUlOIn1dLCJpZCI6MjgsInVzZXJuYW1lIjoibWFuaHF1YW4xMiIsImlhdCI6MTczMTUwNDY5OCwiZXhwIjoxNzMxNTIyNjk4fQ.JQeLI55zFQi1QsHkI9rzh68tVjWo_I9cOULfjbda5Hc
2024-11-13T20:36:48.808+07:00  INFO 18108 --- [admin] [http-nio-4005-exec-7] c.s.admin.security.jwt.AuthTokenFilter   : JWT validation result: true
2024-11-13T20:36:48.822+07:00  INFO 18108 --- [admin] [http-nio-4005-exec-7] c.s.admin.security.jwt.AuthTokenFilter   : Username extracted from JWT: manhquan12
2024-11-13T20:36:48.838+07:00  INFO 18108 --- [admin] [http-nio-4005-exec-7] c.s.admin.security.jwt.AuthTokenFilter   : JWT in Authorization header: eyJhbGciOiJIUzI1NiJ9.eyJyb2xlcyI6W3siYXV0aG9yaXR5IjoiUk9MRV9VU0VSIn0seyJhdXRob3JpdHkiOiJST0xFX0FETUlOIn1dLCJpZCI6MjgsInVzZXJuYW1lIjoibWFuaHF1YW4xMiIsImlhdCI6MTczMTUwNDY5OCwiZXhwIjoxNzMxNTIyNjk4fQ.JQeLI55zFQi1QsHkI9rzh68tVjWo_I9cOULfjbda5Hc
2024-11-13T20:36:51.353+07:00 DEBUG 18108 --- [admin] [http-nio-4005-exec-5] c.s.admin.security.jwt.AuthTokenFilter   : Authorization Header: Bearer eyJhbGciOiJIUzI1NiJ9.eyJyb2xlcyI6W3siYXV0aG9yaXR5IjoiUk9MRV9VU0VSIn0seyJhdXRob3JpdHkiOiJST0xFX0FETUlOIn1dLCJpZCI6MjgsInVzZXJuYW1lIjoibWFuaHF1YW4xMiIsImlhdCI6MTczMTUwNDY5OCwiZXhwIjoxNzMxNTIyNjk4fQ.JQeLI55zFQi1QsHkI9rzh68tVjWo_I9cOULfjbda5Hc
2024-11-13T20:36:51.354+07:00  INFO 18108 --- [admin] [http-nio-4005-exec-5] c.s.admin.security.jwt.AuthTokenFilter   : JWT extracted from header: eyJhbGciOiJIUzI1NiJ9.eyJyb2xlcyI6W3siYXV0aG9yaXR5IjoiUk9MRV9VU0VSIn0seyJhdXRob3JpdHkiOiJST0xFX0FETUlOIn1dLCJpZCI6MjgsInVzZXJuYW1lIjoibWFuaHF1YW4xMiIsImlhdCI6MTczMTUwNDY5OCwiZXhwIjoxNzMxNTIyNjk4fQ.JQeLI55zFQi1QsHkI9rzh68tVjWo_I9cOULfjbda5Hc
2024-11-13T20:36:51.360+07:00  INFO 18108 --- [admin] [http-nio-4005-exec-5] c.s.admin.security.jwt.AuthTokenFilter   : JWT validation result: true
2024-11-13T20:36:51.365+07:00  INFO 18108 --- [admin] [http-nio-4005-exec-5] c.s.admin.security.jwt.AuthTokenFilter   : Username extracted from JWT: manhquan12
2024-11-13T20:36:51.382+07:00  INFO 18108 --- [admin] [http-nio-4005-exec-5] c.s.admin.security.jwt.AuthTokenFilter   : JWT in Authorization header: eyJhbGciOiJIUzI1NiJ9.eyJyb2xlcyI6W3siYXV0aG9yaXR5IjoiUk9MRV9VU0VSIn0seyJhdXRob3JpdHkiOiJST0xFX0FETUlOIn1dLCJpZCI6MjgsInVzZXJuYW1lIjoibWFuaHF1YW4xMiIsImlhdCI6MTczMTUwNDY5OCwiZXhwIjoxNzMxNTIyNjk4fQ.JQeLI55zFQi1QsHkI9rzh68tVjWo_I9cOULfjbda5Hc
2024-11-13T20:36:51.434+07:00 DEBUG 18108 --- [admin] [http-nio-4005-exec-4] c.s.admin.security.jwt.AuthTokenFilter   : Authorization Header: Bearer eyJhbGciOiJIUzI1NiJ9.eyJyb2xlcyI6W3siYXV0aG9yaXR5IjoiUk9MRV9VU0VSIn0seyJhdXRob3JpdHkiOiJST0xFX0FETUlOIn1dLCJpZCI6MjgsInVzZXJuYW1lIjoibWFuaHF1YW4xMiIsImlhdCI6MTczMTUwNDY5OCwiZXhwIjoxNzMxNTIyNjk4fQ.JQeLI55zFQi1QsHkI9rzh68tVjWo_I9cOULfjbda5Hc
2024-11-13T20:36:51.434+07:00  INFO 18108 --- [admin] [http-nio-4005-exec-4] c.s.admin.security.jwt.AuthTokenFilter   : JWT extracted from header: eyJhbGciOiJIUzI1NiJ9.eyJyb2xlcyI6W3siYXV0aG9yaXR5IjoiUk9MRV9VU0VSIn0seyJhdXRob3JpdHkiOiJST0xFX0FETUlOIn1dLCJpZCI6MjgsInVzZXJuYW1lIjoibWFuaHF1YW4xMiIsImlhdCI6MTczMTUwNDY5OCwiZXhwIjoxNzMxNTIyNjk4fQ.JQeLI55zFQi1QsHkI9rzh68tVjWo_I9cOULfjbda5Hc
2024-11-13T20:36:51.444+07:00  INFO 18108 --- [admin] [http-nio-4005-exec-4] c.s.admin.security.jwt.AuthTokenFilter   : JWT validation result: true
2024-11-13T20:36:51.452+07:00  INFO 18108 --- [admin] [http-nio-4005-exec-4] c.s.admin.security.jwt.AuthTokenFilter   : Username extracted from JWT: manhquan12
2024-11-13T20:36:51.478+07:00  INFO 18108 --- [admin] [http-nio-4005-exec-4] c.s.admin.security.jwt.AuthTokenFilter   : JWT in Authorization header: eyJhbGciOiJIUzI1NiJ9.eyJyb2xlcyI6W3siYXV0aG9yaXR5IjoiUk9MRV9VU0VSIn0seyJhdXRob3JpdHkiOiJST0xFX0FETUlOIn1dLCJpZCI6MjgsInVzZXJuYW1lIjoibWFuaHF1YW4xMiIsImlhdCI6MTczMTUwNDY5OCwiZXhwIjoxNzMxNTIyNjk4fQ.JQeLI55zFQi1QsHkI9rzh68tVjWo_I9cOULfjbda5Hc
2024-11-13T20:36:57.522+07:00 DEBUG 18108 --- [admin] [http-nio-4005-exec-3] c.s.admin.security.jwt.AuthTokenFilter   : Authorization Header: Bearer eyJhbGciOiJIUzI1NiJ9.eyJyb2xlcyI6W3siYXV0aG9yaXR5IjoiUk9MRV9VU0VSIn0seyJhdXRob3JpdHkiOiJST0xFX0FETUlOIn1dLCJpZCI6MjgsInVzZXJuYW1lIjoibWFuaHF1YW4xMiIsImlhdCI6MTczMTUwNDY5OCwiZXhwIjoxNzMxNTIyNjk4fQ.JQeLI55zFQi1QsHkI9rzh68tVjWo_I9cOULfjbda5Hc
2024-11-13T20:36:57.523+07:00  INFO 18108 --- [admin] [http-nio-4005-exec-3] c.s.admin.security.jwt.AuthTokenFilter   : JWT extracted from header: eyJhbGciOiJIUzI1NiJ9.eyJyb2xlcyI6W3siYXV0aG9yaXR5IjoiUk9MRV9VU0VSIn0seyJhdXRob3JpdHkiOiJST0xFX0FETUlOIn1dLCJpZCI6MjgsInVzZXJuYW1lIjoibWFuaHF1YW4xMiIsImlhdCI6MTczMTUwNDY5OCwiZXhwIjoxNzMxNTIyNjk4fQ.JQeLI55zFQi1QsHkI9rzh68tVjWo_I9cOULfjbda5Hc
2024-11-13T20:36:57.526+07:00  INFO 18108 --- [admin] [http-nio-4005-exec-3] c.s.admin.security.jwt.AuthTokenFilter   : JWT validation result: true
2024-11-13T20:36:57.538+07:00  INFO 18108 --- [admin] [http-nio-4005-exec-3] c.s.admin.security.jwt.AuthTokenFilter   : Username extracted from JWT: manhquan12
2024-11-13T20:36:57.555+07:00  INFO 18108 --- [admin] [http-nio-4005-exec-3] c.s.admin.security.jwt.AuthTokenFilter   : JWT in Authorization header: eyJhbGciOiJIUzI1NiJ9.eyJyb2xlcyI6W3siYXV0aG9yaXR5IjoiUk9MRV9VU0VSIn0seyJhdXRob3JpdHkiOiJST0xFX0FETUlOIn1dLCJpZCI6MjgsInVzZXJuYW1lIjoibWFuaHF1YW4xMiIsImlhdCI6MTczMTUwNDY5OCwiZXhwIjoxNzMxNTIyNjk4fQ.JQeLI55zFQi1QsHkI9rzh68tVjWo_I9cOULfjbda5Hc
2024-11-13T20:36:59.660+07:00 DEBUG 18108 --- [admin] [http-nio-4005-exec-8] c.s.admin.security.jwt.AuthTokenFilter   : Authorization Header: Bearer eyJhbGciOiJIUzI1NiJ9.eyJyb2xlcyI6W3siYXV0aG9yaXR5IjoiUk9MRV9VU0VSIn0seyJhdXRob3JpdHkiOiJST0xFX0FETUlOIn1dLCJpZCI6MjgsInVzZXJuYW1lIjoibWFuaHF1YW4xMiIsImlhdCI6MTczMTUwNDY5OCwiZXhwIjoxNzMxNTIyNjk4fQ.JQeLI55zFQi1QsHkI9rzh68tVjWo_I9cOULfjbda5Hc
2024-11-13T20:36:59.660+07:00  INFO 18108 --- [admin] [http-nio-4005-exec-8] c.s.admin.security.jwt.AuthTokenFilter   : JWT extracted from header: eyJhbGciOiJIUzI1NiJ9.eyJyb2xlcyI6W3siYXV0aG9yaXR5IjoiUk9MRV9VU0VSIn0seyJhdXRob3JpdHkiOiJST0xFX0FETUlOIn1dLCJpZCI6MjgsInVzZXJuYW1lIjoibWFuaHF1YW4xMiIsImlhdCI6MTczMTUwNDY5OCwiZXhwIjoxNzMxNTIyNjk4fQ.JQeLI55zFQi1QsHkI9rzh68tVjWo_I9cOULfjbda5Hc
2024-11-13T20:36:59.664+07:00  INFO 18108 --- [admin] [http-nio-4005-exec-8] c.s.admin.security.jwt.AuthTokenFilter   : JWT validation result: true
2024-11-13T20:36:59.668+07:00  INFO 18108 --- [admin] [http-nio-4005-exec-8] c.s.admin.security.jwt.AuthTokenFilter   : Username extracted from JWT: manhquan12
2024-11-13T20:36:59.679+07:00  INFO 18108 --- [admin] [http-nio-4005-exec-8] c.s.admin.security.jwt.AuthTokenFilter   : JWT in Authorization header: eyJhbGciOiJIUzI1NiJ9.eyJyb2xlcyI6W3siYXV0aG9yaXR5IjoiUk9MRV9VU0VSIn0seyJhdXRob3JpdHkiOiJST0xFX0FETUlOIn1dLCJpZCI6MjgsInVzZXJuYW1lIjoibWFuaHF1YW4xMiIsImlhdCI6MTczMTUwNDY5OCwiZXhwIjoxNzMxNTIyNjk4fQ.JQeLI55zFQi1QsHkI9rzh68tVjWo_I9cOULfjbda5Hc
2024-11-13T20:36:59.693+07:00 DEBUG 18108 --- [admin] [http-nio-4005-exec-9] c.s.admin.security.jwt.AuthTokenFilter   : Authorization Header: Bearer eyJhbGciOiJIUzI1NiJ9.eyJyb2xlcyI6W3siYXV0aG9yaXR5IjoiUk9MRV9VU0VSIn0seyJhdXRob3JpdHkiOiJST0xFX0FETUlOIn1dLCJpZCI6MjgsInVzZXJuYW1lIjoibWFuaHF1YW4xMiIsImlhdCI6MTczMTUwNDY5OCwiZXhwIjoxNzMxNTIyNjk4fQ.JQeLI55zFQi1QsHkI9rzh68tVjWo_I9cOULfjbda5Hc
2024-11-13T20:36:59.693+07:00  INFO 18108 --- [admin] [http-nio-4005-exec-9] c.s.admin.security.jwt.AuthTokenFilter   : JWT extracted from header: eyJhbGciOiJIUzI1NiJ9.eyJyb2xlcyI6W3siYXV0aG9yaXR5IjoiUk9MRV9VU0VSIn0seyJhdXRob3JpdHkiOiJST0xFX0FETUlOIn1dLCJpZCI6MjgsInVzZXJuYW1lIjoibWFuaHF1YW4xMiIsImlhdCI6MTczMTUwNDY5OCwiZXhwIjoxNzMxNTIyNjk4fQ.JQeLI55zFQi1QsHkI9rzh68tVjWo_I9cOULfjbda5Hc
2024-11-13T20:36:59.700+07:00  INFO 18108 --- [admin] [http-nio-4005-exec-9] c.s.admin.security.jwt.AuthTokenFilter   : JWT validation result: true
2024-11-13T20:36:59.705+07:00  INFO 18108 --- [admin] [http-nio-4005-exec-9] c.s.admin.security.jwt.AuthTokenFilter   : Username extracted from JWT: manhquan12
2024-11-13T20:36:59.743+07:00  INFO 18108 --- [admin] [http-nio-4005-exec-9] c.s.admin.security.jwt.AuthTokenFilter   : JWT in Authorization header: eyJhbGciOiJIUzI1NiJ9.eyJyb2xlcyI6W3siYXV0aG9yaXR5IjoiUk9MRV9VU0VSIn0seyJhdXRob3JpdHkiOiJST0xFX0FETUlOIn1dLCJpZCI6MjgsInVzZXJuYW1lIjoibWFuaHF1YW4xMiIsImlhdCI6MTczMTUwNDY5OCwiZXhwIjoxNzMxNTIyNjk4fQ.JQeLI55zFQi1QsHkI9rzh68tVjWo_I9cOULfjbda5Hc
2024-11-13T20:39:16.888+07:00 DEBUG 18108 --- [admin] [http-nio-4005-exec-3] c.s.admin.security.jwt.AuthTokenFilter   : Authorization Header: Bearer eyJhbGciOiJIUzI1NiJ9.eyJzdWIiOiJtaW5oIiwiaWF0IjoxNzI3OTI0Nzc1LCJleHAiOjE3MjgwMTExNzV9.lU4ak9k3uJ8jUYMHSZ5hr_cJQeihZKhOd_2IJHQyUtY
2024-11-13T20:39:16.893+07:00  INFO 18108 --- [admin] [http-nio-4005-exec-3] c.s.admin.security.jwt.AuthTokenFilter   : JWT extracted from header: eyJhbGciOiJIUzI1NiJ9.eyJzdWIiOiJtaW5oIiwiaWF0IjoxNzI3OTI0Nzc1LCJleHAiOjE3MjgwMTExNzV9.lU4ak9k3uJ8jUYMHSZ5hr_cJQeihZKhOd_2IJHQyUtY
2024-11-13T20:39:17.040+07:00 ERROR 18108 --- [admin] [http-nio-4005-exec-3] com.system.admin.security.jwt.JwtUtils   : JWT token is expired: JWT expired at 2024-10-04T03:06:15Z. Current time: 2024-11-13T13:39:17Z, a difference of 3493922021 milliseconds.  Allowed clock skew: 60000 milliseconds.
2024-11-13T20:39:17.040+07:00  INFO 18108 --- [admin] [http-nio-4005-exec-3] c.s.admin.security.jwt.AuthTokenFilter   : JWT validation result: false
2024-11-13T20:39:17.040+07:00  WARN 18108 --- [admin] [http-nio-4005-exec-3] c.s.admin.security.jwt.AuthTokenFilter   : JWT token is invalid.
2024-11-13T20:39:17.046+07:00 ERROR 18108 --- [admin] [http-nio-4005-exec-3] c.s.a.security.jwt.AuthEntryPointJwt     : Unauthorized error: Full authentication is required to access this resource
2024-11-13T20:39:25.651+07:00 DEBUG 18108 --- [admin] [http-nio-4005-exec-10] c.s.admin.security.jwt.AuthTokenFilter   : Authorization Header: Bearer eyJhbGciOiJIUzI1NiJ9.eyJzdWIiOiJtaW5oIiwiaWF0IjoxNzI3OTY4NDYzLCJleHAiOjE3MjgwNTQ4NjN9.8UeIlECgY23CeusfMeP4KHy-B-FKpur8PKlgCj3y4nE
2024-11-13T20:39:25.652+07:00  INFO 18108 --- [admin] [http-nio-4005-exec-10] c.s.admin.security.jwt.AuthTokenFilter   : JWT extracted from header: eyJhbGciOiJIUzI1NiJ9.eyJzdWIiOiJtaW5oIiwiaWF0IjoxNzI3OTY4NDYzLCJleHAiOjE3MjgwNTQ4NjN9.8UeIlECgY23CeusfMeP4KHy-B-FKpur8PKlgCj3y4nE
2024-11-13T20:39:25.665+07:00 ERROR 18108 --- [admin] [http-nio-4005-exec-10] com.system.admin.security.jwt.JwtUtils   : JWT token is expired: JWT expired at 2024-10-04T15:14:23Z. Current time: 2024-11-13T13:39:25Z, a difference of 3450242665 milliseconds.  Allowed clock skew: 60000 milliseconds.
2024-11-13T20:39:25.665+07:00  INFO 18108 --- [admin] [http-nio-4005-exec-10] c.s.admin.security.jwt.AuthTokenFilter   : JWT validation result: false
2024-11-13T20:39:25.667+07:00  WARN 18108 --- [admin] [http-nio-4005-exec-10] c.s.admin.security.jwt.AuthTokenFilter   : JWT token is invalid.
2024-11-13T20:39:25.894+07:00  WARN 18108 --- [admin] [http-nio-4005-exec-10] o.h.engine.jdbc.spi.SqlExceptionHelper   : SQL Error: 1062, SQLState: 23000
2024-11-13T20:39:25.895+07:00 ERROR 18108 --- [admin] [http-nio-4005-exec-10] o.h.engine.jdbc.spi.SqlExceptionHelper   : Duplicate entry '24' for key 'refreshtoken.UK_81otwtvdhcw7y3ipoijtlb1g3'
2024-11-13T20:39:37.060+07:00 DEBUG 18108 --- [admin] [http-nio-4005-exec-1] c.s.admin.security.jwt.AuthTokenFilter   : Authorization Header: Bearer eyJhbGciOiJIUzI1NiJ9.eyJyb2xlcyI6W3siYXV0aG9yaXR5IjoiUk9MRV9VU0VSIn1dLCJpZCI6MjQsImVtYWlsIjoidm9sZUBtYWlsaW5hdG9yLmNvbSIsInVzZXJuYW1lIjoibWlubWluIiwiaWF0IjoxNzMxNTA1MTY1LCJleHAiOjE3MzE1MjMxNjV9.Rsg7srvXpPPb0fDaSrk0JpeuC4y0gdEfzhhS8nD-JeE
2024-11-13T20:39:37.060+07:00  INFO 18108 --- [admin] [http-nio-4005-exec-1] c.s.admin.security.jwt.AuthTokenFilter   : JWT extracted from header: eyJhbGciOiJIUzI1NiJ9.eyJyb2xlcyI6W3siYXV0aG9yaXR5IjoiUk9MRV9VU0VSIn1dLCJpZCI6MjQsImVtYWlsIjoidm9sZUBtYWlsaW5hdG9yLmNvbSIsInVzZXJuYW1lIjoibWlubWluIiwiaWF0IjoxNzMxNTA1MTY1LCJleHAiOjE3MzE1MjMxNjV9.Rsg7srvXpPPb0fDaSrk0JpeuC4y0gdEfzhhS8nD-JeE
2024-11-13T20:39:37.067+07:00  INFO 18108 --- [admin] [http-nio-4005-exec-1] c.s.admin.security.jwt.AuthTokenFilter   : JWT validation result: true
2024-11-13T20:39:37.074+07:00  INFO 18108 --- [admin] [http-nio-4005-exec-1] c.s.admin.security.jwt.AuthTokenFilter   : Username extracted from JWT: minmin
2024-11-13T20:39:37.093+07:00  INFO 18108 --- [admin] [http-nio-4005-exec-1] c.s.admin.security.jwt.AuthTokenFilter   : JWT in Authorization header: eyJhbGciOiJIUzI1NiJ9.eyJyb2xlcyI6W3siYXV0aG9yaXR5IjoiUk9MRV9VU0VSIn1dLCJpZCI6MjQsImVtYWlsIjoidm9sZUBtYWlsaW5hdG9yLmNvbSIsInVzZXJuYW1lIjoibWlubWluIiwiaWF0IjoxNzMxNTA1MTY1LCJleHAiOjE3MzE1MjMxNjV9.Rsg7srvXpPPb0fDaSrk0JpeuC4y0gdEfzhhS8nD-JeE
2024-11-13T20:39:43.457+07:00 DEBUG 18108 --- [admin] [http-nio-4005-exec-6] c.s.admin.security.jwt.AuthTokenFilter   : Authorization Header: Bearer eyJhbGciOiJIUzI1NiJ9.eyJyb2xlcyI6W3siYXV0aG9yaXR5IjoiUk9MRV9VU0VSIn0seyJhdXRob3JpdHkiOiJST0xFX0FETUlOIn1dLCJpZCI6MjgsInVzZXJuYW1lIjoibWFuaHF1YW4xMiIsImlhdCI6MTczMTUwNDY5OCwiZXhwIjoxNzMxNTIyNjk4fQ.JQeLI55zFQi1QsHkI9rzh68tVjWo_I9cOULfjbda5Hc
2024-11-13T20:39:43.457+07:00  INFO 18108 --- [admin] [http-nio-4005-exec-6] c.s.admin.security.jwt.AuthTokenFilter   : JWT extracted from header: eyJhbGciOiJIUzI1NiJ9.eyJyb2xlcyI6W3siYXV0aG9yaXR5IjoiUk9MRV9VU0VSIn0seyJhdXRob3JpdHkiOiJST0xFX0FETUlOIn1dLCJpZCI6MjgsInVzZXJuYW1lIjoibWFuaHF1YW4xMiIsImlhdCI6MTczMTUwNDY5OCwiZXhwIjoxNzMxNTIyNjk4fQ.JQeLI55zFQi1QsHkI9rzh68tVjWo_I9cOULfjbda5Hc
2024-11-13T20:39:43.460+07:00 DEBUG 18108 --- [admin] [http-nio-4005-exec-2] c.s.admin.security.jwt.AuthTokenFilter   : Authorization Header: Bearer eyJhbGciOiJIUzI1NiJ9.eyJyb2xlcyI6W3siYXV0aG9yaXR5IjoiUk9MRV9VU0VSIn0seyJhdXRob3JpdHkiOiJST0xFX0FETUlOIn1dLCJpZCI6MjgsInVzZXJuYW1lIjoibWFuaHF1YW4xMiIsImlhdCI6MTczMTUwNDY5OCwiZXhwIjoxNzMxNTIyNjk4fQ.JQeLI55zFQi1QsHkI9rzh68tVjWo_I9cOULfjbda5Hc
2024-11-13T20:39:43.460+07:00  INFO 18108 --- [admin] [http-nio-4005-exec-2] c.s.admin.security.jwt.AuthTokenFilter   : JWT extracted from header: eyJhbGciOiJIUzI1NiJ9.eyJyb2xlcyI6W3siYXV0aG9yaXR5IjoiUk9MRV9VU0VSIn0seyJhdXRob3JpdHkiOiJST0xFX0FETUlOIn1dLCJpZCI6MjgsInVzZXJuYW1lIjoibWFuaHF1YW4xMiIsImlhdCI6MTczMTUwNDY5OCwiZXhwIjoxNzMxNTIyNjk4fQ.JQeLI55zFQi1QsHkI9rzh68tVjWo_I9cOULfjbda5Hc
2024-11-13T20:39:43.461+07:00  INFO 18108 --- [admin] [http-nio-4005-exec-6] c.s.admin.security.jwt.AuthTokenFilter   : JWT validation result: true
2024-11-13T20:39:43.466+07:00  INFO 18108 --- [admin] [http-nio-4005-exec-2] c.s.admin.security.jwt.AuthTokenFilter   : JWT validation result: true
2024-11-13T20:39:43.466+07:00  INFO 18108 --- [admin] [http-nio-4005-exec-6] c.s.admin.security.jwt.AuthTokenFilter   : Username extracted from JWT: manhquan12
2024-11-13T20:39:43.484+07:00  INFO 18108 --- [admin] [http-nio-4005-exec-6] c.s.admin.security.jwt.AuthTokenFilter   : JWT in Authorization header: eyJhbGciOiJIUzI1NiJ9.eyJyb2xlcyI6W3siYXV0aG9yaXR5IjoiUk9MRV9VU0VSIn0seyJhdXRob3JpdHkiOiJST0xFX0FETUlOIn1dLCJpZCI6MjgsInVzZXJuYW1lIjoibWFuaHF1YW4xMiIsImlhdCI6MTczMTUwNDY5OCwiZXhwIjoxNzMxNTIyNjk4fQ.JQeLI55zFQi1QsHkI9rzh68tVjWo_I9cOULfjbda5Hc
2024-11-13T20:39:43.487+07:00  INFO 18108 --- [admin] [http-nio-4005-exec-2] c.s.admin.security.jwt.AuthTokenFilter   : Username extracted from JWT: manhquan12
2024-11-13T20:39:43.508+07:00 DEBUG 18108 --- [admin] [http-nio-4005-exec-8] c.s.admin.security.jwt.AuthTokenFilter   : Authorization Header: Bearer eyJhbGciOiJIUzI1NiJ9.eyJyb2xlcyI6W3siYXV0aG9yaXR5IjoiUk9MRV9VU0VSIn0seyJhdXRob3JpdHkiOiJST0xFX0FETUlOIn1dLCJpZCI6MjgsInVzZXJuYW1lIjoibWFuaHF1YW4xMiIsImlhdCI6MTczMTUwNDY5OCwiZXhwIjoxNzMxNTIyNjk4fQ.JQeLI55zFQi1QsHkI9rzh68tVjWo_I9cOULfjbda5Hc
2024-11-13T20:39:43.508+07:00  INFO 18108 --- [admin] [http-nio-4005-exec-8] c.s.admin.security.jwt.AuthTokenFilter   : JWT extracted from header: eyJhbGciOiJIUzI1NiJ9.eyJyb2xlcyI6W3siYXV0aG9yaXR5IjoiUk9MRV9VU0VSIn0seyJhdXRob3JpdHkiOiJST0xFX0FETUlOIn1dLCJpZCI6MjgsInVzZXJuYW1lIjoibWFuaHF1YW4xMiIsImlhdCI6MTczMTUwNDY5OCwiZXhwIjoxNzMxNTIyNjk4fQ.JQeLI55zFQi1QsHkI9rzh68tVjWo_I9cOULfjbda5Hc
2024-11-13T20:39:43.529+07:00  INFO 18108 --- [admin] [http-nio-4005-exec-8] c.s.admin.security.jwt.AuthTokenFilter   : JWT validation result: true
2024-11-13T20:39:43.537+07:00  INFO 18108 --- [admin] [http-nio-4005-exec-8] c.s.admin.security.jwt.AuthTokenFilter   : Username extracted from JWT: manhquan12
2024-11-13T20:39:43.545+07:00  INFO 18108 --- [admin] [http-nio-4005-exec-2] c.s.admin.security.jwt.AuthTokenFilter   : JWT in Authorization header: eyJhbGciOiJIUzI1NiJ9.eyJyb2xlcyI6W3siYXV0aG9yaXR5IjoiUk9MRV9VU0VSIn0seyJhdXRob3JpdHkiOiJST0xFX0FETUlOIn1dLCJpZCI6MjgsInVzZXJuYW1lIjoibWFuaHF1YW4xMiIsImlhdCI6MTczMTUwNDY5OCwiZXhwIjoxNzMxNTIyNjk4fQ.JQeLI55zFQi1QsHkI9rzh68tVjWo_I9cOULfjbda5Hc
2024-11-13T20:39:43.557+07:00  INFO 18108 --- [admin] [http-nio-4005-exec-8] c.s.admin.security.jwt.AuthTokenFilter   : JWT in Authorization header: eyJhbGciOiJIUzI1NiJ9.eyJyb2xlcyI6W3siYXV0aG9yaXR5IjoiUk9MRV9VU0VSIn0seyJhdXRob3JpdHkiOiJST0xFX0FETUlOIn1dLCJpZCI6MjgsInVzZXJuYW1lIjoibWFuaHF1YW4xMiIsImlhdCI6MTczMTUwNDY5OCwiZXhwIjoxNzMxNTIyNjk4fQ.JQeLI55zFQi1QsHkI9rzh68tVjWo_I9cOULfjbda5Hc
2024-11-13T20:39:43.592+07:00 DEBUG 18108 --- [admin] [http-nio-4005-exec-9] c.s.admin.security.jwt.AuthTokenFilter   : Authorization Header: Bearer eyJhbGciOiJIUzI1NiJ9.eyJyb2xlcyI6W3siYXV0aG9yaXR5IjoiUk9MRV9VU0VSIn0seyJhdXRob3JpdHkiOiJST0xFX0FETUlOIn1dLCJpZCI6MjgsInVzZXJuYW1lIjoibWFuaHF1YW4xMiIsImlhdCI6MTczMTUwNDY5OCwiZXhwIjoxNzMxNTIyNjk4fQ.JQeLI55zFQi1QsHkI9rzh68tVjWo_I9cOULfjbda5Hc
2024-11-13T20:39:43.592+07:00  INFO 18108 --- [admin] [http-nio-4005-exec-9] c.s.admin.security.jwt.AuthTokenFilter   : JWT extracted from header: eyJhbGciOiJIUzI1NiJ9.eyJyb2xlcyI6W3siYXV0aG9yaXR5IjoiUk9MRV9VU0VSIn0seyJhdXRob3JpdHkiOiJST0xFX0FETUlOIn1dLCJpZCI6MjgsInVzZXJuYW1lIjoibWFuaHF1YW4xMiIsImlhdCI6MTczMTUwNDY5OCwiZXhwIjoxNzMxNTIyNjk4fQ.JQeLI55zFQi1QsHkI9rzh68tVjWo_I9cOULfjbda5Hc
2024-11-13T20:39:43.603+07:00  INFO 18108 --- [admin] [http-nio-4005-exec-9] c.s.admin.security.jwt.AuthTokenFilter   : JWT validation result: true
2024-11-13T20:39:43.611+07:00  INFO 18108 --- [admin] [http-nio-4005-exec-9] c.s.admin.security.jwt.AuthTokenFilter   : Username extracted from JWT: manhquan12
2024-11-13T20:39:43.630+07:00  INFO 18108 --- [admin] [http-nio-4005-exec-9] c.s.admin.security.jwt.AuthTokenFilter   : JWT in Authorization header: eyJhbGciOiJIUzI1NiJ9.eyJyb2xlcyI6W3siYXV0aG9yaXR5IjoiUk9MRV9VU0VSIn0seyJhdXRob3JpdHkiOiJST0xFX0FETUlOIn1dLCJpZCI6MjgsInVzZXJuYW1lIjoibWFuaHF1YW4xMiIsImlhdCI6MTczMTUwNDY5OCwiZXhwIjoxNzMxNTIyNjk4fQ.JQeLI55zFQi1QsHkI9rzh68tVjWo_I9cOULfjbda5Hc
2024-11-13T20:39:43.637+07:00 DEBUG 18108 --- [admin] [http-nio-4005-exec-5] c.s.admin.security.jwt.AuthTokenFilter   : Authorization Header: Bearer eyJhbGciOiJIUzI1NiJ9.eyJyb2xlcyI6W3siYXV0aG9yaXR5IjoiUk9MRV9VU0VSIn0seyJhdXRob3JpdHkiOiJST0xFX0FETUlOIn1dLCJpZCI6MjgsInVzZXJuYW1lIjoibWFuaHF1YW4xMiIsImlhdCI6MTczMTUwNDY5OCwiZXhwIjoxNzMxNTIyNjk4fQ.JQeLI55zFQi1QsHkI9rzh68tVjWo_I9cOULfjbda5Hc
2024-11-13T20:39:43.637+07:00  INFO 18108 --- [admin] [http-nio-4005-exec-5] c.s.admin.security.jwt.AuthTokenFilter   : JWT extracted from header: eyJhbGciOiJIUzI1NiJ9.eyJyb2xlcyI6W3siYXV0aG9yaXR5IjoiUk9MRV9VU0VSIn0seyJhdXRob3JpdHkiOiJST0xFX0FETUlOIn1dLCJpZCI6MjgsInVzZXJuYW1lIjoibWFuaHF1YW4xMiIsImlhdCI6MTczMTUwNDY5OCwiZXhwIjoxNzMxNTIyNjk4fQ.JQeLI55zFQi1QsHkI9rzh68tVjWo_I9cOULfjbda5Hc
2024-11-13T20:39:43.643+07:00  INFO 18108 --- [admin] [http-nio-4005-exec-5] c.s.admin.security.jwt.AuthTokenFilter   : JWT validation result: true
2024-11-13T20:39:43.655+07:00  INFO 18108 --- [admin] [http-nio-4005-exec-5] c.s.admin.security.jwt.AuthTokenFilter   : Username extracted from JWT: manhquan12
2024-11-13T20:39:43.674+07:00  INFO 18108 --- [admin] [http-nio-4005-exec-5] c.s.admin.security.jwt.AuthTokenFilter   : JWT in Authorization header: eyJhbGciOiJIUzI1NiJ9.eyJyb2xlcyI6W3siYXV0aG9yaXR5IjoiUk9MRV9VU0VSIn0seyJhdXRob3JpdHkiOiJST0xFX0FETUlOIn1dLCJpZCI6MjgsInVzZXJuYW1lIjoibWFuaHF1YW4xMiIsImlhdCI6MTczMTUwNDY5OCwiZXhwIjoxNzMxNTIyNjk4fQ.JQeLI55zFQi1QsHkI9rzh68tVjWo_I9cOULfjbda5Hc
2024-11-13T20:39:43.845+07:00 DEBUG 18108 --- [admin] [http-nio-4005-exec-3] c.s.admin.security.jwt.AuthTokenFilter   : Authorization Header: Bearer eyJhbGciOiJIUzI1NiJ9.eyJyb2xlcyI6W3siYXV0aG9yaXR5IjoiUk9MRV9VU0VSIn0seyJhdXRob3JpdHkiOiJST0xFX0FETUlOIn1dLCJpZCI6MjgsInVzZXJuYW1lIjoibWFuaHF1YW4xMiIsImlhdCI6MTczMTUwNDY5OCwiZXhwIjoxNzMxNTIyNjk4fQ.JQeLI55zFQi1QsHkI9rzh68tVjWo_I9cOULfjbda5Hc
2024-11-13T20:39:43.846+07:00  INFO 18108 --- [admin] [http-nio-4005-exec-3] c.s.admin.security.jwt.AuthTokenFilter   : JWT extracted from header: eyJhbGciOiJIUzI1NiJ9.eyJyb2xlcyI6W3siYXV0aG9yaXR5IjoiUk9MRV9VU0VSIn0seyJhdXRob3JpdHkiOiJST0xFX0FETUlOIn1dLCJpZCI6MjgsInVzZXJuYW1lIjoibWFuaHF1YW4xMiIsImlhdCI6MTczMTUwNDY5OCwiZXhwIjoxNzMxNTIyNjk4fQ.JQeLI55zFQi1QsHkI9rzh68tVjWo_I9cOULfjbda5Hc
2024-11-13T20:39:43.854+07:00  INFO 18108 --- [admin] [http-nio-4005-exec-3] c.s.admin.security.jwt.AuthTokenFilter   : JWT validation result: true
2024-11-13T20:39:43.864+07:00  INFO 18108 --- [admin] [http-nio-4005-exec-3] c.s.admin.security.jwt.AuthTokenFilter   : Username extracted from JWT: manhquan12
2024-11-13T20:39:43.885+07:00  INFO 18108 --- [admin] [http-nio-4005-exec-3] c.s.admin.security.jwt.AuthTokenFilter   : JWT in Authorization header: eyJhbGciOiJIUzI1NiJ9.eyJyb2xlcyI6W3siYXV0aG9yaXR5IjoiUk9MRV9VU0VSIn0seyJhdXRob3JpdHkiOiJST0xFX0FETUlOIn1dLCJpZCI6MjgsInVzZXJuYW1lIjoibWFuaHF1YW4xMiIsImlhdCI6MTczMTUwNDY5OCwiZXhwIjoxNzMxNTIyNjk4fQ.JQeLI55zFQi1QsHkI9rzh68tVjWo_I9cOULfjbda5Hc
2024-11-13T20:39:48.249+07:00 DEBUG 18108 --- [admin] [http-nio-4005-exec-1] c.s.admin.security.jwt.AuthTokenFilter   : Authorization Header: Bearer eyJhbGciOiJIUzI1NiJ9.eyJyb2xlcyI6W3siYXV0aG9yaXR5IjoiUk9MRV9VU0VSIn1dLCJpZCI6MjQsImVtYWlsIjoidm9sZUBtYWlsaW5hdG9yLmNvbSIsInVzZXJuYW1lIjoibWlubWluIiwiaWF0IjoxNzMxNTA1MTY1LCJleHAiOjE3MzE1MjMxNjV9.Rsg7srvXpPPb0fDaSrk0JpeuC4y0gdEfzhhS8nD-JeE
2024-11-13T20:39:48.249+07:00  INFO 18108 --- [admin] [http-nio-4005-exec-1] c.s.admin.security.jwt.AuthTokenFilter   : JWT extracted from header: eyJhbGciOiJIUzI1NiJ9.eyJyb2xlcyI6W3siYXV0aG9yaXR5IjoiUk9MRV9VU0VSIn1dLCJpZCI6MjQsImVtYWlsIjoidm9sZUBtYWlsaW5hdG9yLmNvbSIsInVzZXJuYW1lIjoibWlubWluIiwiaWF0IjoxNzMxNTA1MTY1LCJleHAiOjE3MzE1MjMxNjV9.Rsg7srvXpPPb0fDaSrk0JpeuC4y0gdEfzhhS8nD-JeE
2024-11-13T20:39:48.249+07:00  INFO 18108 --- [admin] [http-nio-4005-exec-1] c.s.admin.security.jwt.AuthTokenFilter   : JWT validation result: true
2024-11-13T20:39:48.255+07:00  INFO 18108 --- [admin] [http-nio-4005-exec-1] c.s.admin.security.jwt.AuthTokenFilter   : Username extracted from JWT: minmin
2024-11-13T20:39:48.265+07:00  INFO 18108 --- [admin] [http-nio-4005-exec-1] c.s.admin.security.jwt.AuthTokenFilter   : JWT in Authorization header: eyJhbGciOiJIUzI1NiJ9.eyJyb2xlcyI6W3siYXV0aG9yaXR5IjoiUk9MRV9VU0VSIn1dLCJpZCI6MjQsImVtYWlsIjoidm9sZUBtYWlsaW5hdG9yLmNvbSIsInVzZXJuYW1lIjoibWlubWluIiwiaWF0IjoxNzMxNTA1MTY1LCJleHAiOjE3MzE1MjMxNjV9.Rsg7srvXpPPb0fDaSrk0JpeuC4y0gdEfzhhS8nD-JeE
2024-11-13T20:43:54.067+07:00 DEBUG 18108 --- [admin] [http-nio-4005-exec-4] c.s.admin.security.jwt.AuthTokenFilter   : Authorization Header: Bearer eyJhbGciOiJIUzI1NiJ9.eyJyb2xlcyI6W3siYXV0aG9yaXR5IjoiUk9MRV9VU0VSIn0seyJhdXRob3JpdHkiOiJST0xFX0FETUlOIn1dLCJpZCI6MjgsInVzZXJuYW1lIjoibWFuaHF1YW4xMiIsImlhdCI6MTczMTUwNDY5OCwiZXhwIjoxNzMxNTIyNjk4fQ.JQeLI55zFQi1QsHkI9rzh68tVjWo_I9cOULfjbda5Hc
2024-11-13T20:43:54.096+07:00  INFO 18108 --- [admin] [http-nio-4005-exec-4] c.s.admin.security.jwt.AuthTokenFilter   : JWT extracted from header: eyJhbGciOiJIUzI1NiJ9.eyJyb2xlcyI6W3siYXV0aG9yaXR5IjoiUk9MRV9VU0VSIn0seyJhdXRob3JpdHkiOiJST0xFX0FETUlOIn1dLCJpZCI6MjgsInVzZXJuYW1lIjoibWFuaHF1YW4xMiIsImlhdCI6MTczMTUwNDY5OCwiZXhwIjoxNzMxNTIyNjk4fQ.JQeLI55zFQi1QsHkI9rzh68tVjWo_I9cOULfjbda5Hc
2024-11-13T20:43:54.352+07:00  INFO 18108 --- [admin] [http-nio-4005-exec-4] c.s.admin.security.jwt.AuthTokenFilter   : JWT validation result: true
2024-11-13T20:43:54.368+07:00  INFO 18108 --- [admin] [http-nio-4005-exec-4] c.s.admin.security.jwt.AuthTokenFilter   : Username extracted from JWT: manhquan12
2024-11-13T20:43:54.460+07:00  INFO 18108 --- [admin] [http-nio-4005-exec-4] c.s.admin.security.jwt.AuthTokenFilter   : JWT in Authorization header: eyJhbGciOiJIUzI1NiJ9.eyJyb2xlcyI6W3siYXV0aG9yaXR5IjoiUk9MRV9VU0VSIn0seyJhdXRob3JpdHkiOiJST0xFX0FETUlOIn1dLCJpZCI6MjgsInVzZXJuYW1lIjoibWFuaHF1YW4xMiIsImlhdCI6MTczMTUwNDY5OCwiZXhwIjoxNzMxNTIyNjk4fQ.JQeLI55zFQi1QsHkI9rzh68tVjWo_I9cOULfjbda5Hc
2024-11-13T20:43:54.575+07:00 DEBUG 18108 --- [admin] [http-nio-4005-exec-7] c.s.admin.security.jwt.AuthTokenFilter   : Authorization Header: Bearer eyJhbGciOiJIUzI1NiJ9.eyJyb2xlcyI6W3siYXV0aG9yaXR5IjoiUk9MRV9VU0VSIn0seyJhdXRob3JpdHkiOiJST0xFX0FETUlOIn1dLCJpZCI6MjgsInVzZXJuYW1lIjoibWFuaHF1YW4xMiIsImlhdCI6MTczMTUwNDY5OCwiZXhwIjoxNzMxNTIyNjk4fQ.JQeLI55zFQi1QsHkI9rzh68tVjWo_I9cOULfjbda5Hc
2024-11-13T20:43:54.575+07:00  INFO 18108 --- [admin] [http-nio-4005-exec-7] c.s.admin.security.jwt.AuthTokenFilter   : JWT extracted from header: eyJhbGciOiJIUzI1NiJ9.eyJyb2xlcyI6W3siYXV0aG9yaXR5IjoiUk9MRV9VU0VSIn0seyJhdXRob3JpdHkiOiJST0xFX0FETUlOIn1dLCJpZCI6MjgsInVzZXJuYW1lIjoibWFuaHF1YW4xMiIsImlhdCI6MTczMTUwNDY5OCwiZXhwIjoxNzMxNTIyNjk4fQ.JQeLI55zFQi1QsHkI9rzh68tVjWo_I9cOULfjbda5Hc
2024-11-13T20:43:54.585+07:00  INFO 18108 --- [admin] [http-nio-4005-exec-7] c.s.admin.security.jwt.AuthTokenFilter   : JWT validation result: true
2024-11-13T20:43:54.595+07:00  INFO 18108 --- [admin] [http-nio-4005-exec-7] c.s.admin.security.jwt.AuthTokenFilter   : Username extracted from JWT: manhquan12
2024-11-13T20:43:54.609+07:00  INFO 18108 --- [admin] [http-nio-4005-exec-7] c.s.admin.security.jwt.AuthTokenFilter   : JWT in Authorization header: eyJhbGciOiJIUzI1NiJ9.eyJyb2xlcyI6W3siYXV0aG9yaXR5IjoiUk9MRV9VU0VSIn0seyJhdXRob3JpdHkiOiJST0xFX0FETUlOIn1dLCJpZCI6MjgsInVzZXJuYW1lIjoibWFuaHF1YW4xMiIsImlhdCI6MTczMTUwNDY5OCwiZXhwIjoxNzMxNTIyNjk4fQ.JQeLI55zFQi1QsHkI9rzh68tVjWo_I9cOULfjbda5Hc
2024-11-13T20:45:43.535+07:00 DEBUG 18108 --- [admin] [http-nio-4005-exec-3] c.s.admin.security.jwt.AuthTokenFilter   : Authorization Header: Bearer eyJhbGciOiJIUzI1NiJ9.eyJyb2xlcyI6W3siYXV0aG9yaXR5IjoiUk9MRV9VU0VSIn0seyJhdXRob3JpdHkiOiJST0xFX0FETUlOIn1dLCJpZCI6MjgsInVzZXJuYW1lIjoibWFuaHF1YW4xMiIsImlhdCI6MTczMTUwNDY5OCwiZXhwIjoxNzMxNTIyNjk4fQ.JQeLI55zFQi1QsHkI9rzh68tVjWo_I9cOULfjbda5Hc
2024-11-13T20:45:43.536+07:00  INFO 18108 --- [admin] [http-nio-4005-exec-3] c.s.admin.security.jwt.AuthTokenFilter   : JWT extracted from header: eyJhbGciOiJIUzI1NiJ9.eyJyb2xlcyI6W3siYXV0aG9yaXR5IjoiUk9MRV9VU0VSIn0seyJhdXRob3JpdHkiOiJST0xFX0FETUlOIn1dLCJpZCI6MjgsInVzZXJuYW1lIjoibWFuaHF1YW4xMiIsImlhdCI6MTczMTUwNDY5OCwiZXhwIjoxNzMxNTIyNjk4fQ.JQeLI55zFQi1QsHkI9rzh68tVjWo_I9cOULfjbda5Hc
2024-11-13T20:45:43.574+07:00  INFO 18108 --- [admin] [http-nio-4005-exec-3] c.s.admin.security.jwt.AuthTokenFilter   : JWT validation result: true
2024-11-13T20:45:43.585+07:00  INFO 18108 --- [admin] [http-nio-4005-exec-3] c.s.admin.security.jwt.AuthTokenFilter   : Username extracted from JWT: manhquan12
2024-11-13T20:45:43.615+07:00  INFO 18108 --- [admin] [http-nio-4005-exec-3] c.s.admin.security.jwt.AuthTokenFilter   : JWT in Authorization header: eyJhbGciOiJIUzI1NiJ9.eyJyb2xlcyI6W3siYXV0aG9yaXR5IjoiUk9MRV9VU0VSIn0seyJhdXRob3JpdHkiOiJST0xFX0FETUlOIn1dLCJpZCI6MjgsInVzZXJuYW1lIjoibWFuaHF1YW4xMiIsImlhdCI6MTczMTUwNDY5OCwiZXhwIjoxNzMxNTIyNjk4fQ.JQeLI55zFQi1QsHkI9rzh68tVjWo_I9cOULfjbda5Hc
2024-11-13T20:46:42.386+07:00 DEBUG 18108 --- [admin] [http-nio-4005-exec-2] c.s.admin.security.jwt.AuthTokenFilter   : Authorization Header: Bearer eyJhbGciOiJIUzI1NiJ9.eyJyb2xlcyI6W3siYXV0aG9yaXR5IjoiUk9MRV9VU0VSIn0seyJhdXRob3JpdHkiOiJST0xFX0FETUlOIn1dLCJpZCI6MjgsInVzZXJuYW1lIjoibWFuaHF1YW4xMiIsImlhdCI6MTczMTUwNDY5OCwiZXhwIjoxNzMxNTIyNjk4fQ.JQeLI55zFQi1QsHkI9rzh68tVjWo_I9cOULfjbda5Hc
2024-11-13T20:46:42.387+07:00 DEBUG 18108 --- [admin] [http-nio-4005-exec-1] c.s.admin.security.jwt.AuthTokenFilter   : Authorization Header: Bearer eyJhbGciOiJIUzI1NiJ9.eyJyb2xlcyI6W3siYXV0aG9yaXR5IjoiUk9MRV9VU0VSIn0seyJhdXRob3JpdHkiOiJST0xFX0FETUlOIn1dLCJpZCI6MjgsInVzZXJuYW1lIjoibWFuaHF1YW4xMiIsImlhdCI6MTczMTUwNDY5OCwiZXhwIjoxNzMxNTIyNjk4fQ.JQeLI55zFQi1QsHkI9rzh68tVjWo_I9cOULfjbda5Hc
2024-11-13T20:46:42.387+07:00  INFO 18108 --- [admin] [http-nio-4005-exec-2] c.s.admin.security.jwt.AuthTokenFilter   : JWT extracted from header: eyJhbGciOiJIUzI1NiJ9.eyJyb2xlcyI6W3siYXV0aG9yaXR5IjoiUk9MRV9VU0VSIn0seyJhdXRob3JpdHkiOiJST0xFX0FETUlOIn1dLCJpZCI6MjgsInVzZXJuYW1lIjoibWFuaHF1YW4xMiIsImlhdCI6MTczMTUwNDY5OCwiZXhwIjoxNzMxNTIyNjk4fQ.JQeLI55zFQi1QsHkI9rzh68tVjWo_I9cOULfjbda5Hc
2024-11-13T20:46:42.387+07:00  INFO 18108 --- [admin] [http-nio-4005-exec-1] c.s.admin.security.jwt.AuthTokenFilter   : JWT extracted from header: eyJhbGciOiJIUzI1NiJ9.eyJyb2xlcyI6W3siYXV0aG9yaXR5IjoiUk9MRV9VU0VSIn0seyJhdXRob3JpdHkiOiJST0xFX0FETUlOIn1dLCJpZCI6MjgsInVzZXJuYW1lIjoibWFuaHF1YW4xMiIsImlhdCI6MTczMTUwNDY5OCwiZXhwIjoxNzMxNTIyNjk4fQ.JQeLI55zFQi1QsHkI9rzh68tVjWo_I9cOULfjbda5Hc
2024-11-13T20:46:42.387+07:00 DEBUG 18108 --- [admin] [http-nio-4005-exec-8] c.s.admin.security.jwt.AuthTokenFilter   : Authorization Header: Bearer eyJhbGciOiJIUzI1NiJ9.eyJyb2xlcyI6W3siYXV0aG9yaXR5IjoiUk9MRV9VU0VSIn0seyJhdXRob3JpdHkiOiJST0xFX0FETUlOIn1dLCJpZCI6MjgsInVzZXJuYW1lIjoibWFuaHF1YW4xMiIsImlhdCI6MTczMTUwNDY5OCwiZXhwIjoxNzMxNTIyNjk4fQ.JQeLI55zFQi1QsHkI9rzh68tVjWo_I9cOULfjbda5Hc
2024-11-13T20:46:42.387+07:00  INFO 18108 --- [admin] [http-nio-4005-exec-8] c.s.admin.security.jwt.AuthTokenFilter   : JWT extracted from header: eyJhbGciOiJIUzI1NiJ9.eyJyb2xlcyI6W3siYXV0aG9yaXR5IjoiUk9MRV9VU0VSIn0seyJhdXRob3JpdHkiOiJST0xFX0FETUlOIn1dLCJpZCI6MjgsInVzZXJuYW1lIjoibWFuaHF1YW4xMiIsImlhdCI6MTczMTUwNDY5OCwiZXhwIjoxNzMxNTIyNjk4fQ.JQeLI55zFQi1QsHkI9rzh68tVjWo_I9cOULfjbda5Hc
2024-11-13T20:46:42.396+07:00  INFO 18108 --- [admin] [http-nio-4005-exec-1] c.s.admin.security.jwt.AuthTokenFilter   : JWT validation result: true
2024-11-13T20:46:42.398+07:00  INFO 18108 --- [admin] [http-nio-4005-exec-2] c.s.admin.security.jwt.AuthTokenFilter   : JWT validation result: true
2024-11-13T20:46:42.405+07:00  INFO 18108 --- [admin] [http-nio-4005-exec-1] c.s.admin.security.jwt.AuthTokenFilter   : Username extracted from JWT: manhquan12
2024-11-13T20:46:42.406+07:00  INFO 18108 --- [admin] [http-nio-4005-exec-2] c.s.admin.security.jwt.AuthTokenFilter   : Username extracted from JWT: manhquan12
2024-11-13T20:46:42.410+07:00  INFO 18108 --- [admin] [http-nio-4005-exec-8] c.s.admin.security.jwt.AuthTokenFilter   : JWT validation result: true
2024-11-13T20:46:42.416+07:00  INFO 18108 --- [admin] [http-nio-4005-exec-8] c.s.admin.security.jwt.AuthTokenFilter   : Username extracted from JWT: manhquan12
2024-11-13T20:46:42.422+07:00  INFO 18108 --- [admin] [http-nio-4005-exec-1] c.s.admin.security.jwt.AuthTokenFilter   : JWT in Authorization header: eyJhbGciOiJIUzI1NiJ9.eyJyb2xlcyI6W3siYXV0aG9yaXR5IjoiUk9MRV9VU0VSIn0seyJhdXRob3JpdHkiOiJST0xFX0FETUlOIn1dLCJpZCI6MjgsInVzZXJuYW1lIjoibWFuaHF1YW4xMiIsImlhdCI6MTczMTUwNDY5OCwiZXhwIjoxNzMxNTIyNjk4fQ.JQeLI55zFQi1QsHkI9rzh68tVjWo_I9cOULfjbda5Hc
2024-11-13T20:46:42.423+07:00  INFO 18108 --- [admin] [http-nio-4005-exec-2] c.s.admin.security.jwt.AuthTokenFilter   : JWT in Authorization header: eyJhbGciOiJIUzI1NiJ9.eyJyb2xlcyI6W3siYXV0aG9yaXR5IjoiUk9MRV9VU0VSIn0seyJhdXRob3JpdHkiOiJST0xFX0FETUlOIn1dLCJpZCI6MjgsInVzZXJuYW1lIjoibWFuaHF1YW4xMiIsImlhdCI6MTczMTUwNDY5OCwiZXhwIjoxNzMxNTIyNjk4fQ.JQeLI55zFQi1QsHkI9rzh68tVjWo_I9cOULfjbda5Hc
2024-11-13T20:46:42.478+07:00  INFO 18108 --- [admin] [http-nio-4005-exec-8] c.s.admin.security.jwt.AuthTokenFilter   : JWT in Authorization header: eyJhbGciOiJIUzI1NiJ9.eyJyb2xlcyI6W3siYXV0aG9yaXR5IjoiUk9MRV9VU0VSIn0seyJhdXRob3JpdHkiOiJST0xFX0FETUlOIn1dLCJpZCI6MjgsInVzZXJuYW1lIjoibWFuaHF1YW4xMiIsImlhdCI6MTczMTUwNDY5OCwiZXhwIjoxNzMxNTIyNjk4fQ.JQeLI55zFQi1QsHkI9rzh68tVjWo_I9cOULfjbda5Hc
2024-11-13T20:46:42.521+07:00 DEBUG 18108 --- [admin] [http-nio-4005-exec-9] c.s.admin.security.jwt.AuthTokenFilter   : Authorization Header: Bearer eyJhbGciOiJIUzI1NiJ9.eyJyb2xlcyI6W3siYXV0aG9yaXR5IjoiUk9MRV9VU0VSIn0seyJhdXRob3JpdHkiOiJST0xFX0FETUlOIn1dLCJpZCI6MjgsInVzZXJuYW1lIjoibWFuaHF1YW4xMiIsImlhdCI6MTczMTUwNDY5OCwiZXhwIjoxNzMxNTIyNjk4fQ.JQeLI55zFQi1QsHkI9rzh68tVjWo_I9cOULfjbda5Hc
2024-11-13T20:46:42.522+07:00  INFO 18108 --- [admin] [http-nio-4005-exec-9] c.s.admin.security.jwt.AuthTokenFilter   : JWT extracted from header: eyJhbGciOiJIUzI1NiJ9.eyJyb2xlcyI6W3siYXV0aG9yaXR5IjoiUk9MRV9VU0VSIn0seyJhdXRob3JpdHkiOiJST0xFX0FETUlOIn1dLCJpZCI6MjgsInVzZXJuYW1lIjoibWFuaHF1YW4xMiIsImlhdCI6MTczMTUwNDY5OCwiZXhwIjoxNzMxNTIyNjk4fQ.JQeLI55zFQi1QsHkI9rzh68tVjWo_I9cOULfjbda5Hc
2024-11-13T20:46:42.533+07:00  INFO 18108 --- [admin] [http-nio-4005-exec-9] c.s.admin.security.jwt.AuthTokenFilter   : JWT validation result: true
2024-11-13T20:46:42.545+07:00 DEBUG 18108 --- [admin] [http-nio-4005-exec-4] c.s.admin.security.jwt.AuthTokenFilter   : Authorization Header: Bearer eyJhbGciOiJIUzI1NiJ9.eyJyb2xlcyI6W3siYXV0aG9yaXR5IjoiUk9MRV9VU0VSIn0seyJhdXRob3JpdHkiOiJST0xFX0FETUlOIn1dLCJpZCI6MjgsInVzZXJuYW1lIjoibWFuaHF1YW4xMiIsImlhdCI6MTczMTUwNDY5OCwiZXhwIjoxNzMxNTIyNjk4fQ.JQeLI55zFQi1QsHkI9rzh68tVjWo_I9cOULfjbda5Hc
2024-11-13T20:46:42.545+07:00  INFO 18108 --- [admin] [http-nio-4005-exec-4] c.s.admin.security.jwt.AuthTokenFilter   : JWT extracted from header: eyJhbGciOiJIUzI1NiJ9.eyJyb2xlcyI6W3siYXV0aG9yaXR5IjoiUk9MRV9VU0VSIn0seyJhdXRob3JpdHkiOiJST0xFX0FETUlOIn1dLCJpZCI6MjgsInVzZXJuYW1lIjoibWFuaHF1YW4xMiIsImlhdCI6MTczMTUwNDY5OCwiZXhwIjoxNzMxNTIyNjk4fQ.JQeLI55zFQi1QsHkI9rzh68tVjWo_I9cOULfjbda5Hc
2024-11-13T20:46:42.546+07:00  INFO 18108 --- [admin] [http-nio-4005-exec-9] c.s.admin.security.jwt.AuthTokenFilter   : Username extracted from JWT: manhquan12
2024-11-13T20:46:42.564+07:00  INFO 18108 --- [admin] [http-nio-4005-exec-9] c.s.admin.security.jwt.AuthTokenFilter   : JWT in Authorization header: eyJhbGciOiJIUzI1NiJ9.eyJyb2xlcyI6W3siYXV0aG9yaXR5IjoiUk9MRV9VU0VSIn0seyJhdXRob3JpdHkiOiJST0xFX0FETUlOIn1dLCJpZCI6MjgsInVzZXJuYW1lIjoibWFuaHF1YW4xMiIsImlhdCI6MTczMTUwNDY5OCwiZXhwIjoxNzMxNTIyNjk4fQ.JQeLI55zFQi1QsHkI9rzh68tVjWo_I9cOULfjbda5Hc
2024-11-13T20:46:42.565+07:00  INFO 18108 --- [admin] [http-nio-4005-exec-4] c.s.admin.security.jwt.AuthTokenFilter   : JWT validation result: true
2024-11-13T20:46:42.573+07:00  INFO 18108 --- [admin] [http-nio-4005-exec-4] c.s.admin.security.jwt.AuthTokenFilter   : Username extracted from JWT: manhquan12
2024-11-13T20:46:42.596+07:00  INFO 18108 --- [admin] [http-nio-4005-exec-4] c.s.admin.security.jwt.AuthTokenFilter   : JWT in Authorization header: eyJhbGciOiJIUzI1NiJ9.eyJyb2xlcyI6W3siYXV0aG9yaXR5IjoiUk9MRV9VU0VSIn0seyJhdXRob3JpdHkiOiJST0xFX0FETUlOIn1dLCJpZCI6MjgsInVzZXJuYW1lIjoibWFuaHF1YW4xMiIsImlhdCI6MTczMTUwNDY5OCwiZXhwIjoxNzMxNTIyNjk4fQ.JQeLI55zFQi1QsHkI9rzh68tVjWo_I9cOULfjbda5Hc
2024-11-13T20:46:42.747+07:00 DEBUG 18108 --- [admin] [http-nio-4005-exec-7] c.s.admin.security.jwt.AuthTokenFilter   : Authorization Header: Bearer eyJhbGciOiJIUzI1NiJ9.eyJyb2xlcyI6W3siYXV0aG9yaXR5IjoiUk9MRV9VU0VSIn0seyJhdXRob3JpdHkiOiJST0xFX0FETUlOIn1dLCJpZCI6MjgsInVzZXJuYW1lIjoibWFuaHF1YW4xMiIsImlhdCI6MTczMTUwNDY5OCwiZXhwIjoxNzMxNTIyNjk4fQ.JQeLI55zFQi1QsHkI9rzh68tVjWo_I9cOULfjbda5Hc
2024-11-13T20:46:42.748+07:00  INFO 18108 --- [admin] [http-nio-4005-exec-7] c.s.admin.security.jwt.AuthTokenFilter   : JWT extracted from header: eyJhbGciOiJIUzI1NiJ9.eyJyb2xlcyI6W3siYXV0aG9yaXR5IjoiUk9MRV9VU0VSIn0seyJhdXRob3JpdHkiOiJST0xFX0FETUlOIn1dLCJpZCI6MjgsInVzZXJuYW1lIjoibWFuaHF1YW4xMiIsImlhdCI6MTczMTUwNDY5OCwiZXhwIjoxNzMxNTIyNjk4fQ.JQeLI55zFQi1QsHkI9rzh68tVjWo_I9cOULfjbda5Hc
2024-11-13T20:46:42.762+07:00  INFO 18108 --- [admin] [http-nio-4005-exec-7] c.s.admin.security.jwt.AuthTokenFilter   : JWT validation result: true
2024-11-13T20:46:42.773+07:00  INFO 18108 --- [admin] [http-nio-4005-exec-7] c.s.admin.security.jwt.AuthTokenFilter   : Username extracted from JWT: manhquan12
2024-11-13T20:46:42.797+07:00  INFO 18108 --- [admin] [http-nio-4005-exec-7] c.s.admin.security.jwt.AuthTokenFilter   : JWT in Authorization header: eyJhbGciOiJIUzI1NiJ9.eyJyb2xlcyI6W3siYXV0aG9yaXR5IjoiUk9MRV9VU0VSIn0seyJhdXRob3JpdHkiOiJST0xFX0FETUlOIn1dLCJpZCI6MjgsInVzZXJuYW1lIjoibWFuaHF1YW4xMiIsImlhdCI6MTczMTUwNDY5OCwiZXhwIjoxNzMxNTIyNjk4fQ.JQeLI55zFQi1QsHkI9rzh68tVjWo_I9cOULfjbda5Hc
