2025-01-01T22:47:39.529+07:00  INFO 26656 --- [admin] [main] com.system.admin.AdminApplication        : Starting AdminApplication using Java 17.0.11 with PID 26656 (D:\KLTN\UserManagement\admin\target\classes started by Admin in D:\KLTN\UserManagement\admin)
2025-01-01T22:47:39.536+07:00 DEBUG 26656 --- [admin] [main] com.system.admin.AdminApplication        : Running with Spring Boot v3.2.8, Spring v6.1.11
2025-01-01T22:47:39.545+07:00  INFO 26656 --- [admin] [main] com.system.admin.AdminApplication        : No active profile set, falling back to 1 default profile: "default"
2025-01-01T22:47:45.109+07:00  INFO 26656 --- [admin] [main] .s.d.r.c.RepositoryConfigurationDelegate : Bootstrapping Spring Data JPA repositories in DEFAULT mode.
2025-01-01T22:47:45.308+07:00  INFO 26656 --- [admin] [main] .s.d.r.c.RepositoryConfigurationDelegate : Finished Spring Data repository scanning in 179 ms. Found 14 JPA repository interfaces.
2025-01-01T22:47:47.143+07:00  INFO 26656 --- [admin] [main] o.s.b.w.embedded.tomcat.TomcatWebServer  : Tomcat initialized with port 4005 (http)
2025-01-01T22:47:47.174+07:00  INFO 26656 --- [admin] [main] o.apache.catalina.core.StandardService   : Starting service [Tomcat]
2025-01-01T22:47:47.179+07:00  INFO 26656 --- [admin] [main] o.apache.catalina.core.StandardEngine    : Starting Servlet engine: [Apache Tomcat/10.1.26]
2025-01-01T22:47:47.362+07:00  INFO 26656 --- [admin] [main] o.a.c.c.C.[Tomcat].[localhost].[/]       : Initializing Spring embedded WebApplicationContext
2025-01-01T22:47:47.363+07:00  INFO 26656 --- [admin] [main] w.s.c.ServletWebServerApplicationContext : Root WebApplicationContext: initialization completed in 7639 ms
2025-01-01T22:47:47.771+07:00  INFO 26656 --- [admin] [main] o.hibernate.jpa.internal.util.LogHelper  : HHH000204: Processing PersistenceUnitInfo [name: default]
2025-01-01T22:47:47.883+07:00  INFO 26656 --- [admin] [main] org.hibernate.Version                    : HHH000412: Hibernate ORM core version 6.4.9.Final
2025-01-01T22:47:47.958+07:00  INFO 26656 --- [admin] [main] o.h.c.internal.RegionFactoryInitiator    : HHH000026: Second-level cache disabled
2025-01-01T22:47:48.430+07:00  INFO 26656 --- [admin] [main] o.s.o.j.p.SpringPersistenceUnitInfo      : No LoadTimeWeaver setup: ignoring JPA class transformer
2025-01-01T22:47:48.480+07:00  INFO 26656 --- [admin] [main] com.zaxxer.hikari.HikariDataSource       : HikariPool-1 - Starting...
2025-01-01T22:47:49.180+07:00  INFO 26656 --- [admin] [main] com.zaxxer.hikari.pool.HikariPool        : HikariPool-1 - Added connection com.mysql.cj.jdbc.ConnectionImpl@28f05b0c
2025-01-01T22:47:49.184+07:00  INFO 26656 --- [admin] [main] com.zaxxer.hikari.HikariDataSource       : HikariPool-1 - Start completed.
2025-01-01T22:47:49.367+07:00  WARN 26656 --- [admin] [main] org.hibernate.orm.deprecation            : HHH90000025: MySQLDialect does not need to be specified explicitly using 'hibernate.dialect' (remove the property setting and it will be selected by default)
2025-01-01T22:47:51.685+07:00  INFO 26656 --- [admin] [main] o.h.e.t.j.p.i.JtaPlatformInitiator       : HHH000489: No JTA platform available (set 'hibernate.transaction.jta.platform' to enable JTA platform integration)
2025-01-01T22:47:52.083+07:00  INFO 26656 --- [admin] [main] j.LocalContainerEntityManagerFactoryBean : Initialized JPA EntityManagerFactory for persistence unit 'default'
2025-01-01T22:47:52.505+07:00  INFO 26656 --- [admin] [main] o.s.d.j.r.query.QueryEnhancerFactory     : Hibernate is in classpath; If applicable, HQL parser will be used.
2025-01-01T22:47:53.686+07:00 DEBUG 26656 --- [admin] [main] c.s.admin.security.jwt.AuthTokenFilter   : Filter 'authenticationJwtTokenFilter' configured for use
2025-01-01T22:47:55.346+07:00  WARN 26656 --- [admin] [main] JpaBaseConfiguration$JpaWebConfiguration : spring.jpa.open-in-view is enabled by default. Therefore, database queries may be performed during view rendering. Explicitly configure spring.jpa.open-in-view to disable this warning
2025-01-01T22:47:55.839+07:00  INFO 26656 --- [admin] [main] o.s.s.web.DefaultSecurityFilterChain     : Will secure any request with [org.springframework.security.web.session.DisableEncodeUrlFilter@38f42298, org.springframework.security.web.context.request.async.WebAsyncManagerIntegrationFilter@703b55db, org.springframework.security.web.context.SecurityContextHolderFilter@5bfa9a7, org.springframework.security.web.header.HeaderWriterFilter@247b949c, org.springframework.web.filter.CorsFilter@562c23ca, org.springframework.security.web.authentication.logout.LogoutFilter@4d2ad535, com.system.admin.security.jwt.AuthTokenFilter@4f991f00, org.springframework.security.web.savedrequest.RequestCacheAwareFilter@4b2dd504, org.springframework.security.web.servletapi.SecurityContextHolderAwareRequestFilter@6617fa99, org.springframework.security.web.authentication.AnonymousAuthenticationFilter@497f104c, org.springframework.security.web.session.SessionManagementFilter@6f543c90, org.springframework.security.web.access.ExceptionTranslationFilter@cc226b0, org.springframework.security.web.access.intercept.AuthorizationFilter@1dbaa7aa]
2025-01-01T22:47:56.244+07:00  INFO 26656 --- [admin] [main] o.s.b.w.embedded.tomcat.TomcatWebServer  : Tomcat started on port 4005 (http) with context path ''
2025-01-01T22:47:56.266+07:00  INFO 26656 --- [admin] [main] com.system.admin.AdminApplication        : Started AdminApplication in 18.77 seconds (process running for 22.205)
2025-01-01T22:48:11.239+07:00  INFO 26656 --- [admin] [http-nio-4005-exec-1] o.a.c.c.C.[Tomcat].[localhost].[/]       : Initializing Spring DispatcherServlet 'dispatcherServlet'
2025-01-01T22:48:11.239+07:00  INFO 26656 --- [admin] [http-nio-4005-exec-1] o.s.web.servlet.DispatcherServlet        : Initializing Servlet 'dispatcherServlet'
2025-01-01T22:48:11.242+07:00  INFO 26656 --- [admin] [http-nio-4005-exec-1] o.s.web.servlet.DispatcherServlet        : Completed initialization in 2 ms
2025-01-01T22:48:11.290+07:00 DEBUG 26656 --- [admin] [http-nio-4005-exec-1] c.s.admin.security.jwt.AuthTokenFilter   : Authorization Header: Bearer eyJhbGciOiJIUzI1NiJ9.eyJzdWIiOiJtaW5oIiwiaWF0IjoxNzI3OTY4NDYzLCJleHAiOjE3MjgwNTQ4NjN9.8UeIlECgY23CeusfMeP4KHy-B-FKpur8PKlgCj3y4nE
2025-01-01T22:48:11.290+07:00  INFO 26656 --- [admin] [http-nio-4005-exec-1] c.s.admin.security.jwt.AuthTokenFilter   : JWT extracted from header: eyJhbGciOiJIUzI1NiJ9.eyJzdWIiOiJtaW5oIiwiaWF0IjoxNzI3OTY4NDYzLCJleHAiOjE3MjgwNTQ4NjN9.8UeIlECgY23CeusfMeP4KHy-B-FKpur8PKlgCj3y4nE
2025-01-01T22:48:11.381+07:00 ERROR 26656 --- [admin] [http-nio-4005-exec-1] com.system.admin.security.jwt.JwtUtils   : JWT token is expired: JWT expired at 2024-10-04T15:14:23Z. Current time: 2025-01-01T15:48:11Z, a difference of 7691568381 milliseconds.  Allowed clock skew: 60000 milliseconds.
2025-01-01T22:48:11.381+07:00  INFO 26656 --- [admin] [http-nio-4005-exec-1] c.s.admin.security.jwt.AuthTokenFilter   : JWT validation result: false
2025-01-01T22:48:11.381+07:00  WARN 26656 --- [admin] [http-nio-4005-exec-1] c.s.admin.security.jwt.AuthTokenFilter   : JWT token is invalid.
2025-01-01T22:48:12.176+07:00  WARN 26656 --- [admin] [http-nio-4005-exec-1] o.h.engine.jdbc.spi.SqlExceptionHelper   : SQL Error: 1062, SQLState: 23000
2025-01-01T22:48:12.177+07:00 ERROR 26656 --- [admin] [http-nio-4005-exec-1] o.h.engine.jdbc.spi.SqlExceptionHelper   : Duplicate entry '24' for key 'refreshtoken.UK_81otwtvdhcw7y3ipoijtlb1g3'
2025-01-01T22:49:28.293+07:00 DEBUG 26656 --- [admin] [http-nio-4005-exec-4] c.s.admin.security.jwt.AuthTokenFilter   : Authorization Header: Bearer eyJhbGciOiJIUzI1NiJ9.eyJzdWIiOiJtaW5oIiwiaWF0IjoxNzI3OTY4NDYzLCJleHAiOjE3MjgwNTQ4NjN9.8UeIlECgY23CeusfMeP4KHy-B-FKpur8PKlgCj3y4nE
2025-01-01T22:49:28.293+07:00  INFO 26656 --- [admin] [http-nio-4005-exec-4] c.s.admin.security.jwt.AuthTokenFilter   : JWT extracted from header: eyJhbGciOiJIUzI1NiJ9.eyJzdWIiOiJtaW5oIiwiaWF0IjoxNzI3OTY4NDYzLCJleHAiOjE3MjgwNTQ4NjN9.8UeIlECgY23CeusfMeP4KHy-B-FKpur8PKlgCj3y4nE
2025-01-01T22:49:28.303+07:00 ERROR 26656 --- [admin] [http-nio-4005-exec-4] com.system.admin.security.jwt.JwtUtils   : JWT token is expired: JWT expired at 2024-10-04T15:14:23Z. Current time: 2025-01-01T15:49:28Z, a difference of 7691645302 milliseconds.  Allowed clock skew: 60000 milliseconds.
2025-01-01T22:49:28.303+07:00  INFO 26656 --- [admin] [http-nio-4005-exec-4] c.s.admin.security.jwt.AuthTokenFilter   : JWT validation result: false
2025-01-01T22:49:28.303+07:00  WARN 26656 --- [admin] [http-nio-4005-exec-4] c.s.admin.security.jwt.AuthTokenFilter   : JWT token is invalid.
2025-01-01T22:49:28.431+07:00  WARN 26656 --- [admin] [http-nio-4005-exec-4] o.h.engine.jdbc.spi.SqlExceptionHelper   : SQL Error: 1062, SQLState: 23000
2025-01-01T22:49:28.432+07:00 ERROR 26656 --- [admin] [http-nio-4005-exec-4] o.h.engine.jdbc.spi.SqlExceptionHelper   : Duplicate entry '24' for key 'refreshtoken.UK_81otwtvdhcw7y3ipoijtlb1g3'
2025-01-01T22:49:47.270+07:00 DEBUG 26656 --- [admin] [http-nio-4005-exec-6] c.s.admin.security.jwt.AuthTokenFilter   : Authorization Header: Bearer eyJhbGciOiJIUzI1NiJ9.eyJyb2xlcyI6W3siYXV0aG9yaXR5IjoiUk9MRV9VU0VSIn1dLCJpZCI6MjQsImVtYWlsIjoidm9sZUBtYWlsaW5hdG9yLmNvbSIsInVzZXJuYW1lIjoibWlubWluIiwiaWF0IjoxNzM1NzQ2NTY4LCJleHAiOjE3MzU3NjQ1Njh9.9bnFMCQG2JNhgOuTK63BR-QIxLfvaeCbSlbymCuPabk
2025-01-01T22:49:47.272+07:00  INFO 26656 --- [admin] [http-nio-4005-exec-6] c.s.admin.security.jwt.AuthTokenFilter   : JWT extracted from header: eyJhbGciOiJIUzI1NiJ9.eyJyb2xlcyI6W3siYXV0aG9yaXR5IjoiUk9MRV9VU0VSIn1dLCJpZCI6MjQsImVtYWlsIjoidm9sZUBtYWlsaW5hdG9yLmNvbSIsInVzZXJuYW1lIjoibWlubWluIiwiaWF0IjoxNzM1NzQ2NTY4LCJleHAiOjE3MzU3NjQ1Njh9.9bnFMCQG2JNhgOuTK63BR-QIxLfvaeCbSlbymCuPabk
2025-01-01T22:49:47.277+07:00  INFO 26656 --- [admin] [http-nio-4005-exec-6] c.s.admin.security.jwt.AuthTokenFilter   : JWT validation result: true
2025-01-01T22:49:47.282+07:00  INFO 26656 --- [admin] [http-nio-4005-exec-6] c.s.admin.security.jwt.AuthTokenFilter   : Username extracted from JWT: minmin
2025-01-01T22:49:47.302+07:00  INFO 26656 --- [admin] [http-nio-4005-exec-6] c.s.admin.security.jwt.AuthTokenFilter   : JWT in Authorization header: eyJhbGciOiJIUzI1NiJ9.eyJyb2xlcyI6W3siYXV0aG9yaXR5IjoiUk9MRV9VU0VSIn1dLCJpZCI6MjQsImVtYWlsIjoidm9sZUBtYWlsaW5hdG9yLmNvbSIsInVzZXJuYW1lIjoibWlubWluIiwiaWF0IjoxNzM1NzQ2NTY4LCJleHAiOjE3MzU3NjQ1Njh9.9bnFMCQG2JNhgOuTK63BR-QIxLfvaeCbSlbymCuPabk
2025-01-01T22:50:01.821+07:00 DEBUG 26656 --- [admin] [http-nio-4005-exec-7] c.s.admin.security.jwt.AuthTokenFilter   : Authorization Header: null
2025-01-01T22:50:01.821+07:00  WARN 26656 --- [admin] [http-nio-4005-exec-7] c.s.admin.security.jwt.AuthTokenFilter   : Authorization header is missing or does not start with Bearer
2025-01-01T22:50:01.821+07:00  INFO 26656 --- [admin] [http-nio-4005-exec-7] c.s.admin.security.jwt.AuthTokenFilter   : JWT extracted from header: null
2025-01-01T22:50:01.821+07:00  WARN 26656 --- [admin] [http-nio-4005-exec-7] c.s.admin.security.jwt.AuthTokenFilter   : JWT token is null.
