2025-01-04T23:32:28.352+07:00  INFO 7040 --- [admin] [main] com.system.admin.AdminApplication        : Starting AdminApplication using Java 17.0.11 with PID 7040 (D:\KLTN\UserManagement\admin\target\classes started by Admin in D:\KLTN\UserManagement\admin)
2025-01-04T23:32:28.372+07:00 DEBUG 7040 --- [admin] [main] com.system.admin.AdminApplication        : Running with Spring Boot v3.2.8, Spring v6.1.11
2025-01-04T23:32:28.374+07:00  INFO 7040 --- [admin] [main] com.system.admin.AdminApplication        : No active profile set, falling back to 1 default profile: "default"
2025-01-04T23:32:33.301+07:00  INFO 7040 --- [admin] [main] .s.d.r.c.RepositoryConfigurationDelegate : Bootstrapping Spring Data JPA repositories in DEFAULT mode.
2025-01-04T23:32:33.763+07:00  INFO 7040 --- [admin] [main] .s.d.r.c.RepositoryConfigurationDelegate : Finished Spring Data repository scanning in 373 ms. Found 14 JPA repository interfaces.
2025-01-04T23:32:36.728+07:00  INFO 7040 --- [admin] [main] o.s.b.w.embedded.tomcat.TomcatWebServer  : Tomcat initialized with port 4005 (http)
2025-01-04T23:32:36.763+07:00  INFO 7040 --- [admin] [main] o.apache.catalina.core.StandardService   : Starting service [Tomcat]
2025-01-04T23:32:36.768+07:00  INFO 7040 --- [admin] [main] o.apache.catalina.core.StandardEngine    : Starting Servlet engine: [Apache Tomcat/10.1.26]
2025-01-04T23:32:37.767+07:00  INFO 7040 --- [admin] [main] o.a.c.c.C.[Tomcat].[localhost].[/]       : Initializing Spring embedded WebApplicationContext
2025-01-04T23:32:37.767+07:00  INFO 7040 --- [admin] [main] w.s.c.ServletWebServerApplicationContext : Root WebApplicationContext: initialization completed in 9237 ms
2025-01-04T23:32:40.131+07:00  INFO 7040 --- [admin] [main] o.hibernate.jpa.internal.util.LogHelper  : HHH000204: Processing PersistenceUnitInfo [name: default]
2025-01-04T23:32:40.886+07:00  INFO 7040 --- [admin] [main] org.hibernate.Version                    : HHH000412: Hibernate ORM core version 6.4.9.Final
2025-01-04T23:32:41.081+07:00  INFO 7040 --- [admin] [main] o.h.c.internal.RegionFactoryInitiator    : HHH000026: Second-level cache disabled
2025-01-04T23:32:42.370+07:00  INFO 7040 --- [admin] [main] o.s.o.j.p.SpringPersistenceUnitInfo      : No LoadTimeWeaver setup: ignoring JPA class transformer
2025-01-04T23:32:42.507+07:00  INFO 7040 --- [admin] [main] com.zaxxer.hikari.HikariDataSource       : HikariPool-1 - Starting...
2025-01-04T23:32:43.467+07:00  INFO 7040 --- [admin] [main] com.zaxxer.hikari.pool.HikariPool        : HikariPool-1 - Added connection com.mysql.cj.jdbc.ConnectionImpl@58f7215c
2025-01-04T23:32:43.470+07:00  INFO 7040 --- [admin] [main] com.zaxxer.hikari.HikariDataSource       : HikariPool-1 - Start completed.
2025-01-04T23:32:43.625+07:00  WARN 7040 --- [admin] [main] org.hibernate.orm.deprecation            : HHH90000025: MySQLDialect does not need to be specified explicitly using 'hibernate.dialect' (remove the property setting and it will be selected by default)
2025-01-04T23:32:48.176+07:00  INFO 7040 --- [admin] [main] o.h.e.t.j.p.i.JtaPlatformInitiator       : HHH000489: No JTA platform available (set 'hibernate.transaction.jta.platform' to enable JTA platform integration)
2025-01-04T23:32:48.798+07:00  INFO 7040 --- [admin] [main] j.LocalContainerEntityManagerFactoryBean : Initialized JPA EntityManagerFactory for persistence unit 'default'
2025-01-04T23:32:49.740+07:00  INFO 7040 --- [admin] [main] o.s.d.j.r.query.QueryEnhancerFactory     : Hibernate is in classpath; If applicable, HQL parser will be used.
2025-01-04T23:32:51.458+07:00 DEBUG 7040 --- [admin] [main] c.s.admin.security.jwt.AuthTokenFilter   : Filter 'authenticationJwtTokenFilter' configured for use
2025-01-04T23:32:54.075+07:00  WARN 7040 --- [admin] [main] JpaBaseConfiguration$JpaWebConfiguration : spring.jpa.open-in-view is enabled by default. Therefore, database queries may be performed during view rendering. Explicitly configure spring.jpa.open-in-view to disable this warning
2025-01-04T23:32:55.149+07:00  INFO 7040 --- [admin] [main] o.s.s.web.DefaultSecurityFilterChain     : Will secure any request with [org.springframework.security.web.session.DisableEncodeUrlFilter@4a57771a, org.springframework.security.web.context.request.async.WebAsyncManagerIntegrationFilter@5a8a98c7, org.springframework.security.web.context.SecurityContextHolderFilter@2fec2afa, org.springframework.security.web.header.HeaderWriterFilter@8880259, org.springframework.web.filter.CorsFilter@636e356f, org.springframework.security.web.authentication.logout.LogoutFilter@78751d07, com.system.admin.security.jwt.AuthTokenFilter@4c6a5712, org.springframework.security.web.savedrequest.RequestCacheAwareFilter@2fa0e7a8, org.springframework.security.web.servletapi.SecurityContextHolderAwareRequestFilter@1dbaa7aa, org.springframework.security.web.authentication.AnonymousAuthenticationFilter@1db9adf3, org.springframework.security.web.session.SessionManagementFilter@4692047b, org.springframework.security.web.access.ExceptionTranslationFilter@34bdf0da, org.springframework.security.web.access.intercept.AuthorizationFilter@32144b3c]
2025-01-04T23:32:55.853+07:00  INFO 7040 --- [admin] [main] o.s.b.w.embedded.tomcat.TomcatWebServer  : Tomcat started on port 4005 (http) with context path ''
2025-01-04T23:32:55.903+07:00  INFO 7040 --- [admin] [main] com.system.admin.AdminApplication        : Started AdminApplication in 28.767 seconds (process running for 31.046)
2025-01-04T23:33:48.488+07:00  INFO 7040 --- [admin] [http-nio-4005-exec-1] o.a.c.c.C.[Tomcat].[localhost].[/]       : Initializing Spring DispatcherServlet 'dispatcherServlet'
2025-01-04T23:33:48.491+07:00  INFO 7040 --- [admin] [http-nio-4005-exec-1] o.s.web.servlet.DispatcherServlet        : Initializing Servlet 'dispatcherServlet'
2025-01-04T23:33:48.511+07:00  INFO 7040 --- [admin] [http-nio-4005-exec-1] o.s.web.servlet.DispatcherServlet        : Completed initialization in 20 ms
2025-01-04T23:33:48.667+07:00 DEBUG 7040 --- [admin] [http-nio-4005-exec-1] c.s.admin.security.jwt.AuthTokenFilter   : Authorization Header: null
2025-01-04T23:33:48.667+07:00  WARN 7040 --- [admin] [http-nio-4005-exec-1] c.s.admin.security.jwt.AuthTokenFilter   : Authorization header is missing or does not start with Bearer
2025-01-04T23:33:48.667+07:00  INFO 7040 --- [admin] [http-nio-4005-exec-1] c.s.admin.security.jwt.AuthTokenFilter   : JWT extracted from header: null
2025-01-04T23:33:48.667+07:00  WARN 7040 --- [admin] [http-nio-4005-exec-1] c.s.admin.security.jwt.AuthTokenFilter   : JWT token is null.
2025-01-04T23:33:48.682+07:00 ERROR 7040 --- [admin] [http-nio-4005-exec-1] c.s.a.security.jwt.AuthEntryPointJwt     : Unauthorized error: Full authentication is required to access this resource
2025-01-04T23:33:48.831+07:00 DEBUG 7040 --- [admin] [http-nio-4005-exec-1] c.s.admin.security.jwt.AuthTokenFilter   : Authorization Header: null
2025-01-04T23:33:48.831+07:00  WARN 7040 --- [admin] [http-nio-4005-exec-1] c.s.admin.security.jwt.AuthTokenFilter   : Authorization header is missing or does not start with Bearer
2025-01-04T23:33:48.831+07:00  INFO 7040 --- [admin] [http-nio-4005-exec-1] c.s.admin.security.jwt.AuthTokenFilter   : JWT extracted from header: null
2025-01-04T23:33:48.831+07:00  WARN 7040 --- [admin] [http-nio-4005-exec-1] c.s.admin.security.jwt.AuthTokenFilter   : JWT token is null.
2025-01-04T23:33:48.833+07:00 ERROR 7040 --- [admin] [http-nio-4005-exec-1] c.s.a.security.jwt.AuthEntryPointJwt     : Unauthorized error: Full authentication is required to access this resource
2025-01-04T23:34:01.833+07:00 DEBUG 7040 --- [admin] [http-nio-4005-exec-2] c.s.admin.security.jwt.AuthTokenFilter   : Authorization Header: null
2025-01-04T23:34:01.833+07:00  WARN 7040 --- [admin] [http-nio-4005-exec-2] c.s.admin.security.jwt.AuthTokenFilter   : Authorization header is missing or does not start with Bearer
2025-01-04T23:34:01.833+07:00  INFO 7040 --- [admin] [http-nio-4005-exec-2] c.s.admin.security.jwt.AuthTokenFilter   : JWT extracted from header: null
2025-01-04T23:34:01.833+07:00  WARN 7040 --- [admin] [http-nio-4005-exec-2] c.s.admin.security.jwt.AuthTokenFilter   : JWT token is null.
2025-01-04T23:34:02.759+07:00  WARN 7040 --- [admin] [http-nio-4005-exec-2] o.h.engine.jdbc.spi.SqlExceptionHelper   : SQL Error: 1062, SQLState: 23000
2025-01-04T23:34:02.759+07:00 ERROR 7040 --- [admin] [http-nio-4005-exec-2] o.h.engine.jdbc.spi.SqlExceptionHelper   : Duplicate entry '28' for key 'refreshtoken.UK_81otwtvdhcw7y3ipoijtlb1g3'
2025-01-04T23:34:04.047+07:00 DEBUG 7040 --- [admin] [http-nio-4005-exec-8] c.s.admin.security.jwt.AuthTokenFilter   : Authorization Header: Bearer eyJhbGciOiJIUzI1NiJ9.eyJyb2xlcyI6W3siYXV0aG9yaXR5IjoiUk9MRV9VU0VSIn0seyJhdXRob3JpdHkiOiJST0xFX0FETUlOIn1dLCJpZCI6MjgsInVzZXJuYW1lIjoibWFuaHF1YW4xMiIsImlhdCI6MTczNjAwODQ0MiwiZXhwIjoxNzM2MDI2NDQyfQ.DB04DfUNynTB0KwQzglz1e3LMPi_m_g1a50tFhHJspw
2025-01-04T23:34:04.047+07:00  INFO 7040 --- [admin] [http-nio-4005-exec-8] c.s.admin.security.jwt.AuthTokenFilter   : JWT extracted from header: eyJhbGciOiJIUzI1NiJ9.eyJyb2xlcyI6W3siYXV0aG9yaXR5IjoiUk9MRV9VU0VSIn0seyJhdXRob3JpdHkiOiJST0xFX0FETUlOIn1dLCJpZCI6MjgsInVzZXJuYW1lIjoibWFuaHF1YW4xMiIsImlhdCI6MTczNjAwODQ0MiwiZXhwIjoxNzM2MDI2NDQyfQ.DB04DfUNynTB0KwQzglz1e3LMPi_m_g1a50tFhHJspw
2025-01-04T23:34:04.049+07:00 DEBUG 7040 --- [admin] [http-nio-4005-exec-9] c.s.admin.security.jwt.AuthTokenFilter   : Authorization Header: Bearer eyJhbGciOiJIUzI1NiJ9.eyJyb2xlcyI6W3siYXV0aG9yaXR5IjoiUk9MRV9VU0VSIn0seyJhdXRob3JpdHkiOiJST0xFX0FETUlOIn1dLCJpZCI6MjgsInVzZXJuYW1lIjoibWFuaHF1YW4xMiIsImlhdCI6MTczNjAwODQ0MiwiZXhwIjoxNzM2MDI2NDQyfQ.DB04DfUNynTB0KwQzglz1e3LMPi_m_g1a50tFhHJspw
2025-01-04T23:34:04.049+07:00  INFO 7040 --- [admin] [http-nio-4005-exec-9] c.s.admin.security.jwt.AuthTokenFilter   : JWT extracted from header: eyJhbGciOiJIUzI1NiJ9.eyJyb2xlcyI6W3siYXV0aG9yaXR5IjoiUk9MRV9VU0VSIn0seyJhdXRob3JpdHkiOiJST0xFX0FETUlOIn1dLCJpZCI6MjgsInVzZXJuYW1lIjoibWFuaHF1YW4xMiIsImlhdCI6MTczNjAwODQ0MiwiZXhwIjoxNzM2MDI2NDQyfQ.DB04DfUNynTB0KwQzglz1e3LMPi_m_g1a50tFhHJspw
2025-01-04T23:34:04.149+07:00  INFO 7040 --- [admin] [http-nio-4005-exec-9] c.s.admin.security.jwt.AuthTokenFilter   : JWT validation result: true
2025-01-04T23:34:04.154+07:00  INFO 7040 --- [admin] [http-nio-4005-exec-8] c.s.admin.security.jwt.AuthTokenFilter   : JWT validation result: true
2025-01-04T23:34:04.159+07:00  INFO 7040 --- [admin] [http-nio-4005-exec-8] c.s.admin.security.jwt.AuthTokenFilter   : Username extracted from JWT: manhquan12
2025-01-04T23:34:04.159+07:00  INFO 7040 --- [admin] [http-nio-4005-exec-9] c.s.admin.security.jwt.AuthTokenFilter   : Username extracted from JWT: manhquan12
2025-01-04T23:34:04.227+07:00  INFO 7040 --- [admin] [http-nio-4005-exec-9] c.s.admin.security.jwt.AuthTokenFilter   : JWT in Authorization header: eyJhbGciOiJIUzI1NiJ9.eyJyb2xlcyI6W3siYXV0aG9yaXR5IjoiUk9MRV9VU0VSIn0seyJhdXRob3JpdHkiOiJST0xFX0FETUlOIn1dLCJpZCI6MjgsInVzZXJuYW1lIjoibWFuaHF1YW4xMiIsImlhdCI6MTczNjAwODQ0MiwiZXhwIjoxNzM2MDI2NDQyfQ.DB04DfUNynTB0KwQzglz1e3LMPi_m_g1a50tFhHJspw
2025-01-04T23:34:04.233+07:00  INFO 7040 --- [admin] [http-nio-4005-exec-8] c.s.admin.security.jwt.AuthTokenFilter   : JWT in Authorization header: eyJhbGciOiJIUzI1NiJ9.eyJyb2xlcyI6W3siYXV0aG9yaXR5IjoiUk9MRV9VU0VSIn0seyJhdXRob3JpdHkiOiJST0xFX0FETUlOIn1dLCJpZCI6MjgsInVzZXJuYW1lIjoibWFuaHF1YW4xMiIsImlhdCI6MTczNjAwODQ0MiwiZXhwIjoxNzM2MDI2NDQyfQ.DB04DfUNynTB0KwQzglz1e3LMPi_m_g1a50tFhHJspw
2025-01-04T23:34:04.431+07:00 DEBUG 7040 --- [admin] [http-nio-4005-exec-8] c.s.admin.security.jwt.AuthTokenFilter   : Authorization Header: Bearer eyJhbGciOiJIUzI1NiJ9.eyJyb2xlcyI6W3siYXV0aG9yaXR5IjoiUk9MRV9VU0VSIn0seyJhdXRob3JpdHkiOiJST0xFX0FETUlOIn1dLCJpZCI6MjgsInVzZXJuYW1lIjoibWFuaHF1YW4xMiIsImlhdCI6MTczNjAwODQ0MiwiZXhwIjoxNzM2MDI2NDQyfQ.DB04DfUNynTB0KwQzglz1e3LMPi_m_g1a50tFhHJspw
2025-01-04T23:34:04.431+07:00  INFO 7040 --- [admin] [http-nio-4005-exec-8] c.s.admin.security.jwt.AuthTokenFilter   : JWT extracted from header: eyJhbGciOiJIUzI1NiJ9.eyJyb2xlcyI6W3siYXV0aG9yaXR5IjoiUk9MRV9VU0VSIn0seyJhdXRob3JpdHkiOiJST0xFX0FETUlOIn1dLCJpZCI6MjgsInVzZXJuYW1lIjoibWFuaHF1YW4xMiIsImlhdCI6MTczNjAwODQ0MiwiZXhwIjoxNzM2MDI2NDQyfQ.DB04DfUNynTB0KwQzglz1e3LMPi_m_g1a50tFhHJspw
2025-01-04T23:34:04.533+07:00  INFO 7040 --- [admin] [http-nio-4005-exec-8] c.s.admin.security.jwt.AuthTokenFilter   : JWT validation result: true
2025-01-04T23:34:04.548+07:00  INFO 7040 --- [admin] [http-nio-4005-exec-8] c.s.admin.security.jwt.AuthTokenFilter   : Username extracted from JWT: manhquan12
2025-01-04T23:34:04.571+07:00 DEBUG 7040 --- [admin] [http-nio-4005-exec-4] c.s.admin.security.jwt.AuthTokenFilter   : Authorization Header: Bearer eyJhbGciOiJIUzI1NiJ9.eyJyb2xlcyI6W3siYXV0aG9yaXR5IjoiUk9MRV9VU0VSIn0seyJhdXRob3JpdHkiOiJST0xFX0FETUlOIn1dLCJpZCI6MjgsInVzZXJuYW1lIjoibWFuaHF1YW4xMiIsImlhdCI6MTczNjAwODQ0MiwiZXhwIjoxNzM2MDI2NDQyfQ.DB04DfUNynTB0KwQzglz1e3LMPi_m_g1a50tFhHJspw
2025-01-04T23:34:04.572+07:00  INFO 7040 --- [admin] [http-nio-4005-exec-4] c.s.admin.security.jwt.AuthTokenFilter   : JWT extracted from header: eyJhbGciOiJIUzI1NiJ9.eyJyb2xlcyI6W3siYXV0aG9yaXR5IjoiUk9MRV9VU0VSIn0seyJhdXRob3JpdHkiOiJST0xFX0FETUlOIn1dLCJpZCI6MjgsInVzZXJuYW1lIjoibWFuaHF1YW4xMiIsImlhdCI6MTczNjAwODQ0MiwiZXhwIjoxNzM2MDI2NDQyfQ.DB04DfUNynTB0KwQzglz1e3LMPi_m_g1a50tFhHJspw
2025-01-04T23:34:04.589+07:00  INFO 7040 --- [admin] [http-nio-4005-exec-4] c.s.admin.security.jwt.AuthTokenFilter   : JWT validation result: true
2025-01-04T23:34:04.603+07:00  INFO 7040 --- [admin] [http-nio-4005-exec-4] c.s.admin.security.jwt.AuthTokenFilter   : Username extracted from JWT: manhquan12
2025-01-04T23:34:04.615+07:00  INFO 7040 --- [admin] [http-nio-4005-exec-8] c.s.admin.security.jwt.AuthTokenFilter   : JWT in Authorization header: eyJhbGciOiJIUzI1NiJ9.eyJyb2xlcyI6W3siYXV0aG9yaXR5IjoiUk9MRV9VU0VSIn0seyJhdXRob3JpdHkiOiJST0xFX0FETUlOIn1dLCJpZCI6MjgsInVzZXJuYW1lIjoibWFuaHF1YW4xMiIsImlhdCI6MTczNjAwODQ0MiwiZXhwIjoxNzM2MDI2NDQyfQ.DB04DfUNynTB0KwQzglz1e3LMPi_m_g1a50tFhHJspw
2025-01-04T23:34:04.635+07:00  INFO 7040 --- [admin] [http-nio-4005-exec-4] c.s.admin.security.jwt.AuthTokenFilter   : JWT in Authorization header: eyJhbGciOiJIUzI1NiJ9.eyJyb2xlcyI6W3siYXV0aG9yaXR5IjoiUk9MRV9VU0VSIn0seyJhdXRob3JpdHkiOiJST0xFX0FETUlOIn1dLCJpZCI6MjgsInVzZXJuYW1lIjoibWFuaHF1YW4xMiIsImlhdCI6MTczNjAwODQ0MiwiZXhwIjoxNzM2MDI2NDQyfQ.DB04DfUNynTB0KwQzglz1e3LMPi_m_g1a50tFhHJspw
2025-01-04T23:34:42.783+07:00 DEBUG 7040 --- [admin] [http-nio-4005-exec-10] c.s.admin.security.jwt.AuthTokenFilter   : Authorization Header: Bearer 1
2025-01-04T23:34:42.783+07:00  INFO 7040 --- [admin] [http-nio-4005-exec-10] c.s.admin.security.jwt.AuthTokenFilter   : JWT extracted from header: 1
2025-01-04T23:34:42.798+07:00 ERROR 7040 --- [admin] [http-nio-4005-exec-10] com.system.admin.security.jwt.JwtUtils   : Invalid JWT token: JWT strings must contain exactly 2 period characters. Found: 0
2025-01-04T23:34:42.800+07:00  INFO 7040 --- [admin] [http-nio-4005-exec-10] c.s.admin.security.jwt.AuthTokenFilter   : JWT validation result: false
2025-01-04T23:34:42.801+07:00  WARN 7040 --- [admin] [http-nio-4005-exec-10] c.s.admin.security.jwt.AuthTokenFilter   : JWT token is invalid.
2025-01-04T23:34:42.802+07:00 ERROR 7040 --- [admin] [http-nio-4005-exec-10] c.s.a.security.jwt.AuthEntryPointJwt     : Unauthorized error: Full authentication is required to access this resource
2025-01-04T23:34:44.465+07:00 DEBUG 7040 --- [admin] [http-nio-4005-exec-7] c.s.admin.security.jwt.AuthTokenFilter   : Authorization Header: null
2025-01-04T23:34:44.466+07:00  WARN 7040 --- [admin] [http-nio-4005-exec-7] c.s.admin.security.jwt.AuthTokenFilter   : Authorization header is missing or does not start with Bearer
2025-01-04T23:34:44.467+07:00  INFO 7040 --- [admin] [http-nio-4005-exec-7] c.s.admin.security.jwt.AuthTokenFilter   : JWT extracted from header: null
2025-01-04T23:34:44.467+07:00  WARN 7040 --- [admin] [http-nio-4005-exec-7] c.s.admin.security.jwt.AuthTokenFilter   : JWT token is null.
2025-01-04T23:34:44.468+07:00 ERROR 7040 --- [admin] [http-nio-4005-exec-7] c.s.a.security.jwt.AuthEntryPointJwt     : Unauthorized error: Full authentication is required to access this resource
2025-01-04T23:34:44.479+07:00 DEBUG 7040 --- [admin] [http-nio-4005-exec-1] c.s.admin.security.jwt.AuthTokenFilter   : Authorization Header: null
2025-01-04T23:34:44.480+07:00  WARN 7040 --- [admin] [http-nio-4005-exec-1] c.s.admin.security.jwt.AuthTokenFilter   : Authorization header is missing or does not start with Bearer
2025-01-04T23:34:44.482+07:00  INFO 7040 --- [admin] [http-nio-4005-exec-1] c.s.admin.security.jwt.AuthTokenFilter   : JWT extracted from header: null
2025-01-04T23:34:44.483+07:00  WARN 7040 --- [admin] [http-nio-4005-exec-1] c.s.admin.security.jwt.AuthTokenFilter   : JWT token is null.
2025-01-04T23:34:44.485+07:00 ERROR 7040 --- [admin] [http-nio-4005-exec-1] c.s.a.security.jwt.AuthEntryPointJwt     : Unauthorized error: Full authentication is required to access this resource
2025-01-04T23:34:52.575+07:00 DEBUG 7040 --- [admin] [http-nio-4005-exec-4] c.s.admin.security.jwt.AuthTokenFilter   : Authorization Header: null
2025-01-04T23:34:52.575+07:00  WARN 7040 --- [admin] [http-nio-4005-exec-4] c.s.admin.security.jwt.AuthTokenFilter   : Authorization header is missing or does not start with Bearer
2025-01-04T23:34:52.575+07:00  INFO 7040 --- [admin] [http-nio-4005-exec-4] c.s.admin.security.jwt.AuthTokenFilter   : JWT extracted from header: null
2025-01-04T23:34:52.575+07:00  WARN 7040 --- [admin] [http-nio-4005-exec-4] c.s.admin.security.jwt.AuthTokenFilter   : JWT token is null.
2025-01-04T23:34:52.576+07:00 ERROR 7040 --- [admin] [http-nio-4005-exec-4] c.s.a.security.jwt.AuthEntryPointJwt     : Unauthorized error: Full authentication is required to access this resource
2025-01-04T23:34:52.609+07:00 DEBUG 7040 --- [admin] [http-nio-4005-exec-8] c.s.admin.security.jwt.AuthTokenFilter   : Authorization Header: null
2025-01-04T23:34:52.609+07:00  WARN 7040 --- [admin] [http-nio-4005-exec-8] c.s.admin.security.jwt.AuthTokenFilter   : Authorization header is missing or does not start with Bearer
2025-01-04T23:34:52.609+07:00  INFO 7040 --- [admin] [http-nio-4005-exec-8] c.s.admin.security.jwt.AuthTokenFilter   : JWT extracted from header: null
2025-01-04T23:34:52.609+07:00  WARN 7040 --- [admin] [http-nio-4005-exec-8] c.s.admin.security.jwt.AuthTokenFilter   : JWT token is null.
2025-01-04T23:34:52.611+07:00 ERROR 7040 --- [admin] [http-nio-4005-exec-8] c.s.a.security.jwt.AuthEntryPointJwt     : Unauthorized error: Full authentication is required to access this resource
2025-01-04T23:34:57.627+07:00 DEBUG 7040 --- [admin] [http-nio-4005-exec-5] c.s.admin.security.jwt.AuthTokenFilter   : Authorization Header: null
2025-01-04T23:34:57.627+07:00  WARN 7040 --- [admin] [http-nio-4005-exec-5] c.s.admin.security.jwt.AuthTokenFilter   : Authorization header is missing or does not start with Bearer
2025-01-04T23:34:57.627+07:00  INFO 7040 --- [admin] [http-nio-4005-exec-5] c.s.admin.security.jwt.AuthTokenFilter   : JWT extracted from header: null
2025-01-04T23:34:57.627+07:00  WARN 7040 --- [admin] [http-nio-4005-exec-5] c.s.admin.security.jwt.AuthTokenFilter   : JWT token is null.
2025-01-04T23:34:57.785+07:00  WARN 7040 --- [admin] [http-nio-4005-exec-5] o.h.engine.jdbc.spi.SqlExceptionHelper   : SQL Error: 1062, SQLState: 23000
2025-01-04T23:34:57.785+07:00 ERROR 7040 --- [admin] [http-nio-4005-exec-5] o.h.engine.jdbc.spi.SqlExceptionHelper   : Duplicate entry '28' for key 'refreshtoken.UK_81otwtvdhcw7y3ipoijtlb1g3'
2025-01-04T23:34:58.896+07:00 DEBUG 7040 --- [admin] [http-nio-4005-exec-2] c.s.admin.security.jwt.AuthTokenFilter   : Authorization Header: Bearer eyJhbGciOiJIUzI1NiJ9.eyJyb2xlcyI6W3siYXV0aG9yaXR5IjoiUk9MRV9VU0VSIn0seyJhdXRob3JpdHkiOiJST0xFX0FETUlOIn1dLCJpZCI6MjgsInVzZXJuYW1lIjoibWFuaHF1YW4xMiIsImlhdCI6MTczNjAwODQ5NywiZXhwIjoxNzM2MDI2NDk3fQ.Yi4DaWZze_HH4u2wUB0BwhMb06VIDQ1mJtOcSYpcaUs
2025-01-04T23:34:58.896+07:00 DEBUG 7040 --- [admin] [http-nio-4005-exec-6] c.s.admin.security.jwt.AuthTokenFilter   : Authorization Header: Bearer eyJhbGciOiJIUzI1NiJ9.eyJyb2xlcyI6W3siYXV0aG9yaXR5IjoiUk9MRV9VU0VSIn0seyJhdXRob3JpdHkiOiJST0xFX0FETUlOIn1dLCJpZCI6MjgsInVzZXJuYW1lIjoibWFuaHF1YW4xMiIsImlhdCI6MTczNjAwODQ5NywiZXhwIjoxNzM2MDI2NDk3fQ.Yi4DaWZze_HH4u2wUB0BwhMb06VIDQ1mJtOcSYpcaUs
2025-01-04T23:34:58.896+07:00  INFO 7040 --- [admin] [http-nio-4005-exec-2] c.s.admin.security.jwt.AuthTokenFilter   : JWT extracted from header: eyJhbGciOiJIUzI1NiJ9.eyJyb2xlcyI6W3siYXV0aG9yaXR5IjoiUk9MRV9VU0VSIn0seyJhdXRob3JpdHkiOiJST0xFX0FETUlOIn1dLCJpZCI6MjgsInVzZXJuYW1lIjoibWFuaHF1YW4xMiIsImlhdCI6MTczNjAwODQ5NywiZXhwIjoxNzM2MDI2NDk3fQ.Yi4DaWZze_HH4u2wUB0BwhMb06VIDQ1mJtOcSYpcaUs
2025-01-04T23:34:58.897+07:00  INFO 7040 --- [admin] [http-nio-4005-exec-6] c.s.admin.security.jwt.AuthTokenFilter   : JWT extracted from header: eyJhbGciOiJIUzI1NiJ9.eyJyb2xlcyI6W3siYXV0aG9yaXR5IjoiUk9MRV9VU0VSIn0seyJhdXRob3JpdHkiOiJST0xFX0FETUlOIn1dLCJpZCI6MjgsInVzZXJuYW1lIjoibWFuaHF1YW4xMiIsImlhdCI6MTczNjAwODQ5NywiZXhwIjoxNzM2MDI2NDk3fQ.Yi4DaWZze_HH4u2wUB0BwhMb06VIDQ1mJtOcSYpcaUs
2025-01-04T23:34:58.912+07:00  INFO 7040 --- [admin] [http-nio-4005-exec-6] c.s.admin.security.jwt.AuthTokenFilter   : JWT validation result: true
2025-01-04T23:34:58.912+07:00  INFO 7040 --- [admin] [http-nio-4005-exec-2] c.s.admin.security.jwt.AuthTokenFilter   : JWT validation result: true
2025-01-04T23:34:58.922+07:00  INFO 7040 --- [admin] [http-nio-4005-exec-6] c.s.admin.security.jwt.AuthTokenFilter   : Username extracted from JWT: manhquan12
2025-01-04T23:34:58.922+07:00  INFO 7040 --- [admin] [http-nio-4005-exec-2] c.s.admin.security.jwt.AuthTokenFilter   : Username extracted from JWT: manhquan12
2025-01-04T23:34:58.950+07:00  INFO 7040 --- [admin] [http-nio-4005-exec-6] c.s.admin.security.jwt.AuthTokenFilter   : JWT in Authorization header: eyJhbGciOiJIUzI1NiJ9.eyJyb2xlcyI6W3siYXV0aG9yaXR5IjoiUk9MRV9VU0VSIn0seyJhdXRob3JpdHkiOiJST0xFX0FETUlOIn1dLCJpZCI6MjgsInVzZXJuYW1lIjoibWFuaHF1YW4xMiIsImlhdCI6MTczNjAwODQ5NywiZXhwIjoxNzM2MDI2NDk3fQ.Yi4DaWZze_HH4u2wUB0BwhMb06VIDQ1mJtOcSYpcaUs
2025-01-04T23:34:58.952+07:00  INFO 7040 --- [admin] [http-nio-4005-exec-2] c.s.admin.security.jwt.AuthTokenFilter   : JWT in Authorization header: eyJhbGciOiJIUzI1NiJ9.eyJyb2xlcyI6W3siYXV0aG9yaXR5IjoiUk9MRV9VU0VSIn0seyJhdXRob3JpdHkiOiJST0xFX0FETUlOIn1dLCJpZCI6MjgsInVzZXJuYW1lIjoibWFuaHF1YW4xMiIsImlhdCI6MTczNjAwODQ5NywiZXhwIjoxNzM2MDI2NDk3fQ.Yi4DaWZze_HH4u2wUB0BwhMb06VIDQ1mJtOcSYpcaUs
2025-01-04T23:34:59.011+07:00 DEBUG 7040 --- [admin] [http-nio-4005-exec-10] c.s.admin.security.jwt.AuthTokenFilter   : Authorization Header: Bearer eyJhbGciOiJIUzI1NiJ9.eyJyb2xlcyI6W3siYXV0aG9yaXR5IjoiUk9MRV9VU0VSIn0seyJhdXRob3JpdHkiOiJST0xFX0FETUlOIn1dLCJpZCI6MjgsInVzZXJuYW1lIjoibWFuaHF1YW4xMiIsImlhdCI6MTczNjAwODQ5NywiZXhwIjoxNzM2MDI2NDk3fQ.Yi4DaWZze_HH4u2wUB0BwhMb06VIDQ1mJtOcSYpcaUs
2025-01-04T23:34:59.011+07:00  INFO 7040 --- [admin] [http-nio-4005-exec-10] c.s.admin.security.jwt.AuthTokenFilter   : JWT extracted from header: eyJhbGciOiJIUzI1NiJ9.eyJyb2xlcyI6W3siYXV0aG9yaXR5IjoiUk9MRV9VU0VSIn0seyJhdXRob3JpdHkiOiJST0xFX0FETUlOIn1dLCJpZCI6MjgsInVzZXJuYW1lIjoibWFuaHF1YW4xMiIsImlhdCI6MTczNjAwODQ5NywiZXhwIjoxNzM2MDI2NDk3fQ.Yi4DaWZze_HH4u2wUB0BwhMb06VIDQ1mJtOcSYpcaUs
2025-01-04T23:34:59.026+07:00  INFO 7040 --- [admin] [http-nio-4005-exec-10] c.s.admin.security.jwt.AuthTokenFilter   : JWT validation result: true
2025-01-04T23:34:59.040+07:00  INFO 7040 --- [admin] [http-nio-4005-exec-10] c.s.admin.security.jwt.AuthTokenFilter   : Username extracted from JWT: manhquan12
2025-01-04T23:34:59.044+07:00 DEBUG 7040 --- [admin] [http-nio-4005-exec-6] c.s.admin.security.jwt.AuthTokenFilter   : Authorization Header: Bearer eyJhbGciOiJIUzI1NiJ9.eyJyb2xlcyI6W3siYXV0aG9yaXR5IjoiUk9MRV9VU0VSIn0seyJhdXRob3JpdHkiOiJST0xFX0FETUlOIn1dLCJpZCI6MjgsInVzZXJuYW1lIjoibWFuaHF1YW4xMiIsImlhdCI6MTczNjAwODQ5NywiZXhwIjoxNzM2MDI2NDk3fQ.Yi4DaWZze_HH4u2wUB0BwhMb06VIDQ1mJtOcSYpcaUs
2025-01-04T23:34:59.045+07:00  INFO 7040 --- [admin] [http-nio-4005-exec-6] c.s.admin.security.jwt.AuthTokenFilter   : JWT extracted from header: eyJhbGciOiJIUzI1NiJ9.eyJyb2xlcyI6W3siYXV0aG9yaXR5IjoiUk9MRV9VU0VSIn0seyJhdXRob3JpdHkiOiJST0xFX0FETUlOIn1dLCJpZCI6MjgsInVzZXJuYW1lIjoibWFuaHF1YW4xMiIsImlhdCI6MTczNjAwODQ5NywiZXhwIjoxNzM2MDI2NDk3fQ.Yi4DaWZze_HH4u2wUB0BwhMb06VIDQ1mJtOcSYpcaUs
2025-01-04T23:34:59.058+07:00  INFO 7040 --- [admin] [http-nio-4005-exec-6] c.s.admin.security.jwt.AuthTokenFilter   : JWT validation result: true
2025-01-04T23:34:59.072+07:00  INFO 7040 --- [admin] [http-nio-4005-exec-6] c.s.admin.security.jwt.AuthTokenFilter   : Username extracted from JWT: manhquan12
2025-01-04T23:34:59.104+07:00  INFO 7040 --- [admin] [http-nio-4005-exec-10] c.s.admin.security.jwt.AuthTokenFilter   : JWT in Authorization header: eyJhbGciOiJIUzI1NiJ9.eyJyb2xlcyI6W3siYXV0aG9yaXR5IjoiUk9MRV9VU0VSIn0seyJhdXRob3JpdHkiOiJST0xFX0FETUlOIn1dLCJpZCI6MjgsInVzZXJuYW1lIjoibWFuaHF1YW4xMiIsImlhdCI6MTczNjAwODQ5NywiZXhwIjoxNzM2MDI2NDk3fQ.Yi4DaWZze_HH4u2wUB0BwhMb06VIDQ1mJtOcSYpcaUs
2025-01-04T23:34:59.112+07:00  INFO 7040 --- [admin] [http-nio-4005-exec-6] c.s.admin.security.jwt.AuthTokenFilter   : JWT in Authorization header: eyJhbGciOiJIUzI1NiJ9.eyJyb2xlcyI6W3siYXV0aG9yaXR5IjoiUk9MRV9VU0VSIn0seyJhdXRob3JpdHkiOiJST0xFX0FETUlOIn1dLCJpZCI6MjgsInVzZXJuYW1lIjoibWFuaHF1YW4xMiIsImlhdCI6MTczNjAwODQ5NywiZXhwIjoxNzM2MDI2NDk3fQ.Yi4DaWZze_HH4u2wUB0BwhMb06VIDQ1mJtOcSYpcaUs
2025-01-04T23:35:01.200+07:00 DEBUG 7040 --- [admin] [http-nio-4005-exec-1] c.s.admin.security.jwt.AuthTokenFilter   : Authorization Header: Bearer eyJhbGciOiJIUzI1NiJ9.eyJyb2xlcyI6W3siYXV0aG9yaXR5IjoiUk9MRV9VU0VSIn0seyJhdXRob3JpdHkiOiJST0xFX0FETUlOIn1dLCJpZCI6MjgsInVzZXJuYW1lIjoibWFuaHF1YW4xMiIsImlhdCI6MTczNjAwODQ5NywiZXhwIjoxNzM2MDI2NDk3fQ.Yi4DaWZze_HH4u2wUB0BwhMb06VIDQ1mJtOcSYpcaUs
2025-01-04T23:35:01.206+07:00 DEBUG 7040 --- [admin] [http-nio-4005-exec-9] c.s.admin.security.jwt.AuthTokenFilter   : Authorization Header: Bearer eyJhbGciOiJIUzI1NiJ9.eyJyb2xlcyI6W3siYXV0aG9yaXR5IjoiUk9MRV9VU0VSIn0seyJhdXRob3JpdHkiOiJST0xFX0FETUlOIn1dLCJpZCI6MjgsInVzZXJuYW1lIjoibWFuaHF1YW4xMiIsImlhdCI6MTczNjAwODQ5NywiZXhwIjoxNzM2MDI2NDk3fQ.Yi4DaWZze_HH4u2wUB0BwhMb06VIDQ1mJtOcSYpcaUs
2025-01-04T23:35:01.207+07:00  INFO 7040 --- [admin] [http-nio-4005-exec-9] c.s.admin.security.jwt.AuthTokenFilter   : JWT extracted from header: eyJhbGciOiJIUzI1NiJ9.eyJyb2xlcyI6W3siYXV0aG9yaXR5IjoiUk9MRV9VU0VSIn0seyJhdXRob3JpdHkiOiJST0xFX0FETUlOIn1dLCJpZCI6MjgsInVzZXJuYW1lIjoibWFuaHF1YW4xMiIsImlhdCI6MTczNjAwODQ5NywiZXhwIjoxNzM2MDI2NDk3fQ.Yi4DaWZze_HH4u2wUB0BwhMb06VIDQ1mJtOcSYpcaUs
2025-01-04T23:35:01.206+07:00  INFO 7040 --- [admin] [http-nio-4005-exec-1] c.s.admin.security.jwt.AuthTokenFilter   : JWT extracted from header: eyJhbGciOiJIUzI1NiJ9.eyJyb2xlcyI6W3siYXV0aG9yaXR5IjoiUk9MRV9VU0VSIn0seyJhdXRob3JpdHkiOiJST0xFX0FETUlOIn1dLCJpZCI6MjgsInVzZXJuYW1lIjoibWFuaHF1YW4xMiIsImlhdCI6MTczNjAwODQ5NywiZXhwIjoxNzM2MDI2NDk3fQ.Yi4DaWZze_HH4u2wUB0BwhMb06VIDQ1mJtOcSYpcaUs
2025-01-04T23:35:01.284+07:00  INFO 7040 --- [admin] [http-nio-4005-exec-1] c.s.admin.security.jwt.AuthTokenFilter   : JWT validation result: true
2025-01-04T23:35:01.288+07:00  INFO 7040 --- [admin] [http-nio-4005-exec-9] c.s.admin.security.jwt.AuthTokenFilter   : JWT validation result: true
2025-01-04T23:35:01.296+07:00  INFO 7040 --- [admin] [http-nio-4005-exec-1] c.s.admin.security.jwt.AuthTokenFilter   : Username extracted from JWT: manhquan12
2025-01-04T23:35:01.303+07:00  INFO 7040 --- [admin] [http-nio-4005-exec-9] c.s.admin.security.jwt.AuthTokenFilter   : Username extracted from JWT: manhquan12
2025-01-04T23:35:01.323+07:00  INFO 7040 --- [admin] [http-nio-4005-exec-1] c.s.admin.security.jwt.AuthTokenFilter   : JWT in Authorization header: eyJhbGciOiJIUzI1NiJ9.eyJyb2xlcyI6W3siYXV0aG9yaXR5IjoiUk9MRV9VU0VSIn0seyJhdXRob3JpdHkiOiJST0xFX0FETUlOIn1dLCJpZCI6MjgsInVzZXJuYW1lIjoibWFuaHF1YW4xMiIsImlhdCI6MTczNjAwODQ5NywiZXhwIjoxNzM2MDI2NDk3fQ.Yi4DaWZze_HH4u2wUB0BwhMb06VIDQ1mJtOcSYpcaUs
2025-01-04T23:35:01.328+07:00  INFO 7040 --- [admin] [http-nio-4005-exec-9] c.s.admin.security.jwt.AuthTokenFilter   : JWT in Authorization header: eyJhbGciOiJIUzI1NiJ9.eyJyb2xlcyI6W3siYXV0aG9yaXR5IjoiUk9MRV9VU0VSIn0seyJhdXRob3JpdHkiOiJST0xFX0FETUlOIn1dLCJpZCI6MjgsInVzZXJuYW1lIjoibWFuaHF1YW4xMiIsImlhdCI6MTczNjAwODQ5NywiZXhwIjoxNzM2MDI2NDk3fQ.Yi4DaWZze_HH4u2wUB0BwhMb06VIDQ1mJtOcSYpcaUs
2025-01-04T23:35:01.388+07:00 DEBUG 7040 --- [admin] [http-nio-4005-exec-4] c.s.admin.security.jwt.AuthTokenFilter   : Authorization Header: Bearer eyJhbGciOiJIUzI1NiJ9.eyJyb2xlcyI6W3siYXV0aG9yaXR5IjoiUk9MRV9VU0VSIn0seyJhdXRob3JpdHkiOiJST0xFX0FETUlOIn1dLCJpZCI6MjgsInVzZXJuYW1lIjoibWFuaHF1YW4xMiIsImlhdCI6MTczNjAwODQ5NywiZXhwIjoxNzM2MDI2NDk3fQ.Yi4DaWZze_HH4u2wUB0BwhMb06VIDQ1mJtOcSYpcaUs
2025-01-04T23:35:01.389+07:00  INFO 7040 --- [admin] [http-nio-4005-exec-4] c.s.admin.security.jwt.AuthTokenFilter   : JWT extracted from header: eyJhbGciOiJIUzI1NiJ9.eyJyb2xlcyI6W3siYXV0aG9yaXR5IjoiUk9MRV9VU0VSIn0seyJhdXRob3JpdHkiOiJST0xFX0FETUlOIn1dLCJpZCI6MjgsInVzZXJuYW1lIjoibWFuaHF1YW4xMiIsImlhdCI6MTczNjAwODQ5NywiZXhwIjoxNzM2MDI2NDk3fQ.Yi4DaWZze_HH4u2wUB0BwhMb06VIDQ1mJtOcSYpcaUs
2025-01-04T23:35:01.396+07:00  INFO 7040 --- [admin] [http-nio-4005-exec-4] c.s.admin.security.jwt.AuthTokenFilter   : JWT validation result: true
2025-01-04T23:35:01.404+07:00  INFO 7040 --- [admin] [http-nio-4005-exec-4] c.s.admin.security.jwt.AuthTokenFilter   : Username extracted from JWT: manhquan12
2025-01-04T23:35:01.426+07:00 DEBUG 7040 --- [admin] [http-nio-4005-exec-8] c.s.admin.security.jwt.AuthTokenFilter   : Authorization Header: Bearer eyJhbGciOiJIUzI1NiJ9.eyJyb2xlcyI6W3siYXV0aG9yaXR5IjoiUk9MRV9VU0VSIn0seyJhdXRob3JpdHkiOiJST0xFX0FETUlOIn1dLCJpZCI6MjgsInVzZXJuYW1lIjoibWFuaHF1YW4xMiIsImlhdCI6MTczNjAwODQ5NywiZXhwIjoxNzM2MDI2NDk3fQ.Yi4DaWZze_HH4u2wUB0BwhMb06VIDQ1mJtOcSYpcaUs
2025-01-04T23:35:01.426+07:00  INFO 7040 --- [admin] [http-nio-4005-exec-8] c.s.admin.security.jwt.AuthTokenFilter   : JWT extracted from header: eyJhbGciOiJIUzI1NiJ9.eyJyb2xlcyI6W3siYXV0aG9yaXR5IjoiUk9MRV9VU0VSIn0seyJhdXRob3JpdHkiOiJST0xFX0FETUlOIn1dLCJpZCI6MjgsInVzZXJuYW1lIjoibWFuaHF1YW4xMiIsImlhdCI6MTczNjAwODQ5NywiZXhwIjoxNzM2MDI2NDk3fQ.Yi4DaWZze_HH4u2wUB0BwhMb06VIDQ1mJtOcSYpcaUs
2025-01-04T23:35:01.460+07:00  INFO 7040 --- [admin] [http-nio-4005-exec-4] c.s.admin.security.jwt.AuthTokenFilter   : JWT in Authorization header: eyJhbGciOiJIUzI1NiJ9.eyJyb2xlcyI6W3siYXV0aG9yaXR5IjoiUk9MRV9VU0VSIn0seyJhdXRob3JpdHkiOiJST0xFX0FETUlOIn1dLCJpZCI6MjgsInVzZXJuYW1lIjoibWFuaHF1YW4xMiIsImlhdCI6MTczNjAwODQ5NywiZXhwIjoxNzM2MDI2NDk3fQ.Yi4DaWZze_HH4u2wUB0BwhMb06VIDQ1mJtOcSYpcaUs
2025-01-04T23:35:01.464+07:00  INFO 7040 --- [admin] [http-nio-4005-exec-8] c.s.admin.security.jwt.AuthTokenFilter   : JWT validation result: true
2025-01-04T23:35:01.476+07:00  INFO 7040 --- [admin] [http-nio-4005-exec-8] c.s.admin.security.jwt.AuthTokenFilter   : Username extracted from JWT: manhquan12
2025-01-04T23:35:01.511+07:00  INFO 7040 --- [admin] [http-nio-4005-exec-8] c.s.admin.security.jwt.AuthTokenFilter   : JWT in Authorization header: eyJhbGciOiJIUzI1NiJ9.eyJyb2xlcyI6W3siYXV0aG9yaXR5IjoiUk9MRV9VU0VSIn0seyJhdXRob3JpdHkiOiJST0xFX0FETUlOIn1dLCJpZCI6MjgsInVzZXJuYW1lIjoibWFuaHF1YW4xMiIsImlhdCI6MTczNjAwODQ5NywiZXhwIjoxNzM2MDI2NDk3fQ.Yi4DaWZze_HH4u2wUB0BwhMb06VIDQ1mJtOcSYpcaUs
2025-01-04T23:35:01.585+07:00 DEBUG 7040 --- [admin] [http-nio-4005-exec-5] c.s.admin.security.jwt.AuthTokenFilter   : Authorization Header: Bearer eyJhbGciOiJIUzI1NiJ9.eyJyb2xlcyI6W3siYXV0aG9yaXR5IjoiUk9MRV9VU0VSIn0seyJhdXRob3JpdHkiOiJST0xFX0FETUlOIn1dLCJpZCI6MjgsInVzZXJuYW1lIjoibWFuaHF1YW4xMiIsImlhdCI6MTczNjAwODQ5NywiZXhwIjoxNzM2MDI2NDk3fQ.Yi4DaWZze_HH4u2wUB0BwhMb06VIDQ1mJtOcSYpcaUs
2025-01-04T23:35:01.585+07:00  INFO 7040 --- [admin] [http-nio-4005-exec-5] c.s.admin.security.jwt.AuthTokenFilter   : JWT extracted from header: eyJhbGciOiJIUzI1NiJ9.eyJyb2xlcyI6W3siYXV0aG9yaXR5IjoiUk9MRV9VU0VSIn0seyJhdXRob3JpdHkiOiJST0xFX0FETUlOIn1dLCJpZCI6MjgsInVzZXJuYW1lIjoibWFuaHF1YW4xMiIsImlhdCI6MTczNjAwODQ5NywiZXhwIjoxNzM2MDI2NDk3fQ.Yi4DaWZze_HH4u2wUB0BwhMb06VIDQ1mJtOcSYpcaUs
2025-01-04T23:35:01.595+07:00  INFO 7040 --- [admin] [http-nio-4005-exec-5] c.s.admin.security.jwt.AuthTokenFilter   : JWT validation result: true
2025-01-04T23:35:01.605+07:00  INFO 7040 --- [admin] [http-nio-4005-exec-5] c.s.admin.security.jwt.AuthTokenFilter   : Username extracted from JWT: manhquan12
2025-01-04T23:35:01.620+07:00  INFO 7040 --- [admin] [http-nio-4005-exec-5] c.s.admin.security.jwt.AuthTokenFilter   : JWT in Authorization header: eyJhbGciOiJIUzI1NiJ9.eyJyb2xlcyI6W3siYXV0aG9yaXR5IjoiUk9MRV9VU0VSIn0seyJhdXRob3JpdHkiOiJST0xFX0FETUlOIn1dLCJpZCI6MjgsInVzZXJuYW1lIjoibWFuaHF1YW4xMiIsImlhdCI6MTczNjAwODQ5NywiZXhwIjoxNzM2MDI2NDk3fQ.Yi4DaWZze_HH4u2wUB0BwhMb06VIDQ1mJtOcSYpcaUs
2025-01-04T23:35:01.675+07:00 DEBUG 7040 --- [admin] [http-nio-4005-exec-3] c.s.admin.security.jwt.AuthTokenFilter   : Authorization Header: Bearer eyJhbGciOiJIUzI1NiJ9.eyJyb2xlcyI6W3siYXV0aG9yaXR5IjoiUk9MRV9VU0VSIn0seyJhdXRob3JpdHkiOiJST0xFX0FETUlOIn1dLCJpZCI6MjgsInVzZXJuYW1lIjoibWFuaHF1YW4xMiIsImlhdCI6MTczNjAwODQ5NywiZXhwIjoxNzM2MDI2NDk3fQ.Yi4DaWZze_HH4u2wUB0BwhMb06VIDQ1mJtOcSYpcaUs
2025-01-04T23:35:01.675+07:00  INFO 7040 --- [admin] [http-nio-4005-exec-3] c.s.admin.security.jwt.AuthTokenFilter   : JWT extracted from header: eyJhbGciOiJIUzI1NiJ9.eyJyb2xlcyI6W3siYXV0aG9yaXR5IjoiUk9MRV9VU0VSIn0seyJhdXRob3JpdHkiOiJST0xFX0FETUlOIn1dLCJpZCI6MjgsInVzZXJuYW1lIjoibWFuaHF1YW4xMiIsImlhdCI6MTczNjAwODQ5NywiZXhwIjoxNzM2MDI2NDk3fQ.Yi4DaWZze_HH4u2wUB0BwhMb06VIDQ1mJtOcSYpcaUs
2025-01-04T23:35:01.685+07:00  INFO 7040 --- [admin] [http-nio-4005-exec-3] c.s.admin.security.jwt.AuthTokenFilter   : JWT validation result: true
2025-01-04T23:35:01.690+07:00  INFO 7040 --- [admin] [http-nio-4005-exec-3] c.s.admin.security.jwt.AuthTokenFilter   : Username extracted from JWT: manhquan12
2025-01-04T23:35:01.717+07:00  INFO 7040 --- [admin] [http-nio-4005-exec-3] c.s.admin.security.jwt.AuthTokenFilter   : JWT in Authorization header: eyJhbGciOiJIUzI1NiJ9.eyJyb2xlcyI6W3siYXV0aG9yaXR5IjoiUk9MRV9VU0VSIn0seyJhdXRob3JpdHkiOiJST0xFX0FETUlOIn1dLCJpZCI6MjgsInVzZXJuYW1lIjoibWFuaHF1YW4xMiIsImlhdCI6MTczNjAwODQ5NywiZXhwIjoxNzM2MDI2NDk3fQ.Yi4DaWZze_HH4u2wUB0BwhMb06VIDQ1mJtOcSYpcaUs
2025-01-04T23:35:04.733+07:00 DEBUG 7040 --- [admin] [http-nio-4005-exec-2] c.s.admin.security.jwt.AuthTokenFilter   : Authorization Header: Bearer eyJhbGciOiJIUzI1NiJ9.eyJyb2xlcyI6W3siYXV0aG9yaXR5IjoiUk9MRV9VU0VSIn0seyJhdXRob3JpdHkiOiJST0xFX0FETUlOIn1dLCJpZCI6MjgsInVzZXJuYW1lIjoibWFuaHF1YW4xMiIsImlhdCI6MTczNjAwODQ5NywiZXhwIjoxNzM2MDI2NDk3fQ.Yi4DaWZze_HH4u2wUB0BwhMb06VIDQ1mJtOcSYpcaUs
2025-01-04T23:35:04.733+07:00  INFO 7040 --- [admin] [http-nio-4005-exec-2] c.s.admin.security.jwt.AuthTokenFilter   : JWT extracted from header: eyJhbGciOiJIUzI1NiJ9.eyJyb2xlcyI6W3siYXV0aG9yaXR5IjoiUk9MRV9VU0VSIn0seyJhdXRob3JpdHkiOiJST0xFX0FETUlOIn1dLCJpZCI6MjgsInVzZXJuYW1lIjoibWFuaHF1YW4xMiIsImlhdCI6MTczNjAwODQ5NywiZXhwIjoxNzM2MDI2NDk3fQ.Yi4DaWZze_HH4u2wUB0BwhMb06VIDQ1mJtOcSYpcaUs
2025-01-04T23:35:04.750+07:00  INFO 7040 --- [admin] [http-nio-4005-exec-2] c.s.admin.security.jwt.AuthTokenFilter   : JWT validation result: true
2025-01-04T23:35:04.763+07:00  INFO 7040 --- [admin] [http-nio-4005-exec-2] c.s.admin.security.jwt.AuthTokenFilter   : Username extracted from JWT: manhquan12
2025-01-04T23:35:04.797+07:00  INFO 7040 --- [admin] [http-nio-4005-exec-2] c.s.admin.security.jwt.AuthTokenFilter   : JWT in Authorization header: eyJhbGciOiJIUzI1NiJ9.eyJyb2xlcyI6W3siYXV0aG9yaXR5IjoiUk9MRV9VU0VSIn0seyJhdXRob3JpdHkiOiJST0xFX0FETUlOIn1dLCJpZCI6MjgsInVzZXJuYW1lIjoibWFuaHF1YW4xMiIsImlhdCI6MTczNjAwODQ5NywiZXhwIjoxNzM2MDI2NDk3fQ.Yi4DaWZze_HH4u2wUB0BwhMb06VIDQ1mJtOcSYpcaUs
2025-01-04T23:35:04.885+07:00 DEBUG 7040 --- [admin] [http-nio-4005-exec-2] c.s.admin.security.jwt.AuthTokenFilter   : Authorization Header: Bearer eyJhbGciOiJIUzI1NiJ9.eyJyb2xlcyI6W3siYXV0aG9yaXR5IjoiUk9MRV9VU0VSIn0seyJhdXRob3JpdHkiOiJST0xFX0FETUlOIn1dLCJpZCI6MjgsInVzZXJuYW1lIjoibWFuaHF1YW4xMiIsImlhdCI6MTczNjAwODQ5NywiZXhwIjoxNzM2MDI2NDk3fQ.Yi4DaWZze_HH4u2wUB0BwhMb06VIDQ1mJtOcSYpcaUs
2025-01-04T23:35:04.885+07:00  INFO 7040 --- [admin] [http-nio-4005-exec-2] c.s.admin.security.jwt.AuthTokenFilter   : JWT extracted from header: eyJhbGciOiJIUzI1NiJ9.eyJyb2xlcyI6W3siYXV0aG9yaXR5IjoiUk9MRV9VU0VSIn0seyJhdXRob3JpdHkiOiJST0xFX0FETUlOIn1dLCJpZCI6MjgsInVzZXJuYW1lIjoibWFuaHF1YW4xMiIsImlhdCI6MTczNjAwODQ5NywiZXhwIjoxNzM2MDI2NDk3fQ.Yi4DaWZze_HH4u2wUB0BwhMb06VIDQ1mJtOcSYpcaUs
2025-01-04T23:35:04.894+07:00  INFO 7040 --- [admin] [http-nio-4005-exec-2] c.s.admin.security.jwt.AuthTokenFilter   : JWT validation result: true
2025-01-04T23:35:04.912+07:00  INFO 7040 --- [admin] [http-nio-4005-exec-2] c.s.admin.security.jwt.AuthTokenFilter   : Username extracted from JWT: manhquan12
2025-01-04T23:35:04.958+07:00  INFO 7040 --- [admin] [http-nio-4005-exec-2] c.s.admin.security.jwt.AuthTokenFilter   : JWT in Authorization header: eyJhbGciOiJIUzI1NiJ9.eyJyb2xlcyI6W3siYXV0aG9yaXR5IjoiUk9MRV9VU0VSIn0seyJhdXRob3JpdHkiOiJST0xFX0FETUlOIn1dLCJpZCI6MjgsInVzZXJuYW1lIjoibWFuaHF1YW4xMiIsImlhdCI6MTczNjAwODQ5NywiZXhwIjoxNzM2MDI2NDk3fQ.Yi4DaWZze_HH4u2wUB0BwhMb06VIDQ1mJtOcSYpcaUs
2025-01-04T23:35:07.221+07:00 DEBUG 7040 --- [admin] [http-nio-4005-exec-10] c.s.admin.security.jwt.AuthTokenFilter   : Authorization Header: Bearer eyJhbGciOiJIUzI1NiJ9.eyJyb2xlcyI6W3siYXV0aG9yaXR5IjoiUk9MRV9VU0VSIn0seyJhdXRob3JpdHkiOiJST0xFX0FETUlOIn1dLCJpZCI6MjgsInVzZXJuYW1lIjoibWFuaHF1YW4xMiIsImlhdCI6MTczNjAwODQ5NywiZXhwIjoxNzM2MDI2NDk3fQ.Yi4DaWZze_HH4u2wUB0BwhMb06VIDQ1mJtOcSYpcaUs
2025-01-04T23:35:07.223+07:00  INFO 7040 --- [admin] [http-nio-4005-exec-10] c.s.admin.security.jwt.AuthTokenFilter   : JWT extracted from header: eyJhbGciOiJIUzI1NiJ9.eyJyb2xlcyI6W3siYXV0aG9yaXR5IjoiUk9MRV9VU0VSIn0seyJhdXRob3JpdHkiOiJST0xFX0FETUlOIn1dLCJpZCI6MjgsInVzZXJuYW1lIjoibWFuaHF1YW4xMiIsImlhdCI6MTczNjAwODQ5NywiZXhwIjoxNzM2MDI2NDk3fQ.Yi4DaWZze_HH4u2wUB0BwhMb06VIDQ1mJtOcSYpcaUs
2025-01-04T23:35:07.240+07:00  INFO 7040 --- [admin] [http-nio-4005-exec-10] c.s.admin.security.jwt.AuthTokenFilter   : JWT validation result: true
2025-01-04T23:35:07.245+07:00  INFO 7040 --- [admin] [http-nio-4005-exec-10] c.s.admin.security.jwt.AuthTokenFilter   : Username extracted from JWT: manhquan12
2025-01-04T23:35:07.261+07:00  INFO 7040 --- [admin] [http-nio-4005-exec-10] c.s.admin.security.jwt.AuthTokenFilter   : JWT in Authorization header: eyJhbGciOiJIUzI1NiJ9.eyJyb2xlcyI6W3siYXV0aG9yaXR5IjoiUk9MRV9VU0VSIn0seyJhdXRob3JpdHkiOiJST0xFX0FETUlOIn1dLCJpZCI6MjgsInVzZXJuYW1lIjoibWFuaHF1YW4xMiIsImlhdCI6MTczNjAwODQ5NywiZXhwIjoxNzM2MDI2NDk3fQ.Yi4DaWZze_HH4u2wUB0BwhMb06VIDQ1mJtOcSYpcaUs
2025-01-04T23:35:07.310+07:00 DEBUG 7040 --- [admin] [http-nio-4005-exec-6] c.s.admin.security.jwt.AuthTokenFilter   : Authorization Header: Bearer eyJhbGciOiJIUzI1NiJ9.eyJyb2xlcyI6W3siYXV0aG9yaXR5IjoiUk9MRV9VU0VSIn0seyJhdXRob3JpdHkiOiJST0xFX0FETUlOIn1dLCJpZCI6MjgsInVzZXJuYW1lIjoibWFuaHF1YW4xMiIsImlhdCI6MTczNjAwODQ5NywiZXhwIjoxNzM2MDI2NDk3fQ.Yi4DaWZze_HH4u2wUB0BwhMb06VIDQ1mJtOcSYpcaUs
2025-01-04T23:35:07.310+07:00  INFO 7040 --- [admin] [http-nio-4005-exec-6] c.s.admin.security.jwt.AuthTokenFilter   : JWT extracted from header: eyJhbGciOiJIUzI1NiJ9.eyJyb2xlcyI6W3siYXV0aG9yaXR5IjoiUk9MRV9VU0VSIn0seyJhdXRob3JpdHkiOiJST0xFX0FETUlOIn1dLCJpZCI6MjgsInVzZXJuYW1lIjoibWFuaHF1YW4xMiIsImlhdCI6MTczNjAwODQ5NywiZXhwIjoxNzM2MDI2NDk3fQ.Yi4DaWZze_HH4u2wUB0BwhMb06VIDQ1mJtOcSYpcaUs
2025-01-04T23:35:07.320+07:00  INFO 7040 --- [admin] [http-nio-4005-exec-6] c.s.admin.security.jwt.AuthTokenFilter   : JWT validation result: true
2025-01-04T23:35:07.327+07:00  INFO 7040 --- [admin] [http-nio-4005-exec-6] c.s.admin.security.jwt.AuthTokenFilter   : Username extracted from JWT: manhquan12
2025-01-04T23:35:07.347+07:00  INFO 7040 --- [admin] [http-nio-4005-exec-6] c.s.admin.security.jwt.AuthTokenFilter   : JWT in Authorization header: eyJhbGciOiJIUzI1NiJ9.eyJyb2xlcyI6W3siYXV0aG9yaXR5IjoiUk9MRV9VU0VSIn0seyJhdXRob3JpdHkiOiJST0xFX0FETUlOIn1dLCJpZCI6MjgsInVzZXJuYW1lIjoibWFuaHF1YW4xMiIsImlhdCI6MTczNjAwODQ5NywiZXhwIjoxNzM2MDI2NDk3fQ.Yi4DaWZze_HH4u2wUB0BwhMb06VIDQ1mJtOcSYpcaUs
2025-01-04T23:35:10.341+07:00 DEBUG 7040 --- [admin] [http-nio-4005-exec-8] c.s.admin.security.jwt.AuthTokenFilter   : Authorization Header: Bearer eyJhbGciOiJIUzI1NiJ9.eyJyb2xlcyI6W3siYXV0aG9yaXR5IjoiUk9MRV9VU0VSIn0seyJhdXRob3JpdHkiOiJST0xFX0FETUlOIn1dLCJpZCI6MjgsInVzZXJuYW1lIjoibWFuaHF1YW4xMiIsImlhdCI6MTczNjAwODQ5NywiZXhwIjoxNzM2MDI2NDk3fQ.Yi4DaWZze_HH4u2wUB0BwhMb06VIDQ1mJtOcSYpcaUs
2025-01-04T23:35:10.342+07:00  INFO 7040 --- [admin] [http-nio-4005-exec-8] c.s.admin.security.jwt.AuthTokenFilter   : JWT extracted from header: eyJhbGciOiJIUzI1NiJ9.eyJyb2xlcyI6W3siYXV0aG9yaXR5IjoiUk9MRV9VU0VSIn0seyJhdXRob3JpdHkiOiJST0xFX0FETUlOIn1dLCJpZCI6MjgsInVzZXJuYW1lIjoibWFuaHF1YW4xMiIsImlhdCI6MTczNjAwODQ5NywiZXhwIjoxNzM2MDI2NDk3fQ.Yi4DaWZze_HH4u2wUB0BwhMb06VIDQ1mJtOcSYpcaUs
2025-01-04T23:35:10.353+07:00  INFO 7040 --- [admin] [http-nio-4005-exec-8] c.s.admin.security.jwt.AuthTokenFilter   : JWT validation result: true
2025-01-04T23:35:10.359+07:00  INFO 7040 --- [admin] [http-nio-4005-exec-8] c.s.admin.security.jwt.AuthTokenFilter   : Username extracted from JWT: manhquan12
2025-01-04T23:35:10.438+07:00  INFO 7040 --- [admin] [http-nio-4005-exec-8] c.s.admin.security.jwt.AuthTokenFilter   : JWT in Authorization header: eyJhbGciOiJIUzI1NiJ9.eyJyb2xlcyI6W3siYXV0aG9yaXR5IjoiUk9MRV9VU0VSIn0seyJhdXRob3JpdHkiOiJST0xFX0FETUlOIn1dLCJpZCI6MjgsInVzZXJuYW1lIjoibWFuaHF1YW4xMiIsImlhdCI6MTczNjAwODQ5NywiZXhwIjoxNzM2MDI2NDk3fQ.Yi4DaWZze_HH4u2wUB0BwhMb06VIDQ1mJtOcSYpcaUs
2025-01-04T23:35:10.593+07:00 DEBUG 7040 --- [admin] [http-nio-4005-exec-5] c.s.admin.security.jwt.AuthTokenFilter   : Authorization Header: Bearer eyJhbGciOiJIUzI1NiJ9.eyJyb2xlcyI6W3siYXV0aG9yaXR5IjoiUk9MRV9VU0VSIn0seyJhdXRob3JpdHkiOiJST0xFX0FETUlOIn1dLCJpZCI6MjgsInVzZXJuYW1lIjoibWFuaHF1YW4xMiIsImlhdCI6MTczNjAwODQ5NywiZXhwIjoxNzM2MDI2NDk3fQ.Yi4DaWZze_HH4u2wUB0BwhMb06VIDQ1mJtOcSYpcaUs
2025-01-04T23:35:10.593+07:00  INFO 7040 --- [admin] [http-nio-4005-exec-5] c.s.admin.security.jwt.AuthTokenFilter   : JWT extracted from header: eyJhbGciOiJIUzI1NiJ9.eyJyb2xlcyI6W3siYXV0aG9yaXR5IjoiUk9MRV9VU0VSIn0seyJhdXRob3JpdHkiOiJST0xFX0FETUlOIn1dLCJpZCI6MjgsInVzZXJuYW1lIjoibWFuaHF1YW4xMiIsImlhdCI6MTczNjAwODQ5NywiZXhwIjoxNzM2MDI2NDk3fQ.Yi4DaWZze_HH4u2wUB0BwhMb06VIDQ1mJtOcSYpcaUs
2025-01-04T23:35:10.609+07:00  INFO 7040 --- [admin] [http-nio-4005-exec-5] c.s.admin.security.jwt.AuthTokenFilter   : JWT validation result: true
2025-01-04T23:35:10.621+07:00  INFO 7040 --- [admin] [http-nio-4005-exec-5] c.s.admin.security.jwt.AuthTokenFilter   : Username extracted from JWT: manhquan12
2025-01-04T23:35:10.643+07:00  INFO 7040 --- [admin] [http-nio-4005-exec-5] c.s.admin.security.jwt.AuthTokenFilter   : JWT in Authorization header: eyJhbGciOiJIUzI1NiJ9.eyJyb2xlcyI6W3siYXV0aG9yaXR5IjoiUk9MRV9VU0VSIn0seyJhdXRob3JpdHkiOiJST0xFX0FETUlOIn1dLCJpZCI6MjgsInVzZXJuYW1lIjoibWFuaHF1YW4xMiIsImlhdCI6MTczNjAwODQ5NywiZXhwIjoxNzM2MDI2NDk3fQ.Yi4DaWZze_HH4u2wUB0BwhMb06VIDQ1mJtOcSYpcaUs
2025-01-04T23:35:15.308+07:00 DEBUG 7040 --- [admin] [http-nio-4005-exec-3] c.s.admin.security.jwt.AuthTokenFilter   : Authorization Header: Bearer eyJhbGciOiJIUzI1NiJ9.eyJyb2xlcyI6W3siYXV0aG9yaXR5IjoiUk9MRV9VU0VSIn0seyJhdXRob3JpdHkiOiJST0xFX0FETUlOIn1dLCJpZCI6MjgsInVzZXJuYW1lIjoibWFuaHF1YW4xMiIsImlhdCI6MTczNjAwODQ5NywiZXhwIjoxNzM2MDI2NDk3fQ.Yi4DaWZze_HH4u2wUB0BwhMb06VIDQ1mJtOcSYpcaUs
2025-01-04T23:35:15.309+07:00  INFO 7040 --- [admin] [http-nio-4005-exec-3] c.s.admin.security.jwt.AuthTokenFilter   : JWT extracted from header: eyJhbGciOiJIUzI1NiJ9.eyJyb2xlcyI6W3siYXV0aG9yaXR5IjoiUk9MRV9VU0VSIn0seyJhdXRob3JpdHkiOiJST0xFX0FETUlOIn1dLCJpZCI6MjgsInVzZXJuYW1lIjoibWFuaHF1YW4xMiIsImlhdCI6MTczNjAwODQ5NywiZXhwIjoxNzM2MDI2NDk3fQ.Yi4DaWZze_HH4u2wUB0BwhMb06VIDQ1mJtOcSYpcaUs
2025-01-04T23:35:15.313+07:00 DEBUG 7040 --- [admin] [http-nio-4005-exec-7] c.s.admin.security.jwt.AuthTokenFilter   : Authorization Header: Bearer eyJhbGciOiJIUzI1NiJ9.eyJyb2xlcyI6W3siYXV0aG9yaXR5IjoiUk9MRV9VU0VSIn0seyJhdXRob3JpdHkiOiJST0xFX0FETUlOIn1dLCJpZCI6MjgsInVzZXJuYW1lIjoibWFuaHF1YW4xMiIsImlhdCI6MTczNjAwODQ5NywiZXhwIjoxNzM2MDI2NDk3fQ.Yi4DaWZze_HH4u2wUB0BwhMb06VIDQ1mJtOcSYpcaUs
2025-01-04T23:35:15.315+07:00  INFO 7040 --- [admin] [http-nio-4005-exec-7] c.s.admin.security.jwt.AuthTokenFilter   : JWT extracted from header: eyJhbGciOiJIUzI1NiJ9.eyJyb2xlcyI6W3siYXV0aG9yaXR5IjoiUk9MRV9VU0VSIn0seyJhdXRob3JpdHkiOiJST0xFX0FETUlOIn1dLCJpZCI6MjgsInVzZXJuYW1lIjoibWFuaHF1YW4xMiIsImlhdCI6MTczNjAwODQ5NywiZXhwIjoxNzM2MDI2NDk3fQ.Yi4DaWZze_HH4u2wUB0BwhMb06VIDQ1mJtOcSYpcaUs
2025-01-04T23:35:15.323+07:00  INFO 7040 --- [admin] [http-nio-4005-exec-3] c.s.admin.security.jwt.AuthTokenFilter   : JWT validation result: true
2025-01-04T23:35:15.324+07:00  INFO 7040 --- [admin] [http-nio-4005-exec-7] c.s.admin.security.jwt.AuthTokenFilter   : JWT validation result: true
2025-01-04T23:35:15.368+07:00  INFO 7040 --- [admin] [http-nio-4005-exec-3] c.s.admin.security.jwt.AuthTokenFilter   : Username extracted from JWT: manhquan12
2025-01-04T23:35:15.371+07:00  INFO 7040 --- [admin] [http-nio-4005-exec-7] c.s.admin.security.jwt.AuthTokenFilter   : Username extracted from JWT: manhquan12
2025-01-04T23:35:15.406+07:00  INFO 7040 --- [admin] [http-nio-4005-exec-3] c.s.admin.security.jwt.AuthTokenFilter   : JWT in Authorization header: eyJhbGciOiJIUzI1NiJ9.eyJyb2xlcyI6W3siYXV0aG9yaXR5IjoiUk9MRV9VU0VSIn0seyJhdXRob3JpdHkiOiJST0xFX0FETUlOIn1dLCJpZCI6MjgsInVzZXJuYW1lIjoibWFuaHF1YW4xMiIsImlhdCI6MTczNjAwODQ5NywiZXhwIjoxNzM2MDI2NDk3fQ.Yi4DaWZze_HH4u2wUB0BwhMb06VIDQ1mJtOcSYpcaUs
2025-01-04T23:35:15.427+07:00  INFO 7040 --- [admin] [http-nio-4005-exec-7] c.s.admin.security.jwt.AuthTokenFilter   : JWT in Authorization header: eyJhbGciOiJIUzI1NiJ9.eyJyb2xlcyI6W3siYXV0aG9yaXR5IjoiUk9MRV9VU0VSIn0seyJhdXRob3JpdHkiOiJST0xFX0FETUlOIn1dLCJpZCI6MjgsInVzZXJuYW1lIjoibWFuaHF1YW4xMiIsImlhdCI6MTczNjAwODQ5NywiZXhwIjoxNzM2MDI2NDk3fQ.Yi4DaWZze_HH4u2wUB0BwhMb06VIDQ1mJtOcSYpcaUs
2025-01-04T23:35:15.474+07:00 DEBUG 7040 --- [admin] [http-nio-4005-exec-2] c.s.admin.security.jwt.AuthTokenFilter   : Authorization Header: Bearer eyJhbGciOiJIUzI1NiJ9.eyJyb2xlcyI6W3siYXV0aG9yaXR5IjoiUk9MRV9VU0VSIn0seyJhdXRob3JpdHkiOiJST0xFX0FETUlOIn1dLCJpZCI6MjgsInVzZXJuYW1lIjoibWFuaHF1YW4xMiIsImlhdCI6MTczNjAwODQ5NywiZXhwIjoxNzM2MDI2NDk3fQ.Yi4DaWZze_HH4u2wUB0BwhMb06VIDQ1mJtOcSYpcaUs
2025-01-04T23:35:15.475+07:00  INFO 7040 --- [admin] [http-nio-4005-exec-2] c.s.admin.security.jwt.AuthTokenFilter   : JWT extracted from header: eyJhbGciOiJIUzI1NiJ9.eyJyb2xlcyI6W3siYXV0aG9yaXR5IjoiUk9MRV9VU0VSIn0seyJhdXRob3JpdHkiOiJST0xFX0FETUlOIn1dLCJpZCI6MjgsInVzZXJuYW1lIjoibWFuaHF1YW4xMiIsImlhdCI6MTczNjAwODQ5NywiZXhwIjoxNzM2MDI2NDk3fQ.Yi4DaWZze_HH4u2wUB0BwhMb06VIDQ1mJtOcSYpcaUs
2025-01-04T23:35:15.485+07:00  INFO 7040 --- [admin] [http-nio-4005-exec-2] c.s.admin.security.jwt.AuthTokenFilter   : JWT validation result: true
2025-01-04T23:35:15.493+07:00  INFO 7040 --- [admin] [http-nio-4005-exec-2] c.s.admin.security.jwt.AuthTokenFilter   : Username extracted from JWT: manhquan12
2025-01-04T23:35:15.505+07:00 DEBUG 7040 --- [admin] [http-nio-4005-exec-10] c.s.admin.security.jwt.AuthTokenFilter   : Authorization Header: Bearer eyJhbGciOiJIUzI1NiJ9.eyJyb2xlcyI6W3siYXV0aG9yaXR5IjoiUk9MRV9VU0VSIn0seyJhdXRob3JpdHkiOiJST0xFX0FETUlOIn1dLCJpZCI6MjgsInVzZXJuYW1lIjoibWFuaHF1YW4xMiIsImlhdCI6MTczNjAwODQ5NywiZXhwIjoxNzM2MDI2NDk3fQ.Yi4DaWZze_HH4u2wUB0BwhMb06VIDQ1mJtOcSYpcaUs
2025-01-04T23:35:15.506+07:00  INFO 7040 --- [admin] [http-nio-4005-exec-10] c.s.admin.security.jwt.AuthTokenFilter   : JWT extracted from header: eyJhbGciOiJIUzI1NiJ9.eyJyb2xlcyI6W3siYXV0aG9yaXR5IjoiUk9MRV9VU0VSIn0seyJhdXRob3JpdHkiOiJST0xFX0FETUlOIn1dLCJpZCI6MjgsInVzZXJuYW1lIjoibWFuaHF1YW4xMiIsImlhdCI6MTczNjAwODQ5NywiZXhwIjoxNzM2MDI2NDk3fQ.Yi4DaWZze_HH4u2wUB0BwhMb06VIDQ1mJtOcSYpcaUs
2025-01-04T23:35:15.514+07:00  INFO 7040 --- [admin] [http-nio-4005-exec-2] c.s.admin.security.jwt.AuthTokenFilter   : JWT in Authorization header: eyJhbGciOiJIUzI1NiJ9.eyJyb2xlcyI6W3siYXV0aG9yaXR5IjoiUk9MRV9VU0VSIn0seyJhdXRob3JpdHkiOiJST0xFX0FETUlOIn1dLCJpZCI6MjgsInVzZXJuYW1lIjoibWFuaHF1YW4xMiIsImlhdCI6MTczNjAwODQ5NywiZXhwIjoxNzM2MDI2NDk3fQ.Yi4DaWZze_HH4u2wUB0BwhMb06VIDQ1mJtOcSYpcaUs
2025-01-04T23:35:15.514+07:00  INFO 7040 --- [admin] [http-nio-4005-exec-10] c.s.admin.security.jwt.AuthTokenFilter   : JWT validation result: true
2025-01-04T23:35:15.521+07:00  INFO 7040 --- [admin] [http-nio-4005-exec-10] c.s.admin.security.jwt.AuthTokenFilter   : Username extracted from JWT: manhquan12
2025-01-04T23:35:15.583+07:00  INFO 7040 --- [admin] [http-nio-4005-exec-10] c.s.admin.security.jwt.AuthTokenFilter   : JWT in Authorization header: eyJhbGciOiJIUzI1NiJ9.eyJyb2xlcyI6W3siYXV0aG9yaXR5IjoiUk9MRV9VU0VSIn0seyJhdXRob3JpdHkiOiJST0xFX0FETUlOIn1dLCJpZCI6MjgsInVzZXJuYW1lIjoibWFuaHF1YW4xMiIsImlhdCI6MTczNjAwODQ5NywiZXhwIjoxNzM2MDI2NDk3fQ.Yi4DaWZze_HH4u2wUB0BwhMb06VIDQ1mJtOcSYpcaUs
2025-01-04T23:35:15.671+07:00 DEBUG 7040 --- [admin] [http-nio-4005-exec-6] c.s.admin.security.jwt.AuthTokenFilter   : Authorization Header: Bearer eyJhbGciOiJIUzI1NiJ9.eyJyb2xlcyI6W3siYXV0aG9yaXR5IjoiUk9MRV9VU0VSIn0seyJhdXRob3JpdHkiOiJST0xFX0FETUlOIn1dLCJpZCI6MjgsInVzZXJuYW1lIjoibWFuaHF1YW4xMiIsImlhdCI6MTczNjAwODQ5NywiZXhwIjoxNzM2MDI2NDk3fQ.Yi4DaWZze_HH4u2wUB0BwhMb06VIDQ1mJtOcSYpcaUs
2025-01-04T23:35:15.673+07:00  INFO 7040 --- [admin] [http-nio-4005-exec-6] c.s.admin.security.jwt.AuthTokenFilter   : JWT extracted from header: eyJhbGciOiJIUzI1NiJ9.eyJyb2xlcyI6W3siYXV0aG9yaXR5IjoiUk9MRV9VU0VSIn0seyJhdXRob3JpdHkiOiJST0xFX0FETUlOIn1dLCJpZCI6MjgsInVzZXJuYW1lIjoibWFuaHF1YW4xMiIsImlhdCI6MTczNjAwODQ5NywiZXhwIjoxNzM2MDI2NDk3fQ.Yi4DaWZze_HH4u2wUB0BwhMb06VIDQ1mJtOcSYpcaUs
2025-01-04T23:35:15.687+07:00  INFO 7040 --- [admin] [http-nio-4005-exec-6] c.s.admin.security.jwt.AuthTokenFilter   : JWT validation result: true
2025-01-04T23:35:15.695+07:00  INFO 7040 --- [admin] [http-nio-4005-exec-6] c.s.admin.security.jwt.AuthTokenFilter   : Username extracted from JWT: manhquan12
2025-01-04T23:35:15.715+07:00  INFO 7040 --- [admin] [http-nio-4005-exec-6] c.s.admin.security.jwt.AuthTokenFilter   : JWT in Authorization header: eyJhbGciOiJIUzI1NiJ9.eyJyb2xlcyI6W3siYXV0aG9yaXR5IjoiUk9MRV9VU0VSIn0seyJhdXRob3JpdHkiOiJST0xFX0FETUlOIn1dLCJpZCI6MjgsInVzZXJuYW1lIjoibWFuaHF1YW4xMiIsImlhdCI6MTczNjAwODQ5NywiZXhwIjoxNzM2MDI2NDk3fQ.Yi4DaWZze_HH4u2wUB0BwhMb06VIDQ1mJtOcSYpcaUs
2025-01-04T23:35:15.773+07:00 DEBUG 7040 --- [admin] [http-nio-4005-exec-1] c.s.admin.security.jwt.AuthTokenFilter   : Authorization Header: Bearer eyJhbGciOiJIUzI1NiJ9.eyJyb2xlcyI6W3siYXV0aG9yaXR5IjoiUk9MRV9VU0VSIn0seyJhdXRob3JpdHkiOiJST0xFX0FETUlOIn1dLCJpZCI6MjgsInVzZXJuYW1lIjoibWFuaHF1YW4xMiIsImlhdCI6MTczNjAwODQ5NywiZXhwIjoxNzM2MDI2NDk3fQ.Yi4DaWZze_HH4u2wUB0BwhMb06VIDQ1mJtOcSYpcaUs
2025-01-04T23:35:15.773+07:00  INFO 7040 --- [admin] [http-nio-4005-exec-1] c.s.admin.security.jwt.AuthTokenFilter   : JWT extracted from header: eyJhbGciOiJIUzI1NiJ9.eyJyb2xlcyI6W3siYXV0aG9yaXR5IjoiUk9MRV9VU0VSIn0seyJhdXRob3JpdHkiOiJST0xFX0FETUlOIn1dLCJpZCI6MjgsInVzZXJuYW1lIjoibWFuaHF1YW4xMiIsImlhdCI6MTczNjAwODQ5NywiZXhwIjoxNzM2MDI2NDk3fQ.Yi4DaWZze_HH4u2wUB0BwhMb06VIDQ1mJtOcSYpcaUs
2025-01-04T23:35:15.779+07:00  INFO 7040 --- [admin] [http-nio-4005-exec-1] c.s.admin.security.jwt.AuthTokenFilter   : JWT validation result: true
2025-01-04T23:35:15.788+07:00  INFO 7040 --- [admin] [http-nio-4005-exec-1] c.s.admin.security.jwt.AuthTokenFilter   : Username extracted from JWT: manhquan12
2025-01-04T23:35:15.806+07:00  INFO 7040 --- [admin] [http-nio-4005-exec-1] c.s.admin.security.jwt.AuthTokenFilter   : JWT in Authorization header: eyJhbGciOiJIUzI1NiJ9.eyJyb2xlcyI6W3siYXV0aG9yaXR5IjoiUk9MRV9VU0VSIn0seyJhdXRob3JpdHkiOiJST0xFX0FETUlOIn1dLCJpZCI6MjgsInVzZXJuYW1lIjoibWFuaHF1YW4xMiIsImlhdCI6MTczNjAwODQ5NywiZXhwIjoxNzM2MDI2NDk3fQ.Yi4DaWZze_HH4u2wUB0BwhMb06VIDQ1mJtOcSYpcaUs
2025-01-04T23:35:15.873+07:00 DEBUG 7040 --- [admin] [http-nio-4005-exec-1] c.s.admin.security.jwt.AuthTokenFilter   : Authorization Header: Bearer eyJhbGciOiJIUzI1NiJ9.eyJyb2xlcyI6W3siYXV0aG9yaXR5IjoiUk9MRV9VU0VSIn0seyJhdXRob3JpdHkiOiJST0xFX0FETUlOIn1dLCJpZCI6MjgsInVzZXJuYW1lIjoibWFuaHF1YW4xMiIsImlhdCI6MTczNjAwODQ5NywiZXhwIjoxNzM2MDI2NDk3fQ.Yi4DaWZze_HH4u2wUB0BwhMb06VIDQ1mJtOcSYpcaUs
2025-01-04T23:35:15.876+07:00  INFO 7040 --- [admin] [http-nio-4005-exec-1] c.s.admin.security.jwt.AuthTokenFilter   : JWT extracted from header: eyJhbGciOiJIUzI1NiJ9.eyJyb2xlcyI6W3siYXV0aG9yaXR5IjoiUk9MRV9VU0VSIn0seyJhdXRob3JpdHkiOiJST0xFX0FETUlOIn1dLCJpZCI6MjgsInVzZXJuYW1lIjoibWFuaHF1YW4xMiIsImlhdCI6MTczNjAwODQ5NywiZXhwIjoxNzM2MDI2NDk3fQ.Yi4DaWZze_HH4u2wUB0BwhMb06VIDQ1mJtOcSYpcaUs
2025-01-04T23:35:15.886+07:00  INFO 7040 --- [admin] [http-nio-4005-exec-1] c.s.admin.security.jwt.AuthTokenFilter   : JWT validation result: true
2025-01-04T23:35:15.892+07:00  INFO 7040 --- [admin] [http-nio-4005-exec-1] c.s.admin.security.jwt.AuthTokenFilter   : Username extracted from JWT: manhquan12
2025-01-04T23:35:15.921+07:00  INFO 7040 --- [admin] [http-nio-4005-exec-1] c.s.admin.security.jwt.AuthTokenFilter   : JWT in Authorization header: eyJhbGciOiJIUzI1NiJ9.eyJyb2xlcyI6W3siYXV0aG9yaXR5IjoiUk9MRV9VU0VSIn0seyJhdXRob3JpdHkiOiJST0xFX0FETUlOIn1dLCJpZCI6MjgsInVzZXJuYW1lIjoibWFuaHF1YW4xMiIsImlhdCI6MTczNjAwODQ5NywiZXhwIjoxNzM2MDI2NDk3fQ.Yi4DaWZze_HH4u2wUB0BwhMb06VIDQ1mJtOcSYpcaUs
2025-01-04T23:35:15.973+07:00 DEBUG 7040 --- [admin] [http-nio-4005-exec-1] c.s.admin.security.jwt.AuthTokenFilter   : Authorization Header: Bearer eyJhbGciOiJIUzI1NiJ9.eyJyb2xlcyI6W3siYXV0aG9yaXR5IjoiUk9MRV9VU0VSIn0seyJhdXRob3JpdHkiOiJST0xFX0FETUlOIn1dLCJpZCI6MjgsInVzZXJuYW1lIjoibWFuaHF1YW4xMiIsImlhdCI6MTczNjAwODQ5NywiZXhwIjoxNzM2MDI2NDk3fQ.Yi4DaWZze_HH4u2wUB0BwhMb06VIDQ1mJtOcSYpcaUs
2025-01-04T23:35:15.973+07:00  INFO 7040 --- [admin] [http-nio-4005-exec-1] c.s.admin.security.jwt.AuthTokenFilter   : JWT extracted from header: eyJhbGciOiJIUzI1NiJ9.eyJyb2xlcyI6W3siYXV0aG9yaXR5IjoiUk9MRV9VU0VSIn0seyJhdXRob3JpdHkiOiJST0xFX0FETUlOIn1dLCJpZCI6MjgsInVzZXJuYW1lIjoibWFuaHF1YW4xMiIsImlhdCI6MTczNjAwODQ5NywiZXhwIjoxNzM2MDI2NDk3fQ.Yi4DaWZze_HH4u2wUB0BwhMb06VIDQ1mJtOcSYpcaUs
2025-01-04T23:35:15.983+07:00  INFO 7040 --- [admin] [http-nio-4005-exec-1] c.s.admin.security.jwt.AuthTokenFilter   : JWT validation result: true
2025-01-04T23:35:15.988+07:00  INFO 7040 --- [admin] [http-nio-4005-exec-1] c.s.admin.security.jwt.AuthTokenFilter   : Username extracted from JWT: manhquan12
2025-01-04T23:35:16.003+07:00  INFO 7040 --- [admin] [http-nio-4005-exec-1] c.s.admin.security.jwt.AuthTokenFilter   : JWT in Authorization header: eyJhbGciOiJIUzI1NiJ9.eyJyb2xlcyI6W3siYXV0aG9yaXR5IjoiUk9MRV9VU0VSIn0seyJhdXRob3JpdHkiOiJST0xFX0FETUlOIn1dLCJpZCI6MjgsInVzZXJuYW1lIjoibWFuaHF1YW4xMiIsImlhdCI6MTczNjAwODQ5NywiZXhwIjoxNzM2MDI2NDk3fQ.Yi4DaWZze_HH4u2wUB0BwhMb06VIDQ1mJtOcSYpcaUs
2025-01-04T23:35:16.812+07:00 DEBUG 7040 --- [admin] [http-nio-4005-exec-8] c.s.admin.security.jwt.AuthTokenFilter   : Authorization Header: Bearer eyJhbGciOiJIUzI1NiJ9.eyJyb2xlcyI6W3siYXV0aG9yaXR5IjoiUk9MRV9VU0VSIn0seyJhdXRob3JpdHkiOiJST0xFX0FETUlOIn1dLCJpZCI6MjgsInVzZXJuYW1lIjoibWFuaHF1YW4xMiIsImlhdCI6MTczNjAwODQ5NywiZXhwIjoxNzM2MDI2NDk3fQ.Yi4DaWZze_HH4u2wUB0BwhMb06VIDQ1mJtOcSYpcaUs
2025-01-04T23:35:16.812+07:00  INFO 7040 --- [admin] [http-nio-4005-exec-8] c.s.admin.security.jwt.AuthTokenFilter   : JWT extracted from header: eyJhbGciOiJIUzI1NiJ9.eyJyb2xlcyI6W3siYXV0aG9yaXR5IjoiUk9MRV9VU0VSIn0seyJhdXRob3JpdHkiOiJST0xFX0FETUlOIn1dLCJpZCI6MjgsInVzZXJuYW1lIjoibWFuaHF1YW4xMiIsImlhdCI6MTczNjAwODQ5NywiZXhwIjoxNzM2MDI2NDk3fQ.Yi4DaWZze_HH4u2wUB0BwhMb06VIDQ1mJtOcSYpcaUs
2025-01-04T23:35:16.842+07:00  INFO 7040 --- [admin] [http-nio-4005-exec-8] c.s.admin.security.jwt.AuthTokenFilter   : JWT validation result: true
2025-01-04T23:35:16.855+07:00  INFO 7040 --- [admin] [http-nio-4005-exec-8] c.s.admin.security.jwt.AuthTokenFilter   : Username extracted from JWT: manhquan12
2025-01-04T23:35:16.870+07:00  INFO 7040 --- [admin] [http-nio-4005-exec-8] c.s.admin.security.jwt.AuthTokenFilter   : JWT in Authorization header: eyJhbGciOiJIUzI1NiJ9.eyJyb2xlcyI6W3siYXV0aG9yaXR5IjoiUk9MRV9VU0VSIn0seyJhdXRob3JpdHkiOiJST0xFX0FETUlOIn1dLCJpZCI6MjgsInVzZXJuYW1lIjoibWFuaHF1YW4xMiIsImlhdCI6MTczNjAwODQ5NywiZXhwIjoxNzM2MDI2NDk3fQ.Yi4DaWZze_HH4u2wUB0BwhMb06VIDQ1mJtOcSYpcaUs
2025-01-04T23:35:16.940+07:00 DEBUG 7040 --- [admin] [http-nio-4005-exec-5] c.s.admin.security.jwt.AuthTokenFilter   : Authorization Header: Bearer eyJhbGciOiJIUzI1NiJ9.eyJyb2xlcyI6W3siYXV0aG9yaXR5IjoiUk9MRV9VU0VSIn0seyJhdXRob3JpdHkiOiJST0xFX0FETUlOIn1dLCJpZCI6MjgsInVzZXJuYW1lIjoibWFuaHF1YW4xMiIsImlhdCI6MTczNjAwODQ5NywiZXhwIjoxNzM2MDI2NDk3fQ.Yi4DaWZze_HH4u2wUB0BwhMb06VIDQ1mJtOcSYpcaUs
2025-01-04T23:35:16.941+07:00  INFO 7040 --- [admin] [http-nio-4005-exec-5] c.s.admin.security.jwt.AuthTokenFilter   : JWT extracted from header: eyJhbGciOiJIUzI1NiJ9.eyJyb2xlcyI6W3siYXV0aG9yaXR5IjoiUk9MRV9VU0VSIn0seyJhdXRob3JpdHkiOiJST0xFX0FETUlOIn1dLCJpZCI6MjgsInVzZXJuYW1lIjoibWFuaHF1YW4xMiIsImlhdCI6MTczNjAwODQ5NywiZXhwIjoxNzM2MDI2NDk3fQ.Yi4DaWZze_HH4u2wUB0BwhMb06VIDQ1mJtOcSYpcaUs
2025-01-04T23:35:16.948+07:00  INFO 7040 --- [admin] [http-nio-4005-exec-5] c.s.admin.security.jwt.AuthTokenFilter   : JWT validation result: true
2025-01-04T23:35:16.955+07:00  INFO 7040 --- [admin] [http-nio-4005-exec-5] c.s.admin.security.jwt.AuthTokenFilter   : Username extracted from JWT: manhquan12
2025-01-04T23:35:16.980+07:00  INFO 7040 --- [admin] [http-nio-4005-exec-5] c.s.admin.security.jwt.AuthTokenFilter   : JWT in Authorization header: eyJhbGciOiJIUzI1NiJ9.eyJyb2xlcyI6W3siYXV0aG9yaXR5IjoiUk9MRV9VU0VSIn0seyJhdXRob3JpdHkiOiJST0xFX0FETUlOIn1dLCJpZCI6MjgsInVzZXJuYW1lIjoibWFuaHF1YW4xMiIsImlhdCI6MTczNjAwODQ5NywiZXhwIjoxNzM2MDI2NDk3fQ.Yi4DaWZze_HH4u2wUB0BwhMb06VIDQ1mJtOcSYpcaUs
2025-01-04T23:35:23.458+07:00 DEBUG 7040 --- [admin] [http-nio-4005-exec-10] c.s.admin.security.jwt.AuthTokenFilter   : Authorization Header: Bearer 1
2025-01-04T23:35:23.459+07:00  INFO 7040 --- [admin] [http-nio-4005-exec-10] c.s.admin.security.jwt.AuthTokenFilter   : JWT extracted from header: 1
2025-01-04T23:35:23.465+07:00 ERROR 7040 --- [admin] [http-nio-4005-exec-10] com.system.admin.security.jwt.JwtUtils   : Invalid JWT token: JWT strings must contain exactly 2 period characters. Found: 0
2025-01-04T23:35:23.465+07:00  INFO 7040 --- [admin] [http-nio-4005-exec-10] c.s.admin.security.jwt.AuthTokenFilter   : JWT validation result: false
2025-01-04T23:35:23.465+07:00  WARN 7040 --- [admin] [http-nio-4005-exec-10] c.s.admin.security.jwt.AuthTokenFilter   : JWT token is invalid.
2025-01-04T23:35:23.466+07:00 ERROR 7040 --- [admin] [http-nio-4005-exec-10] c.s.a.security.jwt.AuthEntryPointJwt     : Unauthorized error: Full authentication is required to access this resource
2025-01-04T23:35:23.479+07:00 DEBUG 7040 --- [admin] [http-nio-4005-exec-6] c.s.admin.security.jwt.AuthTokenFilter   : Authorization Header: Bearer 1
2025-01-04T23:35:23.479+07:00  INFO 7040 --- [admin] [http-nio-4005-exec-6] c.s.admin.security.jwt.AuthTokenFilter   : JWT extracted from header: 1
2025-01-04T23:35:23.519+07:00 ERROR 7040 --- [admin] [http-nio-4005-exec-6] com.system.admin.security.jwt.JwtUtils   : Invalid JWT token: JWT strings must contain exactly 2 period characters. Found: 0
2025-01-04T23:35:23.520+07:00  INFO 7040 --- [admin] [http-nio-4005-exec-6] c.s.admin.security.jwt.AuthTokenFilter   : JWT validation result: false
2025-01-04T23:35:23.520+07:00  WARN 7040 --- [admin] [http-nio-4005-exec-6] c.s.admin.security.jwt.AuthTokenFilter   : JWT token is invalid.
2025-01-04T23:35:23.521+07:00 ERROR 7040 --- [admin] [http-nio-4005-exec-6] c.s.a.security.jwt.AuthEntryPointJwt     : Unauthorized error: Full authentication is required to access this resource
2025-01-04T23:35:23.533+07:00 DEBUG 7040 --- [admin] [http-nio-4005-exec-9] c.s.admin.security.jwt.AuthTokenFilter   : Authorization Header: null
2025-01-04T23:35:23.533+07:00  WARN 7040 --- [admin] [http-nio-4005-exec-9] c.s.admin.security.jwt.AuthTokenFilter   : Authorization header is missing or does not start with Bearer
2025-01-04T23:35:23.533+07:00  INFO 7040 --- [admin] [http-nio-4005-exec-9] c.s.admin.security.jwt.AuthTokenFilter   : JWT extracted from header: null
2025-01-04T23:35:23.533+07:00  WARN 7040 --- [admin] [http-nio-4005-exec-9] c.s.admin.security.jwt.AuthTokenFilter   : JWT token is null.
2025-01-04T23:35:23.534+07:00 ERROR 7040 --- [admin] [http-nio-4005-exec-9] c.s.a.security.jwt.AuthEntryPointJwt     : Unauthorized error: Full authentication is required to access this resource
2025-01-04T23:35:23.537+07:00 DEBUG 7040 --- [admin] [http-nio-4005-exec-4] c.s.admin.security.jwt.AuthTokenFilter   : Authorization Header: null
2025-01-04T23:35:23.538+07:00  WARN 7040 --- [admin] [http-nio-4005-exec-4] c.s.admin.security.jwt.AuthTokenFilter   : Authorization header is missing or does not start with Bearer
2025-01-04T23:35:23.538+07:00  INFO 7040 --- [admin] [http-nio-4005-exec-4] c.s.admin.security.jwt.AuthTokenFilter   : JWT extracted from header: null
2025-01-04T23:35:23.538+07:00  WARN 7040 --- [admin] [http-nio-4005-exec-4] c.s.admin.security.jwt.AuthTokenFilter   : JWT token is null.
2025-01-04T23:35:23.538+07:00 ERROR 7040 --- [admin] [http-nio-4005-exec-4] c.s.a.security.jwt.AuthEntryPointJwt     : Unauthorized error: Full authentication is required to access this resource
2025-01-04T23:35:23.577+07:00 DEBUG 7040 --- [admin] [http-nio-4005-exec-1] c.s.admin.security.jwt.AuthTokenFilter   : Authorization Header: null
2025-01-04T23:35:23.577+07:00  WARN 7040 --- [admin] [http-nio-4005-exec-1] c.s.admin.security.jwt.AuthTokenFilter   : Authorization header is missing or does not start with Bearer
2025-01-04T23:35:23.577+07:00  INFO 7040 --- [admin] [http-nio-4005-exec-1] c.s.admin.security.jwt.AuthTokenFilter   : JWT extracted from header: null
2025-01-04T23:35:23.577+07:00  WARN 7040 --- [admin] [http-nio-4005-exec-1] c.s.admin.security.jwt.AuthTokenFilter   : JWT token is null.
2025-01-04T23:35:23.578+07:00 ERROR 7040 --- [admin] [http-nio-4005-exec-1] c.s.a.security.jwt.AuthEntryPointJwt     : Unauthorized error: Full authentication is required to access this resource
2025-01-04T23:35:23.584+07:00 DEBUG 7040 --- [admin] [http-nio-4005-exec-8] c.s.admin.security.jwt.AuthTokenFilter   : Authorization Header: null
2025-01-04T23:35:23.584+07:00  WARN 7040 --- [admin] [http-nio-4005-exec-8] c.s.admin.security.jwt.AuthTokenFilter   : Authorization header is missing or does not start with Bearer
2025-01-04T23:35:23.585+07:00  INFO 7040 --- [admin] [http-nio-4005-exec-8] c.s.admin.security.jwt.AuthTokenFilter   : JWT extracted from header: null
2025-01-04T23:35:23.585+07:00  WARN 7040 --- [admin] [http-nio-4005-exec-8] c.s.admin.security.jwt.AuthTokenFilter   : JWT token is null.
2025-01-04T23:35:23.586+07:00 ERROR 7040 --- [admin] [http-nio-4005-exec-8] c.s.a.security.jwt.AuthEntryPointJwt     : Unauthorized error: Full authentication is required to access this resource
2025-01-04T23:35:25.180+07:00 DEBUG 7040 --- [admin] [http-nio-4005-exec-5] c.s.admin.security.jwt.AuthTokenFilter   : Authorization Header: null
2025-01-04T23:35:25.181+07:00  WARN 7040 --- [admin] [http-nio-4005-exec-5] c.s.admin.security.jwt.AuthTokenFilter   : Authorization header is missing or does not start with Bearer
2025-01-04T23:35:25.181+07:00  INFO 7040 --- [admin] [http-nio-4005-exec-5] c.s.admin.security.jwt.AuthTokenFilter   : JWT extracted from header: null
2025-01-04T23:35:25.181+07:00  WARN 7040 --- [admin] [http-nio-4005-exec-5] c.s.admin.security.jwt.AuthTokenFilter   : JWT token is null.
2025-01-04T23:35:25.182+07:00 ERROR 7040 --- [admin] [http-nio-4005-exec-5] c.s.a.security.jwt.AuthEntryPointJwt     : Unauthorized error: Full authentication is required to access this resource
2025-01-04T23:35:25.191+07:00 DEBUG 7040 --- [admin] [http-nio-4005-exec-3] c.s.admin.security.jwt.AuthTokenFilter   : Authorization Header: null
2025-01-04T23:35:25.191+07:00  WARN 7040 --- [admin] [http-nio-4005-exec-3] c.s.admin.security.jwt.AuthTokenFilter   : Authorization header is missing or does not start with Bearer
2025-01-04T23:35:25.192+07:00  INFO 7040 --- [admin] [http-nio-4005-exec-3] c.s.admin.security.jwt.AuthTokenFilter   : JWT extracted from header: null
2025-01-04T23:35:25.192+07:00  WARN 7040 --- [admin] [http-nio-4005-exec-3] c.s.admin.security.jwt.AuthTokenFilter   : JWT token is null.
2025-01-04T23:35:25.193+07:00 ERROR 7040 --- [admin] [http-nio-4005-exec-3] c.s.a.security.jwt.AuthEntryPointJwt     : Unauthorized error: Full authentication is required to access this resource
2025-01-04T23:35:58.571+07:00 DEBUG 7040 --- [admin] [http-nio-4005-exec-7] c.s.admin.security.jwt.AuthTokenFilter   : Authorization Header: null
2025-01-04T23:35:58.571+07:00  WARN 7040 --- [admin] [http-nio-4005-exec-7] c.s.admin.security.jwt.AuthTokenFilter   : Authorization header is missing or does not start with Bearer
2025-01-04T23:35:58.571+07:00  INFO 7040 --- [admin] [http-nio-4005-exec-7] c.s.admin.security.jwt.AuthTokenFilter   : JWT extracted from header: null
2025-01-04T23:35:58.571+07:00  WARN 7040 --- [admin] [http-nio-4005-exec-7] c.s.admin.security.jwt.AuthTokenFilter   : JWT token is null.
2025-01-04T23:36:01.625+07:00 DEBUG 7040 --- [admin] [http-nio-4005-exec-10] c.s.admin.security.jwt.AuthTokenFilter   : Authorization Header: null
2025-01-04T23:36:01.625+07:00  WARN 7040 --- [admin] [http-nio-4005-exec-10] c.s.admin.security.jwt.AuthTokenFilter   : Authorization header is missing or does not start with Bearer
2025-01-04T23:36:01.625+07:00  INFO 7040 --- [admin] [http-nio-4005-exec-10] c.s.admin.security.jwt.AuthTokenFilter   : JWT extracted from header: null
2025-01-04T23:36:01.625+07:00  WARN 7040 --- [admin] [http-nio-4005-exec-10] c.s.admin.security.jwt.AuthTokenFilter   : JWT token is null.
2025-01-04T23:36:01.764+07:00  WARN 7040 --- [admin] [http-nio-4005-exec-10] o.h.engine.jdbc.spi.SqlExceptionHelper   : SQL Error: 1062, SQLState: 23000
2025-01-04T23:36:01.766+07:00 ERROR 7040 --- [admin] [http-nio-4005-exec-10] o.h.engine.jdbc.spi.SqlExceptionHelper   : Duplicate entry '28' for key 'refreshtoken.UK_81otwtvdhcw7y3ipoijtlb1g3'
2025-01-04T23:36:02.844+07:00 DEBUG 7040 --- [admin] [http-nio-4005-exec-6] c.s.admin.security.jwt.AuthTokenFilter   : Authorization Header: Bearer eyJhbGciOiJIUzI1NiJ9.eyJyb2xlcyI6W3siYXV0aG9yaXR5IjoiUk9MRV9VU0VSIn0seyJhdXRob3JpdHkiOiJST0xFX0FETUlOIn1dLCJpZCI6MjgsInVzZXJuYW1lIjoibWFuaHF1YW4xMiIsImlhdCI6MTczNjAwODU2MSwiZXhwIjoxNzM2MDI2NTYxfQ.rg9tN7zUHmk8cTTc3y2gjHQhAz2y4BDs_UBbs7XGGnk
2025-01-04T23:36:02.844+07:00  INFO 7040 --- [admin] [http-nio-4005-exec-6] c.s.admin.security.jwt.AuthTokenFilter   : JWT extracted from header: eyJhbGciOiJIUzI1NiJ9.eyJyb2xlcyI6W3siYXV0aG9yaXR5IjoiUk9MRV9VU0VSIn0seyJhdXRob3JpdHkiOiJST0xFX0FETUlOIn1dLCJpZCI6MjgsInVzZXJuYW1lIjoibWFuaHF1YW4xMiIsImlhdCI6MTczNjAwODU2MSwiZXhwIjoxNzM2MDI2NTYxfQ.rg9tN7zUHmk8cTTc3y2gjHQhAz2y4BDs_UBbs7XGGnk
2025-01-04T23:36:02.852+07:00 DEBUG 7040 --- [admin] [http-nio-4005-exec-9] c.s.admin.security.jwt.AuthTokenFilter   : Authorization Header: Bearer eyJhbGciOiJIUzI1NiJ9.eyJyb2xlcyI6W3siYXV0aG9yaXR5IjoiUk9MRV9VU0VSIn0seyJhdXRob3JpdHkiOiJST0xFX0FETUlOIn1dLCJpZCI6MjgsInVzZXJuYW1lIjoibWFuaHF1YW4xMiIsImlhdCI6MTczNjAwODU2MSwiZXhwIjoxNzM2MDI2NTYxfQ.rg9tN7zUHmk8cTTc3y2gjHQhAz2y4BDs_UBbs7XGGnk
2025-01-04T23:36:02.854+07:00  INFO 7040 --- [admin] [http-nio-4005-exec-9] c.s.admin.security.jwt.AuthTokenFilter   : JWT extracted from header: eyJhbGciOiJIUzI1NiJ9.eyJyb2xlcyI6W3siYXV0aG9yaXR5IjoiUk9MRV9VU0VSIn0seyJhdXRob3JpdHkiOiJST0xFX0FETUlOIn1dLCJpZCI6MjgsInVzZXJuYW1lIjoibWFuaHF1YW4xMiIsImlhdCI6MTczNjAwODU2MSwiZXhwIjoxNzM2MDI2NTYxfQ.rg9tN7zUHmk8cTTc3y2gjHQhAz2y4BDs_UBbs7XGGnk
2025-01-04T23:36:02.857+07:00  INFO 7040 --- [admin] [http-nio-4005-exec-6] c.s.admin.security.jwt.AuthTokenFilter   : JWT validation result: true
2025-01-04T23:36:02.862+07:00  INFO 7040 --- [admin] [http-nio-4005-exec-9] c.s.admin.security.jwt.AuthTokenFilter   : JWT validation result: true
2025-01-04T23:36:02.867+07:00  INFO 7040 --- [admin] [http-nio-4005-exec-6] c.s.admin.security.jwt.AuthTokenFilter   : Username extracted from JWT: manhquan12
2025-01-04T23:36:02.872+07:00  INFO 7040 --- [admin] [http-nio-4005-exec-9] c.s.admin.security.jwt.AuthTokenFilter   : Username extracted from JWT: manhquan12
2025-01-04T23:36:02.886+07:00  INFO 7040 --- [admin] [http-nio-4005-exec-6] c.s.admin.security.jwt.AuthTokenFilter   : JWT in Authorization header: eyJhbGciOiJIUzI1NiJ9.eyJyb2xlcyI6W3siYXV0aG9yaXR5IjoiUk9MRV9VU0VSIn0seyJhdXRob3JpdHkiOiJST0xFX0FETUlOIn1dLCJpZCI6MjgsInVzZXJuYW1lIjoibWFuaHF1YW4xMiIsImlhdCI6MTczNjAwODU2MSwiZXhwIjoxNzM2MDI2NTYxfQ.rg9tN7zUHmk8cTTc3y2gjHQhAz2y4BDs_UBbs7XGGnk
2025-01-04T23:36:02.888+07:00  INFO 7040 --- [admin] [http-nio-4005-exec-9] c.s.admin.security.jwt.AuthTokenFilter   : JWT in Authorization header: eyJhbGciOiJIUzI1NiJ9.eyJyb2xlcyI6W3siYXV0aG9yaXR5IjoiUk9MRV9VU0VSIn0seyJhdXRob3JpdHkiOiJST0xFX0FETUlOIn1dLCJpZCI6MjgsInVzZXJuYW1lIjoibWFuaHF1YW4xMiIsImlhdCI6MTczNjAwODU2MSwiZXhwIjoxNzM2MDI2NTYxfQ.rg9tN7zUHmk8cTTc3y2gjHQhAz2y4BDs_UBbs7XGGnk
2025-01-04T23:36:02.912+07:00 DEBUG 7040 --- [admin] [http-nio-4005-exec-4] c.s.admin.security.jwt.AuthTokenFilter   : Authorization Header: Bearer eyJhbGciOiJIUzI1NiJ9.eyJyb2xlcyI6W3siYXV0aG9yaXR5IjoiUk9MRV9VU0VSIn0seyJhdXRob3JpdHkiOiJST0xFX0FETUlOIn1dLCJpZCI6MjgsInVzZXJuYW1lIjoibWFuaHF1YW4xMiIsImlhdCI6MTczNjAwODU2MSwiZXhwIjoxNzM2MDI2NTYxfQ.rg9tN7zUHmk8cTTc3y2gjHQhAz2y4BDs_UBbs7XGGnk
2025-01-04T23:36:02.913+07:00  INFO 7040 --- [admin] [http-nio-4005-exec-4] c.s.admin.security.jwt.AuthTokenFilter   : JWT extracted from header: eyJhbGciOiJIUzI1NiJ9.eyJyb2xlcyI6W3siYXV0aG9yaXR5IjoiUk9MRV9VU0VSIn0seyJhdXRob3JpdHkiOiJST0xFX0FETUlOIn1dLCJpZCI6MjgsInVzZXJuYW1lIjoibWFuaHF1YW4xMiIsImlhdCI6MTczNjAwODU2MSwiZXhwIjoxNzM2MDI2NTYxfQ.rg9tN7zUHmk8cTTc3y2gjHQhAz2y4BDs_UBbs7XGGnk
2025-01-04T23:36:02.920+07:00  INFO 7040 --- [admin] [http-nio-4005-exec-4] c.s.admin.security.jwt.AuthTokenFilter   : JWT validation result: true
2025-01-04T23:36:02.929+07:00  INFO 7040 --- [admin] [http-nio-4005-exec-4] c.s.admin.security.jwt.AuthTokenFilter   : Username extracted from JWT: manhquan12
2025-01-04T23:36:02.936+07:00 DEBUG 7040 --- [admin] [http-nio-4005-exec-1] c.s.admin.security.jwt.AuthTokenFilter   : Authorization Header: Bearer eyJhbGciOiJIUzI1NiJ9.eyJyb2xlcyI6W3siYXV0aG9yaXR5IjoiUk9MRV9VU0VSIn0seyJhdXRob3JpdHkiOiJST0xFX0FETUlOIn1dLCJpZCI6MjgsInVzZXJuYW1lIjoibWFuaHF1YW4xMiIsImlhdCI6MTczNjAwODU2MSwiZXhwIjoxNzM2MDI2NTYxfQ.rg9tN7zUHmk8cTTc3y2gjHQhAz2y4BDs_UBbs7XGGnk
2025-01-04T23:36:02.937+07:00  INFO 7040 --- [admin] [http-nio-4005-exec-1] c.s.admin.security.jwt.AuthTokenFilter   : JWT extracted from header: eyJhbGciOiJIUzI1NiJ9.eyJyb2xlcyI6W3siYXV0aG9yaXR5IjoiUk9MRV9VU0VSIn0seyJhdXRob3JpdHkiOiJST0xFX0FETUlOIn1dLCJpZCI6MjgsInVzZXJuYW1lIjoibWFuaHF1YW4xMiIsImlhdCI6MTczNjAwODU2MSwiZXhwIjoxNzM2MDI2NTYxfQ.rg9tN7zUHmk8cTTc3y2gjHQhAz2y4BDs_UBbs7XGGnk
2025-01-04T23:36:02.944+07:00  INFO 7040 --- [admin] [http-nio-4005-exec-1] c.s.admin.security.jwt.AuthTokenFilter   : JWT validation result: true
2025-01-04T23:36:02.952+07:00  INFO 7040 --- [admin] [http-nio-4005-exec-4] c.s.admin.security.jwt.AuthTokenFilter   : JWT in Authorization header: eyJhbGciOiJIUzI1NiJ9.eyJyb2xlcyI6W3siYXV0aG9yaXR5IjoiUk9MRV9VU0VSIn0seyJhdXRob3JpdHkiOiJST0xFX0FETUlOIn1dLCJpZCI6MjgsInVzZXJuYW1lIjoibWFuaHF1YW4xMiIsImlhdCI6MTczNjAwODU2MSwiZXhwIjoxNzM2MDI2NTYxfQ.rg9tN7zUHmk8cTTc3y2gjHQhAz2y4BDs_UBbs7XGGnk
2025-01-04T23:36:02.953+07:00  INFO 7040 --- [admin] [http-nio-4005-exec-1] c.s.admin.security.jwt.AuthTokenFilter   : Username extracted from JWT: manhquan12
2025-01-04T23:36:02.973+07:00  INFO 7040 --- [admin] [http-nio-4005-exec-1] c.s.admin.security.jwt.AuthTokenFilter   : JWT in Authorization header: eyJhbGciOiJIUzI1NiJ9.eyJyb2xlcyI6W3siYXV0aG9yaXR5IjoiUk9MRV9VU0VSIn0seyJhdXRob3JpdHkiOiJST0xFX0FETUlOIn1dLCJpZCI6MjgsInVzZXJuYW1lIjoibWFuaHF1YW4xMiIsImlhdCI6MTczNjAwODU2MSwiZXhwIjoxNzM2MDI2NTYxfQ.rg9tN7zUHmk8cTTc3y2gjHQhAz2y4BDs_UBbs7XGGnk
2025-01-04T23:37:21.927+07:00 DEBUG 7040 --- [admin] [http-nio-4005-exec-2] c.s.admin.security.jwt.AuthTokenFilter   : Authorization Header: Bearer eyJhbGciOiJIUzI1NiJ9.eyJyb2xlcyI6W3siYXV0aG9yaXR5IjoiUk9MRV9VU0VSIn0seyJhdXRob3JpdHkiOiJST0xFX0FETUlOIn1dLCJpZCI6MjgsInVzZXJuYW1lIjoibWFuaHF1YW4xMiIsImlhdCI6MTczNjAwODU2MSwiZXhwIjoxNzM2MDI2NTYxfQ.rg9tN7zUHmk8cTTc3y2gjHQhAz2y4BDs_UBbs7XGGnk
2025-01-04T23:37:21.927+07:00  INFO 7040 --- [admin] [http-nio-4005-exec-2] c.s.admin.security.jwt.AuthTokenFilter   : JWT extracted from header: eyJhbGciOiJIUzI1NiJ9.eyJyb2xlcyI6W3siYXV0aG9yaXR5IjoiUk9MRV9VU0VSIn0seyJhdXRob3JpdHkiOiJST0xFX0FETUlOIn1dLCJpZCI6MjgsInVzZXJuYW1lIjoibWFuaHF1YW4xMiIsImlhdCI6MTczNjAwODU2MSwiZXhwIjoxNzM2MDI2NTYxfQ.rg9tN7zUHmk8cTTc3y2gjHQhAz2y4BDs_UBbs7XGGnk
2025-01-04T23:37:21.934+07:00  INFO 7040 --- [admin] [http-nio-4005-exec-2] c.s.admin.security.jwt.AuthTokenFilter   : JWT validation result: true
2025-01-04T23:37:21.939+07:00  INFO 7040 --- [admin] [http-nio-4005-exec-2] c.s.admin.security.jwt.AuthTokenFilter   : Username extracted from JWT: manhquan12
2025-01-04T23:37:21.948+07:00  INFO 7040 --- [admin] [http-nio-4005-exec-2] c.s.admin.security.jwt.AuthTokenFilter   : JWT in Authorization header: eyJhbGciOiJIUzI1NiJ9.eyJyb2xlcyI6W3siYXV0aG9yaXR5IjoiUk9MRV9VU0VSIn0seyJhdXRob3JpdHkiOiJST0xFX0FETUlOIn1dLCJpZCI6MjgsInVzZXJuYW1lIjoibWFuaHF1YW4xMiIsImlhdCI6MTczNjAwODU2MSwiZXhwIjoxNzM2MDI2NTYxfQ.rg9tN7zUHmk8cTTc3y2gjHQhAz2y4BDs_UBbs7XGGnk
2025-01-04T23:37:25.146+07:00 DEBUG 7040 --- [admin] [http-nio-4005-exec-10] c.s.admin.security.jwt.AuthTokenFilter   : Authorization Header: Bearer eyJhbGciOiJIUzI1NiJ9.eyJyb2xlcyI6W3siYXV0aG9yaXR5IjoiUk9MRV9VU0VSIn0seyJhdXRob3JpdHkiOiJST0xFX0FETUlOIn1dLCJpZCI6MjgsInVzZXJuYW1lIjoibWFuaHF1YW4xMiIsImlhdCI6MTczNjAwODU2MSwiZXhwIjoxNzM2MDI2NTYxfQ.rg9tN7zUHmk8cTTc3y2gjHQhAz2y4BDs_UBbs7XGGnk
2025-01-04T23:37:25.146+07:00  INFO 7040 --- [admin] [http-nio-4005-exec-10] c.s.admin.security.jwt.AuthTokenFilter   : JWT extracted from header: eyJhbGciOiJIUzI1NiJ9.eyJyb2xlcyI6W3siYXV0aG9yaXR5IjoiUk9MRV9VU0VSIn0seyJhdXRob3JpdHkiOiJST0xFX0FETUlOIn1dLCJpZCI6MjgsInVzZXJuYW1lIjoibWFuaHF1YW4xMiIsImlhdCI6MTczNjAwODU2MSwiZXhwIjoxNzM2MDI2NTYxfQ.rg9tN7zUHmk8cTTc3y2gjHQhAz2y4BDs_UBbs7XGGnk
2025-01-04T23:37:25.146+07:00 DEBUG 7040 --- [admin] [http-nio-4005-exec-6] c.s.admin.security.jwt.AuthTokenFilter   : Authorization Header: Bearer eyJhbGciOiJIUzI1NiJ9.eyJyb2xlcyI6W3siYXV0aG9yaXR5IjoiUk9MRV9VU0VSIn0seyJhdXRob3JpdHkiOiJST0xFX0FETUlOIn1dLCJpZCI6MjgsInVzZXJuYW1lIjoibWFuaHF1YW4xMiIsImlhdCI6MTczNjAwODU2MSwiZXhwIjoxNzM2MDI2NTYxfQ.rg9tN7zUHmk8cTTc3y2gjHQhAz2y4BDs_UBbs7XGGnk
2025-01-04T23:37:25.146+07:00  INFO 7040 --- [admin] [http-nio-4005-exec-6] c.s.admin.security.jwt.AuthTokenFilter   : JWT extracted from header: eyJhbGciOiJIUzI1NiJ9.eyJyb2xlcyI6W3siYXV0aG9yaXR5IjoiUk9MRV9VU0VSIn0seyJhdXRob3JpdHkiOiJST0xFX0FETUlOIn1dLCJpZCI6MjgsInVzZXJuYW1lIjoibWFuaHF1YW4xMiIsImlhdCI6MTczNjAwODU2MSwiZXhwIjoxNzM2MDI2NTYxfQ.rg9tN7zUHmk8cTTc3y2gjHQhAz2y4BDs_UBbs7XGGnk
2025-01-04T23:37:25.160+07:00  INFO 7040 --- [admin] [http-nio-4005-exec-10] c.s.admin.security.jwt.AuthTokenFilter   : JWT validation result: true
2025-01-04T23:37:25.160+07:00  INFO 7040 --- [admin] [http-nio-4005-exec-6] c.s.admin.security.jwt.AuthTokenFilter   : JWT validation result: true
2025-01-04T23:37:25.168+07:00  INFO 7040 --- [admin] [http-nio-4005-exec-6] c.s.admin.security.jwt.AuthTokenFilter   : Username extracted from JWT: manhquan12
2025-01-04T23:37:25.226+07:00  INFO 7040 --- [admin] [http-nio-4005-exec-10] c.s.admin.security.jwt.AuthTokenFilter   : Username extracted from JWT: manhquan12
2025-01-04T23:37:25.280+07:00  INFO 7040 --- [admin] [http-nio-4005-exec-6] c.s.admin.security.jwt.AuthTokenFilter   : JWT in Authorization header: eyJhbGciOiJIUzI1NiJ9.eyJyb2xlcyI6W3siYXV0aG9yaXR5IjoiUk9MRV9VU0VSIn0seyJhdXRob3JpdHkiOiJST0xFX0FETUlOIn1dLCJpZCI6MjgsInVzZXJuYW1lIjoibWFuaHF1YW4xMiIsImlhdCI6MTczNjAwODU2MSwiZXhwIjoxNzM2MDI2NTYxfQ.rg9tN7zUHmk8cTTc3y2gjHQhAz2y4BDs_UBbs7XGGnk
2025-01-04T23:37:25.318+07:00  INFO 7040 --- [admin] [http-nio-4005-exec-10] c.s.admin.security.jwt.AuthTokenFilter   : JWT in Authorization header: eyJhbGciOiJIUzI1NiJ9.eyJyb2xlcyI6W3siYXV0aG9yaXR5IjoiUk9MRV9VU0VSIn0seyJhdXRob3JpdHkiOiJST0xFX0FETUlOIn1dLCJpZCI6MjgsInVzZXJuYW1lIjoibWFuaHF1YW4xMiIsImlhdCI6MTczNjAwODU2MSwiZXhwIjoxNzM2MDI2NTYxfQ.rg9tN7zUHmk8cTTc3y2gjHQhAz2y4BDs_UBbs7XGGnk
2025-01-04T23:37:25.457+07:00 DEBUG 7040 --- [admin] [http-nio-4005-exec-6] c.s.admin.security.jwt.AuthTokenFilter   : Authorization Header: Bearer eyJhbGciOiJIUzI1NiJ9.eyJyb2xlcyI6W3siYXV0aG9yaXR5IjoiUk9MRV9VU0VSIn0seyJhdXRob3JpdHkiOiJST0xFX0FETUlOIn1dLCJpZCI6MjgsInVzZXJuYW1lIjoibWFuaHF1YW4xMiIsImlhdCI6MTczNjAwODU2MSwiZXhwIjoxNzM2MDI2NTYxfQ.rg9tN7zUHmk8cTTc3y2gjHQhAz2y4BDs_UBbs7XGGnk
2025-01-04T23:37:25.458+07:00  INFO 7040 --- [admin] [http-nio-4005-exec-6] c.s.admin.security.jwt.AuthTokenFilter   : JWT extracted from header: eyJhbGciOiJIUzI1NiJ9.eyJyb2xlcyI6W3siYXV0aG9yaXR5IjoiUk9MRV9VU0VSIn0seyJhdXRob3JpdHkiOiJST0xFX0FETUlOIn1dLCJpZCI6MjgsInVzZXJuYW1lIjoibWFuaHF1YW4xMiIsImlhdCI6MTczNjAwODU2MSwiZXhwIjoxNzM2MDI2NTYxfQ.rg9tN7zUHmk8cTTc3y2gjHQhAz2y4BDs_UBbs7XGGnk
2025-01-04T23:37:25.464+07:00 DEBUG 7040 --- [admin] [http-nio-4005-exec-9] c.s.admin.security.jwt.AuthTokenFilter   : Authorization Header: Bearer eyJhbGciOiJIUzI1NiJ9.eyJyb2xlcyI6W3siYXV0aG9yaXR5IjoiUk9MRV9VU0VSIn0seyJhdXRob3JpdHkiOiJST0xFX0FETUlOIn1dLCJpZCI6MjgsInVzZXJuYW1lIjoibWFuaHF1YW4xMiIsImlhdCI6MTczNjAwODU2MSwiZXhwIjoxNzM2MDI2NTYxfQ.rg9tN7zUHmk8cTTc3y2gjHQhAz2y4BDs_UBbs7XGGnk
2025-01-04T23:37:25.469+07:00  INFO 7040 --- [admin] [http-nio-4005-exec-9] c.s.admin.security.jwt.AuthTokenFilter   : JWT extracted from header: eyJhbGciOiJIUzI1NiJ9.eyJyb2xlcyI6W3siYXV0aG9yaXR5IjoiUk9MRV9VU0VSIn0seyJhdXRob3JpdHkiOiJST0xFX0FETUlOIn1dLCJpZCI6MjgsInVzZXJuYW1lIjoibWFuaHF1YW4xMiIsImlhdCI6MTczNjAwODU2MSwiZXhwIjoxNzM2MDI2NTYxfQ.rg9tN7zUHmk8cTTc3y2gjHQhAz2y4BDs_UBbs7XGGnk
2025-01-04T23:37:25.470+07:00  INFO 7040 --- [admin] [http-nio-4005-exec-6] c.s.admin.security.jwt.AuthTokenFilter   : JWT validation result: true
2025-01-04T23:37:25.484+07:00  INFO 7040 --- [admin] [http-nio-4005-exec-6] c.s.admin.security.jwt.AuthTokenFilter   : Username extracted from JWT: manhquan12
2025-01-04T23:37:25.489+07:00  INFO 7040 --- [admin] [http-nio-4005-exec-9] c.s.admin.security.jwt.AuthTokenFilter   : JWT validation result: true
2025-01-04T23:37:25.516+07:00  INFO 7040 --- [admin] [http-nio-4005-exec-9] c.s.admin.security.jwt.AuthTokenFilter   : Username extracted from JWT: manhquan12
2025-01-04T23:37:25.530+07:00  INFO 7040 --- [admin] [http-nio-4005-exec-6] c.s.admin.security.jwt.AuthTokenFilter   : JWT in Authorization header: eyJhbGciOiJIUzI1NiJ9.eyJyb2xlcyI6W3siYXV0aG9yaXR5IjoiUk9MRV9VU0VSIn0seyJhdXRob3JpdHkiOiJST0xFX0FETUlOIn1dLCJpZCI6MjgsInVzZXJuYW1lIjoibWFuaHF1YW4xMiIsImlhdCI6MTczNjAwODU2MSwiZXhwIjoxNzM2MDI2NTYxfQ.rg9tN7zUHmk8cTTc3y2gjHQhAz2y4BDs_UBbs7XGGnk
2025-01-04T23:37:25.621+07:00 DEBUG 7040 --- [admin] [http-nio-4005-exec-6] c.s.admin.security.jwt.AuthTokenFilter   : Authorization Header: Bearer eyJhbGciOiJIUzI1NiJ9.eyJyb2xlcyI6W3siYXV0aG9yaXR5IjoiUk9MRV9VU0VSIn0seyJhdXRob3JpdHkiOiJST0xFX0FETUlOIn1dLCJpZCI6MjgsInVzZXJuYW1lIjoibWFuaHF1YW4xMiIsImlhdCI6MTczNjAwODU2MSwiZXhwIjoxNzM2MDI2NTYxfQ.rg9tN7zUHmk8cTTc3y2gjHQhAz2y4BDs_UBbs7XGGnk
2025-01-04T23:37:25.621+07:00  INFO 7040 --- [admin] [http-nio-4005-exec-6] c.s.admin.security.jwt.AuthTokenFilter   : JWT extracted from header: eyJhbGciOiJIUzI1NiJ9.eyJyb2xlcyI6W3siYXV0aG9yaXR5IjoiUk9MRV9VU0VSIn0seyJhdXRob3JpdHkiOiJST0xFX0FETUlOIn1dLCJpZCI6MjgsInVzZXJuYW1lIjoibWFuaHF1YW4xMiIsImlhdCI6MTczNjAwODU2MSwiZXhwIjoxNzM2MDI2NTYxfQ.rg9tN7zUHmk8cTTc3y2gjHQhAz2y4BDs_UBbs7XGGnk
2025-01-04T23:37:25.632+07:00  INFO 7040 --- [admin] [http-nio-4005-exec-6] c.s.admin.security.jwt.AuthTokenFilter   : JWT validation result: true
2025-01-04T23:37:25.638+07:00  INFO 7040 --- [admin] [http-nio-4005-exec-6] c.s.admin.security.jwt.AuthTokenFilter   : Username extracted from JWT: manhquan12
2025-01-04T23:37:25.654+07:00  INFO 7040 --- [admin] [http-nio-4005-exec-9] c.s.admin.security.jwt.AuthTokenFilter   : JWT in Authorization header: eyJhbGciOiJIUzI1NiJ9.eyJyb2xlcyI6W3siYXV0aG9yaXR5IjoiUk9MRV9VU0VSIn0seyJhdXRob3JpdHkiOiJST0xFX0FETUlOIn1dLCJpZCI6MjgsInVzZXJuYW1lIjoibWFuaHF1YW4xMiIsImlhdCI6MTczNjAwODU2MSwiZXhwIjoxNzM2MDI2NTYxfQ.rg9tN7zUHmk8cTTc3y2gjHQhAz2y4BDs_UBbs7XGGnk
2025-01-04T23:37:25.666+07:00  INFO 7040 --- [admin] [http-nio-4005-exec-6] c.s.admin.security.jwt.AuthTokenFilter   : JWT in Authorization header: eyJhbGciOiJIUzI1NiJ9.eyJyb2xlcyI6W3siYXV0aG9yaXR5IjoiUk9MRV9VU0VSIn0seyJhdXRob3JpdHkiOiJST0xFX0FETUlOIn1dLCJpZCI6MjgsInVzZXJuYW1lIjoibWFuaHF1YW4xMiIsImlhdCI6MTczNjAwODU2MSwiZXhwIjoxNzM2MDI2NTYxfQ.rg9tN7zUHmk8cTTc3y2gjHQhAz2y4BDs_UBbs7XGGnk
2025-01-04T23:37:25.718+07:00 DEBUG 7040 --- [admin] [http-nio-4005-exec-3] c.s.admin.security.jwt.AuthTokenFilter   : Authorization Header: Bearer eyJhbGciOiJIUzI1NiJ9.eyJyb2xlcyI6W3siYXV0aG9yaXR5IjoiUk9MRV9VU0VSIn0seyJhdXRob3JpdHkiOiJST0xFX0FETUlOIn1dLCJpZCI6MjgsInVzZXJuYW1lIjoibWFuaHF1YW4xMiIsImlhdCI6MTczNjAwODU2MSwiZXhwIjoxNzM2MDI2NTYxfQ.rg9tN7zUHmk8cTTc3y2gjHQhAz2y4BDs_UBbs7XGGnk
2025-01-04T23:37:25.720+07:00  INFO 7040 --- [admin] [http-nio-4005-exec-3] c.s.admin.security.jwt.AuthTokenFilter   : JWT extracted from header: eyJhbGciOiJIUzI1NiJ9.eyJyb2xlcyI6W3siYXV0aG9yaXR5IjoiUk9MRV9VU0VSIn0seyJhdXRob3JpdHkiOiJST0xFX0FETUlOIn1dLCJpZCI6MjgsInVzZXJuYW1lIjoibWFuaHF1YW4xMiIsImlhdCI6MTczNjAwODU2MSwiZXhwIjoxNzM2MDI2NTYxfQ.rg9tN7zUHmk8cTTc3y2gjHQhAz2y4BDs_UBbs7XGGnk
2025-01-04T23:37:25.730+07:00  INFO 7040 --- [admin] [http-nio-4005-exec-3] c.s.admin.security.jwt.AuthTokenFilter   : JWT validation result: true
2025-01-04T23:37:25.738+07:00  INFO 7040 --- [admin] [http-nio-4005-exec-3] c.s.admin.security.jwt.AuthTokenFilter   : Username extracted from JWT: manhquan12
2025-01-04T23:37:25.753+07:00  INFO 7040 --- [admin] [http-nio-4005-exec-3] c.s.admin.security.jwt.AuthTokenFilter   : JWT in Authorization header: eyJhbGciOiJIUzI1NiJ9.eyJyb2xlcyI6W3siYXV0aG9yaXR5IjoiUk9MRV9VU0VSIn0seyJhdXRob3JpdHkiOiJST0xFX0FETUlOIn1dLCJpZCI6MjgsInVzZXJuYW1lIjoibWFuaHF1YW4xMiIsImlhdCI6MTczNjAwODU2MSwiZXhwIjoxNzM2MDI2NTYxfQ.rg9tN7zUHmk8cTTc3y2gjHQhAz2y4BDs_UBbs7XGGnk
2025-01-04T23:38:02.671+07:00 DEBUG 7040 --- [admin] [http-nio-4005-exec-7] c.s.admin.security.jwt.AuthTokenFilter   : Authorization Header: Bearer eyJhbGciOiJIUzI1NiJ9.eyJyb2xlcyI6W3siYXV0aG9yaXR5IjoiUk9MRV9VU0VSIn0seyJhdXRob3JpdHkiOiJST0xFX0FETUlOIn1dLCJpZCI6MjgsInVzZXJuYW1lIjoibWFuaHF1YW4xMiIsImlhdCI6MTczNjAwODU2MSwiZXhwIjoxNzM2MDI2NTYxfQ.rg9tN7zUHmk8cTTc3y2gjHQhAz2y4BDs_UBbs7XGGnk
2025-01-04T23:38:02.671+07:00  INFO 7040 --- [admin] [http-nio-4005-exec-7] c.s.admin.security.jwt.AuthTokenFilter   : JWT extracted from header: eyJhbGciOiJIUzI1NiJ9.eyJyb2xlcyI6W3siYXV0aG9yaXR5IjoiUk9MRV9VU0VSIn0seyJhdXRob3JpdHkiOiJST0xFX0FETUlOIn1dLCJpZCI6MjgsInVzZXJuYW1lIjoibWFuaHF1YW4xMiIsImlhdCI6MTczNjAwODU2MSwiZXhwIjoxNzM2MDI2NTYxfQ.rg9tN7zUHmk8cTTc3y2gjHQhAz2y4BDs_UBbs7XGGnk
2025-01-04T23:38:02.682+07:00  INFO 7040 --- [admin] [http-nio-4005-exec-7] c.s.admin.security.jwt.AuthTokenFilter   : JWT validation result: true
2025-01-04T23:38:02.688+07:00  INFO 7040 --- [admin] [http-nio-4005-exec-7] c.s.admin.security.jwt.AuthTokenFilter   : Username extracted from JWT: manhquan12
2025-01-04T23:38:02.705+07:00  INFO 7040 --- [admin] [http-nio-4005-exec-7] c.s.admin.security.jwt.AuthTokenFilter   : JWT in Authorization header: eyJhbGciOiJIUzI1NiJ9.eyJyb2xlcyI6W3siYXV0aG9yaXR5IjoiUk9MRV9VU0VSIn0seyJhdXRob3JpdHkiOiJST0xFX0FETUlOIn1dLCJpZCI6MjgsInVzZXJuYW1lIjoibWFuaHF1YW4xMiIsImlhdCI6MTczNjAwODU2MSwiZXhwIjoxNzM2MDI2NTYxfQ.rg9tN7zUHmk8cTTc3y2gjHQhAz2y4BDs_UBbs7XGGnk
2025-01-04T23:39:49.402+07:00 DEBUG 7040 --- [admin] [http-nio-4005-exec-4] c.s.admin.security.jwt.AuthTokenFilter   : Authorization Header: null
2025-01-04T23:39:49.406+07:00  WARN 7040 --- [admin] [http-nio-4005-exec-4] c.s.admin.security.jwt.AuthTokenFilter   : Authorization header is missing or does not start with Bearer
2025-01-04T23:39:49.406+07:00  INFO 7040 --- [admin] [http-nio-4005-exec-4] c.s.admin.security.jwt.AuthTokenFilter   : JWT extracted from header: null
2025-01-04T23:39:49.406+07:00  WARN 7040 --- [admin] [http-nio-4005-exec-4] c.s.admin.security.jwt.AuthTokenFilter   : JWT token is null.
2025-01-04T23:39:49.593+07:00  WARN 7040 --- [admin] [http-nio-4005-exec-4] o.h.engine.jdbc.spi.SqlExceptionHelper   : SQL Error: 1062, SQLState: 23000
2025-01-04T23:39:49.593+07:00 ERROR 7040 --- [admin] [http-nio-4005-exec-4] o.h.engine.jdbc.spi.SqlExceptionHelper   : Duplicate entry '24' for key 'refreshtoken.UK_81otwtvdhcw7y3ipoijtlb1g3'
2025-01-04T23:40:22.826+07:00 DEBUG 7040 --- [admin] [http-nio-4005-exec-3] c.s.admin.security.jwt.AuthTokenFilter   : Authorization Header: Bearer eyJhbGciOiJIUzI1NiJ9.eyJyb2xlcyI6W3siYXV0aG9yaXR5IjoiUk9MRV9VU0VSIn1dLCJpZCI6MjQsImVtYWlsIjoidm9sZUBtYWlsaW5hdG9yLmNvbSIsInVzZXJuYW1lIjoibWlubWluIiwiaWF0IjoxNzM2MDA4Nzg5LCJleHAiOjE3MzYwMjY3ODl9.G_0IK6TwCKjYcW_5gwFeJNF3vx7jJDxvD4V1_4k8D7E
2025-01-04T23:40:22.826+07:00  INFO 7040 --- [admin] [http-nio-4005-exec-3] c.s.admin.security.jwt.AuthTokenFilter   : JWT extracted from header: eyJhbGciOiJIUzI1NiJ9.eyJyb2xlcyI6W3siYXV0aG9yaXR5IjoiUk9MRV9VU0VSIn1dLCJpZCI6MjQsImVtYWlsIjoidm9sZUBtYWlsaW5hdG9yLmNvbSIsInVzZXJuYW1lIjoibWlubWluIiwiaWF0IjoxNzM2MDA4Nzg5LCJleHAiOjE3MzYwMjY3ODl9.G_0IK6TwCKjYcW_5gwFeJNF3vx7jJDxvD4V1_4k8D7E
2025-01-04T23:40:22.918+07:00  INFO 7040 --- [admin] [http-nio-4005-exec-3] c.s.admin.security.jwt.AuthTokenFilter   : JWT validation result: true
2025-01-04T23:40:22.923+07:00  INFO 7040 --- [admin] [http-nio-4005-exec-3] c.s.admin.security.jwt.AuthTokenFilter   : Username extracted from JWT: minmin
2025-01-04T23:40:22.970+07:00 DEBUG 7040 --- [admin] [http-nio-4005-exec-5] c.s.admin.security.jwt.AuthTokenFilter   : Authorization Header: Bearer eyJhbGciOiJIUzI1NiJ9.eyJyb2xlcyI6W3siYXV0aG9yaXR5IjoiUk9MRV9VU0VSIn1dLCJpZCI6MjQsImVtYWlsIjoidm9sZUBtYWlsaW5hdG9yLmNvbSIsInVzZXJuYW1lIjoibWlubWluIiwiaWF0IjoxNzM2MDA4Nzg5LCJleHAiOjE3MzYwMjY3ODl9.G_0IK6TwCKjYcW_5gwFeJNF3vx7jJDxvD4V1_4k8D7E
2025-01-04T23:40:22.970+07:00  INFO 7040 --- [admin] [http-nio-4005-exec-5] c.s.admin.security.jwt.AuthTokenFilter   : JWT extracted from header: eyJhbGciOiJIUzI1NiJ9.eyJyb2xlcyI6W3siYXV0aG9yaXR5IjoiUk9MRV9VU0VSIn1dLCJpZCI6MjQsImVtYWlsIjoidm9sZUBtYWlsaW5hdG9yLmNvbSIsInVzZXJuYW1lIjoibWlubWluIiwiaWF0IjoxNzM2MDA4Nzg5LCJleHAiOjE3MzYwMjY3ODl9.G_0IK6TwCKjYcW_5gwFeJNF3vx7jJDxvD4V1_4k8D7E
2025-01-04T23:40:22.997+07:00  INFO 7040 --- [admin] [http-nio-4005-exec-5] c.s.admin.security.jwt.AuthTokenFilter   : JWT validation result: true
2025-01-04T23:40:23.000+07:00  INFO 7040 --- [admin] [http-nio-4005-exec-3] c.s.admin.security.jwt.AuthTokenFilter   : JWT in Authorization header: eyJhbGciOiJIUzI1NiJ9.eyJyb2xlcyI6W3siYXV0aG9yaXR5IjoiUk9MRV9VU0VSIn1dLCJpZCI6MjQsImVtYWlsIjoidm9sZUBtYWlsaW5hdG9yLmNvbSIsInVzZXJuYW1lIjoibWlubWluIiwiaWF0IjoxNzM2MDA4Nzg5LCJleHAiOjE3MzYwMjY3ODl9.G_0IK6TwCKjYcW_5gwFeJNF3vx7jJDxvD4V1_4k8D7E
2025-01-04T23:40:23.001+07:00  INFO 7040 --- [admin] [http-nio-4005-exec-5] c.s.admin.security.jwt.AuthTokenFilter   : Username extracted from JWT: minmin
2025-01-04T23:40:23.028+07:00  INFO 7040 --- [admin] [http-nio-4005-exec-5] c.s.admin.security.jwt.AuthTokenFilter   : JWT in Authorization header: eyJhbGciOiJIUzI1NiJ9.eyJyb2xlcyI6W3siYXV0aG9yaXR5IjoiUk9MRV9VU0VSIn1dLCJpZCI6MjQsImVtYWlsIjoidm9sZUBtYWlsaW5hdG9yLmNvbSIsInVzZXJuYW1lIjoibWlubWluIiwiaWF0IjoxNzM2MDA4Nzg5LCJleHAiOjE3MzYwMjY3ODl9.G_0IK6TwCKjYcW_5gwFeJNF3vx7jJDxvD4V1_4k8D7E
2025-01-04T23:40:23.093+07:00 DEBUG 7040 --- [admin] [http-nio-4005-exec-2] c.s.admin.security.jwt.AuthTokenFilter   : Authorization Header: Bearer eyJhbGciOiJIUzI1NiJ9.eyJyb2xlcyI6W3siYXV0aG9yaXR5IjoiUk9MRV9VU0VSIn1dLCJpZCI6MjQsImVtYWlsIjoidm9sZUBtYWlsaW5hdG9yLmNvbSIsInVzZXJuYW1lIjoibWlubWluIiwiaWF0IjoxNzM2MDA4Nzg5LCJleHAiOjE3MzYwMjY3ODl9.G_0IK6TwCKjYcW_5gwFeJNF3vx7jJDxvD4V1_4k8D7E
2025-01-04T23:40:23.094+07:00  INFO 7040 --- [admin] [http-nio-4005-exec-2] c.s.admin.security.jwt.AuthTokenFilter   : JWT extracted from header: eyJhbGciOiJIUzI1NiJ9.eyJyb2xlcyI6W3siYXV0aG9yaXR5IjoiUk9MRV9VU0VSIn1dLCJpZCI6MjQsImVtYWlsIjoidm9sZUBtYWlsaW5hdG9yLmNvbSIsInVzZXJuYW1lIjoibWlubWluIiwiaWF0IjoxNzM2MDA4Nzg5LCJleHAiOjE3MzYwMjY3ODl9.G_0IK6TwCKjYcW_5gwFeJNF3vx7jJDxvD4V1_4k8D7E
2025-01-04T23:40:23.098+07:00  INFO 7040 --- [admin] [http-nio-4005-exec-2] c.s.admin.security.jwt.AuthTokenFilter   : JWT validation result: true
2025-01-04T23:40:23.104+07:00  INFO 7040 --- [admin] [http-nio-4005-exec-2] c.s.admin.security.jwt.AuthTokenFilter   : Username extracted from JWT: minmin
2025-01-04T23:40:23.116+07:00  INFO 7040 --- [admin] [http-nio-4005-exec-2] c.s.admin.security.jwt.AuthTokenFilter   : JWT in Authorization header: eyJhbGciOiJIUzI1NiJ9.eyJyb2xlcyI6W3siYXV0aG9yaXR5IjoiUk9MRV9VU0VSIn1dLCJpZCI6MjQsImVtYWlsIjoidm9sZUBtYWlsaW5hdG9yLmNvbSIsInVzZXJuYW1lIjoibWlubWluIiwiaWF0IjoxNzM2MDA4Nzg5LCJleHAiOjE3MzYwMjY3ODl9.G_0IK6TwCKjYcW_5gwFeJNF3vx7jJDxvD4V1_4k8D7E
2025-01-04T23:40:23.180+07:00 DEBUG 7040 --- [admin] [http-nio-4005-exec-8] c.s.admin.security.jwt.AuthTokenFilter   : Authorization Header: Bearer eyJhbGciOiJIUzI1NiJ9.eyJyb2xlcyI6W3siYXV0aG9yaXR5IjoiUk9MRV9VU0VSIn1dLCJpZCI6MjQsImVtYWlsIjoidm9sZUBtYWlsaW5hdG9yLmNvbSIsInVzZXJuYW1lIjoibWlubWluIiwiaWF0IjoxNzM2MDA4Nzg5LCJleHAiOjE3MzYwMjY3ODl9.G_0IK6TwCKjYcW_5gwFeJNF3vx7jJDxvD4V1_4k8D7E
2025-01-04T23:40:23.181+07:00  INFO 7040 --- [admin] [http-nio-4005-exec-8] c.s.admin.security.jwt.AuthTokenFilter   : JWT extracted from header: eyJhbGciOiJIUzI1NiJ9.eyJyb2xlcyI6W3siYXV0aG9yaXR5IjoiUk9MRV9VU0VSIn1dLCJpZCI6MjQsImVtYWlsIjoidm9sZUBtYWlsaW5hdG9yLmNvbSIsInVzZXJuYW1lIjoibWlubWluIiwiaWF0IjoxNzM2MDA4Nzg5LCJleHAiOjE3MzYwMjY3ODl9.G_0IK6TwCKjYcW_5gwFeJNF3vx7jJDxvD4V1_4k8D7E
2025-01-04T23:40:23.209+07:00  INFO 7040 --- [admin] [http-nio-4005-exec-8] c.s.admin.security.jwt.AuthTokenFilter   : JWT validation result: true
2025-01-04T23:40:23.213+07:00  INFO 7040 --- [admin] [http-nio-4005-exec-8] c.s.admin.security.jwt.AuthTokenFilter   : Username extracted from JWT: minmin
2025-01-04T23:40:23.449+07:00  INFO 7040 --- [admin] [http-nio-4005-exec-8] c.s.admin.security.jwt.AuthTokenFilter   : JWT in Authorization header: eyJhbGciOiJIUzI1NiJ9.eyJyb2xlcyI6W3siYXV0aG9yaXR5IjoiUk9MRV9VU0VSIn1dLCJpZCI6MjQsImVtYWlsIjoidm9sZUBtYWlsaW5hdG9yLmNvbSIsInVzZXJuYW1lIjoibWlubWluIiwiaWF0IjoxNzM2MDA4Nzg5LCJleHAiOjE3MzYwMjY3ODl9.G_0IK6TwCKjYcW_5gwFeJNF3vx7jJDxvD4V1_4k8D7E
2025-01-04T23:40:23.487+07:00 DEBUG 7040 --- [admin] [http-nio-4005-exec-7] c.s.admin.security.jwt.AuthTokenFilter   : Authorization Header: Bearer eyJhbGciOiJIUzI1NiJ9.eyJyb2xlcyI6W3siYXV0aG9yaXR5IjoiUk9MRV9VU0VSIn1dLCJpZCI6MjQsImVtYWlsIjoidm9sZUBtYWlsaW5hdG9yLmNvbSIsInVzZXJuYW1lIjoibWlubWluIiwiaWF0IjoxNzM2MDA4Nzg5LCJleHAiOjE3MzYwMjY3ODl9.G_0IK6TwCKjYcW_5gwFeJNF3vx7jJDxvD4V1_4k8D7E
2025-01-04T23:40:23.487+07:00  INFO 7040 --- [admin] [http-nio-4005-exec-7] c.s.admin.security.jwt.AuthTokenFilter   : JWT extracted from header: eyJhbGciOiJIUzI1NiJ9.eyJyb2xlcyI6W3siYXV0aG9yaXR5IjoiUk9MRV9VU0VSIn1dLCJpZCI6MjQsImVtYWlsIjoidm9sZUBtYWlsaW5hdG9yLmNvbSIsInVzZXJuYW1lIjoibWlubWluIiwiaWF0IjoxNzM2MDA4Nzg5LCJleHAiOjE3MzYwMjY3ODl9.G_0IK6TwCKjYcW_5gwFeJNF3vx7jJDxvD4V1_4k8D7E
2025-01-04T23:40:23.495+07:00  INFO 7040 --- [admin] [http-nio-4005-exec-7] c.s.admin.security.jwt.AuthTokenFilter   : JWT validation result: true
2025-01-04T23:40:23.500+07:00  INFO 7040 --- [admin] [http-nio-4005-exec-7] c.s.admin.security.jwt.AuthTokenFilter   : Username extracted from JWT: minmin
2025-01-04T23:40:23.507+07:00 DEBUG 7040 --- [admin] [http-nio-4005-exec-10] c.s.admin.security.jwt.AuthTokenFilter   : Authorization Header: Bearer eyJhbGciOiJIUzI1NiJ9.eyJyb2xlcyI6W3siYXV0aG9yaXR5IjoiUk9MRV9VU0VSIn1dLCJpZCI6MjQsImVtYWlsIjoidm9sZUBtYWlsaW5hdG9yLmNvbSIsInVzZXJuYW1lIjoibWlubWluIiwiaWF0IjoxNzM2MDA4Nzg5LCJleHAiOjE3MzYwMjY3ODl9.G_0IK6TwCKjYcW_5gwFeJNF3vx7jJDxvD4V1_4k8D7E
2025-01-04T23:40:23.507+07:00  INFO 7040 --- [admin] [http-nio-4005-exec-10] c.s.admin.security.jwt.AuthTokenFilter   : JWT extracted from header: eyJhbGciOiJIUzI1NiJ9.eyJyb2xlcyI6W3siYXV0aG9yaXR5IjoiUk9MRV9VU0VSIn1dLCJpZCI6MjQsImVtYWlsIjoidm9sZUBtYWlsaW5hdG9yLmNvbSIsInVzZXJuYW1lIjoibWlubWluIiwiaWF0IjoxNzM2MDA4Nzg5LCJleHAiOjE3MzYwMjY3ODl9.G_0IK6TwCKjYcW_5gwFeJNF3vx7jJDxvD4V1_4k8D7E
2025-01-04T23:40:23.516+07:00  INFO 7040 --- [admin] [http-nio-4005-exec-10] c.s.admin.security.jwt.AuthTokenFilter   : JWT validation result: true
2025-01-04T23:40:23.523+07:00  INFO 7040 --- [admin] [http-nio-4005-exec-10] c.s.admin.security.jwt.AuthTokenFilter   : Username extracted from JWT: minmin
2025-01-04T23:40:23.523+07:00  INFO 7040 --- [admin] [http-nio-4005-exec-7] c.s.admin.security.jwt.AuthTokenFilter   : JWT in Authorization header: eyJhbGciOiJIUzI1NiJ9.eyJyb2xlcyI6W3siYXV0aG9yaXR5IjoiUk9MRV9VU0VSIn1dLCJpZCI6MjQsImVtYWlsIjoidm9sZUBtYWlsaW5hdG9yLmNvbSIsInVzZXJuYW1lIjoibWlubWluIiwiaWF0IjoxNzM2MDA4Nzg5LCJleHAiOjE3MzYwMjY3ODl9.G_0IK6TwCKjYcW_5gwFeJNF3vx7jJDxvD4V1_4k8D7E
2025-01-04T23:40:23.538+07:00  INFO 7040 --- [admin] [http-nio-4005-exec-10] c.s.admin.security.jwt.AuthTokenFilter   : JWT in Authorization header: eyJhbGciOiJIUzI1NiJ9.eyJyb2xlcyI6W3siYXV0aG9yaXR5IjoiUk9MRV9VU0VSIn1dLCJpZCI6MjQsImVtYWlsIjoidm9sZUBtYWlsaW5hdG9yLmNvbSIsInVzZXJuYW1lIjoibWlubWluIiwiaWF0IjoxNzM2MDA4Nzg5LCJleHAiOjE3MzYwMjY3ODl9.G_0IK6TwCKjYcW_5gwFeJNF3vx7jJDxvD4V1_4k8D7E
