2024-11-14T06:26:56.999+07:00 DEBUG 18108 --- [admin] [http-nio-4005-exec-8] c.s.admin.security.jwt.AuthTokenFilter   : Authorization Header: null
2024-11-14T06:26:57.080+07:00  WARN 18108 --- [admin] [http-nio-4005-exec-8] c.s.admin.security.jwt.AuthTokenFilter   : Authorization header is missing or does not start with Bearer
2024-11-14T06:26:57.080+07:00  INFO 18108 --- [admin] [http-nio-4005-exec-8] c.s.admin.security.jwt.AuthTokenFilter   : JWT extracted from header: null
2024-11-14T06:26:57.080+07:00  WARN 18108 --- [admin] [http-nio-4005-exec-8] c.s.admin.security.jwt.AuthTokenFilter   : JWT token is null.
2024-11-14T06:27:06.264+07:00 DEBUG 18108 --- [admin] [http-nio-4005-exec-6] c.s.admin.security.jwt.AuthTokenFilter   : Authorization Header: null
2024-11-14T06:27:06.265+07:00  WARN 18108 --- [admin] [http-nio-4005-exec-6] c.s.admin.security.jwt.AuthTokenFilter   : Authorization header is missing or does not start with Bearer
2024-11-14T06:27:06.265+07:00 DEBUG 18108 --- [admin] [http-nio-4005-exec-7] c.s.admin.security.jwt.AuthTokenFilter   : Authorization Header: null
2024-11-14T06:27:06.265+07:00  INFO 18108 --- [admin] [http-nio-4005-exec-6] c.s.admin.security.jwt.AuthTokenFilter   : JWT extracted from header: null
2024-11-14T06:27:06.265+07:00  WARN 18108 --- [admin] [http-nio-4005-exec-6] c.s.admin.security.jwt.AuthTokenFilter   : JWT token is null.
2024-11-14T06:27:06.265+07:00  WARN 18108 --- [admin] [http-nio-4005-exec-7] c.s.admin.security.jwt.AuthTokenFilter   : Authorization header is missing or does not start with Bearer
2024-11-14T06:27:06.265+07:00  INFO 18108 --- [admin] [http-nio-4005-exec-7] c.s.admin.security.jwt.AuthTokenFilter   : JWT extracted from header: null
2024-11-14T06:27:06.266+07:00  WARN 18108 --- [admin] [http-nio-4005-exec-7] c.s.admin.security.jwt.AuthTokenFilter   : JWT token is null.
2024-11-14T06:27:06.266+07:00 DEBUG 18108 --- [admin] [http-nio-4005-exec-9] c.s.admin.security.jwt.AuthTokenFilter   : Authorization Header: null
2024-11-14T06:27:06.269+07:00  WARN 18108 --- [admin] [http-nio-4005-exec-9] c.s.admin.security.jwt.AuthTokenFilter   : Authorization header is missing or does not start with Bearer
2024-11-14T06:27:06.270+07:00  INFO 18108 --- [admin] [http-nio-4005-exec-9] c.s.admin.security.jwt.AuthTokenFilter   : JWT extracted from header: null
2024-11-14T06:27:06.270+07:00  WARN 18108 --- [admin] [http-nio-4005-exec-9] c.s.admin.security.jwt.AuthTokenFilter   : JWT token is null.
2024-11-14T06:27:06.329+07:00 ERROR 18108 --- [admin] [http-nio-4005-exec-6] c.s.a.security.jwt.AuthEntryPointJwt     : Unauthorized error: Full authentication is required to access this resource
2024-11-14T06:27:06.357+07:00 ERROR 18108 --- [admin] [http-nio-4005-exec-7] c.s.a.security.jwt.AuthEntryPointJwt     : Unauthorized error: Full authentication is required to access this resource
2024-11-14T06:27:06.512+07:00 ERROR 18108 --- [admin] [http-nio-4005-exec-9] c.s.a.security.jwt.AuthEntryPointJwt     : Unauthorized error: Full authentication is required to access this resource
2024-11-14T06:27:12.235+07:00 DEBUG 18108 --- [admin] [http-nio-4005-exec-8] c.s.admin.security.jwt.AuthTokenFilter   : Authorization Header: null
2024-11-14T06:27:12.235+07:00  WARN 18108 --- [admin] [http-nio-4005-exec-8] c.s.admin.security.jwt.AuthTokenFilter   : Authorization header is missing or does not start with Bearer
2024-11-14T06:27:12.235+07:00  INFO 18108 --- [admin] [http-nio-4005-exec-8] c.s.admin.security.jwt.AuthTokenFilter   : JWT extracted from header: null
2024-11-14T06:27:12.235+07:00  WARN 18108 --- [admin] [http-nio-4005-exec-8] c.s.admin.security.jwt.AuthTokenFilter   : JWT token is null.
2024-11-14T06:27:12.236+07:00 ERROR 18108 --- [admin] [http-nio-4005-exec-8] c.s.a.security.jwt.AuthEntryPointJwt     : Unauthorized error: Full authentication is required to access this resource
2024-11-14T06:27:12.271+07:00 DEBUG 18108 --- [admin] [http-nio-4005-exec-4] c.s.admin.security.jwt.AuthTokenFilter   : Authorization Header: null
2024-11-14T06:27:12.274+07:00  WARN 18108 --- [admin] [http-nio-4005-exec-4] c.s.admin.security.jwt.AuthTokenFilter   : Authorization header is missing or does not start with Bearer
2024-11-14T06:27:12.274+07:00  INFO 18108 --- [admin] [http-nio-4005-exec-4] c.s.admin.security.jwt.AuthTokenFilter   : JWT extracted from header: null
2024-11-14T06:27:12.274+07:00  WARN 18108 --- [admin] [http-nio-4005-exec-4] c.s.admin.security.jwt.AuthTokenFilter   : JWT token is null.
2024-11-14T06:27:12.276+07:00 ERROR 18108 --- [admin] [http-nio-4005-exec-4] c.s.a.security.jwt.AuthEntryPointJwt     : Unauthorized error: Full authentication is required to access this resource
2024-11-14T06:27:16.359+07:00 DEBUG 18108 --- [admin] [http-nio-4005-exec-6] c.s.admin.security.jwt.AuthTokenFilter   : Authorization Header: null
2024-11-14T06:27:16.360+07:00  WARN 18108 --- [admin] [http-nio-4005-exec-6] c.s.admin.security.jwt.AuthTokenFilter   : Authorization header is missing or does not start with Bearer
2024-11-14T06:27:16.360+07:00  INFO 18108 --- [admin] [http-nio-4005-exec-6] c.s.admin.security.jwt.AuthTokenFilter   : JWT extracted from header: null
2024-11-14T06:27:16.360+07:00  WARN 18108 --- [admin] [http-nio-4005-exec-6] c.s.admin.security.jwt.AuthTokenFilter   : JWT token is null.
2024-11-14T06:27:17.492+07:00  WARN 18108 --- [admin] [http-nio-4005-exec-6] o.h.engine.jdbc.spi.SqlExceptionHelper   : SQL Error: 1062, SQLState: 23000
2024-11-14T06:27:17.492+07:00 ERROR 18108 --- [admin] [http-nio-4005-exec-6] o.h.engine.jdbc.spi.SqlExceptionHelper   : Duplicate entry '28' for key 'refreshtoken.UK_81otwtvdhcw7y3ipoijtlb1g3'
2024-11-14T06:27:18.906+07:00 DEBUG 18108 --- [admin] [http-nio-4005-exec-7] c.s.admin.security.jwt.AuthTokenFilter   : Authorization Header: Bearer eyJhbGciOiJIUzI1NiJ9.eyJyb2xlcyI6W3siYXV0aG9yaXR5IjoiUk9MRV9VU0VSIn0seyJhdXRob3JpdHkiOiJST0xFX0FETUlOIn1dLCJpZCI6MjgsInVzZXJuYW1lIjoibWFuaHF1YW4xMiIsImlhdCI6MTczMTU0MDQzNywiZXhwIjoxNzMxNTU4NDM3fQ.-ajzTHLXO7beTDfuu9vijYnw4K68LB_XP_W9fdMRR6Y
2024-11-14T06:27:18.906+07:00  INFO 18108 --- [admin] [http-nio-4005-exec-7] c.s.admin.security.jwt.AuthTokenFilter   : JWT extracted from header: eyJhbGciOiJIUzI1NiJ9.eyJyb2xlcyI6W3siYXV0aG9yaXR5IjoiUk9MRV9VU0VSIn0seyJhdXRob3JpdHkiOiJST0xFX0FETUlOIn1dLCJpZCI6MjgsInVzZXJuYW1lIjoibWFuaHF1YW4xMiIsImlhdCI6MTczMTU0MDQzNywiZXhwIjoxNzMxNTU4NDM3fQ.-ajzTHLXO7beTDfuu9vijYnw4K68LB_XP_W9fdMRR6Y
2024-11-14T06:27:18.968+07:00  INFO 18108 --- [admin] [http-nio-4005-exec-7] c.s.admin.security.jwt.AuthTokenFilter   : JWT validation result: true
2024-11-14T06:27:18.969+07:00 DEBUG 18108 --- [admin] [http-nio-4005-exec-3] c.s.admin.security.jwt.AuthTokenFilter   : Authorization Header: Bearer eyJhbGciOiJIUzI1NiJ9.eyJyb2xlcyI6W3siYXV0aG9yaXR5IjoiUk9MRV9VU0VSIn0seyJhdXRob3JpdHkiOiJST0xFX0FETUlOIn1dLCJpZCI6MjgsInVzZXJuYW1lIjoibWFuaHF1YW4xMiIsImlhdCI6MTczMTU0MDQzNywiZXhwIjoxNzMxNTU4NDM3fQ.-ajzTHLXO7beTDfuu9vijYnw4K68LB_XP_W9fdMRR6Y
2024-11-14T06:27:18.969+07:00  INFO 18108 --- [admin] [http-nio-4005-exec-3] c.s.admin.security.jwt.AuthTokenFilter   : JWT extracted from header: eyJhbGciOiJIUzI1NiJ9.eyJyb2xlcyI6W3siYXV0aG9yaXR5IjoiUk9MRV9VU0VSIn0seyJhdXRob3JpdHkiOiJST0xFX0FETUlOIn1dLCJpZCI6MjgsInVzZXJuYW1lIjoibWFuaHF1YW4xMiIsImlhdCI6MTczMTU0MDQzNywiZXhwIjoxNzMxNTU4NDM3fQ.-ajzTHLXO7beTDfuu9vijYnw4K68LB_XP_W9fdMRR6Y
2024-11-14T06:27:18.977+07:00  INFO 18108 --- [admin] [http-nio-4005-exec-7] c.s.admin.security.jwt.AuthTokenFilter   : Username extracted from JWT: manhquan12
2024-11-14T06:27:18.996+07:00  INFO 18108 --- [admin] [http-nio-4005-exec-3] c.s.admin.security.jwt.AuthTokenFilter   : JWT validation result: true
2024-11-14T06:27:19.021+07:00  INFO 18108 --- [admin] [http-nio-4005-exec-3] c.s.admin.security.jwt.AuthTokenFilter   : Username extracted from JWT: manhquan12
2024-11-14T06:27:19.021+07:00  INFO 18108 --- [admin] [http-nio-4005-exec-7] c.s.admin.security.jwt.AuthTokenFilter   : JWT in Authorization header: eyJhbGciOiJIUzI1NiJ9.eyJyb2xlcyI6W3siYXV0aG9yaXR5IjoiUk9MRV9VU0VSIn0seyJhdXRob3JpdHkiOiJST0xFX0FETUlOIn1dLCJpZCI6MjgsInVzZXJuYW1lIjoibWFuaHF1YW4xMiIsImlhdCI6MTczMTU0MDQzNywiZXhwIjoxNzMxNTU4NDM3fQ.-ajzTHLXO7beTDfuu9vijYnw4K68LB_XP_W9fdMRR6Y
2024-11-14T06:27:19.038+07:00  INFO 18108 --- [admin] [http-nio-4005-exec-3] c.s.admin.security.jwt.AuthTokenFilter   : JWT in Authorization header: eyJhbGciOiJIUzI1NiJ9.eyJyb2xlcyI6W3siYXV0aG9yaXR5IjoiUk9MRV9VU0VSIn0seyJhdXRob3JpdHkiOiJST0xFX0FETUlOIn1dLCJpZCI6MjgsInVzZXJuYW1lIjoibWFuaHF1YW4xMiIsImlhdCI6MTczMTU0MDQzNywiZXhwIjoxNzMxNTU4NDM3fQ.-ajzTHLXO7beTDfuu9vijYnw4K68LB_XP_W9fdMRR6Y
2024-11-14T06:27:19.125+07:00 DEBUG 18108 --- [admin] [http-nio-4005-exec-5] c.s.admin.security.jwt.AuthTokenFilter   : Authorization Header: Bearer eyJhbGciOiJIUzI1NiJ9.eyJyb2xlcyI6W3siYXV0aG9yaXR5IjoiUk9MRV9VU0VSIn0seyJhdXRob3JpdHkiOiJST0xFX0FETUlOIn1dLCJpZCI6MjgsInVzZXJuYW1lIjoibWFuaHF1YW4xMiIsImlhdCI6MTczMTU0MDQzNywiZXhwIjoxNzMxNTU4NDM3fQ.-ajzTHLXO7beTDfuu9vijYnw4K68LB_XP_W9fdMRR6Y
2024-11-14T06:27:19.127+07:00  INFO 18108 --- [admin] [http-nio-4005-exec-5] c.s.admin.security.jwt.AuthTokenFilter   : JWT extracted from header: eyJhbGciOiJIUzI1NiJ9.eyJyb2xlcyI6W3siYXV0aG9yaXR5IjoiUk9MRV9VU0VSIn0seyJhdXRob3JpdHkiOiJST0xFX0FETUlOIn1dLCJpZCI6MjgsInVzZXJuYW1lIjoibWFuaHF1YW4xMiIsImlhdCI6MTczMTU0MDQzNywiZXhwIjoxNzMxNTU4NDM3fQ.-ajzTHLXO7beTDfuu9vijYnw4K68LB_XP_W9fdMRR6Y
2024-11-14T06:27:19.172+07:00  INFO 18108 --- [admin] [http-nio-4005-exec-5] c.s.admin.security.jwt.AuthTokenFilter   : JWT validation result: true
2024-11-14T06:27:19.236+07:00  INFO 18108 --- [admin] [http-nio-4005-exec-5] c.s.admin.security.jwt.AuthTokenFilter   : Username extracted from JWT: manhquan12
2024-11-14T06:27:19.262+07:00  INFO 18108 --- [admin] [http-nio-4005-exec-5] c.s.admin.security.jwt.AuthTokenFilter   : JWT in Authorization header: eyJhbGciOiJIUzI1NiJ9.eyJyb2xlcyI6W3siYXV0aG9yaXR5IjoiUk9MRV9VU0VSIn0seyJhdXRob3JpdHkiOiJST0xFX0FETUlOIn1dLCJpZCI6MjgsInVzZXJuYW1lIjoibWFuaHF1YW4xMiIsImlhdCI6MTczMTU0MDQzNywiZXhwIjoxNzMxNTU4NDM3fQ.-ajzTHLXO7beTDfuu9vijYnw4K68LB_XP_W9fdMRR6Y
2024-11-14T06:27:19.408+07:00 DEBUG 18108 --- [admin] [http-nio-4005-exec-2] c.s.admin.security.jwt.AuthTokenFilter   : Authorization Header: Bearer eyJhbGciOiJIUzI1NiJ9.eyJyb2xlcyI6W3siYXV0aG9yaXR5IjoiUk9MRV9VU0VSIn0seyJhdXRob3JpdHkiOiJST0xFX0FETUlOIn1dLCJpZCI6MjgsInVzZXJuYW1lIjoibWFuaHF1YW4xMiIsImlhdCI6MTczMTU0MDQzNywiZXhwIjoxNzMxNTU4NDM3fQ.-ajzTHLXO7beTDfuu9vijYnw4K68LB_XP_W9fdMRR6Y
2024-11-14T06:27:19.416+07:00  INFO 18108 --- [admin] [http-nio-4005-exec-2] c.s.admin.security.jwt.AuthTokenFilter   : JWT extracted from header: eyJhbGciOiJIUzI1NiJ9.eyJyb2xlcyI6W3siYXV0aG9yaXR5IjoiUk9MRV9VU0VSIn0seyJhdXRob3JpdHkiOiJST0xFX0FETUlOIn1dLCJpZCI6MjgsInVzZXJuYW1lIjoibWFuaHF1YW4xMiIsImlhdCI6MTczMTU0MDQzNywiZXhwIjoxNzMxNTU4NDM3fQ.-ajzTHLXO7beTDfuu9vijYnw4K68LB_XP_W9fdMRR6Y
2024-11-14T06:27:19.444+07:00  INFO 18108 --- [admin] [http-nio-4005-exec-2] c.s.admin.security.jwt.AuthTokenFilter   : JWT validation result: true
2024-11-14T06:27:19.477+07:00  INFO 18108 --- [admin] [http-nio-4005-exec-2] c.s.admin.security.jwt.AuthTokenFilter   : Username extracted from JWT: manhquan12
2024-11-14T06:27:19.514+07:00  INFO 18108 --- [admin] [http-nio-4005-exec-2] c.s.admin.security.jwt.AuthTokenFilter   : JWT in Authorization header: eyJhbGciOiJIUzI1NiJ9.eyJyb2xlcyI6W3siYXV0aG9yaXR5IjoiUk9MRV9VU0VSIn0seyJhdXRob3JpdHkiOiJST0xFX0FETUlOIn1dLCJpZCI6MjgsInVzZXJuYW1lIjoibWFuaHF1YW4xMiIsImlhdCI6MTczMTU0MDQzNywiZXhwIjoxNzMxNTU4NDM3fQ.-ajzTHLXO7beTDfuu9vijYnw4K68LB_XP_W9fdMRR6Y
2024-11-14T06:31:46.998+07:00 DEBUG 18108 --- [admin] [http-nio-4005-exec-10] c.s.admin.security.jwt.AuthTokenFilter   : Authorization Header: Bearer eyJhbGciOiJIUzI1NiJ9.eyJyb2xlcyI6W3siYXV0aG9yaXR5IjoiUk9MRV9VU0VSIn0seyJhdXRob3JpdHkiOiJST0xFX0FETUlOIn1dLCJpZCI6MjgsInVzZXJuYW1lIjoibWFuaHF1YW4xMiIsImlhdCI6MTczMTU0MDQzNywiZXhwIjoxNzMxNTU4NDM3fQ.-ajzTHLXO7beTDfuu9vijYnw4K68LB_XP_W9fdMRR6Y
2024-11-14T06:31:47.011+07:00  INFO 18108 --- [admin] [http-nio-4005-exec-10] c.s.admin.security.jwt.AuthTokenFilter   : JWT extracted from header: eyJhbGciOiJIUzI1NiJ9.eyJyb2xlcyI6W3siYXV0aG9yaXR5IjoiUk9MRV9VU0VSIn0seyJhdXRob3JpdHkiOiJST0xFX0FETUlOIn1dLCJpZCI6MjgsInVzZXJuYW1lIjoibWFuaHF1YW4xMiIsImlhdCI6MTczMTU0MDQzNywiZXhwIjoxNzMxNTU4NDM3fQ.-ajzTHLXO7beTDfuu9vijYnw4K68LB_XP_W9fdMRR6Y
2024-11-14T06:31:47.263+07:00  INFO 18108 --- [admin] [http-nio-4005-exec-10] c.s.admin.security.jwt.AuthTokenFilter   : JWT validation result: true
2024-11-14T06:31:47.279+07:00  INFO 18108 --- [admin] [http-nio-4005-exec-10] c.s.admin.security.jwt.AuthTokenFilter   : Username extracted from JWT: manhquan12
2024-11-14T06:31:47.322+07:00  INFO 18108 --- [admin] [http-nio-4005-exec-10] c.s.admin.security.jwt.AuthTokenFilter   : JWT in Authorization header: eyJhbGciOiJIUzI1NiJ9.eyJyb2xlcyI6W3siYXV0aG9yaXR5IjoiUk9MRV9VU0VSIn0seyJhdXRob3JpdHkiOiJST0xFX0FETUlOIn1dLCJpZCI6MjgsInVzZXJuYW1lIjoibWFuaHF1YW4xMiIsImlhdCI6MTczMTU0MDQzNywiZXhwIjoxNzMxNTU4NDM3fQ.-ajzTHLXO7beTDfuu9vijYnw4K68LB_XP_W9fdMRR6Y
2024-11-14T06:31:47.406+07:00 DEBUG 18108 --- [admin] [http-nio-4005-exec-6] c.s.admin.security.jwt.AuthTokenFilter   : Authorization Header: Bearer eyJhbGciOiJIUzI1NiJ9.eyJyb2xlcyI6W3siYXV0aG9yaXR5IjoiUk9MRV9VU0VSIn0seyJhdXRob3JpdHkiOiJST0xFX0FETUlOIn1dLCJpZCI6MjgsInVzZXJuYW1lIjoibWFuaHF1YW4xMiIsImlhdCI6MTczMTU0MDQzNywiZXhwIjoxNzMxNTU4NDM3fQ.-ajzTHLXO7beTDfuu9vijYnw4K68LB_XP_W9fdMRR6Y
2024-11-14T06:31:47.406+07:00  INFO 18108 --- [admin] [http-nio-4005-exec-6] c.s.admin.security.jwt.AuthTokenFilter   : JWT extracted from header: eyJhbGciOiJIUzI1NiJ9.eyJyb2xlcyI6W3siYXV0aG9yaXR5IjoiUk9MRV9VU0VSIn0seyJhdXRob3JpdHkiOiJST0xFX0FETUlOIn1dLCJpZCI6MjgsInVzZXJuYW1lIjoibWFuaHF1YW4xMiIsImlhdCI6MTczMTU0MDQzNywiZXhwIjoxNzMxNTU4NDM3fQ.-ajzTHLXO7beTDfuu9vijYnw4K68LB_XP_W9fdMRR6Y
2024-11-14T06:31:47.411+07:00  INFO 18108 --- [admin] [http-nio-4005-exec-6] c.s.admin.security.jwt.AuthTokenFilter   : JWT validation result: true
2024-11-14T06:31:47.533+07:00  INFO 18108 --- [admin] [http-nio-4005-exec-6] c.s.admin.security.jwt.AuthTokenFilter   : Username extracted from JWT: manhquan12
2024-11-14T06:31:47.548+07:00  INFO 18108 --- [admin] [http-nio-4005-exec-6] c.s.admin.security.jwt.AuthTokenFilter   : JWT in Authorization header: eyJhbGciOiJIUzI1NiJ9.eyJyb2xlcyI6W3siYXV0aG9yaXR5IjoiUk9MRV9VU0VSIn0seyJhdXRob3JpdHkiOiJST0xFX0FETUlOIn1dLCJpZCI6MjgsInVzZXJuYW1lIjoibWFuaHF1YW4xMiIsImlhdCI6MTczMTU0MDQzNywiZXhwIjoxNzMxNTU4NDM3fQ.-ajzTHLXO7beTDfuu9vijYnw4K68LB_XP_W9fdMRR6Y
2024-11-14T07:57:41.123+07:00 DEBUG 18108 --- [admin] [http-nio-4005-exec-5] c.s.admin.security.jwt.AuthTokenFilter   : Authorization Header: null
2024-11-14T07:57:41.174+07:00  WARN 18108 --- [admin] [http-nio-4005-exec-5] c.s.admin.security.jwt.AuthTokenFilter   : Authorization header is missing or does not start with Bearer
2024-11-14T07:57:41.176+07:00  INFO 18108 --- [admin] [http-nio-4005-exec-5] c.s.admin.security.jwt.AuthTokenFilter   : JWT extracted from header: null
2024-11-14T07:57:41.176+07:00  WARN 18108 --- [admin] [http-nio-4005-exec-5] c.s.admin.security.jwt.AuthTokenFilter   : JWT token is null.
2024-11-14T07:57:53.871+07:00  INFO 18108 --- [admin] [SpringApplicationShutdownHook] j.LocalContainerEntityManagerFactoryBean : Closing JPA EntityManagerFactory for persistence unit 'default'
2024-11-14T07:57:53.959+07:00  INFO 18108 --- [admin] [SpringApplicationShutdownHook] com.zaxxer.hikari.HikariDataSource       : HikariPool-1 - Shutdown initiated...
2024-11-14T07:57:54.051+07:00  INFO 18108 --- [admin] [SpringApplicationShutdownHook] com.zaxxer.hikari.HikariDataSource       : HikariPool-1 - Shutdown completed.
2024-11-14T07:58:08.546+07:00  INFO 6876 --- [admin] [main] com.system.admin.AdminApplication        : Starting AdminApplication using Java 17.0.11 with PID 6876 (D:\KLTN\UserManagement\admin\target\classes started by Admin in D:\KLTN\UserManagement\admin)
2024-11-14T07:58:08.548+07:00 DEBUG 6876 --- [admin] [main] com.system.admin.AdminApplication        : Running with Spring Boot v3.2.8, Spring v6.1.11
2024-11-14T07:58:08.550+07:00  INFO 6876 --- [admin] [main] com.system.admin.AdminApplication        : No active profile set, falling back to 1 default profile: "default"
2024-11-14T07:58:11.774+07:00  INFO 6876 --- [admin] [main] .s.d.r.c.RepositoryConfigurationDelegate : Bootstrapping Spring Data JPA repositories in DEFAULT mode.
2024-11-14T07:58:11.946+07:00  INFO 6876 --- [admin] [main] .s.d.r.c.RepositoryConfigurationDelegate : Finished Spring Data repository scanning in 157 ms. Found 14 JPA repository interfaces.
2024-11-14T07:58:13.144+07:00  INFO 6876 --- [admin] [main] o.s.b.w.embedded.tomcat.TomcatWebServer  : Tomcat initialized with port 4005 (http)
2024-11-14T07:58:13.162+07:00  INFO 6876 --- [admin] [main] o.apache.catalina.core.StandardService   : Starting service [Tomcat]
2024-11-14T07:58:13.164+07:00  INFO 6876 --- [admin] [main] o.apache.catalina.core.StandardEngine    : Starting Servlet engine: [Apache Tomcat/10.1.26]
2024-11-14T07:58:13.269+07:00  INFO 6876 --- [admin] [main] o.a.c.c.C.[Tomcat].[localhost].[/]       : Initializing Spring embedded WebApplicationContext
2024-11-14T07:58:13.270+07:00  INFO 6876 --- [admin] [main] w.s.c.ServletWebServerApplicationContext : Root WebApplicationContext: initialization completed in 4627 ms
2024-11-14T07:58:13.485+07:00  INFO 6876 --- [admin] [main] o.hibernate.jpa.internal.util.LogHelper  : HHH000204: Processing PersistenceUnitInfo [name: default]
2024-11-14T07:58:13.567+07:00  INFO 6876 --- [admin] [main] org.hibernate.Version                    : HHH000412: Hibernate ORM core version 6.4.9.Final
2024-11-14T07:58:13.633+07:00  INFO 6876 --- [admin] [main] o.h.c.internal.RegionFactoryInitiator    : HHH000026: Second-level cache disabled
2024-11-14T07:58:14.003+07:00  INFO 6876 --- [admin] [main] o.s.o.j.p.SpringPersistenceUnitInfo      : No LoadTimeWeaver setup: ignoring JPA class transformer
2024-11-14T07:58:14.052+07:00  INFO 6876 --- [admin] [main] com.zaxxer.hikari.HikariDataSource       : HikariPool-1 - Starting...
2024-11-14T07:58:14.503+07:00  INFO 6876 --- [admin] [main] com.zaxxer.hikari.pool.HikariPool        : HikariPool-1 - Added connection com.mysql.cj.jdbc.ConnectionImpl@29c59b6e
2024-11-14T07:58:14.505+07:00  INFO 6876 --- [admin] [main] com.zaxxer.hikari.HikariDataSource       : HikariPool-1 - Start completed.
2024-11-14T07:58:14.590+07:00  WARN 6876 --- [admin] [main] org.hibernate.orm.deprecation            : HHH90000025: MySQLDialect does not need to be specified explicitly using 'hibernate.dialect' (remove the property setting and it will be selected by default)
2024-11-14T07:58:16.385+07:00  INFO 6876 --- [admin] [main] o.h.e.t.j.p.i.JtaPlatformInitiator       : HHH000489: No JTA platform available (set 'hibernate.transaction.jta.platform' to enable JTA platform integration)
2024-11-14T07:58:16.684+07:00  INFO 6876 --- [admin] [main] j.LocalContainerEntityManagerFactoryBean : Initialized JPA EntityManagerFactory for persistence unit 'default'
2024-11-14T07:58:17.019+07:00  INFO 6876 --- [admin] [main] o.s.d.j.r.query.QueryEnhancerFactory     : Hibernate is in classpath; If applicable, HQL parser will be used.
2024-11-14T07:58:17.839+07:00 DEBUG 6876 --- [admin] [main] c.s.admin.security.jwt.AuthTokenFilter   : Filter 'authenticationJwtTokenFilter' configured for use
2024-11-14T07:58:18.933+07:00  WARN 6876 --- [admin] [main] JpaBaseConfiguration$JpaWebConfiguration : spring.jpa.open-in-view is enabled by default. Therefore, database queries may be performed during view rendering. Explicitly configure spring.jpa.open-in-view to disable this warning
2024-11-14T07:58:19.610+07:00  INFO 6876 --- [admin] [main] o.s.s.web.DefaultSecurityFilterChain     : Will secure any request with [org.springframework.security.web.session.DisableEncodeUrlFilter@6160714c, org.springframework.security.web.context.request.async.WebAsyncManagerIntegrationFilter@31add542, org.springframework.security.web.context.SecurityContextHolderFilter@403eab3, org.springframework.security.web.header.HeaderWriterFilter@7f4358b8, org.springframework.web.filter.CorsFilter@3f5b2aeb, org.springframework.security.web.authentication.logout.LogoutFilter@15990a52, com.system.admin.security.jwt.AuthTokenFilter@1ebb6e20, org.springframework.security.web.savedrequest.RequestCacheAwareFilter@194c98f5, org.springframework.security.web.servletapi.SecurityContextHolderAwareRequestFilter@4d2ad535, org.springframework.security.web.authentication.AnonymousAuthenticationFilter@258350de, org.springframework.security.web.session.SessionManagementFilter@34bdf0da, org.springframework.security.web.access.ExceptionTranslationFilter@371ea5d7, org.springframework.security.web.access.intercept.AuthorizationFilter@78751d07]
2024-11-14T07:58:19.968+07:00  INFO 6876 --- [admin] [main] o.s.b.w.embedded.tomcat.TomcatWebServer  : Tomcat started on port 4005 (http) with context path ''
2024-11-14T07:58:19.985+07:00  INFO 6876 --- [admin] [main] com.system.admin.AdminApplication        : Started AdminApplication in 12.836 seconds (process running for 14.698)
2024-11-14T07:58:25.183+07:00  INFO 6876 --- [admin] [http-nio-4005-exec-1] o.a.c.c.C.[Tomcat].[localhost].[/]       : Initializing Spring DispatcherServlet 'dispatcherServlet'
2024-11-14T07:58:25.183+07:00  INFO 6876 --- [admin] [http-nio-4005-exec-1] o.s.web.servlet.DispatcherServlet        : Initializing Servlet 'dispatcherServlet'
2024-11-14T07:58:25.185+07:00  INFO 6876 --- [admin] [http-nio-4005-exec-1] o.s.web.servlet.DispatcherServlet        : Completed initialization in 2 ms
2024-11-14T07:58:25.214+07:00 DEBUG 6876 --- [admin] [http-nio-4005-exec-1] c.s.admin.security.jwt.AuthTokenFilter   : Authorization Header: null
2024-11-14T07:58:25.215+07:00  WARN 6876 --- [admin] [http-nio-4005-exec-1] c.s.admin.security.jwt.AuthTokenFilter   : Authorization header is missing or does not start with Bearer
2024-11-14T07:58:25.215+07:00  INFO 6876 --- [admin] [http-nio-4005-exec-1] c.s.admin.security.jwt.AuthTokenFilter   : JWT extracted from header: null
2024-11-14T07:58:25.215+07:00  WARN 6876 --- [admin] [http-nio-4005-exec-1] c.s.admin.security.jwt.AuthTokenFilter   : JWT token is null.
2024-11-14T07:58:41.560+07:00  INFO 6876 --- [admin] [SpringApplicationShutdownHook] j.LocalContainerEntityManagerFactoryBean : Closing JPA EntityManagerFactory for persistence unit 'default'
2024-11-14T07:58:41.571+07:00  INFO 6876 --- [admin] [SpringApplicationShutdownHook] com.zaxxer.hikari.HikariDataSource       : HikariPool-1 - Shutdown initiated...
2024-11-14T07:58:41.604+07:00  INFO 6876 --- [admin] [SpringApplicationShutdownHook] com.zaxxer.hikari.HikariDataSource       : HikariPool-1 - Shutdown completed.
2024-11-14T07:58:56.886+07:00  INFO 11332 --- [admin] [main] com.system.admin.AdminApplication        : Starting AdminApplication using Java 17.0.11 with PID 11332 (D:\KLTN\UserManagement\admin\target\classes started by Admin in D:\KLTN\UserManagement\admin)
2024-11-14T07:58:56.889+07:00 DEBUG 11332 --- [admin] [main] com.system.admin.AdminApplication        : Running with Spring Boot v3.2.8, Spring v6.1.11
2024-11-14T07:58:56.891+07:00  INFO 11332 --- [admin] [main] com.system.admin.AdminApplication        : No active profile set, falling back to 1 default profile: "default"
2024-11-14T07:58:59.859+07:00  INFO 11332 --- [admin] [main] .s.d.r.c.RepositoryConfigurationDelegate : Bootstrapping Spring Data JPA repositories in DEFAULT mode.
2024-11-14T07:59:00.165+07:00  INFO 11332 --- [admin] [main] .s.d.r.c.RepositoryConfigurationDelegate : Finished Spring Data repository scanning in 284 ms. Found 14 JPA repository interfaces.
2024-11-14T07:59:01.788+07:00  INFO 11332 --- [admin] [main] o.s.b.w.embedded.tomcat.TomcatWebServer  : Tomcat initialized with port 4005 (http)
2024-11-14T07:59:01.821+07:00  INFO 11332 --- [admin] [main] o.apache.catalina.core.StandardService   : Starting service [Tomcat]
2024-11-14T07:59:01.822+07:00  INFO 11332 --- [admin] [main] o.apache.catalina.core.StandardEngine    : Starting Servlet engine: [Apache Tomcat/10.1.26]
2024-11-14T07:59:02.052+07:00  INFO 11332 --- [admin] [main] o.a.c.c.C.[Tomcat].[localhost].[/]       : Initializing Spring embedded WebApplicationContext
2024-11-14T07:59:02.053+07:00  INFO 11332 --- [admin] [main] w.s.c.ServletWebServerApplicationContext : Root WebApplicationContext: initialization completed in 5028 ms
2024-11-14T07:59:02.399+07:00  INFO 11332 --- [admin] [main] o.hibernate.jpa.internal.util.LogHelper  : HHH000204: Processing PersistenceUnitInfo [name: default]
2024-11-14T07:59:02.544+07:00  INFO 11332 --- [admin] [main] org.hibernate.Version                    : HHH000412: Hibernate ORM core version 6.4.9.Final
2024-11-14T07:59:02.637+07:00  INFO 11332 --- [admin] [main] o.h.c.internal.RegionFactoryInitiator    : HHH000026: Second-level cache disabled
2024-11-14T07:59:03.222+07:00  INFO 11332 --- [admin] [main] o.s.o.j.p.SpringPersistenceUnitInfo      : No LoadTimeWeaver setup: ignoring JPA class transformer
2024-11-14T07:59:03.280+07:00  INFO 11332 --- [admin] [main] com.zaxxer.hikari.HikariDataSource       : HikariPool-1 - Starting...
2024-11-14T07:59:03.861+07:00  INFO 11332 --- [admin] [main] com.zaxxer.hikari.pool.HikariPool        : HikariPool-1 - Added connection com.mysql.cj.jdbc.ConnectionImpl@483b7dc4
2024-11-14T07:59:03.864+07:00  INFO 11332 --- [admin] [main] com.zaxxer.hikari.HikariDataSource       : HikariPool-1 - Start completed.
2024-11-14T07:59:03.940+07:00  WARN 11332 --- [admin] [main] org.hibernate.orm.deprecation            : HHH90000025: MySQLDialect does not need to be specified explicitly using 'hibernate.dialect' (remove the property setting and it will be selected by default)
2024-11-14T07:59:06.410+07:00  INFO 11332 --- [admin] [main] o.h.e.t.j.p.i.JtaPlatformInitiator       : HHH000489: No JTA platform available (set 'hibernate.transaction.jta.platform' to enable JTA platform integration)
2024-11-14T07:59:06.703+07:00  INFO 11332 --- [admin] [main] j.LocalContainerEntityManagerFactoryBean : Initialized JPA EntityManagerFactory for persistence unit 'default'
2024-11-14T07:59:07.168+07:00  INFO 11332 --- [admin] [main] o.s.d.j.r.query.QueryEnhancerFactory     : Hibernate is in classpath; If applicable, HQL parser will be used.
2024-11-14T07:59:08.250+07:00 DEBUG 11332 --- [admin] [main] c.s.admin.security.jwt.AuthTokenFilter   : Filter 'authenticationJwtTokenFilter' configured for use
2024-11-14T07:59:09.529+07:00  WARN 11332 --- [admin] [main] JpaBaseConfiguration$JpaWebConfiguration : spring.jpa.open-in-view is enabled by default. Therefore, database queries may be performed during view rendering. Explicitly configure spring.jpa.open-in-view to disable this warning
2024-11-14T07:59:10.098+07:00  INFO 11332 --- [admin] [main] o.s.s.web.DefaultSecurityFilterChain     : Will secure any request with [org.springframework.security.web.session.DisableEncodeUrlFilter@24e25991, org.springframework.security.web.context.request.async.WebAsyncManagerIntegrationFilter@79f40cc5, org.springframework.security.web.context.SecurityContextHolderFilter@ec0678, org.springframework.security.web.header.HeaderWriterFilter@5bfa9a7, org.springframework.web.filter.CorsFilter@3cbc1752, org.springframework.security.web.authentication.logout.LogoutFilter@5f3f31df, com.system.admin.security.jwt.AuthTokenFilter@35ff7336, org.springframework.security.web.savedrequest.RequestCacheAwareFilter@29c26959, org.springframework.security.web.servletapi.SecurityContextHolderAwareRequestFilter@16335685, org.springframework.security.web.authentication.AnonymousAuthenticationFilter@4effd9f8, org.springframework.security.web.session.SessionManagementFilter@371ea5d7, org.springframework.security.web.access.ExceptionTranslationFilter@1582adc5, org.springframework.security.web.access.intercept.AuthorizationFilter@15990a52]
2024-11-14T07:59:10.629+07:00  INFO 11332 --- [admin] [main] o.s.b.w.embedded.tomcat.TomcatWebServer  : Tomcat started on port 4005 (http) with context path ''
2024-11-14T07:59:10.644+07:00  INFO 11332 --- [admin] [main] com.system.admin.AdminApplication        : Started AdminApplication in 17.925 seconds (process running for 18.886)
2024-11-14T07:59:22.804+07:00  INFO 11332 --- [admin] [http-nio-4005-exec-1] o.a.c.c.C.[Tomcat].[localhost].[/]       : Initializing Spring DispatcherServlet 'dispatcherServlet'
2024-11-14T07:59:22.804+07:00  INFO 11332 --- [admin] [http-nio-4005-exec-1] o.s.web.servlet.DispatcherServlet        : Initializing Servlet 'dispatcherServlet'
2024-11-14T07:59:22.804+07:00  INFO 11332 --- [admin] [http-nio-4005-exec-1] o.s.web.servlet.DispatcherServlet        : Completed initialization in 0 ms
2024-11-14T07:59:22.877+07:00 DEBUG 11332 --- [admin] [http-nio-4005-exec-1] c.s.admin.security.jwt.AuthTokenFilter   : Authorization Header: null
2024-11-14T07:59:22.877+07:00  WARN 11332 --- [admin] [http-nio-4005-exec-1] c.s.admin.security.jwt.AuthTokenFilter   : Authorization header is missing or does not start with Bearer
2024-11-14T07:59:22.877+07:00  INFO 11332 --- [admin] [http-nio-4005-exec-1] c.s.admin.security.jwt.AuthTokenFilter   : JWT extracted from header: null
2024-11-14T07:59:22.877+07:00  WARN 11332 --- [admin] [http-nio-4005-exec-1] c.s.admin.security.jwt.AuthTokenFilter   : JWT token is null.
2024-11-14T07:59:33.121+07:00 DEBUG 11332 --- [admin] [http-nio-4005-exec-3] c.s.admin.security.jwt.AuthTokenFilter   : Authorization Header: null
2024-11-14T07:59:33.121+07:00  WARN 11332 --- [admin] [http-nio-4005-exec-3] c.s.admin.security.jwt.AuthTokenFilter   : Authorization header is missing or does not start with Bearer
2024-11-14T07:59:33.122+07:00  INFO 11332 --- [admin] [http-nio-4005-exec-3] c.s.admin.security.jwt.AuthTokenFilter   : JWT extracted from header: null
2024-11-14T07:59:33.122+07:00  WARN 11332 --- [admin] [http-nio-4005-exec-3] c.s.admin.security.jwt.AuthTokenFilter   : JWT token is null.
2024-11-14T08:01:17.401+07:00  INFO 11332 --- [admin] [SpringApplicationShutdownHook] j.LocalContainerEntityManagerFactoryBean : Closing JPA EntityManagerFactory for persistence unit 'default'
2024-11-14T08:01:17.403+07:00  INFO 11332 --- [admin] [SpringApplicationShutdownHook] com.zaxxer.hikari.HikariDataSource       : HikariPool-1 - Shutdown initiated...
2024-11-14T08:01:17.416+07:00  INFO 11332 --- [admin] [SpringApplicationShutdownHook] com.zaxxer.hikari.HikariDataSource       : HikariPool-1 - Shutdown completed.
2024-11-14T08:01:24.671+07:00  INFO 11712 --- [admin] [main] com.system.admin.AdminApplication        : Starting AdminApplication using Java 17.0.11 with PID 11712 (D:\KLTN\UserManagement\admin\target\classes started by Admin in D:\KLTN\UserManagement\admin)
2024-11-14T08:01:24.671+07:00 DEBUG 11712 --- [admin] [main] com.system.admin.AdminApplication        : Running with Spring Boot v3.2.8, Spring v6.1.11
2024-11-14T08:01:24.685+07:00  INFO 11712 --- [admin] [main] com.system.admin.AdminApplication        : No active profile set, falling back to 1 default profile: "default"
2024-11-14T08:01:26.255+07:00  INFO 11712 --- [admin] [main] .s.d.r.c.RepositoryConfigurationDelegate : Bootstrapping Spring Data JPA repositories in DEFAULT mode.
2024-11-14T08:01:26.385+07:00  INFO 11712 --- [admin] [main] .s.d.r.c.RepositoryConfigurationDelegate : Finished Spring Data repository scanning in 105 ms. Found 14 JPA repository interfaces.
2024-11-14T08:01:27.285+07:00  INFO 11712 --- [admin] [main] o.s.b.w.embedded.tomcat.TomcatWebServer  : Tomcat initialized with port 4005 (http)
2024-11-14T08:01:27.298+07:00  INFO 11712 --- [admin] [main] o.apache.catalina.core.StandardService   : Starting service [Tomcat]
2024-11-14T08:01:27.298+07:00  INFO 11712 --- [admin] [main] o.apache.catalina.core.StandardEngine    : Starting Servlet engine: [Apache Tomcat/10.1.26]
2024-11-14T08:01:27.409+07:00  INFO 11712 --- [admin] [main] o.a.c.c.C.[Tomcat].[localhost].[/]       : Initializing Spring embedded WebApplicationContext
2024-11-14T08:01:27.409+07:00  INFO 11712 --- [admin] [main] w.s.c.ServletWebServerApplicationContext : Root WebApplicationContext: initialization completed in 2633 ms
2024-11-14T08:01:27.598+07:00  INFO 11712 --- [admin] [main] o.hibernate.jpa.internal.util.LogHelper  : HHH000204: Processing PersistenceUnitInfo [name: default]
2024-11-14T08:01:27.709+07:00  INFO 11712 --- [admin] [main] org.hibernate.Version                    : HHH000412: Hibernate ORM core version 6.4.9.Final
2024-11-14T08:01:27.772+07:00  INFO 11712 --- [admin] [main] o.h.c.internal.RegionFactoryInitiator    : HHH000026: Second-level cache disabled
2024-11-14T08:01:28.134+07:00  INFO 11712 --- [admin] [main] o.s.o.j.p.SpringPersistenceUnitInfo      : No LoadTimeWeaver setup: ignoring JPA class transformer
2024-11-14T08:01:28.172+07:00  INFO 11712 --- [admin] [main] com.zaxxer.hikari.HikariDataSource       : HikariPool-1 - Starting...
2024-11-14T08:01:28.598+07:00  INFO 11712 --- [admin] [main] com.zaxxer.hikari.pool.HikariPool        : HikariPool-1 - Added connection com.mysql.cj.jdbc.ConnectionImpl@29c59b6e
2024-11-14T08:01:28.598+07:00  INFO 11712 --- [admin] [main] com.zaxxer.hikari.HikariDataSource       : HikariPool-1 - Start completed.
2024-11-14T08:01:28.661+07:00  WARN 11712 --- [admin] [main] org.hibernate.orm.deprecation            : HHH90000025: MySQLDialect does not need to be specified explicitly using 'hibernate.dialect' (remove the property setting and it will be selected by default)
2024-11-14T08:01:30.195+07:00  INFO 11712 --- [admin] [main] o.h.e.t.j.p.i.JtaPlatformInitiator       : HHH000489: No JTA platform available (set 'hibernate.transaction.jta.platform' to enable JTA platform integration)
2024-11-14T08:01:30.383+07:00  INFO 11712 --- [admin] [main] j.LocalContainerEntityManagerFactoryBean : Initialized JPA EntityManagerFactory for persistence unit 'default'
2024-11-14T08:01:30.769+07:00  INFO 11712 --- [admin] [main] o.s.d.j.r.query.QueryEnhancerFactory     : Hibernate is in classpath; If applicable, HQL parser will be used.
2024-11-14T08:01:31.634+07:00 DEBUG 11712 --- [admin] [main] c.s.admin.security.jwt.AuthTokenFilter   : Filter 'authenticationJwtTokenFilter' configured for use
2024-11-14T08:01:32.778+07:00  WARN 11712 --- [admin] [main] JpaBaseConfiguration$JpaWebConfiguration : spring.jpa.open-in-view is enabled by default. Therefore, database queries may be performed during view rendering. Explicitly configure spring.jpa.open-in-view to disable this warning
2024-11-14T08:01:33.286+07:00  INFO 11712 --- [admin] [main] o.s.s.web.DefaultSecurityFilterChain     : Will secure any request with [org.springframework.security.web.session.DisableEncodeUrlFilter@483740d5, org.springframework.security.web.context.request.async.WebAsyncManagerIntegrationFilter@24e25991, org.springframework.security.web.context.SecurityContextHolderFilter@7f4358b8, org.springframework.security.web.header.HeaderWriterFilter@6f8a8101, org.springframework.web.filter.CorsFilter@79f40cc5, org.springframework.security.web.authentication.logout.LogoutFilter@1dbaa7aa, com.system.admin.security.jwt.AuthTokenFilter@75c90ec5, org.springframework.security.web.savedrequest.RequestCacheAwareFilter@421e2baf, org.springframework.security.web.servletapi.SecurityContextHolderAwareRequestFilter@51c0bdf9, org.springframework.security.web.authentication.AnonymousAuthenticationFilter@3cbc1752, org.springframework.security.web.session.SessionManagementFilter@3199d939, org.springframework.security.web.access.ExceptionTranslationFilter@6f543c90, org.springframework.security.web.access.intercept.AuthorizationFilter@7b32e17b]
2024-11-14T08:01:33.707+07:00  INFO 11712 --- [admin] [main] o.s.b.w.embedded.tomcat.TomcatWebServer  : Tomcat started on port 4005 (http) with context path ''
2024-11-14T08:01:33.726+07:00  INFO 11712 --- [admin] [main] com.system.admin.AdminApplication        : Started AdminApplication in 9.793 seconds (process running for 10.65)
2024-11-14T08:01:37.611+07:00  INFO 11712 --- [admin] [http-nio-4005-exec-2] o.a.c.c.C.[Tomcat].[localhost].[/]       : Initializing Spring DispatcherServlet 'dispatcherServlet'
2024-11-14T08:01:37.611+07:00  INFO 11712 --- [admin] [http-nio-4005-exec-2] o.s.web.servlet.DispatcherServlet        : Initializing Servlet 'dispatcherServlet'
2024-11-14T08:01:37.611+07:00  INFO 11712 --- [admin] [http-nio-4005-exec-2] o.s.web.servlet.DispatcherServlet        : Completed initialization in 0 ms
2024-11-14T08:01:37.638+07:00 DEBUG 11712 --- [admin] [http-nio-4005-exec-2] c.s.admin.security.jwt.AuthTokenFilter   : Authorization Header: null
2024-11-14T08:01:37.638+07:00  WARN 11712 --- [admin] [http-nio-4005-exec-2] c.s.admin.security.jwt.AuthTokenFilter   : Authorization header is missing or does not start with Bearer
2024-11-14T08:01:37.638+07:00  INFO 11712 --- [admin] [http-nio-4005-exec-2] c.s.admin.security.jwt.AuthTokenFilter   : JWT extracted from header: null
2024-11-14T08:01:37.638+07:00  WARN 11712 --- [admin] [http-nio-4005-exec-2] c.s.admin.security.jwt.AuthTokenFilter   : JWT token is null.
2024-11-14T08:05:54.198+07:00  INFO 11712 --- [admin] [SpringApplicationShutdownHook] j.LocalContainerEntityManagerFactoryBean : Closing JPA EntityManagerFactory for persistence unit 'default'
2024-11-14T08:05:54.198+07:00  INFO 11712 --- [admin] [SpringApplicationShutdownHook] com.zaxxer.hikari.HikariDataSource       : HikariPool-1 - Shutdown initiated...
2024-11-14T08:05:54.224+07:00  INFO 11712 --- [admin] [SpringApplicationShutdownHook] com.zaxxer.hikari.HikariDataSource       : HikariPool-1 - Shutdown completed.
2024-11-14T08:06:01.280+07:00  INFO 15632 --- [admin] [main] com.system.admin.AdminApplication        : Starting AdminApplication using Java 17.0.11 with PID 15632 (D:\KLTN\UserManagement\admin\target\classes started by Admin in D:\KLTN\UserManagement\admin)
2024-11-14T08:06:01.286+07:00 DEBUG 15632 --- [admin] [main] com.system.admin.AdminApplication        : Running with Spring Boot v3.2.8, Spring v6.1.11
2024-11-14T08:06:01.289+07:00  INFO 15632 --- [admin] [main] com.system.admin.AdminApplication        : No active profile set, falling back to 1 default profile: "default"
2024-11-14T08:06:03.363+07:00  INFO 15632 --- [admin] [main] .s.d.r.c.RepositoryConfigurationDelegate : Bootstrapping Spring Data JPA repositories in DEFAULT mode.
2024-11-14T08:06:03.562+07:00  INFO 15632 --- [admin] [main] .s.d.r.c.RepositoryConfigurationDelegate : Finished Spring Data repository scanning in 189 ms. Found 14 JPA repository interfaces.
2024-11-14T08:06:04.749+07:00  INFO 15632 --- [admin] [main] o.s.b.w.embedded.tomcat.TomcatWebServer  : Tomcat initialized with port 4005 (http)
2024-11-14T08:06:04.778+07:00  INFO 15632 --- [admin] [main] o.apache.catalina.core.StandardService   : Starting service [Tomcat]
2024-11-14T08:06:04.780+07:00  INFO 15632 --- [admin] [main] o.apache.catalina.core.StandardEngine    : Starting Servlet engine: [Apache Tomcat/10.1.26]
2024-11-14T08:06:04.905+07:00  INFO 15632 --- [admin] [main] o.a.c.c.C.[Tomcat].[localhost].[/]       : Initializing Spring embedded WebApplicationContext
2024-11-14T08:06:04.905+07:00  INFO 15632 --- [admin] [main] w.s.c.ServletWebServerApplicationContext : Root WebApplicationContext: initialization completed in 3531 ms
2024-11-14T08:06:05.173+07:00  INFO 15632 --- [admin] [main] o.hibernate.jpa.internal.util.LogHelper  : HHH000204: Processing PersistenceUnitInfo [name: default]
2024-11-14T08:06:05.311+07:00  INFO 15632 --- [admin] [main] org.hibernate.Version                    : HHH000412: Hibernate ORM core version 6.4.9.Final
2024-11-14T08:06:05.360+07:00  INFO 15632 --- [admin] [main] o.h.c.internal.RegionFactoryInitiator    : HHH000026: Second-level cache disabled
2024-11-14T08:06:05.755+07:00  INFO 15632 --- [admin] [main] o.s.o.j.p.SpringPersistenceUnitInfo      : No LoadTimeWeaver setup: ignoring JPA class transformer
2024-11-14T08:06:05.800+07:00  INFO 15632 --- [admin] [main] com.zaxxer.hikari.HikariDataSource       : HikariPool-1 - Starting...
2024-11-14T08:06:06.269+07:00  INFO 15632 --- [admin] [main] com.zaxxer.hikari.pool.HikariPool        : HikariPool-1 - Added connection com.mysql.cj.jdbc.ConnectionImpl@3348c987
2024-11-14T08:06:06.271+07:00  INFO 15632 --- [admin] [main] com.zaxxer.hikari.HikariDataSource       : HikariPool-1 - Start completed.
2024-11-14T08:06:06.342+07:00  WARN 15632 --- [admin] [main] org.hibernate.orm.deprecation            : HHH90000025: MySQLDialect does not need to be specified explicitly using 'hibernate.dialect' (remove the property setting and it will be selected by default)
2024-11-14T08:06:07.936+07:00  INFO 15632 --- [admin] [main] o.h.e.t.j.p.i.JtaPlatformInitiator       : HHH000489: No JTA platform available (set 'hibernate.transaction.jta.platform' to enable JTA platform integration)
2024-11-14T08:06:08.135+07:00  INFO 15632 --- [admin] [main] j.LocalContainerEntityManagerFactoryBean : Initialized JPA EntityManagerFactory for persistence unit 'default'
2024-11-14T08:06:08.479+07:00  INFO 15632 --- [admin] [main] o.s.d.j.r.query.QueryEnhancerFactory     : Hibernate is in classpath; If applicable, HQL parser will be used.
2024-11-14T08:06:09.390+07:00 DEBUG 15632 --- [admin] [main] c.s.admin.security.jwt.AuthTokenFilter   : Filter 'authenticationJwtTokenFilter' configured for use
2024-11-14T08:06:10.534+07:00  WARN 15632 --- [admin] [main] JpaBaseConfiguration$JpaWebConfiguration : spring.jpa.open-in-view is enabled by default. Therefore, database queries may be performed during view rendering. Explicitly configure spring.jpa.open-in-view to disable this warning
2024-11-14T08:06:11.061+07:00  INFO 15632 --- [admin] [main] o.s.s.web.DefaultSecurityFilterChain     : Will secure any request with [org.springframework.security.web.session.DisableEncodeUrlFilter@79f40cc5, org.springframework.security.web.context.request.async.WebAsyncManagerIntegrationFilter@3cbc1752, org.springframework.security.web.context.SecurityContextHolderFilter@421e2baf, org.springframework.security.web.header.HeaderWriterFilter@4bc1a53c, org.springframework.web.filter.CorsFilter@4effd9f8, org.springframework.security.web.authentication.logout.LogoutFilter@35e55526, com.system.admin.security.jwt.AuthTokenFilter@4f7bb581, org.springframework.security.web.savedrequest.RequestCacheAwareFilter@4ca17241, org.springframework.security.web.servletapi.SecurityContextHolderAwareRequestFilter@34bdf0da, org.springframework.security.web.authentication.AnonymousAuthenticationFilter@78e73f67, org.springframework.security.web.session.SessionManagementFilter@2659add8, org.springframework.security.web.access.ExceptionTranslationFilter@6f8a8101, org.springframework.security.web.access.intercept.AuthorizationFilter@454009a0]
2024-11-14T08:06:11.400+07:00  INFO 15632 --- [admin] [main] o.s.b.w.embedded.tomcat.TomcatWebServer  : Tomcat started on port 4005 (http) with context path ''
2024-11-14T08:06:11.431+07:00  INFO 15632 --- [admin] [main] com.system.admin.AdminApplication        : Started AdminApplication in 11.109 seconds (process running for 11.864)
2024-11-14T08:06:29.996+07:00  INFO 15632 --- [admin] [http-nio-4005-exec-2] o.a.c.c.C.[Tomcat].[localhost].[/]       : Initializing Spring DispatcherServlet 'dispatcherServlet'
2024-11-14T08:06:29.996+07:00  INFO 15632 --- [admin] [http-nio-4005-exec-2] o.s.web.servlet.DispatcherServlet        : Initializing Servlet 'dispatcherServlet'
2024-11-14T08:06:30.006+07:00  INFO 15632 --- [admin] [http-nio-4005-exec-2] o.s.web.servlet.DispatcherServlet        : Completed initialization in 10 ms
2024-11-14T08:06:30.028+07:00 DEBUG 15632 --- [admin] [http-nio-4005-exec-2] c.s.admin.security.jwt.AuthTokenFilter   : Authorization Header: null
2024-11-14T08:06:30.028+07:00  WARN 15632 --- [admin] [http-nio-4005-exec-2] c.s.admin.security.jwt.AuthTokenFilter   : Authorization header is missing or does not start with Bearer
2024-11-14T08:06:30.028+07:00  INFO 15632 --- [admin] [http-nio-4005-exec-2] c.s.admin.security.jwt.AuthTokenFilter   : JWT extracted from header: null
2024-11-14T08:06:30.028+07:00  WARN 15632 --- [admin] [http-nio-4005-exec-2] c.s.admin.security.jwt.AuthTokenFilter   : JWT token is null.
2024-11-14T08:06:36.710+07:00  INFO 15632 --- [admin] [SpringApplicationShutdownHook] j.LocalContainerEntityManagerFactoryBean : Closing JPA EntityManagerFactory for persistence unit 'default'
2024-11-14T08:06:36.726+07:00  INFO 15632 --- [admin] [SpringApplicationShutdownHook] com.zaxxer.hikari.HikariDataSource       : HikariPool-1 - Shutdown initiated...
2024-11-14T08:06:37.210+07:00  INFO 15632 --- [admin] [SpringApplicationShutdownHook] com.zaxxer.hikari.HikariDataSource       : HikariPool-1 - Shutdown completed.
2024-11-14T08:06:47.364+07:00  INFO 15504 --- [admin] [main] com.system.admin.AdminApplication        : Starting AdminApplication using Java 17.0.11 with PID 15504 (D:\KLTN\UserManagement\admin\target\classes started by Admin in D:\KLTN\UserManagement\admin)
2024-11-14T08:06:47.376+07:00 DEBUG 15504 --- [admin] [main] com.system.admin.AdminApplication        : Running with Spring Boot v3.2.8, Spring v6.1.11
2024-11-14T08:06:47.376+07:00  INFO 15504 --- [admin] [main] com.system.admin.AdminApplication        : No active profile set, falling back to 1 default profile: "default"
2024-11-14T08:06:48.906+07:00  INFO 15504 --- [admin] [main] .s.d.r.c.RepositoryConfigurationDelegate : Bootstrapping Spring Data JPA repositories in DEFAULT mode.
2024-11-14T08:06:49.048+07:00  INFO 15504 --- [admin] [main] .s.d.r.c.RepositoryConfigurationDelegate : Finished Spring Data repository scanning in 112 ms. Found 14 JPA repository interfaces.
2024-11-14T08:06:49.918+07:00  INFO 15504 --- [admin] [main] o.s.b.w.embedded.tomcat.TomcatWebServer  : Tomcat initialized with port 4005 (http)
2024-11-14T08:06:49.933+07:00  INFO 15504 --- [admin] [main] o.apache.catalina.core.StandardService   : Starting service [Tomcat]
2024-11-14T08:06:49.933+07:00  INFO 15504 --- [admin] [main] o.apache.catalina.core.StandardEngine    : Starting Servlet engine: [Apache Tomcat/10.1.26]
2024-11-14T08:06:50.028+07:00  INFO 15504 --- [admin] [main] o.a.c.c.C.[Tomcat].[localhost].[/]       : Initializing Spring embedded WebApplicationContext
2024-11-14T08:06:50.044+07:00  INFO 15504 --- [admin] [main] w.s.c.ServletWebServerApplicationContext : Root WebApplicationContext: initialization completed in 2573 ms
2024-11-14T08:06:50.264+07:00  INFO 15504 --- [admin] [main] o.hibernate.jpa.internal.util.LogHelper  : HHH000204: Processing PersistenceUnitInfo [name: default]
2024-11-14T08:06:50.313+07:00  INFO 15504 --- [admin] [main] org.hibernate.Version                    : HHH000412: Hibernate ORM core version 6.4.9.Final
2024-11-14T08:06:50.360+07:00  INFO 15504 --- [admin] [main] o.h.c.internal.RegionFactoryInitiator    : HHH000026: Second-level cache disabled
2024-11-14T08:06:50.667+07:00  INFO 15504 --- [admin] [main] o.s.o.j.p.SpringPersistenceUnitInfo      : No LoadTimeWeaver setup: ignoring JPA class transformer
2024-11-14T08:06:50.691+07:00  INFO 15504 --- [admin] [main] com.zaxxer.hikari.HikariDataSource       : HikariPool-1 - Starting...
2024-11-14T08:06:51.036+07:00  INFO 15504 --- [admin] [main] com.zaxxer.hikari.pool.HikariPool        : HikariPool-1 - Added connection com.mysql.cj.jdbc.ConnectionImpl@4b5798c2
2024-11-14T08:06:51.040+07:00  INFO 15504 --- [admin] [main] com.zaxxer.hikari.HikariDataSource       : HikariPool-1 - Start completed.
2024-11-14T08:06:51.092+07:00  WARN 15504 --- [admin] [main] org.hibernate.orm.deprecation            : HHH90000025: MySQLDialect does not need to be specified explicitly using 'hibernate.dialect' (remove the property setting and it will be selected by default)
2024-11-14T08:06:52.469+07:00  INFO 15504 --- [admin] [main] o.h.e.t.j.p.i.JtaPlatformInitiator       : HHH000489: No JTA platform available (set 'hibernate.transaction.jta.platform' to enable JTA platform integration)
2024-11-14T08:06:52.643+07:00  INFO 15504 --- [admin] [main] j.LocalContainerEntityManagerFactoryBean : Initialized JPA EntityManagerFactory for persistence unit 'default'
2024-11-14T08:06:53.026+07:00  INFO 15504 --- [admin] [main] o.s.d.j.r.query.QueryEnhancerFactory     : Hibernate is in classpath; If applicable, HQL parser will be used.
2024-11-14T08:06:53.795+07:00 DEBUG 15504 --- [admin] [main] c.s.admin.security.jwt.AuthTokenFilter   : Filter 'authenticationJwtTokenFilter' configured for use
2024-11-14T08:06:54.760+07:00  WARN 15504 --- [admin] [main] JpaBaseConfiguration$JpaWebConfiguration : spring.jpa.open-in-view is enabled by default. Therefore, database queries may be performed during view rendering. Explicitly configure spring.jpa.open-in-view to disable this warning
2024-11-14T08:06:55.184+07:00  INFO 15504 --- [admin] [main] o.s.s.web.DefaultSecurityFilterChain     : Will secure any request with [org.springframework.security.web.session.DisableEncodeUrlFilter@7c70c33a, org.springframework.security.web.context.request.async.WebAsyncManagerIntegrationFilter@1c4e516e, org.springframework.security.web.context.SecurityContextHolderFilter@3d6d5694, org.springframework.security.web.header.HeaderWriterFilter@2d1ab7e0, org.springframework.web.filter.CorsFilter@2e8fc0c9, org.springframework.security.web.authentication.logout.LogoutFilter@3d5735c2, com.system.admin.security.jwt.AuthTokenFilter@4bbc9862, org.springframework.security.web.savedrequest.RequestCacheAwareFilter@e93f8b4, org.springframework.security.web.servletapi.SecurityContextHolderAwareRequestFilter@29c26959, org.springframework.security.web.authentication.AnonymousAuthenticationFilter@1a18b66, org.springframework.security.web.session.SessionManagementFilter@89ebacd, org.springframework.security.web.access.ExceptionTranslationFilter@461f8660, org.springframework.security.web.access.intercept.AuthorizationFilter@50060b19]
2024-11-14T08:06:55.451+07:00  INFO 15504 --- [admin] [main] o.s.b.w.embedded.tomcat.TomcatWebServer  : Tomcat started on port 4005 (http) with context path ''
2024-11-14T08:06:55.467+07:00  INFO 15504 --- [admin] [main] com.system.admin.AdminApplication        : Started AdminApplication in 8.794 seconds (process running for 9.549)
2024-11-14T08:07:04.476+07:00  INFO 15504 --- [admin] [http-nio-4005-exec-1] o.a.c.c.C.[Tomcat].[localhost].[/]       : Initializing Spring DispatcherServlet 'dispatcherServlet'
2024-11-14T08:07:04.476+07:00  INFO 15504 --- [admin] [http-nio-4005-exec-1] o.s.web.servlet.DispatcherServlet        : Initializing Servlet 'dispatcherServlet'
2024-11-14T08:07:04.476+07:00  INFO 15504 --- [admin] [http-nio-4005-exec-1] o.s.web.servlet.DispatcherServlet        : Completed initialization in 0 ms
2024-11-14T08:07:04.510+07:00 DEBUG 15504 --- [admin] [http-nio-4005-exec-1] c.s.admin.security.jwt.AuthTokenFilter   : Authorization Header: null
2024-11-14T08:07:04.510+07:00  WARN 15504 --- [admin] [http-nio-4005-exec-1] c.s.admin.security.jwt.AuthTokenFilter   : Authorization header is missing or does not start with Bearer
2024-11-14T08:07:04.510+07:00  INFO 15504 --- [admin] [http-nio-4005-exec-1] c.s.admin.security.jwt.AuthTokenFilter   : JWT extracted from header: null
2024-11-14T08:07:04.510+07:00  WARN 15504 --- [admin] [http-nio-4005-exec-1] c.s.admin.security.jwt.AuthTokenFilter   : JWT token is null.
2024-11-14T08:08:16.051+07:00  INFO 15504 --- [admin] [SpringApplicationShutdownHook] j.LocalContainerEntityManagerFactoryBean : Closing JPA EntityManagerFactory for persistence unit 'default'
2024-11-14T08:08:16.051+07:00  INFO 15504 --- [admin] [SpringApplicationShutdownHook] com.zaxxer.hikari.HikariDataSource       : HikariPool-1 - Shutdown initiated...
2024-11-14T08:08:16.145+07:00  INFO 15504 --- [admin] [SpringApplicationShutdownHook] com.zaxxer.hikari.HikariDataSource       : HikariPool-1 - Shutdown completed.
2024-11-14T08:08:23.271+07:00  INFO 11936 --- [admin] [main] com.system.admin.AdminApplication        : Starting AdminApplication using Java 17.0.11 with PID 11936 (D:\KLTN\UserManagement\admin\target\classes started by Admin in D:\KLTN\UserManagement\admin)
2024-11-14T08:08:23.271+07:00 DEBUG 11936 --- [admin] [main] com.system.admin.AdminApplication        : Running with Spring Boot v3.2.8, Spring v6.1.11
2024-11-14T08:08:23.271+07:00  INFO 11936 --- [admin] [main] com.system.admin.AdminApplication        : No active profile set, falling back to 1 default profile: "default"
2024-11-14T08:08:24.727+07:00  INFO 11936 --- [admin] [main] .s.d.r.c.RepositoryConfigurationDelegate : Bootstrapping Spring Data JPA repositories in DEFAULT mode.
2024-11-14T08:08:24.874+07:00  INFO 11936 --- [admin] [main] .s.d.r.c.RepositoryConfigurationDelegate : Finished Spring Data repository scanning in 128 ms. Found 14 JPA repository interfaces.
2024-11-14T08:08:25.791+07:00  INFO 11936 --- [admin] [main] o.s.b.w.embedded.tomcat.TomcatWebServer  : Tomcat initialized with port 4005 (http)
2024-11-14T08:08:25.807+07:00  INFO 11936 --- [admin] [main] o.apache.catalina.core.StandardService   : Starting service [Tomcat]
2024-11-14T08:08:25.807+07:00  INFO 11936 --- [admin] [main] o.apache.catalina.core.StandardEngine    : Starting Servlet engine: [Apache Tomcat/10.1.26]
2024-11-14T08:08:25.936+07:00  INFO 11936 --- [admin] [main] o.a.c.c.C.[Tomcat].[localhost].[/]       : Initializing Spring embedded WebApplicationContext
2024-11-14T08:08:25.936+07:00  INFO 11936 --- [admin] [main] w.s.c.ServletWebServerApplicationContext : Root WebApplicationContext: initialization completed in 2586 ms
2024-11-14T08:08:26.154+07:00  INFO 11936 --- [admin] [main] o.hibernate.jpa.internal.util.LogHelper  : HHH000204: Processing PersistenceUnitInfo [name: default]
2024-11-14T08:08:26.246+07:00  INFO 11936 --- [admin] [main] org.hibernate.Version                    : HHH000412: Hibernate ORM core version 6.4.9.Final
2024-11-14T08:08:26.304+07:00  INFO 11936 --- [admin] [main] o.h.c.internal.RegionFactoryInitiator    : HHH000026: Second-level cache disabled
2024-11-14T08:08:26.720+07:00  INFO 11936 --- [admin] [main] o.s.o.j.p.SpringPersistenceUnitInfo      : No LoadTimeWeaver setup: ignoring JPA class transformer
2024-11-14T08:08:26.760+07:00  INFO 11936 --- [admin] [main] com.zaxxer.hikari.HikariDataSource       : HikariPool-1 - Starting...
2024-11-14T08:08:27.202+07:00  INFO 11936 --- [admin] [main] com.zaxxer.hikari.pool.HikariPool        : HikariPool-1 - Added connection com.mysql.cj.jdbc.ConnectionImpl@3348c987
2024-11-14T08:08:27.205+07:00  INFO 11936 --- [admin] [main] com.zaxxer.hikari.HikariDataSource       : HikariPool-1 - Start completed.
2024-11-14T08:08:27.273+07:00  WARN 11936 --- [admin] [main] org.hibernate.orm.deprecation            : HHH90000025: MySQLDialect does not need to be specified explicitly using 'hibernate.dialect' (remove the property setting and it will be selected by default)
2024-11-14T08:08:28.894+07:00  INFO 11936 --- [admin] [main] o.h.e.t.j.p.i.JtaPlatformInitiator       : HHH000489: No JTA platform available (set 'hibernate.transaction.jta.platform' to enable JTA platform integration)
2024-11-14T08:08:29.142+07:00  INFO 11936 --- [admin] [main] j.LocalContainerEntityManagerFactoryBean : Initialized JPA EntityManagerFactory for persistence unit 'default'
2024-11-14T08:08:29.567+07:00  INFO 11936 --- [admin] [main] o.s.d.j.r.query.QueryEnhancerFactory     : Hibernate is in classpath; If applicable, HQL parser will be used.
2024-11-14T08:08:30.596+07:00 DEBUG 11936 --- [admin] [main] c.s.admin.security.jwt.AuthTokenFilter   : Filter 'authenticationJwtTokenFilter' configured for use
2024-11-14T08:08:31.743+07:00  WARN 11936 --- [admin] [main] JpaBaseConfiguration$JpaWebConfiguration : spring.jpa.open-in-view is enabled by default. Therefore, database queries may be performed during view rendering. Explicitly configure spring.jpa.open-in-view to disable this warning
2024-11-14T08:08:32.248+07:00  INFO 11936 --- [admin] [main] o.s.s.web.DefaultSecurityFilterChain     : Will secure any request with [org.springframework.security.web.session.DisableEncodeUrlFilter@1a18b66, org.springframework.security.web.context.request.async.WebAsyncManagerIntegrationFilter@7b32e17b, org.springframework.security.web.context.SecurityContextHolderFilter@6617fa99, org.springframework.security.web.header.HeaderWriterFilter@62931c28, org.springframework.web.filter.CorsFilter@15990a52, org.springframework.security.web.authentication.logout.LogoutFilter@78aa11f2, com.system.admin.security.jwt.AuthTokenFilter@8cc1bac, org.springframework.security.web.savedrequest.RequestCacheAwareFilter@371ea5d7, org.springframework.security.web.servletapi.SecurityContextHolderAwareRequestFilter@1f6e7714, org.springframework.security.web.authentication.AnonymousAuthenticationFilter@454009a0, org.springframework.security.web.session.SessionManagementFilter@3d6d5694, org.springframework.security.web.access.ExceptionTranslationFilter@27ef226, org.springframework.security.web.access.intercept.AuthorizationFilter@7c70c33a]
2024-11-14T08:08:32.675+07:00  INFO 11936 --- [admin] [main] o.s.b.w.embedded.tomcat.TomcatWebServer  : Tomcat started on port 4005 (http) with context path ''
2024-11-14T08:08:32.697+07:00  INFO 11936 --- [admin] [main] com.system.admin.AdminApplication        : Started AdminApplication in 10.08 seconds (process running for 10.751)
2024-11-14T08:08:34.830+07:00  INFO 11936 --- [admin] [http-nio-4005-exec-1] o.a.c.c.C.[Tomcat].[localhost].[/]       : Initializing Spring DispatcherServlet 'dispatcherServlet'
2024-11-14T08:08:34.830+07:00  INFO 11936 --- [admin] [http-nio-4005-exec-1] o.s.web.servlet.DispatcherServlet        : Initializing Servlet 'dispatcherServlet'
2024-11-14T08:08:34.832+07:00  INFO 11936 --- [admin] [http-nio-4005-exec-1] o.s.web.servlet.DispatcherServlet        : Completed initialization in 1 ms
2024-11-14T08:08:34.845+07:00 DEBUG 11936 --- [admin] [http-nio-4005-exec-1] c.s.admin.security.jwt.AuthTokenFilter   : Authorization Header: null
2024-11-14T08:08:34.845+07:00  WARN 11936 --- [admin] [http-nio-4005-exec-1] c.s.admin.security.jwt.AuthTokenFilter   : Authorization header is missing or does not start with Bearer
2024-11-14T08:08:34.845+07:00  INFO 11936 --- [admin] [http-nio-4005-exec-1] c.s.admin.security.jwt.AuthTokenFilter   : JWT extracted from header: null
2024-11-14T08:08:34.845+07:00  WARN 11936 --- [admin] [http-nio-4005-exec-1] c.s.admin.security.jwt.AuthTokenFilter   : JWT token is null.
2024-11-14T09:09:31.342+07:00 DEBUG 11936 --- [admin] [http-nio-4005-exec-6] c.s.admin.security.jwt.AuthTokenFilter   : Authorization Header: null
2024-11-14T09:09:31.375+07:00  WARN 11936 --- [admin] [http-nio-4005-exec-6] c.s.admin.security.jwt.AuthTokenFilter   : Authorization header is missing or does not start with Bearer
2024-11-14T09:09:31.375+07:00  INFO 11936 --- [admin] [http-nio-4005-exec-6] c.s.admin.security.jwt.AuthTokenFilter   : JWT extracted from header: null
2024-11-14T09:09:31.376+07:00  WARN 11936 --- [admin] [http-nio-4005-exec-6] c.s.admin.security.jwt.AuthTokenFilter   : JWT token is null.
2024-11-14T09:09:40.959+07:00 DEBUG 11936 --- [admin] [http-nio-4005-exec-3] c.s.admin.security.jwt.AuthTokenFilter   : Authorization Header: null
2024-11-14T09:09:40.959+07:00  WARN 11936 --- [admin] [http-nio-4005-exec-3] c.s.admin.security.jwt.AuthTokenFilter   : Authorization header is missing or does not start with Bearer
2024-11-14T09:09:40.960+07:00  INFO 11936 --- [admin] [http-nio-4005-exec-3] c.s.admin.security.jwt.AuthTokenFilter   : JWT extracted from header: null
2024-11-14T09:09:40.960+07:00  WARN 11936 --- [admin] [http-nio-4005-exec-3] c.s.admin.security.jwt.AuthTokenFilter   : JWT token is null.
2024-11-14T09:09:40.965+07:00 ERROR 11936 --- [admin] [http-nio-4005-exec-3] c.s.a.security.jwt.AuthEntryPointJwt     : Unauthorized error: Full authentication is required to access this resource
2024-11-14T09:47:18.290+07:00  INFO 11936 --- [admin] [SpringApplicationShutdownHook] j.LocalContainerEntityManagerFactoryBean : Closing JPA EntityManagerFactory for persistence unit 'default'
2024-11-14T09:47:18.367+07:00  INFO 11936 --- [admin] [SpringApplicationShutdownHook] com.zaxxer.hikari.HikariDataSource       : HikariPool-1 - Shutdown initiated...
2024-11-14T09:47:18.446+07:00  INFO 11936 --- [admin] [SpringApplicationShutdownHook] com.zaxxer.hikari.HikariDataSource       : HikariPool-1 - Shutdown completed.
2024-11-14T09:47:28.167+07:00  INFO 19400 --- [admin] [main] com.system.admin.AdminApplication        : Starting AdminApplication using Java 17.0.11 with PID 19400 (D:\KLTN\UserManagement\admin\target\classes started by Admin in D:\KLTN\UserManagement\admin)
2024-11-14T09:47:28.170+07:00 DEBUG 19400 --- [admin] [main] com.system.admin.AdminApplication        : Running with Spring Boot v3.2.8, Spring v6.1.11
2024-11-14T09:47:28.171+07:00  INFO 19400 --- [admin] [main] com.system.admin.AdminApplication        : No active profile set, falling back to 1 default profile: "default"
2024-11-14T09:47:30.387+07:00  INFO 19400 --- [admin] [main] .s.d.r.c.RepositoryConfigurationDelegate : Bootstrapping Spring Data JPA repositories in DEFAULT mode.
2024-11-14T09:47:30.701+07:00  INFO 19400 --- [admin] [main] .s.d.r.c.RepositoryConfigurationDelegate : Finished Spring Data repository scanning in 294 ms. Found 14 JPA repository interfaces.
2024-11-14T09:47:32.359+07:00  INFO 19400 --- [admin] [main] o.s.b.w.embedded.tomcat.TomcatWebServer  : Tomcat initialized with port 4005 (http)
2024-11-14T09:47:32.408+07:00  INFO 19400 --- [admin] [main] o.apache.catalina.core.StandardService   : Starting service [Tomcat]
2024-11-14T09:47:32.414+07:00  INFO 19400 --- [admin] [main] o.apache.catalina.core.StandardEngine    : Starting Servlet engine: [Apache Tomcat/10.1.26]
2024-11-14T09:47:32.687+07:00  INFO 19400 --- [admin] [main] o.a.c.c.C.[Tomcat].[localhost].[/]       : Initializing Spring embedded WebApplicationContext
2024-11-14T09:47:32.687+07:00  INFO 19400 --- [admin] [main] w.s.c.ServletWebServerApplicationContext : Root WebApplicationContext: initialization completed in 4430 ms
2024-11-14T09:47:32.996+07:00  INFO 19400 --- [admin] [main] o.hibernate.jpa.internal.util.LogHelper  : HHH000204: Processing PersistenceUnitInfo [name: default]
2024-11-14T09:47:33.115+07:00  INFO 19400 --- [admin] [main] org.hibernate.Version                    : HHH000412: Hibernate ORM core version 6.4.9.Final
2024-11-14T09:47:33.171+07:00  INFO 19400 --- [admin] [main] o.h.c.internal.RegionFactoryInitiator    : HHH000026: Second-level cache disabled
2024-11-14T09:47:33.643+07:00  INFO 19400 --- [admin] [main] o.s.o.j.p.SpringPersistenceUnitInfo      : No LoadTimeWeaver setup: ignoring JPA class transformer
2024-11-14T09:47:33.723+07:00  INFO 19400 --- [admin] [main] com.zaxxer.hikari.HikariDataSource       : HikariPool-1 - Starting...
2024-11-14T09:47:34.269+07:00  INFO 19400 --- [admin] [main] com.zaxxer.hikari.pool.HikariPool        : HikariPool-1 - Added connection com.mysql.cj.jdbc.ConnectionImpl@1fc1c7e
2024-11-14T09:47:34.269+07:00  INFO 19400 --- [admin] [main] com.zaxxer.hikari.HikariDataSource       : HikariPool-1 - Start completed.
2024-11-14T09:47:34.379+07:00  WARN 19400 --- [admin] [main] org.hibernate.orm.deprecation            : HHH90000025: MySQLDialect does not need to be specified explicitly using 'hibernate.dialect' (remove the property setting and it will be selected by default)
2024-11-14T09:47:36.913+07:00  INFO 19400 --- [admin] [main] o.h.e.t.j.p.i.JtaPlatformInitiator       : HHH000489: No JTA platform available (set 'hibernate.transaction.jta.platform' to enable JTA platform integration)
2024-11-14T09:47:37.276+07:00  INFO 19400 --- [admin] [main] j.LocalContainerEntityManagerFactoryBean : Initialized JPA EntityManagerFactory for persistence unit 'default'
2024-11-14T09:47:37.803+07:00  INFO 19400 --- [admin] [main] o.s.d.j.r.query.QueryEnhancerFactory     : Hibernate is in classpath; If applicable, HQL parser will be used.
2024-11-14T09:47:38.888+07:00 DEBUG 19400 --- [admin] [main] c.s.admin.security.jwt.AuthTokenFilter   : Filter 'authenticationJwtTokenFilter' configured for use
2024-11-14T09:47:40.138+07:00  WARN 19400 --- [admin] [main] JpaBaseConfiguration$JpaWebConfiguration : spring.jpa.open-in-view is enabled by default. Therefore, database queries may be performed during view rendering. Explicitly configure spring.jpa.open-in-view to disable this warning
2024-11-14T09:47:40.688+07:00  INFO 19400 --- [admin] [main] o.s.s.web.DefaultSecurityFilterChain     : Will secure any request with [org.springframework.security.web.session.DisableEncodeUrlFilter@454009a0, org.springframework.security.web.context.request.async.WebAsyncManagerIntegrationFilter@483740d5, org.springframework.security.web.context.SecurityContextHolderFilter@2659add8, org.springframework.security.web.header.HeaderWriterFilter@1582adc5, org.springframework.web.filter.CorsFilter@24e25991, org.springframework.security.web.authentication.logout.LogoutFilter@35b7156f, com.system.admin.security.jwt.AuthTokenFilter@20f1e26, org.springframework.security.web.savedrequest.RequestCacheAwareFilter@ec0678, org.springframework.security.web.servletapi.SecurityContextHolderAwareRequestFilter@3dfabb85, org.springframework.security.web.authentication.AnonymousAuthenticationFilter@79f40cc5, org.springframework.security.web.session.SessionManagementFilter@6617fa99, org.springframework.security.web.access.ExceptionTranslationFilter@1ace122d, org.springframework.security.web.access.intercept.AuthorizationFilter@1a18b66]
2024-11-14T09:47:41.039+07:00  INFO 19400 --- [admin] [main] o.s.b.w.embedded.tomcat.TomcatWebServer  : Tomcat started on port 4005 (http) with context path ''
2024-11-14T09:47:41.047+07:00  INFO 19400 --- [admin] [main] com.system.admin.AdminApplication        : Started AdminApplication in 13.72 seconds (process running for 14.522)
2024-11-14T10:04:54.781+07:00  INFO 19400 --- [admin] [http-nio-4005-exec-6] o.a.c.c.C.[Tomcat].[localhost].[/]       : Initializing Spring DispatcherServlet 'dispatcherServlet'
2024-11-14T10:04:54.802+07:00  INFO 19400 --- [admin] [http-nio-4005-exec-6] o.s.web.servlet.DispatcherServlet        : Initializing Servlet 'dispatcherServlet'
2024-11-14T10:04:54.856+07:00  INFO 19400 --- [admin] [http-nio-4005-exec-6] o.s.web.servlet.DispatcherServlet        : Completed initialization in 51 ms
2024-11-14T10:04:55.015+07:00 DEBUG 19400 --- [admin] [http-nio-4005-exec-8] c.s.admin.security.jwt.AuthTokenFilter   : Authorization Header: Bearer eyJhbGciOiJIUzI1NiJ9.eyJyb2xlcyI6W3siYXV0aG9yaXR5IjoiUk9MRV9VU0VSIn0seyJhdXRob3JpdHkiOiJST0xFX0FETUlOIn1dLCJpZCI6MjgsInVzZXJuYW1lIjoibWFuaHF1YW4xMiIsImlhdCI6MTczMTU0MDQzNywiZXhwIjoxNzMxNTU4NDM3fQ.-ajzTHLXO7beTDfuu9vijYnw4K68LB_XP_W9fdMRR6Y
2024-11-14T10:04:55.013+07:00 DEBUG 19400 --- [admin] [http-nio-4005-exec-7] c.s.admin.security.jwt.AuthTokenFilter   : Authorization Header: Bearer eyJhbGciOiJIUzI1NiJ9.eyJyb2xlcyI6W3siYXV0aG9yaXR5IjoiUk9MRV9VU0VSIn0seyJhdXRob3JpdHkiOiJST0xFX0FETUlOIn1dLCJpZCI6MjgsInVzZXJuYW1lIjoibWFuaHF1YW4xMiIsImlhdCI6MTczMTU0MDQzNywiZXhwIjoxNzMxNTU4NDM3fQ.-ajzTHLXO7beTDfuu9vijYnw4K68LB_XP_W9fdMRR6Y
2024-11-14T10:04:55.015+07:00  INFO 19400 --- [admin] [http-nio-4005-exec-7] c.s.admin.security.jwt.AuthTokenFilter   : JWT extracted from header: eyJhbGciOiJIUzI1NiJ9.eyJyb2xlcyI6W3siYXV0aG9yaXR5IjoiUk9MRV9VU0VSIn0seyJhdXRob3JpdHkiOiJST0xFX0FETUlOIn1dLCJpZCI6MjgsInVzZXJuYW1lIjoibWFuaHF1YW4xMiIsImlhdCI6MTczMTU0MDQzNywiZXhwIjoxNzMxNTU4NDM3fQ.-ajzTHLXO7beTDfuu9vijYnw4K68LB_XP_W9fdMRR6Y
2024-11-14T10:04:55.015+07:00  INFO 19400 --- [admin] [http-nio-4005-exec-8] c.s.admin.security.jwt.AuthTokenFilter   : JWT extracted from header: eyJhbGciOiJIUzI1NiJ9.eyJyb2xlcyI6W3siYXV0aG9yaXR5IjoiUk9MRV9VU0VSIn0seyJhdXRob3JpdHkiOiJST0xFX0FETUlOIn1dLCJpZCI6MjgsInVzZXJuYW1lIjoibWFuaHF1YW4xMiIsImlhdCI6MTczMTU0MDQzNywiZXhwIjoxNzMxNTU4NDM3fQ.-ajzTHLXO7beTDfuu9vijYnw4K68LB_XP_W9fdMRR6Y
2024-11-14T10:04:55.378+07:00  INFO 19400 --- [admin] [http-nio-4005-exec-7] c.s.admin.security.jwt.AuthTokenFilter   : JWT validation result: true
2024-11-14T10:04:55.378+07:00  INFO 19400 --- [admin] [http-nio-4005-exec-8] c.s.admin.security.jwt.AuthTokenFilter   : JWT validation result: true
2024-11-14T10:04:55.387+07:00  INFO 19400 --- [admin] [http-nio-4005-exec-8] c.s.admin.security.jwt.AuthTokenFilter   : Username extracted from JWT: manhquan12
2024-11-14T10:04:55.387+07:00  INFO 19400 --- [admin] [http-nio-4005-exec-7] c.s.admin.security.jwt.AuthTokenFilter   : Username extracted from JWT: manhquan12
2024-11-14T10:04:55.723+07:00  INFO 19400 --- [admin] [http-nio-4005-exec-8] c.s.admin.security.jwt.AuthTokenFilter   : JWT in Authorization header: eyJhbGciOiJIUzI1NiJ9.eyJyb2xlcyI6W3siYXV0aG9yaXR5IjoiUk9MRV9VU0VSIn0seyJhdXRob3JpdHkiOiJST0xFX0FETUlOIn1dLCJpZCI6MjgsInVzZXJuYW1lIjoibWFuaHF1YW4xMiIsImlhdCI6MTczMTU0MDQzNywiZXhwIjoxNzMxNTU4NDM3fQ.-ajzTHLXO7beTDfuu9vijYnw4K68LB_XP_W9fdMRR6Y
2024-11-14T10:04:55.723+07:00  INFO 19400 --- [admin] [http-nio-4005-exec-7] c.s.admin.security.jwt.AuthTokenFilter   : JWT in Authorization header: eyJhbGciOiJIUzI1NiJ9.eyJyb2xlcyI6W3siYXV0aG9yaXR5IjoiUk9MRV9VU0VSIn0seyJhdXRob3JpdHkiOiJST0xFX0FETUlOIn1dLCJpZCI6MjgsInVzZXJuYW1lIjoibWFuaHF1YW4xMiIsImlhdCI6MTczMTU0MDQzNywiZXhwIjoxNzMxNTU4NDM3fQ.-ajzTHLXO7beTDfuu9vijYnw4K68LB_XP_W9fdMRR6Y
2024-11-14T10:04:55.932+07:00 DEBUG 19400 --- [admin] [http-nio-4005-exec-9] c.s.admin.security.jwt.AuthTokenFilter   : Authorization Header: Bearer eyJhbGciOiJIUzI1NiJ9.eyJyb2xlcyI6W3siYXV0aG9yaXR5IjoiUk9MRV9VU0VSIn0seyJhdXRob3JpdHkiOiJST0xFX0FETUlOIn1dLCJpZCI6MjgsInVzZXJuYW1lIjoibWFuaHF1YW4xMiIsImlhdCI6MTczMTU0MDQzNywiZXhwIjoxNzMxNTU4NDM3fQ.-ajzTHLXO7beTDfuu9vijYnw4K68LB_XP_W9fdMRR6Y
2024-11-14T10:04:55.933+07:00  INFO 19400 --- [admin] [http-nio-4005-exec-9] c.s.admin.security.jwt.AuthTokenFilter   : JWT extracted from header: eyJhbGciOiJIUzI1NiJ9.eyJyb2xlcyI6W3siYXV0aG9yaXR5IjoiUk9MRV9VU0VSIn0seyJhdXRob3JpdHkiOiJST0xFX0FETUlOIn1dLCJpZCI6MjgsInVzZXJuYW1lIjoibWFuaHF1YW4xMiIsImlhdCI6MTczMTU0MDQzNywiZXhwIjoxNzMxNTU4NDM3fQ.-ajzTHLXO7beTDfuu9vijYnw4K68LB_XP_W9fdMRR6Y
2024-11-14T10:04:55.943+07:00  INFO 19400 --- [admin] [http-nio-4005-exec-9] c.s.admin.security.jwt.AuthTokenFilter   : JWT validation result: true
2024-11-14T10:04:55.957+07:00  INFO 19400 --- [admin] [http-nio-4005-exec-9] c.s.admin.security.jwt.AuthTokenFilter   : Username extracted from JWT: manhquan12
2024-11-14T10:04:55.982+07:00  INFO 19400 --- [admin] [http-nio-4005-exec-9] c.s.admin.security.jwt.AuthTokenFilter   : JWT in Authorization header: eyJhbGciOiJIUzI1NiJ9.eyJyb2xlcyI6W3siYXV0aG9yaXR5IjoiUk9MRV9VU0VSIn0seyJhdXRob3JpdHkiOiJST0xFX0FETUlOIn1dLCJpZCI6MjgsInVzZXJuYW1lIjoibWFuaHF1YW4xMiIsImlhdCI6MTczMTU0MDQzNywiZXhwIjoxNzMxNTU4NDM3fQ.-ajzTHLXO7beTDfuu9vijYnw4K68LB_XP_W9fdMRR6Y
2024-11-14T10:04:56.038+07:00 DEBUG 19400 --- [admin] [http-nio-4005-exec-9] c.s.admin.security.jwt.AuthTokenFilter   : Authorization Header: Bearer eyJhbGciOiJIUzI1NiJ9.eyJyb2xlcyI6W3siYXV0aG9yaXR5IjoiUk9MRV9VU0VSIn0seyJhdXRob3JpdHkiOiJST0xFX0FETUlOIn1dLCJpZCI6MjgsInVzZXJuYW1lIjoibWFuaHF1YW4xMiIsImlhdCI6MTczMTU0MDQzNywiZXhwIjoxNzMxNTU4NDM3fQ.-ajzTHLXO7beTDfuu9vijYnw4K68LB_XP_W9fdMRR6Y
2024-11-14T10:04:56.038+07:00  INFO 19400 --- [admin] [http-nio-4005-exec-9] c.s.admin.security.jwt.AuthTokenFilter   : JWT extracted from header: eyJhbGciOiJIUzI1NiJ9.eyJyb2xlcyI6W3siYXV0aG9yaXR5IjoiUk9MRV9VU0VSIn0seyJhdXRob3JpdHkiOiJST0xFX0FETUlOIn1dLCJpZCI6MjgsInVzZXJuYW1lIjoibWFuaHF1YW4xMiIsImlhdCI6MTczMTU0MDQzNywiZXhwIjoxNzMxNTU4NDM3fQ.-ajzTHLXO7beTDfuu9vijYnw4K68LB_XP_W9fdMRR6Y
2024-11-14T10:04:56.038+07:00  INFO 19400 --- [admin] [http-nio-4005-exec-9] c.s.admin.security.jwt.AuthTokenFilter   : JWT validation result: true
2024-11-14T10:04:56.053+07:00  INFO 19400 --- [admin] [http-nio-4005-exec-9] c.s.admin.security.jwt.AuthTokenFilter   : Username extracted from JWT: manhquan12
2024-11-14T10:04:56.069+07:00  INFO 19400 --- [admin] [http-nio-4005-exec-9] c.s.admin.security.jwt.AuthTokenFilter   : JWT in Authorization header: eyJhbGciOiJIUzI1NiJ9.eyJyb2xlcyI6W3siYXV0aG9yaXR5IjoiUk9MRV9VU0VSIn0seyJhdXRob3JpdHkiOiJST0xFX0FETUlOIn1dLCJpZCI6MjgsInVzZXJuYW1lIjoibWFuaHF1YW4xMiIsImlhdCI6MTczMTU0MDQzNywiZXhwIjoxNzMxNTU4NDM3fQ.-ajzTHLXO7beTDfuu9vijYnw4K68LB_XP_W9fdMRR6Y
2024-11-14T10:04:56.140+07:00 DEBUG 19400 --- [admin] [http-nio-4005-exec-4] c.s.admin.security.jwt.AuthTokenFilter   : Authorization Header: Bearer eyJhbGciOiJIUzI1NiJ9.eyJyb2xlcyI6W3siYXV0aG9yaXR5IjoiUk9MRV9VU0VSIn0seyJhdXRob3JpdHkiOiJST0xFX0FETUlOIn1dLCJpZCI6MjgsInVzZXJuYW1lIjoibWFuaHF1YW4xMiIsImlhdCI6MTczMTU0MDQzNywiZXhwIjoxNzMxNTU4NDM3fQ.-ajzTHLXO7beTDfuu9vijYnw4K68LB_XP_W9fdMRR6Y
2024-11-14T10:04:56.140+07:00  INFO 19400 --- [admin] [http-nio-4005-exec-4] c.s.admin.security.jwt.AuthTokenFilter   : JWT extracted from header: eyJhbGciOiJIUzI1NiJ9.eyJyb2xlcyI6W3siYXV0aG9yaXR5IjoiUk9MRV9VU0VSIn0seyJhdXRob3JpdHkiOiJST0xFX0FETUlOIn1dLCJpZCI6MjgsInVzZXJuYW1lIjoibWFuaHF1YW4xMiIsImlhdCI6MTczMTU0MDQzNywiZXhwIjoxNzMxNTU4NDM3fQ.-ajzTHLXO7beTDfuu9vijYnw4K68LB_XP_W9fdMRR6Y
2024-11-14T10:04:56.148+07:00  INFO 19400 --- [admin] [http-nio-4005-exec-4] c.s.admin.security.jwt.AuthTokenFilter   : JWT validation result: true
2024-11-14T10:04:56.148+07:00  INFO 19400 --- [admin] [http-nio-4005-exec-4] c.s.admin.security.jwt.AuthTokenFilter   : Username extracted from JWT: manhquan12
2024-11-14T10:04:56.179+07:00  INFO 19400 --- [admin] [http-nio-4005-exec-4] c.s.admin.security.jwt.AuthTokenFilter   : JWT in Authorization header: eyJhbGciOiJIUzI1NiJ9.eyJyb2xlcyI6W3siYXV0aG9yaXR5IjoiUk9MRV9VU0VSIn0seyJhdXRob3JpdHkiOiJST0xFX0FETUlOIn1dLCJpZCI6MjgsInVzZXJuYW1lIjoibWFuaHF1YW4xMiIsImlhdCI6MTczMTU0MDQzNywiZXhwIjoxNzMxNTU4NDM3fQ.-ajzTHLXO7beTDfuu9vijYnw4K68LB_XP_W9fdMRR6Y
2024-11-14T10:04:56.309+07:00 DEBUG 19400 --- [admin] [http-nio-4005-exec-5] c.s.admin.security.jwt.AuthTokenFilter   : Authorization Header: Bearer eyJhbGciOiJIUzI1NiJ9.eyJyb2xlcyI6W3siYXV0aG9yaXR5IjoiUk9MRV9VU0VSIn0seyJhdXRob3JpdHkiOiJST0xFX0FETUlOIn1dLCJpZCI6MjgsInVzZXJuYW1lIjoibWFuaHF1YW4xMiIsImlhdCI6MTczMTU0MDQzNywiZXhwIjoxNzMxNTU4NDM3fQ.-ajzTHLXO7beTDfuu9vijYnw4K68LB_XP_W9fdMRR6Y
2024-11-14T10:04:56.309+07:00  INFO 19400 --- [admin] [http-nio-4005-exec-5] c.s.admin.security.jwt.AuthTokenFilter   : JWT extracted from header: eyJhbGciOiJIUzI1NiJ9.eyJyb2xlcyI6W3siYXV0aG9yaXR5IjoiUk9MRV9VU0VSIn0seyJhdXRob3JpdHkiOiJST0xFX0FETUlOIn1dLCJpZCI6MjgsInVzZXJuYW1lIjoibWFuaHF1YW4xMiIsImlhdCI6MTczMTU0MDQzNywiZXhwIjoxNzMxNTU4NDM3fQ.-ajzTHLXO7beTDfuu9vijYnw4K68LB_XP_W9fdMRR6Y
2024-11-14T10:04:56.315+07:00  INFO 19400 --- [admin] [http-nio-4005-exec-5] c.s.admin.security.jwt.AuthTokenFilter   : JWT validation result: true
2024-11-14T10:04:56.322+07:00  INFO 19400 --- [admin] [http-nio-4005-exec-5] c.s.admin.security.jwt.AuthTokenFilter   : Username extracted from JWT: manhquan12
2024-11-14T10:04:56.343+07:00  INFO 19400 --- [admin] [http-nio-4005-exec-5] c.s.admin.security.jwt.AuthTokenFilter   : JWT in Authorization header: eyJhbGciOiJIUzI1NiJ9.eyJyb2xlcyI6W3siYXV0aG9yaXR5IjoiUk9MRV9VU0VSIn0seyJhdXRob3JpdHkiOiJST0xFX0FETUlOIn1dLCJpZCI6MjgsInVzZXJuYW1lIjoibWFuaHF1YW4xMiIsImlhdCI6MTczMTU0MDQzNywiZXhwIjoxNzMxNTU4NDM3fQ.-ajzTHLXO7beTDfuu9vijYnw4K68LB_XP_W9fdMRR6Y
2024-11-14T10:05:02.348+07:00 DEBUG 19400 --- [admin] [http-nio-4005-exec-8] c.s.admin.security.jwt.AuthTokenFilter   : Authorization Header: Bearer eyJhbGciOiJIUzI1NiJ9.eyJyb2xlcyI6W3siYXV0aG9yaXR5IjoiUk9MRV9VU0VSIn0seyJhdXRob3JpdHkiOiJST0xFX0FETUlOIn1dLCJpZCI6MjgsInVzZXJuYW1lIjoibWFuaHF1YW4xMiIsImlhdCI6MTczMTU0MDQzNywiZXhwIjoxNzMxNTU4NDM3fQ.-ajzTHLXO7beTDfuu9vijYnw4K68LB_XP_W9fdMRR6Y
2024-11-14T10:05:02.348+07:00  INFO 19400 --- [admin] [http-nio-4005-exec-8] c.s.admin.security.jwt.AuthTokenFilter   : JWT extracted from header: eyJhbGciOiJIUzI1NiJ9.eyJyb2xlcyI6W3siYXV0aG9yaXR5IjoiUk9MRV9VU0VSIn0seyJhdXRob3JpdHkiOiJST0xFX0FETUlOIn1dLCJpZCI6MjgsInVzZXJuYW1lIjoibWFuaHF1YW4xMiIsImlhdCI6MTczMTU0MDQzNywiZXhwIjoxNzMxNTU4NDM3fQ.-ajzTHLXO7beTDfuu9vijYnw4K68LB_XP_W9fdMRR6Y
2024-11-14T10:05:02.355+07:00  INFO 19400 --- [admin] [http-nio-4005-exec-8] c.s.admin.security.jwt.AuthTokenFilter   : JWT validation result: true
2024-11-14T10:05:02.362+07:00  INFO 19400 --- [admin] [http-nio-4005-exec-8] c.s.admin.security.jwt.AuthTokenFilter   : Username extracted from JWT: manhquan12
2024-11-14T10:05:02.389+07:00  INFO 19400 --- [admin] [http-nio-4005-exec-8] c.s.admin.security.jwt.AuthTokenFilter   : JWT in Authorization header: eyJhbGciOiJIUzI1NiJ9.eyJyb2xlcyI6W3siYXV0aG9yaXR5IjoiUk9MRV9VU0VSIn0seyJhdXRob3JpdHkiOiJST0xFX0FETUlOIn1dLCJpZCI6MjgsInVzZXJuYW1lIjoibWFuaHF1YW4xMiIsImlhdCI6MTczMTU0MDQzNywiZXhwIjoxNzMxNTU4NDM3fQ.-ajzTHLXO7beTDfuu9vijYnw4K68LB_XP_W9fdMRR6Y
2024-11-14T10:05:02.637+07:00 DEBUG 19400 --- [admin] [http-nio-4005-exec-5] c.s.admin.security.jwt.AuthTokenFilter   : Authorization Header: Bearer eyJhbGciOiJIUzI1NiJ9.eyJyb2xlcyI6W3siYXV0aG9yaXR5IjoiUk9MRV9VU0VSIn0seyJhdXRob3JpdHkiOiJST0xFX0FETUlOIn1dLCJpZCI6MjgsInVzZXJuYW1lIjoibWFuaHF1YW4xMiIsImlhdCI6MTczMTU0MDQzNywiZXhwIjoxNzMxNTU4NDM3fQ.-ajzTHLXO7beTDfuu9vijYnw4K68LB_XP_W9fdMRR6Y
2024-11-14T10:05:02.638+07:00  INFO 19400 --- [admin] [http-nio-4005-exec-5] c.s.admin.security.jwt.AuthTokenFilter   : JWT extracted from header: eyJhbGciOiJIUzI1NiJ9.eyJyb2xlcyI6W3siYXV0aG9yaXR5IjoiUk9MRV9VU0VSIn0seyJhdXRob3JpdHkiOiJST0xFX0FETUlOIn1dLCJpZCI6MjgsInVzZXJuYW1lIjoibWFuaHF1YW4xMiIsImlhdCI6MTczMTU0MDQzNywiZXhwIjoxNzMxNTU4NDM3fQ.-ajzTHLXO7beTDfuu9vijYnw4K68LB_XP_W9fdMRR6Y
2024-11-14T10:05:02.645+07:00  INFO 19400 --- [admin] [http-nio-4005-exec-5] c.s.admin.security.jwt.AuthTokenFilter   : JWT validation result: true
2024-11-14T10:05:02.654+07:00  INFO 19400 --- [admin] [http-nio-4005-exec-5] c.s.admin.security.jwt.AuthTokenFilter   : Username extracted from JWT: manhquan12
2024-11-14T10:05:02.678+07:00  INFO 19400 --- [admin] [http-nio-4005-exec-5] c.s.admin.security.jwt.AuthTokenFilter   : JWT in Authorization header: eyJhbGciOiJIUzI1NiJ9.eyJyb2xlcyI6W3siYXV0aG9yaXR5IjoiUk9MRV9VU0VSIn0seyJhdXRob3JpdHkiOiJST0xFX0FETUlOIn1dLCJpZCI6MjgsInVzZXJuYW1lIjoibWFuaHF1YW4xMiIsImlhdCI6MTczMTU0MDQzNywiZXhwIjoxNzMxNTU4NDM3fQ.-ajzTHLXO7beTDfuu9vijYnw4K68LB_XP_W9fdMRR6Y
2024-11-14T10:05:40.157+07:00 DEBUG 19400 --- [admin] [http-nio-4005-exec-10] c.s.admin.security.jwt.AuthTokenFilter   : Authorization Header: Bearer eyJhbGciOiJIUzI1NiJ9.eyJyb2xlcyI6W3siYXV0aG9yaXR5IjoiUk9MRV9VU0VSIn0seyJhdXRob3JpdHkiOiJST0xFX0FETUlOIn1dLCJpZCI6MjgsInVzZXJuYW1lIjoibWFuaHF1YW4xMiIsImlhdCI6MTczMTU0MDQzNywiZXhwIjoxNzMxNTU4NDM3fQ.-ajzTHLXO7beTDfuu9vijYnw4K68LB_XP_W9fdMRR6Y
2024-11-14T10:05:40.157+07:00  INFO 19400 --- [admin] [http-nio-4005-exec-10] c.s.admin.security.jwt.AuthTokenFilter   : JWT extracted from header: eyJhbGciOiJIUzI1NiJ9.eyJyb2xlcyI6W3siYXV0aG9yaXR5IjoiUk9MRV9VU0VSIn0seyJhdXRob3JpdHkiOiJST0xFX0FETUlOIn1dLCJpZCI6MjgsInVzZXJuYW1lIjoibWFuaHF1YW4xMiIsImlhdCI6MTczMTU0MDQzNywiZXhwIjoxNzMxNTU4NDM3fQ.-ajzTHLXO7beTDfuu9vijYnw4K68LB_XP_W9fdMRR6Y
2024-11-14T10:05:40.157+07:00  INFO 19400 --- [admin] [http-nio-4005-exec-10] c.s.admin.security.jwt.AuthTokenFilter   : JWT validation result: true
2024-11-14T10:05:40.171+07:00  INFO 19400 --- [admin] [http-nio-4005-exec-10] c.s.admin.security.jwt.AuthTokenFilter   : Username extracted from JWT: manhquan12
2024-11-14T10:05:40.188+07:00  INFO 19400 --- [admin] [http-nio-4005-exec-10] c.s.admin.security.jwt.AuthTokenFilter   : JWT in Authorization header: eyJhbGciOiJIUzI1NiJ9.eyJyb2xlcyI6W3siYXV0aG9yaXR5IjoiUk9MRV9VU0VSIn0seyJhdXRob3JpdHkiOiJST0xFX0FETUlOIn1dLCJpZCI6MjgsInVzZXJuYW1lIjoibWFuaHF1YW4xMiIsImlhdCI6MTczMTU0MDQzNywiZXhwIjoxNzMxNTU4NDM3fQ.-ajzTHLXO7beTDfuu9vijYnw4K68LB_XP_W9fdMRR6Y
2024-11-14T10:05:44.267+07:00 DEBUG 19400 --- [admin] [http-nio-4005-exec-6] c.s.admin.security.jwt.AuthTokenFilter   : Authorization Header: Bearer eyJhbGciOiJIUzI1NiJ9.eyJyb2xlcyI6W3siYXV0aG9yaXR5IjoiUk9MRV9VU0VSIn0seyJhdXRob3JpdHkiOiJST0xFX0FETUlOIn1dLCJpZCI6MjgsInVzZXJuYW1lIjoibWFuaHF1YW4xMiIsImlhdCI6MTczMTU0MDQzNywiZXhwIjoxNzMxNTU4NDM3fQ.-ajzTHLXO7beTDfuu9vijYnw4K68LB_XP_W9fdMRR6Y
2024-11-14T10:05:44.267+07:00  INFO 19400 --- [admin] [http-nio-4005-exec-6] c.s.admin.security.jwt.AuthTokenFilter   : JWT extracted from header: eyJhbGciOiJIUzI1NiJ9.eyJyb2xlcyI6W3siYXV0aG9yaXR5IjoiUk9MRV9VU0VSIn0seyJhdXRob3JpdHkiOiJST0xFX0FETUlOIn1dLCJpZCI6MjgsInVzZXJuYW1lIjoibWFuaHF1YW4xMiIsImlhdCI6MTczMTU0MDQzNywiZXhwIjoxNzMxNTU4NDM3fQ.-ajzTHLXO7beTDfuu9vijYnw4K68LB_XP_W9fdMRR6Y
2024-11-14T10:05:44.275+07:00  INFO 19400 --- [admin] [http-nio-4005-exec-6] c.s.admin.security.jwt.AuthTokenFilter   : JWT validation result: true
2024-11-14T10:05:44.281+07:00  INFO 19400 --- [admin] [http-nio-4005-exec-6] c.s.admin.security.jwt.AuthTokenFilter   : Username extracted from JWT: manhquan12
2024-11-14T10:05:44.302+07:00  INFO 19400 --- [admin] [http-nio-4005-exec-6] c.s.admin.security.jwt.AuthTokenFilter   : JWT in Authorization header: eyJhbGciOiJIUzI1NiJ9.eyJyb2xlcyI6W3siYXV0aG9yaXR5IjoiUk9MRV9VU0VSIn0seyJhdXRob3JpdHkiOiJST0xFX0FETUlOIn1dLCJpZCI6MjgsInVzZXJuYW1lIjoibWFuaHF1YW4xMiIsImlhdCI6MTczMTU0MDQzNywiZXhwIjoxNzMxNTU4NDM3fQ.-ajzTHLXO7beTDfuu9vijYnw4K68LB_XP_W9fdMRR6Y
2024-11-14T10:05:44.354+07:00 DEBUG 19400 --- [admin] [http-nio-4005-exec-1] c.s.admin.security.jwt.AuthTokenFilter   : Authorization Header: Bearer eyJhbGciOiJIUzI1NiJ9.eyJyb2xlcyI6W3siYXV0aG9yaXR5IjoiUk9MRV9VU0VSIn0seyJhdXRob3JpdHkiOiJST0xFX0FETUlOIn1dLCJpZCI6MjgsInVzZXJuYW1lIjoibWFuaHF1YW4xMiIsImlhdCI6MTczMTU0MDQzNywiZXhwIjoxNzMxNTU4NDM3fQ.-ajzTHLXO7beTDfuu9vijYnw4K68LB_XP_W9fdMRR6Y
2024-11-14T10:05:44.354+07:00  INFO 19400 --- [admin] [http-nio-4005-exec-1] c.s.admin.security.jwt.AuthTokenFilter   : JWT extracted from header: eyJhbGciOiJIUzI1NiJ9.eyJyb2xlcyI6W3siYXV0aG9yaXR5IjoiUk9MRV9VU0VSIn0seyJhdXRob3JpdHkiOiJST0xFX0FETUlOIn1dLCJpZCI6MjgsInVzZXJuYW1lIjoibWFuaHF1YW4xMiIsImlhdCI6MTczMTU0MDQzNywiZXhwIjoxNzMxNTU4NDM3fQ.-ajzTHLXO7beTDfuu9vijYnw4K68LB_XP_W9fdMRR6Y
2024-11-14T10:05:44.372+07:00  INFO 19400 --- [admin] [http-nio-4005-exec-1] c.s.admin.security.jwt.AuthTokenFilter   : JWT validation result: true
2024-11-14T10:05:44.372+07:00  INFO 19400 --- [admin] [http-nio-4005-exec-1] c.s.admin.security.jwt.AuthTokenFilter   : Username extracted from JWT: manhquan12
2024-11-14T10:05:44.394+07:00  INFO 19400 --- [admin] [http-nio-4005-exec-1] c.s.admin.security.jwt.AuthTokenFilter   : JWT in Authorization header: eyJhbGciOiJIUzI1NiJ9.eyJyb2xlcyI6W3siYXV0aG9yaXR5IjoiUk9MRV9VU0VSIn0seyJhdXRob3JpdHkiOiJST0xFX0FETUlOIn1dLCJpZCI6MjgsInVzZXJuYW1lIjoibWFuaHF1YW4xMiIsImlhdCI6MTczMTU0MDQzNywiZXhwIjoxNzMxNTU4NDM3fQ.-ajzTHLXO7beTDfuu9vijYnw4K68LB_XP_W9fdMRR6Y
2024-11-14T10:05:46.095+07:00 DEBUG 19400 --- [admin] [http-nio-4005-exec-9] c.s.admin.security.jwt.AuthTokenFilter   : Authorization Header: Bearer eyJhbGciOiJIUzI1NiJ9.eyJyb2xlcyI6W3siYXV0aG9yaXR5IjoiUk9MRV9VU0VSIn0seyJhdXRob3JpdHkiOiJST0xFX0FETUlOIn1dLCJpZCI6MjgsInVzZXJuYW1lIjoibWFuaHF1YW4xMiIsImlhdCI6MTczMTU0MDQzNywiZXhwIjoxNzMxNTU4NDM3fQ.-ajzTHLXO7beTDfuu9vijYnw4K68LB_XP_W9fdMRR6Y
2024-11-14T10:05:46.095+07:00  INFO 19400 --- [admin] [http-nio-4005-exec-9] c.s.admin.security.jwt.AuthTokenFilter   : JWT extracted from header: eyJhbGciOiJIUzI1NiJ9.eyJyb2xlcyI6W3siYXV0aG9yaXR5IjoiUk9MRV9VU0VSIn0seyJhdXRob3JpdHkiOiJST0xFX0FETUlOIn1dLCJpZCI6MjgsInVzZXJuYW1lIjoibWFuaHF1YW4xMiIsImlhdCI6MTczMTU0MDQzNywiZXhwIjoxNzMxNTU4NDM3fQ.-ajzTHLXO7beTDfuu9vijYnw4K68LB_XP_W9fdMRR6Y
2024-11-14T10:05:46.101+07:00  INFO 19400 --- [admin] [http-nio-4005-exec-9] c.s.admin.security.jwt.AuthTokenFilter   : JWT validation result: true
2024-11-14T10:05:46.103+07:00  INFO 19400 --- [admin] [http-nio-4005-exec-9] c.s.admin.security.jwt.AuthTokenFilter   : Username extracted from JWT: manhquan12
2024-11-14T10:05:46.119+07:00  INFO 19400 --- [admin] [http-nio-4005-exec-9] c.s.admin.security.jwt.AuthTokenFilter   : JWT in Authorization header: eyJhbGciOiJIUzI1NiJ9.eyJyb2xlcyI6W3siYXV0aG9yaXR5IjoiUk9MRV9VU0VSIn0seyJhdXRob3JpdHkiOiJST0xFX0FETUlOIn1dLCJpZCI6MjgsInVzZXJuYW1lIjoibWFuaHF1YW4xMiIsImlhdCI6MTczMTU0MDQzNywiZXhwIjoxNzMxNTU4NDM3fQ.-ajzTHLXO7beTDfuu9vijYnw4K68LB_XP_W9fdMRR6Y
2024-11-14T10:05:59.052+07:00 DEBUG 19400 --- [admin] [http-nio-4005-exec-3] c.s.admin.security.jwt.AuthTokenFilter   : Authorization Header: Bearer eyJhbGciOiJIUzI1NiJ9.eyJyb2xlcyI6W3siYXV0aG9yaXR5IjoiUk9MRV9VU0VSIn0seyJhdXRob3JpdHkiOiJST0xFX0FETUlOIn1dLCJpZCI6MjgsInVzZXJuYW1lIjoibWFuaHF1YW4xMiIsImlhdCI6MTczMTU0MDQzNywiZXhwIjoxNzMxNTU4NDM3fQ.-ajzTHLXO7beTDfuu9vijYnw4K68LB_XP_W9fdMRR6Y
2024-11-14T10:05:59.052+07:00  INFO 19400 --- [admin] [http-nio-4005-exec-3] c.s.admin.security.jwt.AuthTokenFilter   : JWT extracted from header: eyJhbGciOiJIUzI1NiJ9.eyJyb2xlcyI6W3siYXV0aG9yaXR5IjoiUk9MRV9VU0VSIn0seyJhdXRob3JpdHkiOiJST0xFX0FETUlOIn1dLCJpZCI6MjgsInVzZXJuYW1lIjoibWFuaHF1YW4xMiIsImlhdCI6MTczMTU0MDQzNywiZXhwIjoxNzMxNTU4NDM3fQ.-ajzTHLXO7beTDfuu9vijYnw4K68LB_XP_W9fdMRR6Y
2024-11-14T10:05:59.057+07:00  INFO 19400 --- [admin] [http-nio-4005-exec-3] c.s.admin.security.jwt.AuthTokenFilter   : JWT validation result: true
2024-11-14T10:05:59.062+07:00  INFO 19400 --- [admin] [http-nio-4005-exec-3] c.s.admin.security.jwt.AuthTokenFilter   : Username extracted from JWT: manhquan12
2024-11-14T10:05:59.080+07:00  INFO 19400 --- [admin] [http-nio-4005-exec-3] c.s.admin.security.jwt.AuthTokenFilter   : JWT in Authorization header: eyJhbGciOiJIUzI1NiJ9.eyJyb2xlcyI6W3siYXV0aG9yaXR5IjoiUk9MRV9VU0VSIn0seyJhdXRob3JpdHkiOiJST0xFX0FETUlOIn1dLCJpZCI6MjgsInVzZXJuYW1lIjoibWFuaHF1YW4xMiIsImlhdCI6MTczMTU0MDQzNywiZXhwIjoxNzMxNTU4NDM3fQ.-ajzTHLXO7beTDfuu9vijYnw4K68LB_XP_W9fdMRR6Y
2024-11-14T10:05:59.166+07:00 DEBUG 19400 --- [admin] [http-nio-4005-exec-10] c.s.admin.security.jwt.AuthTokenFilter   : Authorization Header: Bearer eyJhbGciOiJIUzI1NiJ9.eyJyb2xlcyI6W3siYXV0aG9yaXR5IjoiUk9MRV9VU0VSIn0seyJhdXRob3JpdHkiOiJST0xFX0FETUlOIn1dLCJpZCI6MjgsInVzZXJuYW1lIjoibWFuaHF1YW4xMiIsImlhdCI6MTczMTU0MDQzNywiZXhwIjoxNzMxNTU4NDM3fQ.-ajzTHLXO7beTDfuu9vijYnw4K68LB_XP_W9fdMRR6Y
2024-11-14T10:05:59.167+07:00  INFO 19400 --- [admin] [http-nio-4005-exec-10] c.s.admin.security.jwt.AuthTokenFilter   : JWT extracted from header: eyJhbGciOiJIUzI1NiJ9.eyJyb2xlcyI6W3siYXV0aG9yaXR5IjoiUk9MRV9VU0VSIn0seyJhdXRob3JpdHkiOiJST0xFX0FETUlOIn1dLCJpZCI6MjgsInVzZXJuYW1lIjoibWFuaHF1YW4xMiIsImlhdCI6MTczMTU0MDQzNywiZXhwIjoxNzMxNTU4NDM3fQ.-ajzTHLXO7beTDfuu9vijYnw4K68LB_XP_W9fdMRR6Y
2024-11-14T10:05:59.173+07:00  INFO 19400 --- [admin] [http-nio-4005-exec-10] c.s.admin.security.jwt.AuthTokenFilter   : JWT validation result: true
2024-11-14T10:05:59.178+07:00  INFO 19400 --- [admin] [http-nio-4005-exec-10] c.s.admin.security.jwt.AuthTokenFilter   : Username extracted from JWT: manhquan12
2024-11-14T10:05:59.196+07:00  INFO 19400 --- [admin] [http-nio-4005-exec-10] c.s.admin.security.jwt.AuthTokenFilter   : JWT in Authorization header: eyJhbGciOiJIUzI1NiJ9.eyJyb2xlcyI6W3siYXV0aG9yaXR5IjoiUk9MRV9VU0VSIn0seyJhdXRob3JpdHkiOiJST0xFX0FETUlOIn1dLCJpZCI6MjgsInVzZXJuYW1lIjoibWFuaHF1YW4xMiIsImlhdCI6MTczMTU0MDQzNywiZXhwIjoxNzMxNTU4NDM3fQ.-ajzTHLXO7beTDfuu9vijYnw4K68LB_XP_W9fdMRR6Y
2024-11-14T10:11:45.827+07:00 DEBUG 19400 --- [admin] [http-nio-4005-exec-4] c.s.admin.security.jwt.AuthTokenFilter   : Authorization Header: Bearer eyJhbGciOiJIUzI1NiJ9.eyJyb2xlcyI6W3siYXV0aG9yaXR5IjoiUk9MRV9VU0VSIn0seyJhdXRob3JpdHkiOiJST0xFX0FETUlOIn1dLCJpZCI6MjgsInVzZXJuYW1lIjoibWFuaHF1YW4xMiIsImlhdCI6MTczMTU0MDQzNywiZXhwIjoxNzMxNTU4NDM3fQ.-ajzTHLXO7beTDfuu9vijYnw4K68LB_XP_W9fdMRR6Y
2024-11-14T10:11:45.841+07:00  INFO 19400 --- [admin] [http-nio-4005-exec-4] c.s.admin.security.jwt.AuthTokenFilter   : JWT extracted from header: eyJhbGciOiJIUzI1NiJ9.eyJyb2xlcyI6W3siYXV0aG9yaXR5IjoiUk9MRV9VU0VSIn0seyJhdXRob3JpdHkiOiJST0xFX0FETUlOIn1dLCJpZCI6MjgsInVzZXJuYW1lIjoibWFuaHF1YW4xMiIsImlhdCI6MTczMTU0MDQzNywiZXhwIjoxNzMxNTU4NDM3fQ.-ajzTHLXO7beTDfuu9vijYnw4K68LB_XP_W9fdMRR6Y
2024-11-14T10:11:46.077+07:00  INFO 19400 --- [admin] [http-nio-4005-exec-4] c.s.admin.security.jwt.AuthTokenFilter   : JWT validation result: true
2024-11-14T10:11:46.077+07:00  INFO 19400 --- [admin] [http-nio-4005-exec-4] c.s.admin.security.jwt.AuthTokenFilter   : Username extracted from JWT: manhquan12
2024-11-14T10:11:46.124+07:00  INFO 19400 --- [admin] [http-nio-4005-exec-4] c.s.admin.security.jwt.AuthTokenFilter   : JWT in Authorization header: eyJhbGciOiJIUzI1NiJ9.eyJyb2xlcyI6W3siYXV0aG9yaXR5IjoiUk9MRV9VU0VSIn0seyJhdXRob3JpdHkiOiJST0xFX0FETUlOIn1dLCJpZCI6MjgsInVzZXJuYW1lIjoibWFuaHF1YW4xMiIsImlhdCI6MTczMTU0MDQzNywiZXhwIjoxNzMxNTU4NDM3fQ.-ajzTHLXO7beTDfuu9vijYnw4K68LB_XP_W9fdMRR6Y
2024-11-14T11:27:22.614+07:00 DEBUG 19400 --- [admin] [http-nio-4005-exec-8] c.s.admin.security.jwt.AuthTokenFilter   : Authorization Header: null
2024-11-14T11:27:22.645+07:00  WARN 19400 --- [admin] [http-nio-4005-exec-8] c.s.admin.security.jwt.AuthTokenFilter   : Authorization header is missing or does not start with Bearer
2024-11-14T11:27:22.645+07:00  INFO 19400 --- [admin] [http-nio-4005-exec-8] c.s.admin.security.jwt.AuthTokenFilter   : JWT extracted from header: null
2024-11-14T11:27:22.645+07:00  WARN 19400 --- [admin] [http-nio-4005-exec-8] c.s.admin.security.jwt.AuthTokenFilter   : JWT token is null.
2024-11-14T11:27:22.794+07:00 ERROR 19400 --- [admin] [http-nio-4005-exec-8] c.s.a.security.jwt.AuthEntryPointJwt     : Unauthorized error: Full authentication is required to access this resource
2024-11-14T11:27:23.075+07:00 DEBUG 19400 --- [admin] [http-nio-4005-exec-8] c.s.admin.security.jwt.AuthTokenFilter   : Authorization Header: null
2024-11-14T11:27:23.077+07:00  WARN 19400 --- [admin] [http-nio-4005-exec-8] c.s.admin.security.jwt.AuthTokenFilter   : Authorization header is missing or does not start with Bearer
2024-11-14T11:27:23.077+07:00  INFO 19400 --- [admin] [http-nio-4005-exec-8] c.s.admin.security.jwt.AuthTokenFilter   : JWT extracted from header: null
2024-11-14T11:27:23.077+07:00  WARN 19400 --- [admin] [http-nio-4005-exec-8] c.s.admin.security.jwt.AuthTokenFilter   : JWT token is null.
2024-11-14T11:27:23.079+07:00 ERROR 19400 --- [admin] [http-nio-4005-exec-8] c.s.a.security.jwt.AuthEntryPointJwt     : Unauthorized error: Full authentication is required to access this resource
2024-11-14T12:16:35.868+07:00  INFO 19400 --- [admin] [SpringApplicationShutdownHook] j.LocalContainerEntityManagerFactoryBean : Closing JPA EntityManagerFactory for persistence unit 'default'
2024-11-14T12:16:35.997+07:00  INFO 19400 --- [admin] [SpringApplicationShutdownHook] com.zaxxer.hikari.HikariDataSource       : HikariPool-1 - Shutdown initiated...
2024-11-14T12:16:36.034+07:00  INFO 19400 --- [admin] [SpringApplicationShutdownHook] com.zaxxer.hikari.HikariDataSource       : HikariPool-1 - Shutdown completed.
2024-11-14T14:10:35.605+07:00  INFO 12880 --- [admin] [main] com.system.admin.AdminApplication        : Starting AdminApplication using Java 17.0.11 with PID 12880 (D:\KLTN\UserManagement\admin\target\classes started by Admin in D:\KLTN\UserManagement\admin)
2024-11-14T14:10:35.606+07:00 DEBUG 12880 --- [admin] [main] com.system.admin.AdminApplication        : Running with Spring Boot v3.2.8, Spring v6.1.11
2024-11-14T14:10:35.611+07:00  INFO 12880 --- [admin] [main] com.system.admin.AdminApplication        : No active profile set, falling back to 1 default profile: "default"
2024-11-14T14:10:37.717+07:00  INFO 12880 --- [admin] [main] .s.d.r.c.RepositoryConfigurationDelegate : Bootstrapping Spring Data JPA repositories in DEFAULT mode.
2024-11-14T14:10:37.972+07:00  INFO 12880 --- [admin] [main] .s.d.r.c.RepositoryConfigurationDelegate : Finished Spring Data repository scanning in 227 ms. Found 14 JPA repository interfaces.
2024-11-14T14:10:39.441+07:00  INFO 12880 --- [admin] [main] o.s.b.w.embedded.tomcat.TomcatWebServer  : Tomcat initialized with port 4005 (http)
2024-11-14T14:10:39.465+07:00  INFO 12880 --- [admin] [main] o.apache.catalina.core.StandardService   : Starting service [Tomcat]
2024-11-14T14:10:39.465+07:00  INFO 12880 --- [admin] [main] o.apache.catalina.core.StandardEngine    : Starting Servlet engine: [Apache Tomcat/10.1.26]
2024-11-14T14:10:39.604+07:00  INFO 12880 --- [admin] [main] o.a.c.c.C.[Tomcat].[localhost].[/]       : Initializing Spring embedded WebApplicationContext
2024-11-14T14:10:39.604+07:00  INFO 12880 --- [admin] [main] w.s.c.ServletWebServerApplicationContext : Root WebApplicationContext: initialization completed in 3877 ms
2024-11-14T14:10:39.881+07:00  INFO 12880 --- [admin] [main] o.hibernate.jpa.internal.util.LogHelper  : HHH000204: Processing PersistenceUnitInfo [name: default]
2024-11-14T14:10:39.978+07:00  INFO 12880 --- [admin] [main] org.hibernate.Version                    : HHH000412: Hibernate ORM core version 6.4.9.Final
2024-11-14T14:10:40.048+07:00  INFO 12880 --- [admin] [main] o.h.c.internal.RegionFactoryInitiator    : HHH000026: Second-level cache disabled
2024-11-14T14:10:40.782+07:00  INFO 12880 --- [admin] [main] o.s.o.j.p.SpringPersistenceUnitInfo      : No LoadTimeWeaver setup: ignoring JPA class transformer
2024-11-14T14:10:40.859+07:00  INFO 12880 --- [admin] [main] com.zaxxer.hikari.HikariDataSource       : HikariPool-1 - Starting...
2024-11-14T14:10:41.698+07:00  INFO 12880 --- [admin] [main] com.zaxxer.hikari.pool.HikariPool        : HikariPool-1 - Added connection com.mysql.cj.jdbc.ConnectionImpl@29d3d0fb
2024-11-14T14:10:41.710+07:00  INFO 12880 --- [admin] [main] com.zaxxer.hikari.HikariDataSource       : HikariPool-1 - Start completed.
2024-11-14T14:10:41.867+07:00  WARN 12880 --- [admin] [main] org.hibernate.orm.deprecation            : HHH90000025: MySQLDialect does not need to be specified explicitly using 'hibernate.dialect' (remove the property setting and it will be selected by default)
2024-11-14T14:10:47.436+07:00  INFO 12880 --- [admin] [main] o.h.e.t.j.p.i.JtaPlatformInitiator       : HHH000489: No JTA platform available (set 'hibernate.transaction.jta.platform' to enable JTA platform integration)
2024-11-14T14:10:51.427+07:00  INFO 12880 --- [admin] [main] j.LocalContainerEntityManagerFactoryBean : Initialized JPA EntityManagerFactory for persistence unit 'default'
2024-11-14T14:10:52.230+07:00  INFO 12880 --- [admin] [main] o.s.d.j.r.query.QueryEnhancerFactory     : Hibernate is in classpath; If applicable, HQL parser will be used.
2024-11-14T14:10:53.633+07:00 DEBUG 12880 --- [admin] [main] c.s.admin.security.jwt.AuthTokenFilter   : Filter 'authenticationJwtTokenFilter' configured for use
2024-11-14T14:10:55.406+07:00  WARN 12880 --- [admin] [main] JpaBaseConfiguration$JpaWebConfiguration : spring.jpa.open-in-view is enabled by default. Therefore, database queries may be performed during view rendering. Explicitly configure spring.jpa.open-in-view to disable this warning
2024-11-14T14:10:56.175+07:00  INFO 12880 --- [admin] [main] o.s.s.web.DefaultSecurityFilterChain     : Will secure any request with [org.springframework.security.web.session.DisableEncodeUrlFilter@7b32e17b, org.springframework.security.web.context.request.async.WebAsyncManagerIntegrationFilter@15990a52, org.springframework.security.web.context.SecurityContextHolderFilter@3199d939, org.springframework.security.web.header.HeaderWriterFilter@1ace122d, org.springframework.web.filter.CorsFilter@454009a0, org.springframework.security.web.authentication.logout.LogoutFilter@7c57c200, com.system.admin.security.jwt.AuthTokenFilter@20f1e26, org.springframework.security.web.savedrequest.RequestCacheAwareFilter@2659add8, org.springframework.security.web.servletapi.SecurityContextHolderAwareRequestFilter@25dc4d01, org.springframework.security.web.authentication.AnonymousAuthenticationFilter@483740d5, org.springframework.security.web.session.SessionManagementFilter@40d8cb26, org.springframework.security.web.access.ExceptionTranslationFilter@38e8488f, org.springframework.security.web.access.intercept.AuthorizationFilter@1c4e516e]
2024-11-14T14:10:57.048+07:00  INFO 12880 --- [admin] [main] o.s.b.w.embedded.tomcat.TomcatWebServer  : Tomcat started on port 4005 (http) with context path ''
2024-11-14T14:10:57.077+07:00  INFO 12880 --- [admin] [main] com.system.admin.AdminApplication        : Started AdminApplication in 22.53 seconds (process running for 24.115)
2024-11-14T14:11:14.556+07:00  INFO 12880 --- [admin] [http-nio-4005-exec-3] o.a.c.c.C.[Tomcat].[localhost].[/]       : Initializing Spring DispatcherServlet 'dispatcherServlet'
2024-11-14T14:11:14.556+07:00  INFO 12880 --- [admin] [http-nio-4005-exec-3] o.s.web.servlet.DispatcherServlet        : Initializing Servlet 'dispatcherServlet'
2024-11-14T14:11:14.560+07:00  INFO 12880 --- [admin] [http-nio-4005-exec-3] o.s.web.servlet.DispatcherServlet        : Completed initialization in 3 ms
2024-11-14T14:11:14.768+07:00 DEBUG 12880 --- [admin] [http-nio-4005-exec-3] c.s.admin.security.jwt.AuthTokenFilter   : Authorization Header: null
2024-11-14T14:11:14.768+07:00  WARN 12880 --- [admin] [http-nio-4005-exec-3] c.s.admin.security.jwt.AuthTokenFilter   : Authorization header is missing or does not start with Bearer
2024-11-14T14:11:14.769+07:00  INFO 12880 --- [admin] [http-nio-4005-exec-3] c.s.admin.security.jwt.AuthTokenFilter   : JWT extracted from header: null
2024-11-14T14:11:14.769+07:00  WARN 12880 --- [admin] [http-nio-4005-exec-3] c.s.admin.security.jwt.AuthTokenFilter   : JWT token is null.
2024-11-14T14:11:14.783+07:00 ERROR 12880 --- [admin] [http-nio-4005-exec-3] c.s.a.security.jwt.AuthEntryPointJwt     : Unauthorized error: Full authentication is required to access this resource
2024-11-14T14:11:14.852+07:00 DEBUG 12880 --- [admin] [http-nio-4005-exec-1] c.s.admin.security.jwt.AuthTokenFilter   : Authorization Header: null
2024-11-14T14:11:14.852+07:00  WARN 12880 --- [admin] [http-nio-4005-exec-1] c.s.admin.security.jwt.AuthTokenFilter   : Authorization header is missing or does not start with Bearer
2024-11-14T14:11:14.852+07:00  INFO 12880 --- [admin] [http-nio-4005-exec-1] c.s.admin.security.jwt.AuthTokenFilter   : JWT extracted from header: null
2024-11-14T14:11:14.855+07:00  WARN 12880 --- [admin] [http-nio-4005-exec-1] c.s.admin.security.jwt.AuthTokenFilter   : JWT token is null.
2024-11-14T14:11:14.856+07:00 ERROR 12880 --- [admin] [http-nio-4005-exec-1] c.s.a.security.jwt.AuthEntryPointJwt     : Unauthorized error: Full authentication is required to access this resource
2024-11-14T14:57:06.708+07:00  INFO 12880 --- [admin] [SpringApplicationShutdownHook] j.LocalContainerEntityManagerFactoryBean : Closing JPA EntityManagerFactory for persistence unit 'default'
2024-11-14T14:57:06.723+07:00  INFO 12880 --- [admin] [SpringApplicationShutdownHook] com.zaxxer.hikari.HikariDataSource       : HikariPool-1 - Shutdown initiated...
2024-11-14T14:57:06.733+07:00  INFO 12880 --- [admin] [SpringApplicationShutdownHook] com.zaxxer.hikari.HikariDataSource       : HikariPool-1 - Shutdown completed.
